
root@fb418bf0908d:/# dig test680.goertzen

; <<>> DiG 9.16.1-Ubuntu <<>> test680.goertzen
;; global options: +cmd
;; Got answer:
;; ->>HEADER<<- opcode: QUERY, status: NOERROR, id:
25645
;; flags: qr rd ra; QUERY: 1, ANSWER: 1, AUTHORITY:
1, ADDITIONAL: 2

;; OPT PSEUDOSECTION:
; EDNS: version: 0, flags:; udp: 65355
; COOKIE: 754d83ede43764240100000062ebea87894ad6814a
ca2c19 (good)
;; QUESTION SECTION:
;test680.goertzen.              IN      A

;; ANSWER SECTION:
test680.goertzen.       604800  IN      A       42.4
2.42.42

;; AUTHORITY SECTION:
goertzen.               604620  IN      NS      ns1.
goertzen.

;; ADDITIONAL SECTION:
ns1.goertzen.           604620  IN      A       172.
20.0.4

;; Query time: 619 msec
;; SERVER: 127.0.0.11#53(127.0.0.11)
;; WHEN: Thu Aug 04 15:49:27 UTC 2022
;; MSG SIZE  rcvd: 123

root@fb418bf0908d:/#
