
root@340fd5ffadc5:/# dig test429.goertzen

; <<>> DiG 9.16.1-Ubuntu <<>> test429.goertzen
;; global options: +cmd
;; Got answer:
;; ->>HEADER<<- opcode: QUERY, status: NOERROR, id:
28839
;; flags: qr rd ra; QUERY: 1, ANSWER: 1, AUTHORITY:
1, ADDITIONAL: 2

;; OPT PSEUDOSECTION:
; EDNS: version: 0, flags:; udp: 65355
; COOKIE: 327a370af69d66510100000062ebe812b28d2862d5
cf853f (good)
;; QUESTION SECTION:
;test429.goertzen.              IN      A

;; ANSWER SECTION:
test429.goertzen.       604800  IN      A       42.4
2.42.42

;; AUTHORITY SECTION:
goertzen.               604704  IN      NS      ns1.
goertzen.

;; ADDITIONAL SECTION:
ns1.goertzen.           604704  IN      A       172.
20.0.4

;; Query time: 619 msec
;; SERVER: 127.0.0.11#53(127.0.0.11)
;; WHEN: Thu Aug 04 15:38:58 UTC 2022
;; MSG SIZE  rcvd: 123

root@340fd5ffadc5:/#
