
root@a53cc738a50f:/# dig test856.goertzen

; <<>> DiG 9.16.1-Ubuntu <<>> test856.goertzen
;; global options: +cmd
;; Got answer:
;; ->>HEADER<<- opcode: QUERY, status: NOERROR, id:
33878
;; flags: qr rd ra; QUERY: 1, ANSWER: 1, AUTHORITY:
1, ADDITIONAL: 2

;; OPT PSEUDOSECTION:
; EDNS: version: 0, flags:; udp: 65355
; COOKIE: 2870457c73a51bfb0100000062ebec65a23977eadc
27766f (good)
;; QUESTION SECTION:
;test856.goertzen.              IN      A

;; ANSWER SECTION:
test856.goertzen.       604800  IN      A       42.4
2.42.42

;; AUTHORITY SECTION:
goertzen.               604753  IN      NS      ns1.
goertzen.

;; ADDITIONAL SECTION:
ns1.goertzen.           604753  IN      A       172.
20.0.4

;; Query time: 615 msec
;; SERVER: 127.0.0.11#53(127.0.0.11)
;; WHEN: Thu Aug 04 15:57:25 UTC 2022
;; MSG SIZE  rcvd: 123

root@a53cc738a50f:/#
