
root@340fd5ffadc5:/# dig test581.goertzen

; <<>> DiG 9.16.1-Ubuntu <<>> test581.goertzen
;; global options: +cmd
;; Got answer:
;; ->>HEADER<<- opcode: QUERY, status: NOERROR, id:
38934
;; flags: qr rd ra; QUERY: 1, ANSWER: 1, AUTHORITY:
1, ADDITIONAL: 2

;; OPT PSEUDOSECTION:
; EDNS: version: 0, flags:; udp: 65355
; COOKIE: b1136b5de32491e40100000062ebe94440b8baccbb
cdc73d (good)
;; QUESTION SECTION:
;test581.goertzen.              IN      A

;; ANSWER SECTION:
test581.goertzen.       604800  IN      A       42.4
2.42.42

;; AUTHORITY SECTION:
goertzen.               604398  IN      NS      ns1.
goertzen.

;; ADDITIONAL SECTION:
ns1.goertzen.           604398  IN      A       172.
20.0.4

;; Query time: 615 msec
;; SERVER: 127.0.0.11#53(127.0.0.11)
;; WHEN: Thu Aug 04 15:44:04 UTC 2022
;; MSG SIZE  rcvd: 123

root@340fd5ffadc5:/#
