
root@d93dbaf69f75:/# dig test255.goertzen

; <<>> DiG 9.16.1-Ubuntu <<>> test255.goertzen
;; global options: +cmd
;; Got answer:
;; ->>HEADER<<- opcode: QUERY, status: NOERROR, id:
5242
;; flags: qr rd ra; QUERY: 1, ANSWER: 1, AUTHORITY:
1, ADDITIONAL: 2

;; OPT PSEUDOSECTION:
; EDNS: version: 0, flags:; udp: 65355
; COOKIE: 68abe59dfa2510590100000062ebe6477cb1859597
486828 (good)
;; QUESTION SECTION:
;test255.goertzen.              IN      A

;; ANSWER SECTION:
test255.goertzen.       604800  IN      A       42.4
2.42.42

;; AUTHORITY SECTION:
goertzen.               604275  IN      NS      ns1.
goertzen.

;; ADDITIONAL SECTION:
ns1.goertzen.           604275  IN      A       172.
20.0.4

;; Query time: 615 msec
;; SERVER: 127.0.0.11#53(127.0.0.11)
;; WHEN: Thu Aug 04 15:31:19 UTC 2022
;; MSG SIZE  rcvd: 123

root@d93dbaf69f75:/#
