
root@fb418bf0908d:/# dig test821.goertzen

; <<>> DiG 9.16.1-Ubuntu <<>> test821.goertzen
;; global options: +cmd
;; Got answer:
;; ->>HEADER<<- opcode: QUERY, status: NOERROR, id:
45897
;; flags: qr rd ra; QUERY: 1, ANSWER: 1, AUTHORITY:
1, ADDITIONAL: 2

;; OPT PSEUDOSECTION:
; EDNS: version: 0, flags:; udp: 65355
; COOKIE: dfbc105d6ae2b7bb0100000062ebeba3cbf7dd7867
79ecde (good)
;; QUESTION SECTION:
;test821.goertzen.              IN      A

;; ANSWER SECTION:
test821.goertzen.       604800  IN      A       42.4
2.42.42

;; AUTHORITY SECTION:
goertzen.               604336  IN      NS      ns1.
goertzen.

;; ADDITIONAL SECTION:
ns1.goertzen.           604336  IN      A       172.
20.0.4

;; Query time: 615 msec
;; SERVER: 127.0.0.11#53(127.0.0.11)
;; WHEN: Thu Aug 04 15:54:11 UTC 2022
;; MSG SIZE  rcvd: 123

root@fb418bf0908d:/#
