
root@d93dbaf69f75:/# dig test38.goertzen

; <<>> DiG 9.16.1-Ubuntu <<>> test38.goertzen
;; global options: +cmd
;; Got answer:
;; ->>HEADER<<- opcode: QUERY, status: NOERROR, id:
59293
;; flags: qr rd ra; QUERY: 1, ANSWER: 1, AUTHORITY:
1, ADDITIONAL: 2

;; OPT PSEUDOSECTION:
; EDNS: version: 0, flags:; udp: 65355
; COOKIE: 7edfa512c3b6f3a60100000062ebe49206d8e1201a
f21f54 (good)
;; QUESTION SECTION:
;test38.goertzen.               IN      A

;; ANSWER SECTION:
test38.goertzen.        604800  IN      A       42.4
2.42.42

;; AUTHORITY SECTION:
goertzen.               604712  IN      NS      ns1.
goertzen.

;; ADDITIONAL SECTION:
ns1.goertzen.           604712  IN      A       172.
20.0.4

;; Query time: 619 msec
;; SERVER: 127.0.0.11#53(127.0.0.11)
;; WHEN: Thu Aug 04 15:24:02 UTC 2022
;; MSG SIZE  rcvd: 122

root@d93dbaf69f75:/#
