
root@b50ca98c9252:/# dig test923.goertzen

; <<>> DiG 9.16.1-Ubuntu <<>> test923.goertzen
;; global options: +cmd
;; Got answer:
;; ->>HEADER<<- opcode: QUERY, status: NOERROR, id:
11865
;; flags: qr rd ra; QUERY: 1, ANSWER: 1, AUTHORITY:
1, ADDITIONAL: 2

;; OPT PSEUDOSECTION:
; EDNS: version: 0, flags:; udp: 65355
; COOKIE: 2c856d073a1f187f0100000062ebed6731598d0d7a
36fdb3 (good)
;; QUESTION SECTION:
;test923.goertzen.              IN      A

;; ANSWER SECTION:
test923.goertzen.       604800  IN      A       42.4
2.42.42

;; AUTHORITY SECTION:
goertzen.               604703  IN      NS      ns1.
goertzen.

;; ADDITIONAL SECTION:
ns1.goertzen.           604703  IN      A       172.
20.0.4

;; Query time: 619 msec
;; SERVER: 127.0.0.11#53(127.0.0.11)
;; WHEN: Thu Aug 04 16:01:44 UTC 2022
;; MSG SIZE  rcvd: 123

root@b50ca98c9252:/#
