
root@d93dbaf69f75:/# dig test51.goertzen

; <<>> DiG 9.16.1-Ubuntu <<>> test51.goertzen
;; global options: +cmd
;; Got answer:
;; ->>HEADER<<- opcode: QUERY, status: NOERROR, id:
21025
;; flags: qr rd ra; QUERY: 1, ANSWER: 1, AUTHORITY:
1, ADDITIONAL: 2

;; OPT PSEUDOSECTION:
; EDNS: version: 0, flags:; udp: 65355
; COOKIE: da32465ed9add4740100000062ebe4aced8fc4a16d
08d8a4 (good)
;; QUESTION SECTION:
;test51.goertzen.               IN      A

;; ANSWER SECTION:
test51.goertzen.        604800  IN      A       42.4
2.42.42

;; AUTHORITY SECTION:
goertzen.               604686  IN      NS      ns1.
goertzen.

;; ADDITIONAL SECTION:
ns1.goertzen.           604686  IN      A       172.
20.0.4

;; Query time: 615 msec
;; SERVER: 127.0.0.11#53(127.0.0.11)
;; WHEN: Thu Aug 04 15:24:28 UTC 2022
;; MSG SIZE  rcvd: 122

root@d93dbaf69f75:/#
