
root@d93dbaf69f75:/# dig test58.goertzen

; <<>> DiG 9.16.1-Ubuntu <<>> test58.goertzen
;; global options: +cmd
;; Got answer:
;; ->>HEADER<<- opcode: QUERY, status: NOERROR, id:
64759
;; flags: qr rd ra; QUERY: 1, ANSWER: 1, AUTHORITY:
1, ADDITIONAL: 2

;; OPT PSEUDOSECTION:
; EDNS: version: 0, flags:; udp: 65355
; COOKIE: ccc2addb257471850100000062ebe4bac25f677b01
866081 (good)
;; QUESTION SECTION:
;test58.goertzen.               IN      A

;; ANSWER SECTION:
test58.goertzen.        604800  IN      A       42.4
2.42.42

;; AUTHORITY SECTION:
goertzen.               604672  IN      NS      ns1.
goertzen.

;; ADDITIONAL SECTION:
ns1.goertzen.           604672  IN      A       172.
20.0.4

;; Query time: 615 msec
;; SERVER: 127.0.0.11#53(127.0.0.11)
;; WHEN: Thu Aug 04 15:24:42 UTC 2022
;; MSG SIZE  rcvd: 122

root@d93dbaf69f75:/#
