
root@340fd5ffadc5:/# dig test449.goertzen

; <<>> DiG 9.16.1-Ubuntu <<>> test449.goertzen
;; global options: +cmd
;; Got answer:
;; ->>HEADER<<- opcode: QUERY, status: NOERROR, id:
22870
;; flags: qr rd ra; QUERY: 1, ANSWER: 1, AUTHORITY:
1, ADDITIONAL: 2

;; OPT PSEUDOSECTION:
; EDNS: version: 0, flags:; udp: 65355
; COOKIE: 4cc436033b87932d0100000062ebe83a74c96b4358
6f2f1d (good)
;; QUESTION SECTION:
;test449.goertzen.              IN      A

;; ANSWER SECTION:
test449.goertzen.       604800  IN      A       42.4
2.42.42

;; AUTHORITY SECTION:
goertzen.               604664  IN      NS      ns1.
goertzen.

;; ADDITIONAL SECTION:
ns1.goertzen.           604664  IN      A       172.
20.0.4

;; Query time: 615 msec
;; SERVER: 127.0.0.11#53(127.0.0.11)
;; WHEN: Thu Aug 04 15:39:38 UTC 2022
;; MSG SIZE  rcvd: 123

root@340fd5ffadc5:/#
