
root@340fd5ffadc5:/# dig test416.goertzen

; <<>> DiG 9.16.1-Ubuntu <<>> test416.goertzen
;; global options: +cmd
;; Got answer:
;; ->>HEADER<<- opcode: QUERY, status: NOERROR, id:
60216
;; flags: qr rd ra; QUERY: 1, ANSWER: 1, AUTHORITY:
1, ADDITIONAL: 2

;; OPT PSEUDOSECTION:
; EDNS: version: 0, flags:; udp: 65355
; COOKIE: 497878b771d55bb20100000062ebe7f8d2e37af20a
771eeb (good)
;; QUESTION SECTION:
;test416.goertzen.              IN      A

;; ANSWER SECTION:
test416.goertzen.       604800  IN      A       42.4
2.42.42

;; AUTHORITY SECTION:
goertzen.               604730  IN      NS      ns1.
goertzen.

;; ADDITIONAL SECTION:
ns1.goertzen.           604730  IN      A       172.
20.0.4

;; Query time: 619 msec
;; SERVER: 127.0.0.11#53(127.0.0.11)
;; WHEN: Thu Aug 04 15:38:32 UTC 2022
;; MSG SIZE  rcvd: 123

root@340fd5ffadc5:/#
