
root@fb418bf0908d:/# dig test781.goertzen

; <<>> DiG 9.16.1-Ubuntu <<>> test781.goertzen
;; global options: +cmd
;; Got answer:
;; ->>HEADER<<- opcode: QUERY, status: NOERROR, id:
51609
;; flags: qr rd ra; QUERY: 1, ANSWER: 1, AUTHORITY:
1, ADDITIONAL: 2

;; OPT PSEUDOSECTION:
; EDNS: version: 0, flags:; udp: 65355
; COOKIE: 04732ff1473d0d450100000062ebeb52bf62b8b8a1
64a133 (good)
;; QUESTION SECTION:
;test781.goertzen.              IN      A

;; ANSWER SECTION:
test781.goertzen.       604800  IN      A       42.4
2.42.42

;; AUTHORITY SECTION:
goertzen.               604417  IN      NS      ns1.
goertzen.

;; ADDITIONAL SECTION:
ns1.goertzen.           604417  IN      A       172.
20.0.4

;; Query time: 619 msec
;; SERVER: 127.0.0.11#53(127.0.0.11)
;; WHEN: Thu Aug 04 15:52:50 UTC 2022
;; MSG SIZE  rcvd: 123

root@fb418bf0908d:/#
