
root@340fd5ffadc5:/# dig test407.goertzen

; <<>> DiG 9.16.1-Ubuntu <<>> test407.goertzen
;; global options: +cmd
;; Got answer:
;; ->>HEADER<<- opcode: QUERY, status: NOERROR, id:
36629
;; flags: qr rd ra; QUERY: 1, ANSWER: 1, AUTHORITY:
1, ADDITIONAL: 2

;; OPT PSEUDOSECTION:
; EDNS: version: 0, flags:; udp: 65355
; COOKIE: d984f227cbd3b9fb0100000062ebe7e562ba04c5fe
08527f (good)
;; QUESTION SECTION:
;test407.goertzen.              IN      A

;; ANSWER SECTION:
test407.goertzen.       604800  IN      A       42.4
2.42.42

;; AUTHORITY SECTION:
goertzen.               604749  IN      NS      ns1.
goertzen.

;; ADDITIONAL SECTION:
ns1.goertzen.           604749  IN      A       172.
20.0.4

;; Query time: 615 msec
;; SERVER: 127.0.0.11#53(127.0.0.11)
;; WHEN: Thu Aug 04 15:38:14 UTC 2022
;; MSG SIZE  rcvd: 123

root@340fd5ffadc5:/#
