
root@d93dbaf69f75:/# dig test216.goertzen

; <<>> DiG 9.16.1-Ubuntu <<>> test216.goertzen
;; global options: +cmd
;; Got answer:
;; ->>HEADER<<- opcode: QUERY, status: NOERROR, id:
28653
;; flags: qr rd ra; QUERY: 1, ANSWER: 1, AUTHORITY:
1, ADDITIONAL: 2

;; OPT PSEUDOSECTION:
; EDNS: version: 0, flags:; udp: 65355
; COOKIE: 1cfcebbb94ae90280100000062ebe5f88c8fd6b7c6
2ae804 (good)
;; QUESTION SECTION:
;test216.goertzen.              IN      A

;; ANSWER SECTION:
test216.goertzen.       604800  IN      A       42.4
2.42.42

;; AUTHORITY SECTION:
goertzen.               604354  IN      NS      ns1.
goertzen.

;; ADDITIONAL SECTION:
ns1.goertzen.           604354  IN      A       172.
20.0.4

;; Query time: 619 msec
;; SERVER: 127.0.0.11#53(127.0.0.11)
;; WHEN: Thu Aug 04 15:30:00 UTC 2022
;; MSG SIZE  rcvd: 123

root@d93dbaf69f75:/#
