
root@fb418bf0908d:/# dig test636.goertzen

; <<>> DiG 9.16.1-Ubuntu <<>> test636.goertzen
;; global options: +cmd
;; Got answer:
;; ->>HEADER<<- opcode: QUERY, status: NOERROR, id:
492
;; flags: qr rd ra; QUERY: 1, ANSWER: 1, AUTHORITY:
1, ADDITIONAL: 2

;; OPT PSEUDOSECTION:
; EDNS: version: 0, flags:; udp: 65355
; COOKIE: 55659b3f406e0f240100000062ebea2e82ed7f846f
fddadd (good)
;; QUESTION SECTION:
;test636.goertzen.              IN      A

;; ANSWER SECTION:
test636.goertzen.       604800  IN      A       42.4
2.42.42

;; AUTHORITY SECTION:
goertzen.               604709  IN      NS      ns1.
goertzen.

;; ADDITIONAL SECTION:
ns1.goertzen.           604709  IN      A       172.
20.0.4

;; Query time: 615 msec
;; SERVER: 127.0.0.11#53(127.0.0.11)
;; WHEN: Thu Aug 04 15:47:58 UTC 2022
;; MSG SIZE  rcvd: 123

root@fb418bf0908d:/#
