
root@d93dbaf69f75:/# dig test274.goertzen

; <<>> DiG 9.16.1-Ubuntu <<>> test274.goertzen
;; global options: +cmd
;; Got answer:
;; ->>HEADER<<- opcode: QUERY, status: NOERROR, id:
13025
;; flags: qr rd ra; QUERY: 1, ANSWER: 1, AUTHORITY:
1, ADDITIONAL: 2

;; OPT PSEUDOSECTION:
; EDNS: version: 0, flags:; udp: 65355
; COOKIE: cd81946c591340b70100000062ebe66d1b933ae2c4
69aade (good)
;; QUESTION SECTION:
;test274.goertzen.              IN      A

;; ANSWER SECTION:
test274.goertzen.       604800  IN      A       42.4
2.42.42

;; AUTHORITY SECTION:
goertzen.               604237  IN      NS      ns1.
goertzen.

;; ADDITIONAL SECTION:
ns1.goertzen.           604237  IN      A       172.
20.0.4

;; Query time: 619 msec
;; SERVER: 127.0.0.11#53(127.0.0.11)
;; WHEN: Thu Aug 04 15:31:57 UTC 2022
;; MSG SIZE  rcvd: 123

root@d93dbaf69f75:/#
