
root@fb418bf0908d:/# dig test709.goertzen

; <<>> DiG 9.16.1-Ubuntu <<>> test709.goertzen
;; global options: +cmd
;; Got answer:
;; ->>HEADER<<- opcode: QUERY, status: NOERROR, id:
34505
;; flags: qr rd ra; QUERY: 1, ANSWER: 1, AUTHORITY:
1, ADDITIONAL: 2

;; OPT PSEUDOSECTION:
; EDNS: version: 0, flags:; udp: 65355
; COOKIE: 5493d426aa539e050100000062ebeac152dce0bf7b
da547d (good)
;; QUESTION SECTION:
;test709.goertzen.              IN      A

;; ANSWER SECTION:
test709.goertzen.       604800  IN      A       42.4
2.42.42

;; AUTHORITY SECTION:
goertzen.               604562  IN      NS      ns1.
goertzen.

;; ADDITIONAL SECTION:
ns1.goertzen.           604562  IN      A       172.
20.0.4

;; Query time: 615 msec
;; SERVER: 127.0.0.11#53(127.0.0.11)
;; WHEN: Thu Aug 04 15:50:25 UTC 2022
;; MSG SIZE  rcvd: 123

root@fb418bf0908d:/#
