
root@fb418bf0908d:/# dig test794.goertzen

; <<>> DiG 9.16.1-Ubuntu <<>> test794.goertzen
;; global options: +cmd
;; Got answer:
;; ->>HEADER<<- opcode: QUERY, status: NOERROR, id:
44837
;; flags: qr rd ra; QUERY: 1, ANSWER: 1, AUTHORITY:
1, ADDITIONAL: 2

;; OPT PSEUDOSECTION:
; EDNS: version: 0, flags:; udp: 65355
; COOKIE: f43f7a671aafd8440100000062ebeb6ca19b3c2846
6718d2 (good)
;; QUESTION SECTION:
;test794.goertzen.              IN      A

;; ANSWER SECTION:
test794.goertzen.       604800  IN      A       42.4
2.42.42

;; AUTHORITY SECTION:
goertzen.               604391  IN      NS      ns1.
goertzen.

;; ADDITIONAL SECTION:
ns1.goertzen.           604391  IN      A       172.
20.0.4

;; Query time: 615 msec
;; SERVER: 127.0.0.11#53(127.0.0.11)
;; WHEN: Thu Aug 04 15:53:16 UTC 2022
;; MSG SIZE  rcvd: 123

root@fb418bf0908d:/#
