
root@20aa49c5d215:/# dig test812.goertzen

; <<>> DiG 9.16.1-Ubuntu <<>> test812.goertzen
;; global options: +cmd
;; Got answer:
;; ->>HEADER<<- opcode: QUERY, status: NOERROR, id: 57
327
;; flags: qr rd ra; QUERY: 1, ANSWER: 1, AUTHORITY: 1,
 ADDITIONAL: 2

;; OPT PSEUDOSECTION:
; EDNS: version: 0, flags:; udp: 65355
; COOKIE: 387e5542d1e3051e0100000062ec57a99ffd3b97ba1f
b866 (good)
;; QUESTION SECTION:
;test812.goertzen.              IN      A

;; ANSWER SECTION:
test812.goertzen.       604800  IN      A       42.42.
42.42

;; AUTHORITY SECTION:
goertzen.               604707  IN      NS      ns1.go
ertzen.

;; ADDITIONAL SECTION:
ns1.goertzen.           604707  IN      A       172.20
.0.4

;; Query time: 47 msec
;; SERVER: 127.0.0.11#53(127.0.0.11)
;; WHEN: Thu Aug 04 23:35:05 UTC 2022
;; MSG SIZE  rcvd: 123

root@20aa49c5d215:/#
