
root@20aa49c5d215:/# dig test745.goertzen

; <<>> DiG 9.16.1-Ubuntu <<>> test745.goertzen
;; global options: +cmd
;; Got answer:
;; ->>HEADER<<- opcode: QUERY, status: NOERROR, id: 58
167
;; flags: qr rd ra; QUERY: 1, ANSWER: 1, AUTHORITY: 1,
 ADDITIONAL: 2

;; OPT PSEUDOSECTION:
; EDNS: version: 0, flags:; udp: 65355
; COOKIE: f399b23d3a530f370100000062ec5765b62b1d225663
ee5a (good)
;; QUESTION SECTION:
;test745.goertzen.              IN      A

;; ANSWER SECTION:
test745.goertzen.       604800  IN      A       42.42.
42.42

;; AUTHORITY SECTION:
goertzen.               604775  IN      NS      ns1.go
ertzen.

;; ADDITIONAL SECTION:
ns1.goertzen.           604775  IN      A       172.20
.0.4

;; Query time: 47 msec
;; SERVER: 127.0.0.11#53(127.0.0.11)
;; WHEN: Thu Aug 04 23:33:57 UTC 2022
;; MSG SIZE  rcvd: 123

root@20aa49c5d215:/#
