
root@571bd65dbffb:/# dig test431.goertzen

; <<>> DiG 9.16.1-Ubuntu <<>> test431.goertzen
;; global options: +cmd
;; Got answer:
;; ->>HEADER<<- opcode: QUERY, status: NOERROR, id: 33
62
;; flags: qr rd ra; QUERY: 1, ANSWER: 1, AUTHORITY: 1,
 ADDITIONAL: 2

;; OPT PSEUDOSECTION:
; EDNS: version: 0, flags:; udp: 65355
; COOKIE: d217b3ac95e730b20100000062ec55ad0d61adbb5bb9
dcca (good)
;; QUESTION SECTION:
;test431.goertzen.              IN      A

;; ANSWER SECTION:
test431.goertzen.       604800  IN      A       42.42.
42.42

;; AUTHORITY SECTION:
goertzen.               604690  IN      NS      ns1.go
ertzen.

;; ADDITIONAL SECTION:
ns1.goertzen.           604690  IN      A       172.20
.0.4

;; Query time: 59 msec
;; SERVER: 127.0.0.11#53(127.0.0.11)
;; WHEN: Thu Aug 04 23:26:37 UTC 2022
;; MSG SIZE  rcvd: 123

root@571bd65dbffb:/#
