
root@20a0cea96a2c:/# dig test172.goertzen

; <<>> DiG 9.16.1-Ubuntu <<>> test172.goertzen
;; global options: +cmd
;; Got answer:
;; ->>HEADER<<- opcode: QUERY, status: NOERROR, id: 59
950
;; flags: qr rd ra; QUERY: 1, ANSWER: 1, AUTHORITY: 1,
 ADDITIONAL: 2

;; OPT PSEUDOSECTION:
; EDNS: version: 0, flags:; udp: 65355
; COOKIE: 4b7ef788f809377b0100000062ec542cfeac43a8e11f
0f1b (good)
;; QUESTION SECTION:
;test172.goertzen.              IN      A

;; ANSWER SECTION:
test172.goertzen.       604800  IN      A       42.42.
42.42

;; AUTHORITY SECTION:
goertzen.               604616  IN      NS      ns1.go
ertzen.

;; ADDITIONAL SECTION:
ns1.goertzen.           604616  IN      A       172.20
.0.4

;; Query time: 47 msec
;; SERVER: 127.0.0.11#53(127.0.0.11)
;; WHEN: Thu Aug 04 23:20:12 UTC 2022
;; MSG SIZE  rcvd: 123

root@20a0cea96a2c:/#
