
root@20aa49c5d215:/# dig test763.goertzen

; <<>> DiG 9.16.1-Ubuntu <<>> test763.goertzen
;; global options: +cmd
;; Got answer:
;; ->>HEADER<<- opcode: QUERY, status: NOERROR, id: 16
217
;; flags: qr rd ra; QUERY: 1, ANSWER: 1, AUTHORITY: 1,
 ADDITIONAL: 2

;; OPT PSEUDOSECTION:
; EDNS: version: 0, flags:; udp: 65355
; COOKIE: b2dc46a84391958a0100000062ec57785d38796c9638
9467 (good)
;; QUESTION SECTION:
;test763.goertzen.              IN      A

;; ANSWER SECTION:
test763.goertzen.       604800  IN      A       42.42.
42.42

;; AUTHORITY SECTION:
goertzen.               604756  IN      NS      ns1.go
ertzen.

;; ADDITIONAL SECTION:
ns1.goertzen.           604756  IN      A       172.20
.0.4

;; Query time: 47 msec
;; SERVER: 127.0.0.11#53(127.0.0.11)
;; WHEN: Thu Aug 04 23:34:16 UTC 2022
;; MSG SIZE  rcvd: 123

root@20aa49c5d215:/#
