
root@20aa49c5d215:/# dig test901.goertzen

; <<>> DiG 9.16.1-Ubuntu <<>> test901.goertzen
;; global options: +cmd
;; Got answer:
;; ->>HEADER<<- opcode: QUERY, status: NOERROR, id: 64
177
;; flags: qr rd ra; QUERY: 1, ANSWER: 1, AUTHORITY: 1,
 ADDITIONAL: 2

;; OPT PSEUDOSECTION:
; EDNS: version: 0, flags:; udp: 65355
; COOKIE: 167f97a3bb2db4180100000062ec580335ed34b57707
58e4 (good)
;; QUESTION SECTION:
;test901.goertzen.              IN      A

;; ANSWER SECTION:
test901.goertzen.       604800  IN      A       42.42.
42.42

;; AUTHORITY SECTION:
goertzen.               604617  IN      NS      ns1.go
ertzen.

;; ADDITIONAL SECTION:
ns1.goertzen.           604617  IN      A       172.20
.0.4

;; Query time: 67 msec
;; SERVER: 127.0.0.11#53(127.0.0.11)
;; WHEN: Thu Aug 04 23:36:35 UTC 2022
;; MSG SIZE  rcvd: 123

root@20aa49c5d215:/#
