
root@571bd65dbffb:/# dig test436.goertzen

; <<>> DiG 9.16.1-Ubuntu <<>> test436.goertzen
;; global options: +cmd
;; Got answer:
;; ->>HEADER<<- opcode: QUERY, status: NOERROR, id: 44
603
;; flags: qr rd ra; QUERY: 1, ANSWER: 1, AUTHORITY: 1,
 ADDITIONAL: 2

;; OPT PSEUDOSECTION:
; EDNS: version: 0, flags:; udp: 65355
; COOKIE: 6b4a84e76d68f3d70100000062ec55b2117588dbc4b5
3399 (good)
;; QUESTION SECTION:
;test436.goertzen.              IN      A

;; ANSWER SECTION:
test436.goertzen.       604800  IN      A       42.42.
42.42

;; AUTHORITY SECTION:
goertzen.               604685  IN      NS      ns1.go
ertzen.

;; ADDITIONAL SECTION:
ns1.goertzen.           604685  IN      A       172.20
.0.4

;; Query time: 59 msec
;; SERVER: 127.0.0.11#53(127.0.0.11)
;; WHEN: Thu Aug 04 23:26:42 UTC 2022
;; MSG SIZE  rcvd: 123

root@571bd65dbffb:/#
