
root@204736d2d069:/# dig test962.goertzen

; <<>> DiG 9.16.1-Ubuntu <<>> test962.goertzen
;; global options: +cmd
;; Got answer:
;; ->>HEADER<<- opcode: QUERY, status: NOERROR, id: 40
700
;; flags: qr rd ra; QUERY: 1, ANSWER: 1, AUTHORITY: 1,
 ADDITIONAL: 2

;; OPT PSEUDOSECTION:
; EDNS: version: 0, flags:; udp: 65355
; COOKIE: 44e09ddacac220890100000062ec58bb572802aef026
b607 (good)
;; QUESTION SECTION:
;test962.goertzen.              IN      A

;; ANSWER SECTION:
test962.goertzen.       604800  IN      A       42.42.
42.42

;; AUTHORITY SECTION:
goertzen.               604765  IN      NS      ns1.go
ertzen.

;; ADDITIONAL SECTION:
ns1.goertzen.           604765  IN      A       172.20
.0.4

;; Query time: 55 msec
;; SERVER: 127.0.0.11#53(127.0.0.11)
;; WHEN: Thu Aug 04 23:39:39 UTC 2022
;; MSG SIZE  rcvd: 123

root@204736d2d069:/#
