
root@20a0cea96a2c:/# dig test280.goertzen

; <<>> DiG 9.16.1-Ubuntu <<>> test280.goertzen
;; global options: +cmd
;; Got answer:
;; ->>HEADER<<- opcode: QUERY, status: NOERROR, id: 40
544
;; flags: qr rd ra; QUERY: 1, ANSWER: 1, AUTHORITY: 1,
 ADDITIONAL: 2

;; OPT PSEUDOSECTION:
; EDNS: version: 0, flags:; udp: 65355
; COOKIE: 31182b6494fc80a40100000062ec549a3bf0f922d9c6
225d (good)
;; QUESTION SECTION:
;test280.goertzen.              IN      A

;; ANSWER SECTION:
test280.goertzen.       604800  IN      A       42.42.
42.42

;; AUTHORITY SECTION:
goertzen.               604506  IN      NS      ns1.go
ertzen.

;; ADDITIONAL SECTION:
ns1.goertzen.           604506  IN      A       172.20
.0.4

;; Query time: 47 msec
;; SERVER: 127.0.0.11#53(127.0.0.11)
;; WHEN: Thu Aug 04 23:22:02 UTC 2022
;; MSG SIZE  rcvd: 123

root@20a0cea96a2c:/#
