
root@4e4ee4421eac:/# dig test95.goertzen

; <<>> DiG 9.16.1-Ubuntu <<>> test95.goertzen
;; global options: +cmd
;; Got answer:
;; ->>HEADER<<- opcode: QUERY, status: NOERROR, id: 54611
;; flags: qr rd ra; QUERY: 1, ANSWER: 1, AUTHORITY: 1, ADDITIONAL: 2

;; OPT PSEUDOSECTION:
; EDNS: version: 0, flags:; udp: 65355
; COOKIE: 74cd91eee0df06ec0100000062e92ddfb5410f98a82df375 (good)
;; QUESTION SECTION:
;test95.goertzen.               IN      A

;; ANSWER SECTION:
test95.goertzen.        604800  IN      A       42.42.42.42

;; AUTHORITY SECTION:
goertzen.               604493  IN      NS      ns1.goertzen.

;; ADDITIONAL SECTION:
ns1.goertzen.           604493  IN      A       172.20.0.4

;; Query time: 39 msec
;; SERVER: 127.0.0.11#53(127.0.0.11)
;; WHEN: Tue Aug 02 13:59:59 UTC 2022
;; MSG SIZE  rcvd: 122

root@4e4ee4421eac:/#
