
root@cbf12f820b1b:/# dig test133.goertzen

; <<>> DiG 9.16.1-Ubuntu <<>> test133.goertzen
;; global options: +cmd
;; Got answer:
;; ->>HEADER<<- opcode: QUERY, status: NOERROR, id: 31166
;; flags: qr rd ra; QUERY: 1, ANSWER: 1, AUTHORITY: 1, ADDITIONAL: 2

;; OPT PSEUDOSECTION:
; EDNS: version: 0, flags:; udp: 65355
; COOKIE: 627e1eee0c4b43230100000062ea8f9b72077bc8b67ff76d (good)
;; QUESTION SECTION:
;test133.goertzen.              IN      A

;; ANSWER SECTION:
test133.goertzen.       604800  IN      A       42.42.42.42

;; AUTHORITY SECTION:
goertzen.               604678  IN      NS      ns1.goertzen.

;; ADDITIONAL SECTION:
ns1.goertzen.           604678  IN      A       172.20.0.4

;; Query time: 47 msec
;; SERVER: 127.0.0.11#53(127.0.0.11)
;; WHEN: Wed Aug 03 15:09:15 UTC 2022
;; MSG SIZE  rcvd: 123

root@cbf12f820b1b:/#
