
root@4e4ee4421eac:/# dig test201.goertzen

; <<>> DiG 9.16.1-Ubuntu <<>> test201.goertzen
;; global options: +cmd
;; Got answer:
;; ->>HEADER<<- opcode: QUERY, status: NOERROR, id: 26705
;; flags: qr rd ra; QUERY: 1, ANSWER: 1, AUTHORITY: 1, ADDITIONAL: 2

;; OPT PSEUDOSECTION:
; EDNS: version: 0, flags:; udp: 65355
; COOKIE: ab250c5cebef46b90100000062e92f1e4c7c3f67d311d649 (good)
;; QUESTION SECTION:
;test201.goertzen.              IN      A

;; ANSWER SECTION:
test201.goertzen.       604800  IN      A       42.42.42.42

;; AUTHORITY SECTION:
goertzen.               604174  IN      NS      ns1.goertzen.

;; ADDITIONAL SECTION:
ns1.goertzen.           604174  IN      A       172.20.0.4

;; Query time: 35 msec
;; SERVER: 127.0.0.11#53(127.0.0.11)
;; WHEN: Tue Aug 02 14:05:18 UTC 2022
;; MSG SIZE  rcvd: 123

root@4e4ee4421eac:/#
