
root@4e4ee4421eac:/# dig test19.goertzen

; <<>> DiG 9.16.1-Ubuntu <<>> test19.goertzen
;; global options: +cmd
;; Got answer:
;; ->>HEADER<<- opcode: QUERY, status: NOERROR, id: 33908
;; flags: qr rd ra; QUERY: 1, ANSWER: 1, AUTHORITY: 1, ADDITIONAL: 2

;; OPT PSEUDOSECTION:
; EDNS: version: 0, flags:; udp: 65355
; COOKIE: bde46d9012e31a7c0100000062e92cfad6d2097b10a98bb0 (good)
;; QUESTION SECTION:
;test19.goertzen.               IN      A

;; ANSWER SECTION:
test19.goertzen.        604800  IN      A       42.42.42.42

;; AUTHORITY SECTION:
goertzen.               604722  IN      NS      ns1.goertzen.

;; ADDITIONAL SECTION:
ns1.goertzen.           604722  IN      A       172.20.0.4

;; Query time: 35 msec
;; SERVER: 127.0.0.11#53(127.0.0.11)
;; WHEN: Tue Aug 02 13:56:10 UTC 2022
;; MSG SIZE  rcvd: 122

root@4e4ee4421eac:/#
