
root@4e4ee4421eac:/# dig test914.goertzen

; <<>> DiG 9.16.1-Ubuntu <<>> test914.goertzen
;; global options: +cmd
;; Got answer:
;; ->>HEADER<<- opcode: QUERY, status: NOERROR, id: 47175
;; flags: qr rd ra; QUERY: 1, ANSWER: 1, AUTHORITY: 1, ADDITIONAL: 2

;; OPT PSEUDOSECTION:
; EDNS: version: 0, flags:; udp: 65355
; COOKIE: a9fb51859a931d670100000062e93782b4d8c6910ce76046 (good)
;; QUESTION SECTION:
;test914.goertzen.              IN      A

;; ANSWER SECTION:
test914.goertzen.       604800  IN      A       42.42.42.42

;; AUTHORITY SECTION:
goertzen.               602026  IN      NS      ns1.goertzen.

;; ADDITIONAL SECTION:
ns1.goertzen.           602026  IN      A       172.20.0.4

;; Query time: 35 msec
;; SERVER: 127.0.0.11#53(127.0.0.11)
;; WHEN: Tue Aug 02 14:41:06 UTC 2022
;; MSG SIZE  rcvd: 123

root@4e4ee4421eac:/#
