
root@4e4ee4421eac:/# dig test928.goertzen

; <<>> DiG 9.16.1-Ubuntu <<>> test928.goertzen
;; global options: +cmd
;; Got answer:
;; ->>HEADER<<- opcode: QUERY, status: NOERROR, id: 7503
;; flags: qr rd ra; QUERY: 1, ANSWER: 1, AUTHORITY: 1, ADDITIONAL: 2

;; OPT PSEUDOSECTION:
; EDNS: version: 0, flags:; udp: 65355
; COOKIE: d0281154123907130100000062e937ac98decd724d6d6c9c (good)
;; QUESTION SECTION:
;test928.goertzen.              IN      A

;; ANSWER SECTION:
test928.goertzen.       604800  IN      A       42.42.42.42

;; AUTHORITY SECTION:
goertzen.               601984  IN      NS      ns1.goertzen.

;; ADDITIONAL SECTION:
ns1.goertzen.           601984  IN      A       172.20.0.4

;; Query time: 35 msec
;; SERVER: 127.0.0.11#53(127.0.0.11)
;; WHEN: Tue Aug 02 14:41:48 UTC 2022
;; MSG SIZE  rcvd: 123

root@4e4ee4421eac:/#
