
root@4e4ee4421eac:/# dig test848.goertzen

; <<>> DiG 9.16.1-Ubuntu <<>> test848.goertzen
;; global options: +cmd
;; Got answer:
;; ->>HEADER<<- opcode: QUERY, status: NOERROR, id: 31075
;; flags: qr rd ra; QUERY: 1, ANSWER: 1, AUTHORITY: 1, ADDITIONAL: 2

;; OPT PSEUDOSECTION:
; EDNS: version: 0, flags:; udp: 65355
; COOKIE: fd21410cce818b210100000062e936bb9016bd7ef4be274c (good)
;; QUESTION SECTION:
;test848.goertzen.              IN      A

;; ANSWER SECTION:
test848.goertzen.       604800  IN      A       42.42.42.42

;; AUTHORITY SECTION:
goertzen.               602225  IN      NS      ns1.goertzen.

;; ADDITIONAL SECTION:
ns1.goertzen.           602225  IN      A       172.20.0.4

;; Query time: 35 msec
;; SERVER: 127.0.0.11#53(127.0.0.11)
;; WHEN: Tue Aug 02 14:37:47 UTC 2022
;; MSG SIZE  rcvd: 123

root@4e4ee4421eac:/#
