
root@cbf12f820b1b:/# dig test47.goertzen

; <<>> DiG 9.16.1-Ubuntu <<>> test47.goertzen
;; global options: +cmd
;; Got answer:
;; ->>HEADER<<- opcode: QUERY, status: NOERROR, id: 2420
;; flags: qr rd ra; QUERY: 1, ANSWER: 1, AUTHORITY: 1, ADDITIONAL: 2

;; OPT PSEUDOSECTION:
; EDNS: version: 0, flags:; udp: 65355
; COOKIE: 3c90f89e277841630100000062ea8f59e3a56472b31cdbf7 (good)
;; QUESTION SECTION:
;test47.goertzen.               IN      A

;; ANSWER SECTION:
test47.goertzen.        604800  IN      A       42.42.42.42

;; AUTHORITY SECTION:
goertzen.               604744  IN      NS      ns1.goertzen.

;; ADDITIONAL SECTION:
ns1.goertzen.           604744  IN      A       172.20.0.4

;; Query time: 43 msec
;; SERVER: 127.0.0.11#53(127.0.0.11)
;; WHEN: Wed Aug 03 15:08:09 UTC 2022
;; MSG SIZE  rcvd: 122

root@cbf12f820b1b:/#
