
root@4e4ee4421eac:/# dig test494.goertzen

; <<>> DiG 9.16.1-Ubuntu <<>> test494.goertzen
;; global options: +cmd
;; Got answer:
;; ->>HEADER<<- opcode: QUERY, status: NOERROR, id: 56697
;; flags: qr rd ra; QUERY: 1, ANSWER: 1, AUTHORITY: 1, ADDITIONAL: 2

;; OPT PSEUDOSECTION:
; EDNS: version: 0, flags:; udp: 65355
; COOKIE: bca1c9b959694a710100000062e93291a20e1daf825b7378 (good)
;; QUESTION SECTION:
;test494.goertzen.              IN      A

;; ANSWER SECTION:
test494.goertzen.       604800  IN      A       42.42.42.42

;; AUTHORITY SECTION:
goertzen.               603291  IN      NS      ns1.goertzen.

;; ADDITIONAL SECTION:
ns1.goertzen.           603291  IN      A       172.20.0.4

;; Query time: 35 msec
;; SERVER: 127.0.0.11#53(127.0.0.11)
;; WHEN: Tue Aug 02 14:20:01 UTC 2022
;; MSG SIZE  rcvd: 123

root@4e4ee4421eac:/#
