
root@cbf12f820b1b:/# dig test60.goertzen

; <<>> DiG 9.16.1-Ubuntu <<>> test60.goertzen
;; global options: +cmd
;; Got answer:
;; ->>HEADER<<- opcode: QUERY, status: NOERROR, id: 61041
;; flags: qr rd ra; QUERY: 1, ANSWER: 1, AUTHORITY: 1, ADDITIONAL: 2

;; OPT PSEUDOSECTION:
; EDNS: version: 0, flags:; udp: 65355
; COOKIE: 99a35dc29485167a0100000062ea8f63d867ac04a6dbaeb1 (good)
;; QUESTION SECTION:
;test60.goertzen.               IN      A

;; ANSWER SECTION:
test60.goertzen.        604800  IN      A       42.42.42.42

;; AUTHORITY SECTION:
goertzen.               604734  IN      NS      ns1.goertzen.

;; ADDITIONAL SECTION:
ns1.goertzen.           604734  IN      A       172.20.0.4

;; Query time: 43 msec
;; SERVER: 127.0.0.11#53(127.0.0.11)
;; WHEN: Wed Aug 03 15:08:19 UTC 2022
;; MSG SIZE  rcvd: 122

root@cbf12f820b1b:/#
