
root@cbf12f820b1b:/# dig test666.goertzen

; <<>> DiG 9.16.1-Ubuntu <<>> test666.goertzen
;; global options: +cmd
;; Got answer:
;; ->>HEADER<<- opcode: QUERY, status: NOERROR, id: 41671
;; flags: qr rd ra; QUERY: 1, ANSWER: 1, AUTHORITY: 1, ADDITIONAL: 2

;; OPT PSEUDOSECTION:
; EDNS: version: 0, flags:; udp: 65355
; COOKIE: 72d023a987234cb50100000062ea9131dc4f867e7966a4c5 (good)
;; QUESTION SECTION:
;test666.goertzen.              IN      A

;; ANSWER SECTION:
test666.goertzen.       604800  IN      A       42.42.42.42

;; AUTHORITY SECTION:
goertzen.               604272  IN      NS      ns1.goertzen.

;; ADDITIONAL SECTION:
ns1.goertzen.           604272  IN      A       172.20.0.4

;; Query time: 47 msec
;; SERVER: 127.0.0.11#53(127.0.0.11)
;; WHEN: Wed Aug 03 15:16:01 UTC 2022
;; MSG SIZE  rcvd: 123

root@cbf12f820b1b:/#
