
root@4e4ee4421eac:/# dig test888.goertzen

; <<>> DiG 9.16.1-Ubuntu <<>> test888.goertzen
;; global options: +cmd
;; Got answer:
;; ->>HEADER<<- opcode: QUERY, status: NOERROR, id: 59810
;; flags: qr rd ra; QUERY: 1, ANSWER: 1, AUTHORITY: 1, ADDITIONAL: 2

;; OPT PSEUDOSECTION:
; EDNS: version: 0, flags:; udp: 65355
; COOKIE: 820c7f636a0934800100000062e93734e4012f9d27a445e3 (good)
;; QUESTION SECTION:
;test888.goertzen.              IN      A

;; ANSWER SECTION:
test888.goertzen.       604800  IN      A       42.42.42.42

;; AUTHORITY SECTION:
goertzen.               602104  IN      NS      ns1.goertzen.

;; ADDITIONAL SECTION:
ns1.goertzen.           602104  IN      A       172.20.0.4

;; Query time: 39 msec
;; SERVER: 127.0.0.11#53(127.0.0.11)
;; WHEN: Tue Aug 02 14:39:48 UTC 2022
;; MSG SIZE  rcvd: 123

root@4e4ee4421eac:/#
