
root@6ed731d5f190:/# dig test478.goertzen

; <<>> DiG 9.16.1-Ubuntu <<>> test478.goertzen
;; global options: +cmd
;; Got answer:
;; ->>HEADER<<- opcode: QUERY, status: NOERROR, id: 42150
;; flags: qr rd ra; QUERY: 1, ANSWER: 1, AUTHORITY: 1, ADDITI
ONAL: 2

;; OPT PSEUDOSECTION:
; EDNS: version: 0, flags:; udp: 65355
; COOKIE: fec10e7e9108822b0100000062eae91fbd20adafdfb805f7 (g
ood)
;; QUESTION SECTION:
;test478.goertzen.              IN      A

;; ANSWER SECTION:
test478.goertzen.       604800  IN      A       42.42.42.42

;; AUTHORITY SECTION:
goertzen.               604425  IN      NS      ns1.goertzen.

;; ADDITIONAL SECTION:
ns1.goertzen.           604425  IN      A       172.20.0.4

;; Query time: 67 msec
;; SERVER: 127.0.0.11#53(127.0.0.11)
;; WHEN: Wed Aug 03 21:31:11 UTC 2022
;; MSG SIZE  rcvd: 123

root@6ed731d5f190:/#
