
root@964f3aa8e20f:/# dig test640.goertzen

; <<>> DiG 9.16.1-Ubuntu <<>> test640.goertzen
;; global options: +cmd
;; Got answer:
;; ->>HEADER<<- opcode: QUERY, status: NOERROR, id: 2587
;; flags: qr rd ra; QUERY: 1, ANSWER: 1, AUTHORITY: 1, ADDITIONAL: 2

;; OPT PSEUDOSECTION:
; EDNS: version: 0, flags:; udp: 65355
; COOKIE: 1bc3bcbe9944fd480100000062e01ed8c5498b718526014c (good)
;; QUESTION SECTION:
;test640.goertzen.              IN      A

;; ANSWER SECTION:
test640.goertzen.       604800  IN      A       42.42.42.42

;; AUTHORITY SECTION:
goertzen.               604132  IN      NS      ns1.goertzen.

;; ADDITIONAL SECTION:
ns1.goertzen.           604132  IN      A       172.20.0.4

;; Query time: 55 msec
;; SERVER: 127.0.0.11#53(127.0.0.11)
;; WHEN: Tue Jul 26 17:05:28 UTC 2022
;; MSG SIZE  rcvd: 123

root@964f3aa8e20f:/#
