
root@964f3aa8e20f:/# dig test404.goertzen

; <<>> DiG 9.16.1-Ubuntu <<>> test404.goertzen
;; global options: +cmd
;; Got answer:
;; ->>HEADER<<- opcode: QUERY, status: NOERROR, id: 47004
;; flags: qr rd ra; QUERY: 1, ANSWER: 1, AUTHORITY: 1, ADDITIONAL: 2

;; OPT PSEUDOSECTION:
; EDNS: version: 0, flags:; udp: 65355
; COOKIE: 89320d3c9236ba420100000062e01de9f18d700aebbe5583 (good)
;; QUESTION SECTION:
;test404.goertzen.              IN      A

;; ANSWER SECTION:
test404.goertzen.       604800  IN      A       42.42.42.42

;; AUTHORITY SECTION:
goertzen.               604371  IN      NS      ns1.goertzen.

;; ADDITIONAL SECTION:
ns1.goertzen.           604371  IN      A       172.20.0.4

;; Query time: 55 msec
;; SERVER: 127.0.0.11#53(127.0.0.11)
;; WHEN: Tue Jul 26 17:01:29 UTC 2022
;; MSG SIZE  rcvd: 123

root@964f3aa8e20f:/#
