
root@964f3aa8e20f:/# dig test563.goertzen

; <<>> DiG 9.16.1-Ubuntu <<>> test563.goertzen
;; global options: +cmd
;; Got answer:
;; ->>HEADER<<- opcode: QUERY, status: NOERROR, id: 63214
;; flags: qr rd ra; QUERY: 1, ANSWER: 1, AUTHORITY: 1, ADDITIONAL: 2

;; OPT PSEUDOSECTION:
; EDNS: version: 0, flags:; udp: 65355
; COOKIE: 07fcf5842e9c37ff0100000062e01e8ab08082d045d9e239 (good)
;; QUESTION SECTION:
;test563.goertzen.              IN      A

;; ANSWER SECTION:
test563.goertzen.       604800  IN      A       42.42.42.42

;; AUTHORITY SECTION:
goertzen.               604210  IN      NS      ns1.goertzen.

;; ADDITIONAL SECTION:
ns1.goertzen.           604210  IN      A       172.20.0.4

;; Query time: 55 msec
;; SERVER: 127.0.0.11#53(127.0.0.11)
;; WHEN: Tue Jul 26 17:04:10 UTC 2022
;; MSG SIZE  rcvd: 123

root@964f3aa8e20f:/#
