
root@6ed731d5f190:/# dig test495.goertzen

; <<>> DiG 9.16.1-Ubuntu <<>> test495.goertzen
;; global options: +cmd
;; Got answer:
;; ->>HEADER<<- opcode: QUERY, status: NOERROR, id: 36356
;; flags: qr rd ra; QUERY: 1, ANSWER: 1, AUTHORITY: 1, ADDITI
ONAL: 2

;; OPT PSEUDOSECTION:
; EDNS: version: 0, flags:; udp: 65355
; COOKIE: 07e369eae41b838f0100000062eae92ce765272895f4cdda (g
ood)
;; QUESTION SECTION:
;test495.goertzen.              IN      A

;; ANSWER SECTION:
test495.goertzen.       604800  IN      A       42.42.42.42

;; AUTHORITY SECTION:
goertzen.               604412  IN      NS      ns1.goertzen.

;; ADDITIONAL SECTION:
ns1.goertzen.           604412  IN      A       172.20.0.4

;; Query time: 63 msec
;; SERVER: 127.0.0.11#53(127.0.0.11)
;; WHEN: Wed Aug 03 21:31:24 UTC 2022
;; MSG SIZE  rcvd: 123

root@6ed731d5f190:/#
