
root@6ed731d5f190:/# dig test565.goertzen

; <<>> DiG 9.16.1-Ubuntu <<>> test565.goertzen
;; global options: +cmd
;; Got answer:
;; ->>HEADER<<- opcode: QUERY, status: NOERROR, id: 18854
;; flags: qr rd ra; QUERY: 1, ANSWER: 1, AUTHORITY: 1, ADDITI
ONAL: 2

;; OPT PSEUDOSECTION:
; EDNS: version: 0, flags:; udp: 65355
; COOKIE: 4768eef2525ed92f0100000062eae961299cf812439590a9 (g
ood)
;; QUESTION SECTION:
;test565.goertzen.              IN      A

;; ANSWER SECTION:
test565.goertzen.       604800  IN      A       42.42.42.42

;; AUTHORITY SECTION:
goertzen.               604359  IN      NS      ns1.goertzen.

;; ADDITIONAL SECTION:
ns1.goertzen.           604359  IN      A       172.20.0.4

;; Query time: 63 msec
;; SERVER: 127.0.0.11#53(127.0.0.11)
;; WHEN: Wed Aug 03 21:32:17 UTC 2022
;; MSG SIZE  rcvd: 123

root@6ed731d5f190:/#
