
root@6ed731d5f190:/# dig test240.goertzen

; <<>> DiG 9.16.1-Ubuntu <<>> test240.goertzen
;; global options: +cmd
;; Got answer:
;; ->>HEADER<<- opcode: QUERY, status: NOERROR, id: 16913
;; flags: qr rd ra; QUERY: 1, ANSWER: 1, AUTHORITY: 1, ADDITI
ONAL: 2

;; OPT PSEUDOSECTION:
; EDNS: version: 0, flags:; udp: 65355
; COOKIE: ec1d4ed40b12f64e0100000062eae8696adb370b8b246e9a (g
ood)
;; QUESTION SECTION:
;test240.goertzen.              IN      A

;; ANSWER SECTION:
test240.goertzen.       604800  IN      A       42.42.42.42

;; AUTHORITY SECTION:
goertzen.               604607  IN      NS      ns1.goertzen.

;; ADDITIONAL SECTION:
ns1.goertzen.           604607  IN      A       172.20.0.4

;; Query time: 67 msec
;; SERVER: 127.0.0.11#53(127.0.0.11)
;; WHEN: Wed Aug 03 21:28:09 UTC 2022
;; MSG SIZE  rcvd: 123

root@6ed731d5f190:/#
