
root@6ed731d5f190:/# dig test700.goertzen

; <<>> DiG 9.16.1-Ubuntu <<>> test700.goertzen
;; global options: +cmd
;; Got answer:
;; ->>HEADER<<- opcode: QUERY, status: NOERROR, id: 60345
;; flags: qr rd ra; QUERY: 1, ANSWER: 1, AUTHORITY: 1, ADDITI
ONAL: 2

;; OPT PSEUDOSECTION:
; EDNS: version: 0, flags:; udp: 65355
; COOKIE: d118a7827ae4fd490100000062eae9c8a99f3ae5517947d5 (g
ood)
;; QUESTION SECTION:
;test700.goertzen.              IN      A

;; ANSWER SECTION:
test700.goertzen.       604800  IN      A       42.42.42.42

;; AUTHORITY SECTION:
goertzen.               604256  IN      NS      ns1.goertzen.

;; ADDITIONAL SECTION:
ns1.goertzen.           604256  IN      A       172.20.0.4

;; Query time: 63 msec
;; SERVER: 127.0.0.11#53(127.0.0.11)
;; WHEN: Wed Aug 03 21:34:00 UTC 2022
;; MSG SIZE  rcvd: 123

root@6ed731d5f190:/#
