
root@6ed731d5f190:/# dig test340.goertzen

; <<>> DiG 9.16.1-Ubuntu <<>> test340.goertzen
;; global options: +cmd
;; Got answer:
;; ->>HEADER<<- opcode: QUERY, status: NOERROR, id: 29814
;; flags: qr rd ra; QUERY: 1, ANSWER: 1, AUTHORITY: 1, ADDITI
ONAL: 2

;; OPT PSEUDOSECTION:
; EDNS: version: 0, flags:; udp: 65355
; COOKIE: 8a324cce90cc34aa0100000062eae8b6370b03db2d377ed0 (g
ood)
;; QUESTION SECTION:
;test340.goertzen.              IN      A

;; ANSWER SECTION:
test340.goertzen.       604800  IN      A       42.42.42.42

;; AUTHORITY SECTION:
goertzen.               604530  IN      NS      ns1.goertzen.

;; ADDITIONAL SECTION:
ns1.goertzen.           604530  IN      A       172.20.0.4

;; Query time: 71 msec
;; SERVER: 127.0.0.11#53(127.0.0.11)
;; WHEN: Wed Aug 03 21:29:26 UTC 2022
;; MSG SIZE  rcvd: 123

root@6ed731d5f190:/#
