
root@6ed731d5f190:/# dig test694.goertzen

; <<>> DiG 9.16.1-Ubuntu <<>> test694.goertzen
;; global options: +cmd
;; Got answer:
;; ->>HEADER<<- opcode: QUERY, status: NOERROR, id: 44617
;; flags: qr rd ra; QUERY: 1, ANSWER: 1, AUTHORITY: 1, ADDITI
ONAL: 2

;; OPT PSEUDOSECTION:
; EDNS: version: 0, flags:; udp: 65355
; COOKIE: 6b2197173eb05a4f0100000062eae9c46ab0a80cc4b759cc (g
ood)
;; QUESTION SECTION:
;test694.goertzen.              IN      A

;; ANSWER SECTION:
test694.goertzen.       604800  IN      A       42.42.42.42

;; AUTHORITY SECTION:
goertzen.               604260  IN      NS      ns1.goertzen.

;; ADDITIONAL SECTION:
ns1.goertzen.           604260  IN      A       172.20.0.4

;; Query time: 67 msec
;; SERVER: 127.0.0.11#53(127.0.0.11)
;; WHEN: Wed Aug 03 21:33:56 UTC 2022
;; MSG SIZE  rcvd: 123

root@6ed731d5f190:/#
