
root@6ed731d5f190:/# dig test303.goertzen

; <<>> DiG 9.16.1-Ubuntu <<>> test303.goertzen
;; global options: +cmd
;; Got answer:
;; ->>HEADER<<- opcode: QUERY, status: NOERROR, id: 38347
;; flags: qr rd ra; QUERY: 1, ANSWER: 1, AUTHORITY: 1, ADDITI
ONAL: 2

;; OPT PSEUDOSECTION:
; EDNS: version: 0, flags:; udp: 65355
; COOKIE: a00c4ad9e4e7b34d0100000062eae8996b79021a0835fa76 (g
ood)
;; QUESTION SECTION:
;test303.goertzen.              IN      A

;; ANSWER SECTION:
test303.goertzen.       604800  IN      A       42.42.42.42

;; AUTHORITY SECTION:
goertzen.               604559  IN      NS      ns1.goertzen.

;; ADDITIONAL SECTION:
ns1.goertzen.           604559  IN      A       172.20.0.4

;; Query time: 67 msec
;; SERVER: 127.0.0.11#53(127.0.0.11)
;; WHEN: Wed Aug 03 21:28:57 UTC 2022
;; MSG SIZE  rcvd: 123

root@6ed731d5f190:/#
