
root@964f3aa8e20f:/# dig test32.goertzen

; <<>> DiG 9.16.1-Ubuntu <<>> test32.goertzen
;; global options: +cmd
;; Got answer:
;; ->>HEADER<<- opcode: QUERY, status: NOERROR, id: 3040
;; flags: qr rd ra; QUERY: 1, ANSWER: 1, AUTHORITY: 1, ADDITIONAL: 2

;; OPT PSEUDOSECTION:
; EDNS: version: 0, flags:; udp: 65355
; COOKIE: 8407909a5716f0000100000062e01c70cb52d70520d6eef8 (good)
;; QUESTION SECTION:
;test32.goertzen.               IN      A

;; ANSWER SECTION:
test32.goertzen.        604800  IN      A       42.42.42.42

;; AUTHORITY SECTION:
goertzen.               604748  IN      NS      ns1.goertzen.

;; ADDITIONAL SECTION:
ns1.goertzen.           604748  IN      A       172.20.0.4

;; Query time: 59 msec
;; SERVER: 127.0.0.11#53(127.0.0.11)
;; WHEN: Tue Jul 26 16:55:12 UTC 2022
;; MSG SIZE  rcvd: 122

root@964f3aa8e20f:/#
