
root@964f3aa8e20f:/# dig test779.goertzen

; <<>> DiG 9.16.1-Ubuntu <<>> test779.goertzen
;; global options: +cmd
;; Got answer:
;; ->>HEADER<<- opcode: QUERY, status: NOERROR, id: 36383
;; flags: qr rd ra; QUERY: 1, ANSWER: 1, AUTHORITY: 1, ADDITIONAL: 2

;; OPT PSEUDOSECTION:
; EDNS: version: 0, flags:; udp: 65355
; COOKIE: 57c22b302de824ed0100000062e01f6563887fbb019539be (good)
;; QUESTION SECTION:
;test779.goertzen.              IN      A

;; ANSWER SECTION:
test779.goertzen.       604800  IN      A       42.42.42.42

;; AUTHORITY SECTION:
goertzen.               603991  IN      NS      ns1.goertzen.

;; ADDITIONAL SECTION:
ns1.goertzen.           603991  IN      A       172.20.0.4

;; Query time: 55 msec
;; SERVER: 127.0.0.11#53(127.0.0.11)
;; WHEN: Tue Jul 26 17:07:49 UTC 2022
;; MSG SIZE  rcvd: 123

root@964f3aa8e20f:/#
