
root@964f3aa8e20f:/# dig test705.goertzen

; <<>> DiG 9.16.1-Ubuntu <<>> test705.goertzen
;; global options: +cmd
;; Got answer:
;; ->>HEADER<<- opcode: QUERY, status: NOERROR, id: 36027
;; flags: qr rd ra; QUERY: 1, ANSWER: 1, AUTHORITY: 1, ADDITIONAL: 2

;; OPT PSEUDOSECTION:
; EDNS: version: 0, flags:; udp: 65355
; COOKIE: 651f56fd93bc4b280100000062e01f1aef37a298df10679f (good)
;; QUESTION SECTION:
;test705.goertzen.              IN      A

;; ANSWER SECTION:
test705.goertzen.       604800  IN      A       42.42.42.42

;; AUTHORITY SECTION:
goertzen.               604066  IN      NS      ns1.goertzen.

;; ADDITIONAL SECTION:
ns1.goertzen.           604066  IN      A       172.20.0.4

;; Query time: 55 msec
;; SERVER: 127.0.0.11#53(127.0.0.11)
;; WHEN: Tue Jul 26 17:06:34 UTC 2022
;; MSG SIZE  rcvd: 123

root@964f3aa8e20f:/#
