
root@6ed731d5f190:/# dig test154.goertzen

; <<>> DiG 9.16.1-Ubuntu <<>> test154.goertzen
;; global options: +cmd
;; Got answer:
;; ->>HEADER<<- opcode: QUERY, status: NOERROR, id: 34339
;; flags: qr rd ra; QUERY: 1, ANSWER: 1, AUTHORITY: 1, ADDITI
ONAL: 2

;; OPT PSEUDOSECTION:
; EDNS: version: 0, flags:; udp: 65355
; COOKIE: 5bdff20842ba18120100000062eae82812fe3af635a303ce (g
ood)
;; QUESTION SECTION:
;test154.goertzen.              IN      A

;; ANSWER SECTION:
test154.goertzen.       604800  IN      A       42.42.42.42

;; AUTHORITY SECTION:
goertzen.               604672  IN      NS      ns1.goertzen.

;; ADDITIONAL SECTION:
ns1.goertzen.           604672  IN      A       172.20.0.4

;; Query time: 67 msec
;; SERVER: 127.0.0.11#53(127.0.0.11)
;; WHEN: Wed Aug 03 21:27:04 UTC 2022
;; MSG SIZE  rcvd: 123

root@6ed731d5f190:/#
