
root@8bd2f25eb810:/# dig test773.goertzen

; <<>> DiG 9.16.1-Ubuntu <<>> test773.goertzen
;; global options: +cmd
;; Got answer:
;; ->>HEADER<<- opcode: QUERY, status: NOERROR, id: 11
851
;; flags: qr rd ra; QUERY: 1, ANSWER: 1, AUTHORITY: 1,
 ADDITIONAL: 2

;; OPT PSEUDOSECTION:
; EDNS: version: 0, flags:; udp: 65355
; COOKIE: ddcd71a3bd3c24510100000062ec400a5089d11082bd
b7ca (good)
;; QUESTION SECTION:
;test773.goertzen.              IN      A

;; ANSWER SECTION:
test773.goertzen.       604800  IN      A       42.42.
42.42

;; AUTHORITY SECTION:
goertzen.               604610  IN      NS      ns1.go
ertzen.

;; ADDITIONAL SECTION:
ns1.goertzen.           604610  IN      A       172.20
.0.4

;; Query time: 23 msec
;; SERVER: 127.0.0.11#53(127.0.0.11)
;; WHEN: Thu Aug 04 21:54:18 UTC 2022
;; MSG SIZE  rcvd: 123

root@8bd2f25eb810:/#
