
root@f13db2983d1a:/# dig test572.goertzen

; <<>> DiG 9.16.1-Ubuntu <<>> test572.goertzen
;; global options: +cmd
;; Got answer:
;; ->>HEADER<<- opcode: QUERY, status: NOERROR, id: 38
068
;; flags: qr rd ra; QUERY: 1, ANSWER: 1, AUTHORITY: 1,
 ADDITIONAL: 2

;; OPT PSEUDOSECTION:
; EDNS: version: 0, flags:; udp: 65355
; COOKIE: 003f6bc58532ce4d0100000062ec3ec474bc4b857b40
e278 (good)
;; QUESTION SECTION:
;test572.goertzen.              IN      A

;; ANSWER SECTION:
test572.goertzen.       604800  IN      A       42.42.
42.42

;; AUTHORITY SECTION:
goertzen.               604603  IN      NS      ns1.go
ertzen.

;; ADDITIONAL SECTION:
ns1.goertzen.           604603  IN      A       172.20
.0.4

;; Query time: 15 msec
;; SERVER: 127.0.0.11#53(127.0.0.11)
;; WHEN: Thu Aug 04 21:48:52 UTC 2022
;; MSG SIZE  rcvd: 123

root@f13db2983d1a:/#
