
root@5d3452687eb4:/# dig test59.goertzen

; <<>> DiG 9.16.1-Ubuntu <<>> test59.goertzen
;; global options: +cmd
;; Got answer:
;; ->>HEADER<<- opcode: QUERY, status: NOERROR, id: 53
345
;; flags: qr rd ra; QUERY: 1, ANSWER: 1, AUTHORITY: 1,
 ADDITIONAL: 2

;; OPT PSEUDOSECTION:
; EDNS: version: 0, flags:; udp: 65355
; COOKIE: 845e13a6feb237fe0100000062ec3c420bb792b79545
f8a7 (good)
;; QUESTION SECTION:
;test59.goertzen.               IN      A

;; ANSWER SECTION:
test59.goertzen.        604800  IN      A       42.42.
42.42

;; AUTHORITY SECTION:
goertzen.               604730  IN      NS      ns1.go
ertzen.

;; ADDITIONAL SECTION:
ns1.goertzen.           604730  IN      A       172.20
.0.4

;; Query time: 19 msec
;; SERVER: 127.0.0.11#53(127.0.0.11)
;; WHEN: Thu Aug 04 21:38:10 UTC 2022
;; MSG SIZE  rcvd: 122

root@5d3452687eb4:/#
