
root@8bd2f25eb810:/# dig test625.goertzen

; <<>> DiG 9.16.1-Ubuntu <<>> test625.goertzen
;; global options: +cmd
;; Got answer:
;; ->>HEADER<<- opcode: QUERY, status: NOERROR, id: 21
495
;; flags: qr rd ra; QUERY: 1, ANSWER: 1, AUTHORITY: 1,
 ADDITIONAL: 2

;; OPT PSEUDOSECTION:
; EDNS: version: 0, flags:; udp: 65355
; COOKIE: 5faf2b2048968af90100000062ec3f74d886d647fd4d
cf24 (good)
;; QUESTION SECTION:
;test625.goertzen.              IN      A

;; ANSWER SECTION:
test625.goertzen.       604800  IN      A       42.42.
42.42

;; AUTHORITY SECTION:
goertzen.               604760  IN      NS      ns1.go
ertzen.

;; ADDITIONAL SECTION:
ns1.goertzen.           604760  IN      A       172.20
.0.4

;; Query time: 11 msec
;; SERVER: 127.0.0.11#53(127.0.0.11)
;; WHEN: Thu Aug 04 21:51:48 UTC 2022
;; MSG SIZE  rcvd: 123

root@8bd2f25eb810:/#
