
root@5d3452687eb4:/# dig test159.goertzen

; <<>> DiG 9.16.1-Ubuntu <<>> test159.goertzen
;; global options: +cmd
;; Got answer:
;; ->>HEADER<<- opcode: QUERY, status: NOERROR, id: 57
249
;; flags: qr rd ra; QUERY: 1, ANSWER: 1, AUTHORITY: 1,
 ADDITIONAL: 2

;; OPT PSEUDOSECTION:
; EDNS: version: 0, flags:; udp: 65355
; COOKIE: cad821bca740d1f10100000062ec3ca74de20fa59ca1
a9b7 (good)
;; QUESTION SECTION:
;test159.goertzen.              IN      A

;; ANSWER SECTION:
test159.goertzen.       604800  IN      A       42.42.
42.42

;; AUTHORITY SECTION:
goertzen.               604629  IN      NS      ns1.go
ertzen.

;; ADDITIONAL SECTION:
ns1.goertzen.           604629  IN      A       172.20
.0.4

;; Query time: 15 msec
;; SERVER: 127.0.0.11#53(127.0.0.11)
;; WHEN: Thu Aug 04 21:39:51 UTC 2022
;; MSG SIZE  rcvd: 123

root@5d3452687eb4:/#
