
root@8bd2f25eb810:/# dig test787.goertzen

; <<>> DiG 9.16.1-Ubuntu <<>> test787.goertzen
;; global options: +cmd
;; Got answer:
;; ->>HEADER<<- opcode: QUERY, status: NOERROR, id: 35
230
;; flags: qr rd ra; QUERY: 1, ANSWER: 1, AUTHORITY: 1,
 ADDITIONAL: 2

;; OPT PSEUDOSECTION:
; EDNS: version: 0, flags:; udp: 65355
; COOKIE: f5d756ba0aa86a540100000062ec401824578a97495c
ce31 (good)
;; QUESTION SECTION:
;test787.goertzen.              IN      A

;; ANSWER SECTION:
test787.goertzen.       604800  IN      A       42.42.
42.42

;; AUTHORITY SECTION:
goertzen.               604596  IN      NS      ns1.go
ertzen.

;; ADDITIONAL SECTION:
ns1.goertzen.           604596  IN      A       172.20
.0.4

;; Query time: 19 msec
;; SERVER: 127.0.0.11#53(127.0.0.11)
;; WHEN: Thu Aug 04 21:54:32 UTC 2022
;; MSG SIZE  rcvd: 123

root@8bd2f25eb810:/#
