
root@8bd2f25eb810:/# dig test623.goertzen

; <<>> DiG 9.16.1-Ubuntu <<>> test623.goertzen
;; global options: +cmd
;; Got answer:
;; ->>HEADER<<- opcode: QUERY, status: NOERROR, id: 64
215
;; flags: qr rd ra; QUERY: 1, ANSWER: 1, AUTHORITY: 1,
 ADDITIONAL: 2

;; OPT PSEUDOSECTION:
; EDNS: version: 0, flags:; udp: 65355
; COOKIE: 7349f1e5c53dc3af0100000062ec3f72d0fb1d67a482
f9b7 (good)
;; QUESTION SECTION:
;test623.goertzen.              IN      A

;; ANSWER SECTION:
test623.goertzen.       604800  IN      A       42.42.
42.42

;; AUTHORITY SECTION:
goertzen.               604762  IN      NS      ns1.go
ertzen.

;; ADDITIONAL SECTION:
ns1.goertzen.           604762  IN      A       172.20
.0.4

;; Query time: 15 msec
;; SERVER: 127.0.0.11#53(127.0.0.11)
;; WHEN: Thu Aug 04 21:51:46 UTC 2022
;; MSG SIZE  rcvd: 123

root@8bd2f25eb810:/#
