
root@762db1b4dc8b:/# dig test937.goertzen

; <<>> DiG 9.16.1-Ubuntu <<>> test937.goertzen
;; global options: +cmd
;; Got answer:
;; ->>HEADER<<- opcode: QUERY, status: NOERROR, id: 34
571
;; flags: qr rd ra; QUERY: 1, ANSWER: 1, AUTHORITY: 1,
 ADDITIONAL: 2

;; OPT PSEUDOSECTION:
; EDNS: version: 0, flags:; udp: 65355
; COOKIE: 2b32be83f05278870100000062ec41a420ce9e3e8f6f
6ed9 (good)
;; QUESTION SECTION:
;test937.goertzen.              IN      A

;; ANSWER SECTION:
test937.goertzen.       604800  IN      A       42.42.
42.42

;; AUTHORITY SECTION:
goertzen.               604732  IN      NS      ns1.go
ertzen.

;; ADDITIONAL SECTION:
ns1.goertzen.           604732  IN      A       172.20
.0.4

;; Query time: 19 msec
;; SERVER: 127.0.0.11#53(127.0.0.11)
;; WHEN: Thu Aug 04 22:01:08 UTC 2022
;; MSG SIZE  rcvd: 123

root@762db1b4dc8b:/#
