
root@5d3452687eb4:/# dig test303.goertzen

; <<>> DiG 9.16.1-Ubuntu <<>> test303.goertzen
;; global options: +cmd
;; Got answer:
;; ->>HEADER<<- opcode: QUERY, status: NOERROR, id: 15
00
;; flags: qr rd ra; QUERY: 1, ANSWER: 1, AUTHORITY: 1,
 ADDITIONAL: 2

;; OPT PSEUDOSECTION:
; EDNS: version: 0, flags:; udp: 65355
; COOKIE: 3c206797fd765e230100000062ec3d39e2f2a7ac3735
3333 (good)
;; QUESTION SECTION:
;test303.goertzen.              IN      A

;; ANSWER SECTION:
test303.goertzen.       604800  IN      A       42.42.
42.42

;; AUTHORITY SECTION:
goertzen.               604483  IN      NS      ns1.go
ertzen.

;; ADDITIONAL SECTION:
ns1.goertzen.           604483  IN      A       172.20
.0.4

;; Query time: 15 msec
;; SERVER: 127.0.0.11#53(127.0.0.11)
;; WHEN: Thu Aug 04 21:42:17 UTC 2022
;; MSG SIZE  rcvd: 123

root@5d3452687eb4:/#
