
root@f13db2983d1a:/# dig test575.goertzen

; <<>> DiG 9.16.1-Ubuntu <<>> test575.goertzen
;; global options: +cmd
;; Got answer:
;; ->>HEADER<<- opcode: QUERY, status: NOERROR, id: 58
182
;; flags: qr rd ra; QUERY: 1, ANSWER: 1, AUTHORITY: 1,
 ADDITIONAL: 2

;; OPT PSEUDOSECTION:
; EDNS: version: 0, flags:; udp: 65355
; COOKIE: 6d96c565f31a6ee50100000062ec3ec74cda377bc15a
128f (good)
;; QUESTION SECTION:
;test575.goertzen.              IN      A

;; ANSWER SECTION:
test575.goertzen.       604800  IN      A       42.42.
42.42

;; AUTHORITY SECTION:
goertzen.               604600  IN      NS      ns1.go
ertzen.

;; ADDITIONAL SECTION:
ns1.goertzen.           604600  IN      A       172.20
.0.4

;; Query time: 27 msec
;; SERVER: 127.0.0.11#53(127.0.0.11)
;; WHEN: Thu Aug 04 21:48:55 UTC 2022
;; MSG SIZE  rcvd: 123

root@f13db2983d1a:/#
