
root@f13db2983d1a:/# dig test447.goertzen

; <<>> DiG 9.16.1-Ubuntu <<>> test447.goertzen
;; global options: +cmd
;; Got answer:
;; ->>HEADER<<- opcode: QUERY, status: NOERROR, id: 20
529
;; flags: qr rd ra; QUERY: 1, ANSWER: 1, AUTHORITY: 1,
 ADDITIONAL: 2

;; OPT PSEUDOSECTION:
; EDNS: version: 0, flags:; udp: 65355
; COOKIE: 30bc1df82bf180fb0100000062ec3e45d4727a1fdd0d
12de (good)
;; QUESTION SECTION:
;test447.goertzen.              IN      A

;; ANSWER SECTION:
test447.goertzen.       604800  IN      A       42.42.
42.42

;; AUTHORITY SECTION:
goertzen.               604730  IN      NS      ns1.go
ertzen.

;; ADDITIONAL SECTION:
ns1.goertzen.           604730  IN      A       172.20
.0.4

;; Query time: 15 msec
;; SERVER: 127.0.0.11#53(127.0.0.11)
;; WHEN: Thu Aug 04 21:46:45 UTC 2022
;; MSG SIZE  rcvd: 123

root@f13db2983d1a:/#
