
root@cf4d695f85f0:/# dig test81.goertzen

; <<>> DiG 9.16.1-Ubuntu <<>> test81.goertzen
;; global options: +cmd
;; Got answer:
;; ->>HEADER<<- opcode: QUERY, status: NOERROR, id: 12046
;; flags: qr rd ra; QUERY: 1, ANSWER: 1, AUTHORITY: 1, ADDITIONAL: 2

;; OPT PSEUDOSECTION:
; EDNS: version: 0, flags:; udp: 65355
; COOKIE: 96c984daabf7f2d80100000062dc7c649b223305a5d3b9db (good)
;; QUESTION SECTION:
;test81.goertzen.               IN      A

;; ANSWER SECTION:
test81.goertzen.        604800  IN      A       42.42.42.42

;; AUTHORITY SECTION:
goertzen.               604697  IN      NS      ns1.goertzen.

;; ADDITIONAL SECTION:
ns1.goertzen.           604697  IN      A       172.20.0.4

;; Query time: 716 msec
;; SERVER: 127.0.0.11#53(127.0.0.11)
;; WHEN: Sat Jul 23 22:55:32 UTC 2022
;; MSG SIZE  rcvd: 122

root@cf4d695f85f0:/#
