
root@1b906cecb62f:/# dig test689.goertzen

; <<>> DiG 9.16.1-Ubuntu <<>> test689.goertzen
;; global options: +cmd
;; Got answer:
;; ->>HEADER<<- opcode: QUERY, status: NOERROR, id: 27454
;; flags: qr rd ra; QUERY: 1, ANSWER: 1, AUTHORITY: 1, ADDITIONAL: 2

;; OPT PSEUDOSECTION:
; EDNS: version: 0, flags:; udp: 65355
; COOKIE: 80cd0138774471880100000062dc7ff74d0e22950c6ba7b0 (good)
;; QUESTION SECTION:
;test689.goertzen.              IN      A

;; ANSWER SECTION:
test689.goertzen.       604800  IN      A       42.42.42.42

;; AUTHORITY SECTION:
goertzen.               604131  IN      NS      ns1.goertzen.

;; ADDITIONAL SECTION:
ns1.goertzen.           604131  IN      A       172.20.0.4

;; Query time: 712 msec
;; SERVER: 127.0.0.11#53(127.0.0.11)
;; WHEN: Sat Jul 23 23:10:47 UTC 2022
;; MSG SIZE  rcvd: 123

root@1b906cecb62f:/#
