
root@1b906cecb62f:/# dig test326.goertzen

; <<>> DiG 9.16.1-Ubuntu <<>> test326.goertzen
;; global options: +cmd
;; Got answer:
;; ->>HEADER<<- opcode: QUERY, status: NOERROR, id: 27957
;; flags: qr rd ra; QUERY: 1, ANSWER: 1, AUTHORITY: 1, ADDITIONAL: 2

;; OPT PSEUDOSECTION:
; EDNS: version: 0, flags:; udp: 65355
; COOKIE: 1472f5a0216d6c690100000062dc7e638c8d4d2074c534a3 (good)
;; QUESTION SECTION:
;test326.goertzen.              IN      A

;; ANSWER SECTION:
test326.goertzen.       604800  IN      A       42.42.42.42

;; AUTHORITY SECTION:
goertzen.               604535  IN      NS      ns1.goertzen.

;; ADDITIONAL SECTION:
ns1.goertzen.           604535  IN      A       172.20.0.4

;; Query time: 716 msec
;; SERVER: 127.0.0.11#53(127.0.0.11)
;; WHEN: Sat Jul 23 23:04:03 UTC 2022
;; MSG SIZE  rcvd: 123

root@1b906cecb62f:/#
