
root@1b906cecb62f:/# dig test589.goertzen

; <<>> DiG 9.16.1-Ubuntu <<>> test589.goertzen
;; global options: +cmd
;; Got answer:
;; ->>HEADER<<- opcode: QUERY, status: NOERROR, id: 43285
;; flags: qr rd ra; QUERY: 1, ANSWER: 1, AUTHORITY: 1, ADDITIONAL: 2

;; OPT PSEUDOSECTION:
; EDNS: version: 0, flags:; udp: 65355
; COOKIE: 23db309c11db953d0100000062dc7f869e213798d9f06513 (good)
;; QUESTION SECTION:
;test589.goertzen.              IN      A

;; ANSWER SECTION:
test589.goertzen.       604800  IN      A       42.42.42.42

;; AUTHORITY SECTION:
goertzen.               604244  IN      NS      ns1.goertzen.

;; ADDITIONAL SECTION:
ns1.goertzen.           604244  IN      A       172.20.0.4

;; Query time: 720 msec
;; SERVER: 127.0.0.11#53(127.0.0.11)
;; WHEN: Sat Jul 23 23:08:54 UTC 2022
;; MSG SIZE  rcvd: 123

root@1b906cecb62f:/#
