
root@1b906cecb62f:/# dig test688.goertzen

; <<>> DiG 9.16.1-Ubuntu <<>> test688.goertzen
;; global options: +cmd
;; Got answer:
;; ->>HEADER<<- opcode: QUERY, status: NOERROR, id: 12310
;; flags: qr rd ra; QUERY: 1, ANSWER: 1, AUTHORITY: 1, ADDITIONAL: 2

;; OPT PSEUDOSECTION:
; EDNS: version: 0, flags:; udp: 65355
; COOKIE: 5001e6b02136f0e40100000062dc7ff65cebe4e6ef7dd04b (good)
;; QUESTION SECTION:
;test688.goertzen.              IN      A

;; ANSWER SECTION:
test688.goertzen.       604800  IN      A       42.42.42.42

;; AUTHORITY SECTION:
goertzen.               604132  IN      NS      ns1.goertzen.

;; ADDITIONAL SECTION:
ns1.goertzen.           604132  IN      A       172.20.0.4

;; Query time: 716 msec
;; SERVER: 127.0.0.11#53(127.0.0.11)
;; WHEN: Sat Jul 23 23:10:46 UTC 2022
;; MSG SIZE  rcvd: 123

root@1b906cecb62f:/#
