
root@8f400e67ea4f:/# dig test931.goertzen

; <<>> DiG 9.16.1-Ubuntu <<>> test931.goertzen
;; global options: +cmd
;; Got answer:
;; ->>HEADER<<- opcode: QUERY, status: NOERROR, id: 18916
;; flags: qr rd ra; QUERY: 1, ANSWER: 1, AUTHORITY: 1, ADDITIONAL: 2

;; OPT PSEUDOSECTION:
; EDNS: version: 0, flags:; udp: 65355
; COOKIE: 9f788e434093e7290100000062dc819ce9633ef7ba92f9a3 (good)
;; QUESTION SECTION:
;test931.goertzen.              IN      A

;; ANSWER SECTION:
test931.goertzen.       604800  IN      A       42.42.42.42

;; AUTHORITY SECTION:
goertzen.               604656  IN      NS      ns1.goertzen.

;; ADDITIONAL SECTION:
ns1.goertzen.           604656  IN      A       172.20.0.4

;; Query time: 720 msec
;; SERVER: 127.0.0.11#53(127.0.0.11)
;; WHEN: Sat Jul 23 23:17:48 UTC 2022
;; MSG SIZE  rcvd: 123

root@8f400e67ea4f:/#
