
root@1b906cecb62f:/# dig test734.goertzen

; <<>> DiG 9.16.1-Ubuntu <<>> test734.goertzen
;; global options: +cmd
;; Got answer:
;; ->>HEADER<<- opcode: QUERY, status: NOERROR, id: 54535
;; flags: qr rd ra; QUERY: 1, ANSWER: 1, AUTHORITY: 1, ADDITIONAL: 2

;; OPT PSEUDOSECTION:
; EDNS: version: 0, flags:; udp: 65355
; COOKIE: b63ef77c80e83bee0100000062dc802de67416c3ddf31e04 (good)
;; QUESTION SECTION:
;test734.goertzen.              IN      A

;; ANSWER SECTION:
test734.goertzen.       604800  IN      A       42.42.42.42

;; AUTHORITY SECTION:
goertzen.               604077  IN      NS      ns1.goertzen.

;; ADDITIONAL SECTION:
ns1.goertzen.           604077  IN      A       172.20.0.4

;; Query time: 712 msec
;; SERVER: 127.0.0.11#53(127.0.0.11)
;; WHEN: Sat Jul 23 23:11:41 UTC 2022
;; MSG SIZE  rcvd: 123

root@1b906cecb62f:/#
