
root@1b906cecb62f:/# dig test395.goertzen

; <<>> DiG 9.16.1-Ubuntu <<>> test395.goertzen
;; global options: +cmd
;; Got answer:
;; ->>HEADER<<- opcode: QUERY, status: NOERROR, id: 496
;; flags: qr rd ra; QUERY: 1, ANSWER: 1, AUTHORITY: 1, ADDITIONAL: 2

;; OPT PSEUDOSECTION:
; EDNS: version: 0, flags:; udp: 65355
; COOKIE: 3a7ba54a9b39c34d0100000062dc7eb05e1ad1823d6de4df (good)
;; QUESTION SECTION:
;test395.goertzen.              IN      A

;; ANSWER SECTION:
test395.goertzen.       604800  IN      A       42.42.42.42

;; AUTHORITY SECTION:
goertzen.               604458  IN      NS      ns1.goertzen.

;; ADDITIONAL SECTION:
ns1.goertzen.           604458  IN      A       172.20.0.4

;; Query time: 716 msec
;; SERVER: 127.0.0.11#53(127.0.0.11)
;; WHEN: Sat Jul 23 23:05:20 UTC 2022
;; MSG SIZE  rcvd: 123

root@1b906cecb62f:/#
