
root@1b906cecb62f:/# dig test766.goertzen

; <<>> DiG 9.16.1-Ubuntu <<>> test766.goertzen
;; global options: +cmd
;; Got answer:
;; ->>HEADER<<- opcode: QUERY, status: NOERROR, id: 31173
;; flags: qr rd ra; QUERY: 1, ANSWER: 1, AUTHORITY: 1, ADDITIONAL: 2

;; OPT PSEUDOSECTION:
; EDNS: version: 0, flags:; udp: 65355
; COOKIE: 8de1e2e4e6b3e3f60100000062dc805256f9038af030f710 (good)
;; QUESTION SECTION:
;test766.goertzen.              IN      A

;; ANSWER SECTION:
test766.goertzen.       604800  IN      A       42.42.42.42

;; AUTHORITY SECTION:
goertzen.               604040  IN      NS      ns1.goertzen.

;; ADDITIONAL SECTION:
ns1.goertzen.           604040  IN      A       172.20.0.4

;; Query time: 716 msec
;; SERVER: 127.0.0.11#53(127.0.0.11)
;; WHEN: Sat Jul 23 23:12:18 UTC 2022
;; MSG SIZE  rcvd: 123

root@1b906cecb62f:/#
