
root@8f400e67ea4f:/# dig test988.goertzen

; <<>> DiG 9.16.1-Ubuntu <<>> test988.goertzen
;; global options: +cmd
;; Got answer:
;; ->>HEADER<<- opcode: QUERY, status: NOERROR, id: 60803
;; flags: qr rd ra; QUERY: 1, ANSWER: 1, AUTHORITY: 1, ADDITIONAL: 2

;; OPT PSEUDOSECTION:
; EDNS: version: 0, flags:; udp: 65355
; COOKIE: 7db1b07f407c21ed0100000062dc81e2c3d5b3e4798f20d9 (good)
;; QUESTION SECTION:
;test988.goertzen.              IN      A

;; ANSWER SECTION:
test988.goertzen.       604800  IN      A       42.42.42.42

;; AUTHORITY SECTION:
goertzen.               604586  IN      NS      ns1.goertzen.

;; ADDITIONAL SECTION:
ns1.goertzen.           604586  IN      A       172.20.0.4

;; Query time: 720 msec
;; SERVER: 127.0.0.11#53(127.0.0.11)
;; WHEN: Sat Jul 23 23:18:58 UTC 2022
;; MSG SIZE  rcvd: 123

root@8f400e67ea4f:/#
