
root@1b906cecb62f:/# dig test153.goertzen

; <<>> DiG 9.16.1-Ubuntu <<>> test153.goertzen
;; global options: +cmd
;; Got answer:
;; ->>HEADER<<- opcode: QUERY, status: NOERROR, id: 46631
;; flags: qr rd ra; QUERY: 1, ANSWER: 1, AUTHORITY: 1, ADDITIONAL: 2

;; OPT PSEUDOSECTION:
; EDNS: version: 0, flags:; udp: 65355
; COOKIE: 28ca4dd54e877b570100000062dc7da0697d3f81eed18c7b (good)
;; QUESTION SECTION:
;test153.goertzen.              IN      A

;; ANSWER SECTION:
test153.goertzen.       604800  IN      A       42.42.42.42

;; AUTHORITY SECTION:
goertzen.               604730  IN      NS      ns1.goertzen.

;; ADDITIONAL SECTION:
ns1.goertzen.           604730  IN      A       172.20.0.4

;; Query time: 716 msec
;; SERVER: 127.0.0.11#53(127.0.0.11)
;; WHEN: Sat Jul 23 23:00:49 UTC 2022
;; MSG SIZE  rcvd: 123

root@1b906cecb62f:/#
