
root@d74bb793101d:/# dig test140.goertzen

; <<>> DiG 9.16.1-Ubuntu <<>> test140.goertzen
;; global options: +cmd
;; Got answer:
;; ->>HEADER<<- opcode: QUERY, status: NOERROR, id: 6233
;; flags: qr rd ra; QUERY: 1, ANSWER: 1, AUTHORITY: 1, ADDITI
ONAL: 2

;; OPT PSEUDOSECTION:
; EDNS: version: 0, flags:; udp: 65355
; COOKIE: afafcd35bc9a3b650100000062eb03fb0c57d796aa816269 (g
ood)
;; QUESTION SECTION:
;test140.goertzen.              IN      A

;; ANSWER SECTION:
test140.goertzen.       604800  IN      A       42.42.42.42

;; AUTHORITY SECTION:
goertzen.               604683  IN      NS      ns1.goertzen.

;; ADDITIONAL SECTION:
ns1.goertzen.           604683  IN      A       172.20.0.4

;; Query time: 143 msec
;; SERVER: 127.0.0.11#53(127.0.0.11)
;; WHEN: Wed Aug 03 23:25:47 UTC 2022
;; MSG SIZE  rcvd: 123

root@d74bb793101d:/#
