
root@9b5fce457139:/# dig test766.goertzen

; <<>> DiG 9.16.1-Ubuntu <<>> test766.goertzen
;; global options: +cmd
;; Got answer:
;; ->>HEADER<<- opcode: QUERY, status: NOERROR, id: 51759
;; flags: qr rd ra; QUERY: 1, ANSWER: 1, AUTHORITY: 1, ADDITIONAL: 2

;; OPT PSEUDOSECTION:
; EDNS: version: 0, flags:; udp: 65355
; COOKIE: 91cad099eeb455270100000062e821b279c122030c5a465a (good)
;; QUESTION SECTION:
;test766.goertzen.              IN      A

;; ANSWER SECTION:
test766.goertzen.       604800  IN      A       42.42.42.42

;; AUTHORITY SECTION:
goertzen.               604322  IN      NS      ns1.goertzen.

;; ADDITIONAL SECTION:
ns1.goertzen.           604322  IN      A       172.20.0.4

;; Query time: 136 msec
;; SERVER: 127.0.0.11#53(127.0.0.11)
;; WHEN: Mon Aug 01 18:55:46 UTC 2022
;; MSG SIZE  rcvd: 123

root@9b5fce457139:/#
