
root@d74bb793101d:/# dig test349.goertzen

; <<>> DiG 9.16.1-Ubuntu <<>> test349.goertzen
;; global options: +cmd
;; Got answer:
;; ->>HEADER<<- opcode: QUERY, status: NOERROR, id: 50484
;; flags: qr rd ra; QUERY: 1, ANSWER: 1, AUTHORITY: 1, ADDITI
ONAL: 2

;; OPT PSEUDOSECTION:
; EDNS: version: 0, flags:; udp: 65355
; COOKIE: d4a58b02119058950100000062eb049b3cb38578d1b7c124 (g
ood)
;; QUESTION SECTION:
;test349.goertzen.              IN      A

;; ANSWER SECTION:
test349.goertzen.       604800  IN      A       42.42.42.42

;; AUTHORITY SECTION:
goertzen.               604523  IN      NS      ns1.goertzen.

;; ADDITIONAL SECTION:
ns1.goertzen.           604523  IN      A       172.20.0.4

;; Query time: 143 msec
;; SERVER: 127.0.0.11#53(127.0.0.11)
;; WHEN: Wed Aug 03 23:28:27 UTC 2022
;; MSG SIZE  rcvd: 123

root@d74bb793101d:/#
