
root@d2ce279d91f1:/# dig test516.goertzen

; <<>> DiG 9.16.1-Ubuntu <<>> test516.goertzen
;; global options: +cmd
;; Got answer:
;; ->>HEADER<<- opcode: QUERY, status: NOERROR, id: 63838
;; flags: qr rd ra; QUERY: 1, ANSWER: 1, AUTHORITY: 1, ADDITI
ONAL: 2

;; OPT PSEUDOSECTION:
; EDNS: version: 0, flags:; udp: 65355
; COOKIE: 5f634aaa2ec2f8650100000062eb0585b0d7141f13cd54f5 (g
ood)
;; QUESTION SECTION:
;test516.goertzen.              IN      A

;; ANSWER SECTION:
test516.goertzen.       604800  IN      A       42.42.42.42

;; AUTHORITY SECTION:
goertzen.               604730  IN      NS      ns1.goertzen.

;; ADDITIONAL SECTION:
ns1.goertzen.           604730  IN      A       172.20.0.4

;; Query time: 147 msec
;; SERVER: 127.0.0.11#53(127.0.0.11)
;; WHEN: Wed Aug 03 23:32:22 UTC 2022
;; MSG SIZE  rcvd: 123

root@d2ce279d91f1:/#
