
root@d74bb793101d:/# dig test75.goertzen

; <<>> DiG 9.16.1-Ubuntu <<>> test75.goertzen
;; global options: +cmd
;; Got answer:
;; ->>HEADER<<- opcode: QUERY, status: NOERROR, id: 51707
;; flags: qr rd ra; QUERY: 1, ANSWER: 1, AUTHORITY: 1, ADDITI
ONAL: 2

;; OPT PSEUDOSECTION:
; EDNS: version: 0, flags:; udp: 65355
; COOKIE: c3a3b8b928ec48430100000062eb03c915199e94fa13a200 (g
ood)
;; QUESTION SECTION:
;test75.goertzen.               IN      A

;; ANSWER SECTION:
test75.goertzen.        604800  IN      A       42.42.42.42

;; AUTHORITY SECTION:
goertzen.               604733  IN      NS      ns1.goertzen.

;; ADDITIONAL SECTION:
ns1.goertzen.           604733  IN      A       172.20.0.4

;; Query time: 147 msec
;; SERVER: 127.0.0.11#53(127.0.0.11)
;; WHEN: Wed Aug 03 23:24:58 UTC 2022
;; MSG SIZE  rcvd: 122

root@d74bb793101d:/#
