
root@d74bb793101d:/# dig test267.goertzen

; <<>> DiG 9.16.1-Ubuntu <<>> test267.goertzen
;; global options: +cmd
;; Got answer:
;; ->>HEADER<<- opcode: QUERY, status: NOERROR, id: 12991
;; flags: qr rd ra; QUERY: 1, ANSWER: 1, AUTHORITY: 1, ADDITI
ONAL: 2

;; OPT PSEUDOSECTION:
; EDNS: version: 0, flags:; udp: 65355
; COOKIE: 9e791691b986e9880100000062eb045cee2fd70e0ce1e60e (g
ood)
;; QUESTION SECTION:
;test267.goertzen.              IN      A

;; ANSWER SECTION:
test267.goertzen.       604800  IN      A       42.42.42.42

;; AUTHORITY SECTION:
goertzen.               604586  IN      NS      ns1.goertzen.

;; ADDITIONAL SECTION:
ns1.goertzen.           604586  IN      A       172.20.0.4

;; Query time: 143 msec
;; SERVER: 127.0.0.11#53(127.0.0.11)
;; WHEN: Wed Aug 03 23:27:24 UTC 2022
;; MSG SIZE  rcvd: 123

root@d74bb793101d:/#
