
root@9b5fce457139:/# dig test743.goertzen

; <<>> DiG 9.16.1-Ubuntu <<>> test743.goertzen
;; global options: +cmd
;; Got answer:
;; ->>HEADER<<- opcode: QUERY, status: NOERROR, id: 58427
;; flags: qr rd ra; QUERY: 1, ANSWER: 1, AUTHORITY: 1, ADDITIONAL: 2

;; OPT PSEUDOSECTION:
; EDNS: version: 0, flags:; udp: 65355
; COOKIE: e486f70b8c27eabb0100000062e8216d8c33d25a8f3e5a19 (good)
;; QUESTION SECTION:
;test743.goertzen.              IN      A

;; ANSWER SECTION:
test743.goertzen.       604800  IN      A       42.42.42.42

;; AUTHORITY SECTION:
goertzen.               604391  IN      NS      ns1.goertzen.

;; ADDITIONAL SECTION:
ns1.goertzen.           604391  IN      A       172.20.0.4

;; Query time: 136 msec
;; SERVER: 127.0.0.11#53(127.0.0.11)
;; WHEN: Mon Aug 01 18:54:37 UTC 2022
;; MSG SIZE  rcvd: 123

root@9b5fce457139:/#
