
root@5c0ffe360262:/# dig test530.goertzen

; <<>> DiG 9.16.1-Ubuntu <<>> test530.goertzen
;; global options: +cmd
;; Got answer:
;; ->>HEADER<<- opcode: QUERY, status: NOERROR, id: 53754
;; flags: qr rd ra; QUERY: 1, ANSWER: 1, AUTHORITY: 1, ADDITIONAL: 2

;; OPT PSEUDOSECTION:
; EDNS: version: 0, flags:; udp: 65355
; COOKIE: 36a2b0b2026350510100000062e956b2e1db9b78ce75138b (good)
;; QUESTION SECTION:
;test530.goertzen.              IN      A

;; ANSWER SECTION:
test530.goertzen.       604800  IN      A       42.42.42.42

;; AUTHORITY SECTION:
goertzen.               604627  IN      NS      ns1.goertzen.

;; ADDITIONAL SECTION:
ns1.goertzen.           604627  IN      A       172.20.0.4

;; Query time: 63 msec
;; SERVER: 127.0.0.11#53(127.0.0.11)
;; WHEN: Tue Aug 02 16:54:10 UTC 2022
;; MSG SIZE  rcvd: 123

root@5c0ffe360262:/#
