
root@5c0ffe360262:/# dig test456.goertzen

; <<>> DiG 9.16.1-Ubuntu <<>> test456.goertzen
;; global options: +cmd
;; Got answer:
;; ->>HEADER<<- opcode: QUERY, status: NOERROR, id: 51893
;; flags: qr rd ra; QUERY: 1, ANSWER: 1, AUTHORITY: 1, ADDITIONAL: 2

;; OPT PSEUDOSECTION:
; EDNS: version: 0, flags:; udp: 65355
; COOKIE: da8e7faa222123440100000062e95667f7729545dbd2289c (good)
;; QUESTION SECTION:
;test456.goertzen.              IN      A

;; ANSWER SECTION:
test456.goertzen.       604800  IN      A       42.42.42.42

;; AUTHORITY SECTION:
goertzen.               604702  IN      NS      ns1.goertzen.

;; ADDITIONAL SECTION:
ns1.goertzen.           604702  IN      A       172.20.0.4

;; Query time: 63 msec
;; SERVER: 127.0.0.11#53(127.0.0.11)
;; WHEN: Tue Aug 02 16:52:55 UTC 2022
;; MSG SIZE  rcvd: 123

root@5c0ffe360262:/#
