
root@acdad44e06ad:/# dig test657.goertzen

; <<>> DiG 9.16.1-Ubuntu <<>> test657.goertzen
;; global options: +cmd
;; Got answer:
;; ->>HEADER<<- opcode: QUERY, status: NOERROR, id: 62901
;; flags: qr rd ra; QUERY: 1, ANSWER: 1, AUTHORITY: 1, ADDITIONAL: 2

;; OPT PSEUDOSECTION:
; EDNS: version: 0, flags:; udp: 65355
; COOKIE: 9fff1cf6c97092dc0100000062eab212165d70b806d661fc (good)
;; QUESTION SECTION:
;test657.goertzen.              IN      A

;; ANSWER SECTION:
test657.goertzen.       604800  IN      A       42.42.42.42

;; AUTHORITY SECTION:
goertzen.               604522  IN      NS      ns1.goertzen.

;; ADDITIONAL SECTION:
ns1.goertzen.           604522  IN      A       172.20.0.4

;; Query time: 75 msec
;; SERVER: 127.0.0.11#53(127.0.0.11)
;; WHEN: Wed Aug 03 17:36:18 UTC 2022
;; MSG SIZE  rcvd: 123

root@acdad44e06ad:/#
