
root@955fb38d2266:/# dig test226.goertzen

; <<>> DiG 9.16.1-Ubuntu <<>> test226.goertzen
;; global options: +cmd
;; Got answer:
;; ->>HEADER<<- opcode: QUERY, status: NOERROR, id: 38709
;; flags: qr rd ra; QUERY: 1, ANSWER: 1, AUTHORITY: 1, ADDITIONAL: 2

;; OPT PSEUDOSECTION:
; EDNS: version: 0, flags:; udp: 65355
; COOKIE: 6a60704aab51c62e0100000062e954a92ba2cb9a5f1412de (good)
;; QUESTION SECTION:
;test226.goertzen.              IN      A

;; ANSWER SECTION:
test226.goertzen.       604800  IN      A       42.42.42.42

;; AUTHORITY SECTION:
goertzen.               604551  IN      NS      ns1.goertzen.

;; ADDITIONAL SECTION:
ns1.goertzen.           604551  IN      A       172.20.0.4

;; Query time: 71 msec
;; SERVER: 127.0.0.11#53(127.0.0.11)
;; WHEN: Tue Aug 02 16:45:29 UTC 2022
;; MSG SIZE  rcvd: 123

root@955fb38d2266:/#
