
root@955fb38d2266:/# dig test181.goertzen

; <<>> DiG 9.16.1-Ubuntu <<>> test181.goertzen
;; global options: +cmd
;; Got answer:
;; ->>HEADER<<- opcode: QUERY, status: NOERROR, id: 41083
;; flags: qr rd ra; QUERY: 1, ANSWER: 1, AUTHORITY: 1, ADDITIONAL: 2

;; OPT PSEUDOSECTION:
; EDNS: version: 0, flags:; udp: 65355
; COOKIE: 52875db3748576390100000062e9547c6c86f89b80da3588 (good)
;; QUESTION SECTION:
;test181.goertzen.              IN      A

;; ANSWER SECTION:
test181.goertzen.       604800  IN      A       42.42.42.42

;; AUTHORITY SECTION:
goertzen.               604596  IN      NS      ns1.goertzen.

;; ADDITIONAL SECTION:
ns1.goertzen.           604596  IN      A       172.20.0.4

;; Query time: 67 msec
;; SERVER: 127.0.0.11#53(127.0.0.11)
;; WHEN: Tue Aug 02 16:44:44 UTC 2022
;; MSG SIZE  rcvd: 123

root@955fb38d2266:/#
