
root@5d4f3893643f:/# dig test866.goertzen

; <<>> DiG 9.16.1-Ubuntu <<>> test866.goertzen
;; global options: +cmd
;; Got answer:
;; ->>HEADER<<- opcode: QUERY, status: NOERROR, id: 62332
;; flags: qr rd ra; QUERY: 1, ANSWER: 1, AUTHORITY: 1, ADDITIONAL: 2

;; OPT PSEUDOSECTION:
; EDNS: version: 0, flags:; udp: 65355
; COOKIE: 58a3c203b74dd1b20100000062eab386c7eb75928dc884c0 (good)
;; QUESTION SECTION:
;test866.goertzen.              IN      A

;; ANSWER SECTION:
test866.goertzen.       604800  IN      A       42.42.42.42

;; AUTHORITY SECTION:
goertzen.               604651  IN      NS      ns1.goertzen.

;; ADDITIONAL SECTION:
ns1.goertzen.           604651  IN      A       172.20.0.4

;; Query time: 71 msec
;; SERVER: 127.0.0.11#53(127.0.0.11)
;; WHEN: Wed Aug 03 17:42:30 UTC 2022
;; MSG SIZE  rcvd: 123

root@5d4f3893643f:/#
