
root@955fb38d2266:/# dig test157.goertzen

; <<>> DiG 9.16.1-Ubuntu <<>> test157.goertzen
;; global options: +cmd
;; Got answer:
;; ->>HEADER<<- opcode: QUERY, status: NOERROR, id: 30298
;; flags: qr rd ra; QUERY: 1, ANSWER: 1, AUTHORITY: 1, ADDITIONAL: 2

;; OPT PSEUDOSECTION:
; EDNS: version: 0, flags:; udp: 65355
; COOKIE: 5ad85a4dba9542760100000062e954644fd68325ba1566cc (good)
;; QUESTION SECTION:
;test157.goertzen.              IN      A

;; ANSWER SECTION:
test157.goertzen.       604800  IN      A       42.42.42.42

;; AUTHORITY SECTION:
goertzen.               604620  IN      NS      ns1.goertzen.

;; ADDITIONAL SECTION:
ns1.goertzen.           604620  IN      A       172.20.0.4

;; Query time: 71 msec
;; SERVER: 127.0.0.11#53(127.0.0.11)
;; WHEN: Tue Aug 02 16:44:20 UTC 2022
;; MSG SIZE  rcvd: 123

root@955fb38d2266:/#
