
root@acdad44e06ad:/# dig test404.goertzen

; <<>> DiG 9.16.1-Ubuntu <<>> test404.goertzen
;; global options: +cmd
;; Got answer:
;; ->>HEADER<<- opcode: QUERY, status: NOERROR, id: 9781
;; flags: qr rd ra; QUERY: 1, ANSWER: 1, AUTHORITY: 1, ADDITIONAL: 2

;; OPT PSEUDOSECTION:
; EDNS: version: 0, flags:; udp: 65355
; COOKIE: d4f4afe30a63bb7a0100000062eab151a5e4d68fc2f1e196 (good)
;; QUESTION SECTION:
;test404.goertzen.              IN      A

;; ANSWER SECTION:
test404.goertzen.       604800  IN      A       42.42.42.42

;; AUTHORITY SECTION:
goertzen.               604715  IN      NS      ns1.goertzen.

;; ADDITIONAL SECTION:
ns1.goertzen.           604715  IN      A       172.20.0.4

;; Query time: 71 msec
;; SERVER: 127.0.0.11#53(127.0.0.11)
;; WHEN: Wed Aug 03 17:33:05 UTC 2022
;; MSG SIZE  rcvd: 123

root@acdad44e06ad:/#
