
root@955fb38d2266:/# dig test232.goertzen

; <<>> DiG 9.16.1-Ubuntu <<>> test232.goertzen
;; global options: +cmd
;; Got answer:
;; ->>HEADER<<- opcode: QUERY, status: NOERROR, id: 39566
;; flags: qr rd ra; QUERY: 1, ANSWER: 1, AUTHORITY: 1, ADDITIONAL: 2

;; OPT PSEUDOSECTION:
; EDNS: version: 0, flags:; udp: 65355
; COOKIE: 642066a76952770d0100000062e954b05706dbab89390c71 (good)
;; QUESTION SECTION:
;test232.goertzen.              IN      A

;; ANSWER SECTION:
test232.goertzen.       604800  IN      A       42.42.42.42

;; AUTHORITY SECTION:
goertzen.               604544  IN      NS      ns1.goertzen.

;; ADDITIONAL SECTION:
ns1.goertzen.           604544  IN      A       172.20.0.4

;; Query time: 63 msec
;; SERVER: 127.0.0.11#53(127.0.0.11)
;; WHEN: Tue Aug 02 16:45:36 UTC 2022
;; MSG SIZE  rcvd: 123

root@955fb38d2266:/#
