
root@50237a9a5e5c:/# dig test179.goertzen

; <<>> DiG 9.16.1-Ubuntu <<>> test179.goertzen
;; global options: +cmd
;; Got answer:
;; ->>HEADER<<- opcode: QUERY, status: NOERROR, id: 58244
;; flags: qr rd ra; QUERY: 1, ANSWER: 1, AUTHORITY: 1, ADDITIONAL: 2

;; OPT PSEUDOSECTION:
; EDNS: version: 0, flags:; udp: 65355
; COOKIE: d3d4bf371f5ec7940100000062eaafe03f82b783d65d3e9a (good)
;; QUESTION SECTION:
;test179.goertzen.              IN      A

;; ANSWER SECTION:
test179.goertzen.       604800  IN      A       42.42.42.42

;; AUTHORITY SECTION:
goertzen.               604775  IN      NS      ns1.goertzen.

;; ADDITIONAL SECTION:
ns1.goertzen.           604775  IN      A       172.20.0.4

;; Query time: 75 msec
;; SERVER: 127.0.0.11#53(127.0.0.11)
;; WHEN: Wed Aug 03 17:26:56 UTC 2022
;; MSG SIZE  rcvd: 123

root@50237a9a5e5c:/#
