
root@5d4f3893643f:/# dig test923.goertzen

; <<>> DiG 9.16.1-Ubuntu <<>> test923.goertzen
;; global options: +cmd
;; Got answer:
;; ->>HEADER<<- opcode: QUERY, status: NOERROR, id: 61881
;; flags: qr rd ra; QUERY: 1, ANSWER: 1, AUTHORITY: 1, ADDITIONAL: 2

;; OPT PSEUDOSECTION:
; EDNS: version: 0, flags:; udp: 65355
; COOKIE: 937d902afd0744b30100000062eab3b221fb2d88684c63f4 (good)
;; QUESTION SECTION:
;test923.goertzen.              IN      A

;; ANSWER SECTION:
test923.goertzen.       604800  IN      A       42.42.42.42

;; AUTHORITY SECTION:
goertzen.               604607  IN      NS      ns1.goertzen.

;; ADDITIONAL SECTION:
ns1.goertzen.           604607  IN      A       172.20.0.4

;; Query time: 79 msec
;; SERVER: 127.0.0.11#53(127.0.0.11)
;; WHEN: Wed Aug 03 17:43:14 UTC 2022
;; MSG SIZE  rcvd: 123

root@5d4f3893643f:/#
