
root@955fb38d2266:/# dig test331.goertzen

; <<>> DiG 9.16.1-Ubuntu <<>> test331.goertzen
;; global options: +cmd
;; Got answer:
;; ->>HEADER<<- opcode: QUERY, status: NOERROR, id: 9302
;; flags: qr rd ra; QUERY: 1, ANSWER: 1, AUTHORITY: 1, ADDITIONAL: 2

;; OPT PSEUDOSECTION:
; EDNS: version: 0, flags:; udp: 65355
; COOKIE: 127c6098a84b359f0100000062e955146bd1c8ede00444c0 (good)
;; QUESTION SECTION:
;test331.goertzen.              IN      A

;; ANSWER SECTION:
test331.goertzen.       604800  IN      A       42.42.42.42

;; AUTHORITY SECTION:
goertzen.               604444  IN      NS      ns1.goertzen.

;; ADDITIONAL SECTION:
ns1.goertzen.           604444  IN      A       172.20.0.4

;; Query time: 63 msec
;; SERVER: 127.0.0.11#53(127.0.0.11)
;; WHEN: Tue Aug 02 16:47:16 UTC 2022
;; MSG SIZE  rcvd: 123

root@955fb38d2266:/#
