
root@52e040a19682:/# dig test694.goertzen

; <<>> DiG 9.16.1-Ubuntu <<>> test694.goertzen
;; global options: +cmd
;; Got answer:
;; ->>HEADER<<- opcode: QUERY, status: NOERROR, id: 12287
;; flags: qr rd ra; QUERY: 1, ANSWER: 1, AUTHORITY: 1, ADDITIONAL: 2

;; OPT PSEUDOSECTION:
; EDNS: version: 0, flags:; udp: 65355
; COOKIE: c6cdd14b616d136f0100000062e9582df86281f2f4de1d67 (good)
;; QUESTION SECTION:
;test694.goertzen.              IN      A

;; ANSWER SECTION:
test694.goertzen.       604800  IN      A       42.42.42.42

;; AUTHORITY SECTION:
goertzen.               604729  IN      NS      ns1.goertzen.

;; ADDITIONAL SECTION:
ns1.goertzen.           604729  IN      A       172.20.0.4

;; Query time: 63 msec
;; SERVER: 127.0.0.11#53(127.0.0.11)
;; WHEN: Tue Aug 02 17:00:29 UTC 2022
;; MSG SIZE  rcvd: 123

root@52e040a19682:/#
