
root@5d4f3893643f:/# dig test835.goertzen

; <<>> DiG 9.16.1-Ubuntu <<>> test835.goertzen
;; global options: +cmd
;; Got answer:
;; ->>HEADER<<- opcode: QUERY, status: NOERROR, id: 41644
;; flags: qr rd ra; QUERY: 1, ANSWER: 1, AUTHORITY: 1, ADDITIONAL: 2

;; OPT PSEUDOSECTION:
; EDNS: version: 0, flags:; udp: 65355
; COOKIE: 352405f2d6e133700100000062eab36edc25c86a690f7557 (good)
;; QUESTION SECTION:
;test835.goertzen.              IN      A

;; ANSWER SECTION:
test835.goertzen.       604800  IN      A       42.42.42.42

;; AUTHORITY SECTION:
goertzen.               604675  IN      NS      ns1.goertzen.

;; ADDITIONAL SECTION:
ns1.goertzen.           604675  IN      A       172.20.0.4

;; Query time: 75 msec
;; SERVER: 127.0.0.11#53(127.0.0.11)
;; WHEN: Wed Aug 03 17:42:06 UTC 2022
;; MSG SIZE  rcvd: 123

root@5d4f3893643f:/#
