
root@ad8134b8b5ce:/# dig test985.goertzen

; <<>> DiG 9.16.1-Ubuntu <<>> test985.goertzen
;; global options: +cmd
;; Got answer:
;; ->>HEADER<<- opcode: QUERY, status: NOERROR, id: 55194
;; flags: qr rd ra; QUERY: 1, ANSWER: 1, AUTHORITY: 1, ADDITIONAL: 2

;; OPT PSEUDOSECTION:
; EDNS: version: 0, flags:; udp: 65355
; COOKIE: dc82dcbc2d854b3b0100000062e95a2822db0bfe6eb48523 (good)
;; QUESTION SECTION:
;test985.goertzen.              IN      A

;; ANSWER SECTION:
test985.goertzen.       604800  IN      A       42.42.42.42

;; AUTHORITY SECTION:
goertzen.               604774  IN      NS      ns1.goertzen.

;; ADDITIONAL SECTION:
ns1.goertzen.           604774  IN      A       172.20.0.4

;; Query time: 67 msec
;; SERVER: 127.0.0.11#53(127.0.0.11)
;; WHEN: Tue Aug 02 17:08:56 UTC 2022
;; MSG SIZE  rcvd: 123

root@ad8134b8b5ce:/#
