
root@e4a082668e21:/# dig test348.goertzen

; <<>> DiG 9.16.1-Ubuntu <<>> test348.goertzen
;; global options: +cmd
;; Got answer:
;; ->>HEADER<<- opcode: QUERY, status: NOERROR, id: 53
997
;; flags: qr rd ra; QUERY: 1, ANSWER: 1, AUTHORITY: 1,
 ADDITIONAL: 2

;; OPT PSEUDOSECTION:
; EDNS: version: 0, flags:; udp: 65355
; COOKIE: 82a68d2d7324951e0100000062ec5b3b1364692af00e
1615 (good)
;; QUESTION SECTION:
;test348.goertzen.              IN      A

;; ANSWER SECTION:
test348.goertzen.       604800  IN      A       42.42.
42.42

;; AUTHORITY SECTION:
goertzen.               604773  IN      NS      ns1.go
ertzen.

;; ADDITIONAL SECTION:
ns1.goertzen.           604773  IN      A       172.20
.0.4

;; Query time: 71 msec
;; SERVER: 127.0.0.11#53(127.0.0.11)
;; WHEN: Thu Aug 04 23:50:19 UTC 2022
;; MSG SIZE  rcvd: 123

root@e4a082668e21:/#
