
root@e4a082668e21:/# dig test403.goertzen

; <<>> DiG 9.16.1-Ubuntu <<>> test403.goertzen
;; global options: +cmd
;; Got answer:
;; ->>HEADER<<- opcode: QUERY, status: NOERROR, id: 46
294
;; flags: qr rd ra; QUERY: 1, ANSWER: 1, AUTHORITY: 1,
 ADDITIONAL: 2

;; OPT PSEUDOSECTION:
; EDNS: version: 0, flags:; udp: 65355
; COOKIE: 4576fa45997f3bb80100000062ec5b72e939e0570641
d765 (good)
;; QUESTION SECTION:
;test403.goertzen.              IN      A

;; ANSWER SECTION:
test403.goertzen.       604800  IN      A       42.42.
42.42

;; AUTHORITY SECTION:
goertzen.               604718  IN      NS      ns1.go
ertzen.

;; ADDITIONAL SECTION:
ns1.goertzen.           604718  IN      A       172.20
.0.4

;; Query time: 71 msec
;; SERVER: 127.0.0.11#53(127.0.0.11)
;; WHEN: Thu Aug 04 23:51:14 UTC 2022
;; MSG SIZE  rcvd: 123

root@e4a082668e21:/#
