
root@e4a082668e21:/# dig test383.goertzen

; <<>> DiG 9.16.1-Ubuntu <<>> test383.goertzen
;; global options: +cmd
;; Got answer:
;; ->>HEADER<<- opcode: QUERY, status: NOERROR, id: 35
893
;; flags: qr rd ra; QUERY: 1, ANSWER: 1, AUTHORITY: 1,
 ADDITIONAL: 2

;; OPT PSEUDOSECTION:
; EDNS: version: 0, flags:; udp: 65355
; COOKIE: 0a7b327c2c4feb530100000062ec5b5e902b5e57d1f0
463b (good)
;; QUESTION SECTION:
;test383.goertzen.              IN      A

;; ANSWER SECTION:
test383.goertzen.       604800  IN      A       42.42.
42.42

;; AUTHORITY SECTION:
goertzen.               604738  IN      NS      ns1.go
ertzen.

;; ADDITIONAL SECTION:
ns1.goertzen.           604738  IN      A       172.20
.0.4

;; Query time: 67 msec
;; SERVER: 127.0.0.11#53(127.0.0.11)
;; WHEN: Thu Aug 04 23:50:54 UTC 2022
;; MSG SIZE  rcvd: 123

root@e4a082668e21:/#
