
root@8e800b77743d:/# dig test983.goertzen

; <<>> DiG 9.16.1-Ubuntu <<>> test983.goertzen
;; global options: +cmd
;; Got answer:
;; ->>HEADER<<- opcode: QUERY, status: NOERROR, id: 10
523
;; flags: qr rd ra; QUERY: 1, ANSWER: 1, AUTHORITY: 1,
 ADDITIONAL: 2

;; OPT PSEUDOSECTION:
; EDNS: version: 0, flags:; udp: 65355
; COOKIE: e4e0392e736a55c50100000062ec5eb2c8783bf47e40
5893 (good)
;; QUESTION SECTION:
;test983.goertzen.              IN      A

;; ANSWER SECTION:
test983.goertzen.       604800  IN      A       42.42.
42.42

;; AUTHORITY SECTION:
goertzen.               604744  IN      NS      ns1.go
ertzen.

;; ADDITIONAL SECTION:
ns1.goertzen.           604744  IN      A       172.20
.0.4

;; Query time: 63 msec
;; SERVER: 127.0.0.11#53(127.0.0.11)
;; WHEN: Fri Aug 05 00:05:06 UTC 2022
;; MSG SIZE  rcvd: 123

root@8e800b77743d:/#
