
root@5d629b29acbb:/# dig test936.goertzen

; <<>> DiG 9.16.1-Ubuntu <<>> test936.goertzen
;; global options: +cmd
;; Got answer:
;; ->>HEADER<<- opcode: QUERY, status: NOERROR, id: 60
209
;; flags: qr rd ra; QUERY: 1, ANSWER: 1, AUTHORITY: 1,
 ADDITIONAL: 2

;; OPT PSEUDOSECTION:
; EDNS: version: 0, flags:; udp: 65355
; COOKIE: 97cc7f8f62a338610100000062ec5e0916a58bee03b3
3f6f (good)
;; QUESTION SECTION:
;test936.goertzen.              IN      A

;; ANSWER SECTION:
test936.goertzen.       604800  IN      A       42.42.
42.42

;; AUTHORITY SECTION:
goertzen.               604581  IN      NS      ns1.go
ertzen.

;; ADDITIONAL SECTION:
ns1.goertzen.           604581  IN      A       172.20
.0.4

;; Query time: 55 msec
;; SERVER: 127.0.0.11#53(127.0.0.11)
;; WHEN: Fri Aug 05 00:02:17 UTC 2022
;; MSG SIZE  rcvd: 123

root@5d629b29acbb:/#
