
root@e4a082668e21:/# dig test679.goertzen

; <<>> DiG 9.16.1-Ubuntu <<>> test679.goertzen
;; global options: +cmd
;; Got answer:
;; ->>HEADER<<- opcode: QUERY, status: NOERROR, id: 64
283
;; flags: qr rd ra; QUERY: 1, ANSWER: 1, AUTHORITY: 1,
 ADDITIONAL: 2

;; OPT PSEUDOSECTION:
; EDNS: version: 0, flags:; udp: 65355
; COOKIE: 758ffc6d22349e960100000062ec5c8a782621c48927
a5a7 (good)
;; QUESTION SECTION:
;test679.goertzen.              IN      A

;; ANSWER SECTION:
test679.goertzen.       604800  IN      A       42.42.
42.42

;; AUTHORITY SECTION:
goertzen.               604438  IN      NS      ns1.go
ertzen.

;; ADDITIONAL SECTION:
ns1.goertzen.           604438  IN      A       172.20
.0.4

;; Query time: 67 msec
;; SERVER: 127.0.0.11#53(127.0.0.11)
;; WHEN: Thu Aug 04 23:55:54 UTC 2022
;; MSG SIZE  rcvd: 123

root@e4a082668e21:/#
