
root@5d629b29acbb:/# dig test872.goertzen

; <<>> DiG 9.16.1-Ubuntu <<>> test872.goertzen
;; global options: +cmd
;; Got answer:
;; ->>HEADER<<- opcode: QUERY, status: NOERROR, id: 39
192
;; flags: qr rd ra; QUERY: 1, ANSWER: 1, AUTHORITY: 1,
 ADDITIONAL: 2

;; OPT PSEUDOSECTION:
; EDNS: version: 0, flags:; udp: 65355
; COOKIE: c93b1805a9e151530100000062ec5dc8b77295aeb623
3818 (good)
;; QUESTION SECTION:
;test872.goertzen.              IN      A

;; ANSWER SECTION:
test872.goertzen.       604800  IN      A       42.42.
42.42

;; AUTHORITY SECTION:
goertzen.               604646  IN      NS      ns1.go
ertzen.

;; ADDITIONAL SECTION:
ns1.goertzen.           604646  IN      A       172.20
.0.4

;; Query time: 67 msec
;; SERVER: 127.0.0.11#53(127.0.0.11)
;; WHEN: Fri Aug 05 00:01:12 UTC 2022
;; MSG SIZE  rcvd: 123

root@5d629b29acbb:/#
