
root@5d629b29acbb:/# dig test856.goertzen

; <<>> DiG 9.16.1-Ubuntu <<>> test856.goertzen
;; global options: +cmd
;; Got answer:
;; ->>HEADER<<- opcode: QUERY, status: NOERROR, id: 42
933
;; flags: qr rd ra; QUERY: 1, ANSWER: 1, AUTHORITY: 1,
 ADDITIONAL: 2

;; OPT PSEUDOSECTION:
; EDNS: version: 0, flags:; udp: 65355
; COOKIE: 0f3f41b18a1c70e00100000062ec5db8fc2fb563c629
6209 (good)
;; QUESTION SECTION:
;test856.goertzen.              IN      A

;; ANSWER SECTION:
test856.goertzen.       604800  IN      A       42.42.
42.42

;; AUTHORITY SECTION:
goertzen.               604662  IN      NS      ns1.go
ertzen.

;; ADDITIONAL SECTION:
ns1.goertzen.           604662  IN      A       172.20
.0.4

;; Query time: 59 msec
;; SERVER: 127.0.0.11#53(127.0.0.11)
;; WHEN: Fri Aug 05 00:00:56 UTC 2022
;; MSG SIZE  rcvd: 123

root@5d629b29acbb:/#
