
root@e4a082668e21:/# dig test523.goertzen

; <<>> DiG 9.16.1-Ubuntu <<>> test523.goertzen
;; global options: +cmd
;; Got answer:
;; ->>HEADER<<- opcode: QUERY, status: NOERROR, id: 35
368
;; flags: qr rd ra; QUERY: 1, ANSWER: 1, AUTHORITY: 1,
 ADDITIONAL: 2

;; OPT PSEUDOSECTION:
; EDNS: version: 0, flags:; udp: 65355
; COOKIE: ebcac4a037494e090100000062ec5bec5627f2baa636
00d4 (good)
;; QUESTION SECTION:
;test523.goertzen.              IN      A

;; ANSWER SECTION:
test523.goertzen.       604800  IN      A       42.42.
42.42

;; AUTHORITY SECTION:
goertzen.               604596  IN      NS      ns1.go
ertzen.

;; ADDITIONAL SECTION:
ns1.goertzen.           604596  IN      A       172.20
.0.4

;; Query time: 87 msec
;; SERVER: 127.0.0.11#53(127.0.0.11)
;; WHEN: Thu Aug 04 23:53:16 UTC 2022
;; MSG SIZE  rcvd: 123

root@e4a082668e21:/#
