
root@e4a082668e21:/# dig test525.goertzen

; <<>> DiG 9.16.1-Ubuntu <<>> test525.goertzen
;; global options: +cmd
;; Got answer:
;; ->>HEADER<<- opcode: QUERY, status: NOERROR, id: 13
303
;; flags: qr rd ra; QUERY: 1, ANSWER: 1, AUTHORITY: 1,
 ADDITIONAL: 2

;; OPT PSEUDOSECTION:
; EDNS: version: 0, flags:; udp: 65355
; COOKIE: 697da1e0225691200100000062ec5beec9f61f61311e
b872 (good)
;; QUESTION SECTION:
;test525.goertzen.              IN      A

;; ANSWER SECTION:
test525.goertzen.       604800  IN      A       42.42.
42.42

;; AUTHORITY SECTION:
goertzen.               604594  IN      NS      ns1.go
ertzen.

;; ADDITIONAL SECTION:
ns1.goertzen.           604594  IN      A       172.20
.0.4

;; Query time: 59 msec
;; SERVER: 127.0.0.11#53(127.0.0.11)
;; WHEN: Thu Aug 04 23:53:18 UTC 2022
;; MSG SIZE  rcvd: 123

root@e4a082668e21:/#
