
root@89585252bbe1:/# dig test93.goertzen

; <<>> DiG 9.16.1-Ubuntu <<>> test93.goertzen
;; global options: +cmd
;; Got answer:
;; ->>HEADER<<- opcode: QUERY, status: NOERROR, id: 6368
;; flags: qr rd ra ad; QUERY: 1, ANSWER: 1, AUTHORITY: 1, ADDITIONAL: 2

;; OPT PSEUDOSECTION:
; EDNS: version: 0, flags:; udp: 65355
; COOKIE: d06e204e7504129f0100000062ddafb01884b9735c13d975 (good)
;; QUESTION SECTION:
;test93.goertzen.               IN      A

;; ANSWER SECTION:
test93.goertzen.        604800  IN      A       42.42.42.42

;; AUTHORITY SECTION:
goertzen.               604695  IN      NS      ns1.goertzen.

;; ADDITIONAL SECTION:
ns1.goertzen.           604695  IN      A       172.20.0.4

;; Query time: 164 msec
;; SERVER: 127.0.0.11#53(127.0.0.11)
;; WHEN: Sun Jul 24 20:46:40 UTC 2022
;; MSG SIZE  rcvd: 122

root@89585252bbe1:/#
