
root@89585252bbe1:/# dig test54.goertzen

; <<>> DiG 9.16.1-Ubuntu <<>> test54.goertzen
;; global options: +cmd
;; Got answer:
;; ->>HEADER<<- opcode: QUERY, status: NOERROR, id: 51242
;; flags: qr rd ra ad; QUERY: 1, ANSWER: 1, AUTHORITY: 1, ADDITIONAL: 2

;; OPT PSEUDOSECTION:
; EDNS: version: 0, flags:; udp: 65355
; COOKIE: 8941f43a6b4931fa0100000062ddaf8821deec8a902847be (good)
;; QUESTION SECTION:
;test54.goertzen.               IN      A

;; ANSWER SECTION:
test54.goertzen.        604800  IN      A       42.42.42.42

;; AUTHORITY SECTION:
goertzen.               604735  IN      NS      ns1.goertzen.

;; ADDITIONAL SECTION:
ns1.goertzen.           604735  IN      A       172.20.0.4

;; Query time: 164 msec
;; SERVER: 127.0.0.11#53(127.0.0.11)
;; WHEN: Sun Jul 24 20:46:00 UTC 2022
;; MSG SIZE  rcvd: 122

root@89585252bbe1:/#
