
root@7d5330c386f6:/# dig test764.goertzen

; <<>> DiG 9.16.1-Ubuntu <<>> test764.goertzen
;; global options: +cmd
;; Got answer:
;; ->>HEADER<<- opcode: QUERY, status: NOERROR, id: 38407
;; flags: qr rd ra ad; QUERY: 1, ANSWER: 1, AUTHORITY: 1, ADDITIONAL: 2

;; OPT PSEUDOSECTION:
; EDNS: version: 0, flags:; udp: 65355
; COOKIE: 043fe4e5e40fa6f30100000062ddb2abd5c5da1aba658fed (good)
;; QUESTION SECTION:
;test764.goertzen.              IN      A

;; ANSWER SECTION:
test764.goertzen.       604800  IN      A       42.42.42.42

;; AUTHORITY SECTION:
goertzen.               604486  IN      NS      ns1.goertzen.

;; ADDITIONAL SECTION:
ns1.goertzen.           604486  IN      A       172.20.0.4

;; Query time: 164 msec
;; SERVER: 127.0.0.11#53(127.0.0.11)
;; WHEN: Sun Jul 24 20:59:23 UTC 2022
;; MSG SIZE  rcvd: 123

root@7d5330c386f6:/#
