
root@92d36c988f18:/# dig test451.goertzen

; <<>> DiG 9.16.1-Ubuntu <<>> test451.goertzen
;; global options: +cmd
;; Got answer:
;; ->>HEADER<<- opcode: QUERY, status: NOERROR, id: 62031
;; flags: qr rd ra ad; QUERY: 1, ANSWER: 1, AUTHORITY: 1, ADDITIONAL: 2

;; OPT PSEUDOSECTION:
; EDNS: version: 0, flags:; udp: 65355
; COOKIE: 14994a324886fa490100000062ddb144858c5584566495b8 (good)
;; QUESTION SECTION:
;test451.goertzen.              IN      A

;; ANSWER SECTION:
test451.goertzen.       604800  IN      A       42.42.42.42

;; AUTHORITY SECTION:
goertzen.               604458  IN      NS      ns1.goertzen.

;; ADDITIONAL SECTION:
ns1.goertzen.           604458  IN      A       172.20.0.4

;; Query time: 164 msec
;; SERVER: 127.0.0.11#53(127.0.0.11)
;; WHEN: Sun Jul 24 20:53:24 UTC 2022
;; MSG SIZE  rcvd: 123

root@92d36c988f18:/#
