
root@89585252bbe1:/# dig test42.goertzen

; <<>> DiG 9.16.1-Ubuntu <<>> test42.goertzen
;; global options: +cmd
;; Got answer:
;; ->>HEADER<<- opcode: QUERY, status: NOERROR, id: 22198
;; flags: qr rd ra ad; QUERY: 1, ANSWER: 1, AUTHORITY: 1, ADDITIONAL: 2

;; OPT PSEUDOSECTION:
; EDNS: version: 0, flags:; udp: 65355
; COOKIE: 51cd5a45863db9a30100000062ddaf7c619056713ea36657 (good)
;; QUESTION SECTION:
;test42.goertzen.               IN      A

;; ANSWER SECTION:
test42.goertzen.        604800  IN      A       42.42.42.42

;; AUTHORITY SECTION:
goertzen.               604747  IN      NS      ns1.goertzen.

;; ADDITIONAL SECTION:
ns1.goertzen.           604747  IN      A       172.20.0.4

;; Query time: 168 msec
;; SERVER: 127.0.0.11#53(127.0.0.11)
;; WHEN: Sun Jul 24 20:45:48 UTC 2022
;; MSG SIZE  rcvd: 122

root@89585252bbe1:/#
