
root@7d5330c386f6:/# dig test890.goertzen

; <<>> DiG 9.16.1-Ubuntu <<>> test890.goertzen
;; global options: +cmd
;; Got answer:
;; ->>HEADER<<- opcode: QUERY, status: NOERROR, id: 2440
;; flags: qr rd ra ad; QUERY: 1, ANSWER: 1, AUTHORITY: 1, ADDITIONAL: 2

;; OPT PSEUDOSECTION:
; EDNS: version: 0, flags:; udp: 65355
; COOKIE: 3061cc79e095a6bc0100000062ddb32b3578b3200d978924 (good)
;; QUESTION SECTION:
;test890.goertzen.              IN      A

;; ANSWER SECTION:
test890.goertzen.       604800  IN      A       42.42.42.42

;; AUTHORITY SECTION:
goertzen.               604358  IN      NS      ns1.goertzen.

;; ADDITIONAL SECTION:
ns1.goertzen.           604358  IN      A       172.20.0.4

;; Query time: 164 msec
;; SERVER: 127.0.0.11#53(127.0.0.11)
;; WHEN: Sun Jul 24 21:01:31 UTC 2022
;; MSG SIZE  rcvd: 123

root@7d5330c386f6:/#
