
root@e7133e0028bd:/# dig test980.goertzen

; <<>> DiG 9.16.1-Ubuntu <<>> test980.goertzen
;; global options: +cmd
;; Got answer:
;; ->>HEADER<<- opcode: QUERY, status: NOERROR, id: 2132
;; flags: qr rd ra ad; QUERY: 1, ANSWER: 1, AUTHORITY: 1, ADDITIONAL: 2

;; OPT PSEUDOSECTION:
; EDNS: version: 0, flags:; udp: 65355
; COOKIE: 16167a20b41e72d30100000062ddb3b074311fe2e265af3b (good)
;; QUESTION SECTION:
;test980.goertzen.              IN      A

;; ANSWER SECTION:
test980.goertzen.       604800  IN      A       42.42.42.42

;; AUTHORITY SECTION:
goertzen.               604745  IN      NS      ns1.goertzen.

;; ADDITIONAL SECTION:
ns1.goertzen.           604745  IN      A       172.20.0.4

;; Query time: 168 msec
;; SERVER: 127.0.0.11#53(127.0.0.11)
;; WHEN: Sun Jul 24 21:03:44 UTC 2022
;; MSG SIZE  rcvd: 123

root@e7133e0028bd:/#
