
root@ff64828bcbfa:/# dig test954.goertzen

; <<>> DiG 9.16.1-Ubuntu <<>> test954.goertzen
;; global options: +cmd
;; Got answer:
;; ->>HEADER<<- opcode: QUERY, status: NOERROR, id: 34598
;; flags: qr rd ra; QUERY: 1, ANSWER: 1, AUTHORITY: 1, ADDITIONAL: 2

;; OPT PSEUDOSECTION:
; EDNS: version: 0, flags:; udp: 65355
; COOKIE: 1578d0dbb10e2d380100000062eaba1a7ae4a1ac73bc4c5e (good)
;; QUESTION SECTION:
;test954.goertzen.              IN      A

;; ANSWER SECTION:
test954.goertzen.       604800  IN      A       42.42.42.42

;; AUTHORITY SECTION:
goertzen.               604585  IN      NS      ns1.goertzen.

;; ADDITIONAL SECTION:
ns1.goertzen.           604585  IN      A       172.20.0.4

;; Query time: 75 msec
;; SERVER: 127.0.0.11#53(127.0.0.11)
;; WHEN: Wed Aug 03 18:10:34 UTC 2022
;; MSG SIZE  rcvd: 123

root@ff64828bcbfa:/#
