
root@7c4101ecd6b4:/# dig test319.goertzen

; <<>> DiG 9.16.1-Ubuntu <<>> test319.goertzen
;; global options: +cmd
;; Got answer:
;; ->>HEADER<<- opcode: QUERY, status: NOERROR, id: 55365
;; flags: qr rd ra; QUERY: 1, ANSWER: 1, AUTHORITY: 1, ADDITIONAL: 2

;; OPT PSEUDOSECTION:
; EDNS: version: 0, flags:; udp: 65355
; COOKIE: 444a3806b07a50600100000062eab7615cda58aef782eb3a (good)
;; QUESTION SECTION:
;test319.goertzen.              IN      A

;; ANSWER SECTION:
test319.goertzen.       604800  IN      A       42.42.42.42

;; AUTHORITY SECTION:
goertzen.               604780  IN      NS      ns1.goertzen.

;; ADDITIONAL SECTION:
ns1.goertzen.           604780  IN      A       172.20.0.4

;; Query time: 75 msec
;; SERVER: 127.0.0.11#53(127.0.0.11)
;; WHEN: Wed Aug 03 17:58:57 UTC 2022
;; MSG SIZE  rcvd: 123

root@7c4101ecd6b4:/#
