
root@f4315b366482:/# dig test2.goertzen

; <<>> DiG 9.16.1-Ubuntu <<>> test2.goertzen
;; global options: +cmd
;; Got answer:
;; ->>HEADER<<- opcode: QUERY, status: NOERROR, id: 12789
;; flags: qr rd ra; QUERY: 1, ANSWER: 1, AUTHORITY: 1, ADDITIONAL: 2

;; OPT PSEUDOSECTION:
; EDNS: version: 0, flags:; udp: 65355
; COOKIE: 5c8bf7f15e665bd60100000062e95b03e11a3f2f7fbd68a1 (good)
;; QUESTION SECTION:
;test2.goertzen.                        IN      A

;; ANSWER SECTION:
test2.goertzen.         604800  IN      A       42.42.42.42

;; AUTHORITY SECTION:
goertzen.               604777  IN      NS      ns1.goertzen.

;; ADDITIONAL SECTION:
ns1.goertzen.           604777  IN      A       172.20.0.4

;; Query time: 63 msec
;; SERVER: 127.0.0.11#53(127.0.0.11)
;; WHEN: Tue Aug 02 17:12:35 UTC 2022
;; MSG SIZE  rcvd: 121

root@f4315b366482:/#
