
root@7c4101ecd6b4:/# dig test654.goertzen

; <<>> DiG 9.16.1-Ubuntu <<>> test654.goertzen
;; global options: +cmd
;; Got answer:
;; ->>HEADER<<- opcode: QUERY, status: NOERROR, id: 59684
;; flags: qr rd ra; QUERY: 1, ANSWER: 1, AUTHORITY: 1, ADDITIONAL: 2

;; OPT PSEUDOSECTION:
; EDNS: version: 0, flags:; udp: 65355
; COOKIE: 976bdc8bc6e611570100000062eab861f9db5c9308f12a20 (good)
;; QUESTION SECTION:
;test654.goertzen.              IN      A

;; ANSWER SECTION:
test654.goertzen.       604800  IN      A       42.42.42.42

;; AUTHORITY SECTION:
goertzen.               604524  IN      NS      ns1.goertzen.

;; ADDITIONAL SECTION:
ns1.goertzen.           604524  IN      A       172.20.0.4

;; Query time: 79 msec
;; SERVER: 127.0.0.11#53(127.0.0.11)
;; WHEN: Wed Aug 03 18:03:13 UTC 2022
;; MSG SIZE  rcvd: 123

root@7c4101ecd6b4:/#
