
root@5ed8a3ed9af9:/# dig test476.goertzen

; <<>> DiG 9.16.1-Ubuntu <<>> test476.goertzen
;; global options: +cmd
;; Got answer:
;; ->>HEADER<<- opcode: QUERY, status: NOERROR, id: 57411
;; flags: qr rd ra; QUERY: 1, ANSWER: 1, AUTHORITY: 1, ADDITIONAL: 2

;; OPT PSEUDOSECTION:
; EDNS: version: 0, flags:; udp: 65355
; COOKIE: f735febd095022030100000062e95db8dabf6bebd398d090 (good)
;; QUESTION SECTION:
;test476.goertzen.              IN      A

;; ANSWER SECTION:
test476.goertzen.       604800  IN      A       42.42.42.42

;; AUTHORITY SECTION:
goertzen.               604681  IN      NS      ns1.goertzen.

;; ADDITIONAL SECTION:
ns1.goertzen.           604681  IN      A       172.20.0.4

;; Query time: 67 msec
;; SERVER: 127.0.0.11#53(127.0.0.11)
;; WHEN: Tue Aug 02 17:24:08 UTC 2022
;; MSG SIZE  rcvd: 123

root@5ed8a3ed9af9:/#
