
root@9e66edf988d8:/# dig test757.goertzen

; <<>> DiG 9.16.1-Ubuntu <<>> test757.goertzen
;; global options: +cmd
;; Got answer:
;; ->>HEADER<<- opcode: QUERY, status: NOERROR, id: 56854
;; flags: qr rd ra; QUERY: 1, ANSWER: 1, AUTHORITY: 1, ADDITIONAL: 2

;; OPT PSEUDOSECTION:
; EDNS: version: 0, flags:; udp: 65355
; COOKIE: a156238a04f91dd20100000062e95fa99daa72ee593bf065 (good)
;; QUESTION SECTION:
;test757.goertzen.              IN      A

;; ANSWER SECTION:
test757.goertzen.       604800  IN      A       42.42.42.42

;; AUTHORITY SECTION:
goertzen.               604665  IN      NS      ns1.goertzen.

;; ADDITIONAL SECTION:
ns1.goertzen.           604665  IN      A       172.20.0.4

;; Query time: 71 msec
;; SERVER: 127.0.0.11#53(127.0.0.11)
;; WHEN: Tue Aug 02 17:32:25 UTC 2022
;; MSG SIZE  rcvd: 123

root@9e66edf988d8:/#
