
root@f4315b366482:/# dig test348.goertzen

; <<>> DiG 9.16.1-Ubuntu <<>> test348.goertzen
;; global options: +cmd
;; Got answer:
;; ->>HEADER<<- opcode: QUERY, status: NOERROR, id: 57935
;; flags: qr rd ra; QUERY: 1, ANSWER: 1, AUTHORITY: 1, ADDITIONAL: 2

;; OPT PSEUDOSECTION:
; EDNS: version: 0, flags:; udp: 65355
; COOKIE: cc37c0f6e06eb3db0100000062e95c61971f03fe19077501 (good)
;; QUESTION SECTION:
;test348.goertzen.              IN      A

;; ANSWER SECTION:
test348.goertzen.       604800  IN      A       42.42.42.42

;; AUTHORITY SECTION:
goertzen.               604427  IN      NS      ns1.goertzen.

;; ADDITIONAL SECTION:
ns1.goertzen.           604427  IN      A       172.20.0.4

;; Query time: 63 msec
;; SERVER: 127.0.0.11#53(127.0.0.11)
;; WHEN: Tue Aug 02 17:18:25 UTC 2022
;; MSG SIZE  rcvd: 123

root@f4315b366482:/#
