
root@5ed8a3ed9af9:/# dig test503.goertzen

; <<>> DiG 9.16.1-Ubuntu <<>> test503.goertzen
;; global options: +cmd
;; Got answer:
;; ->>HEADER<<- opcode: QUERY, status: NOERROR, id: 10757
;; flags: qr rd ra; QUERY: 1, ANSWER: 1, AUTHORITY: 1, ADDITIONAL: 2

;; OPT PSEUDOSECTION:
; EDNS: version: 0, flags:; udp: 65355
; COOKIE: 056089159be989ab0100000062e95dd35841ede8e804bd8e (good)
;; QUESTION SECTION:
;test503.goertzen.              IN      A

;; ANSWER SECTION:
test503.goertzen.       604800  IN      A       42.42.42.42

;; AUTHORITY SECTION:
goertzen.               604654  IN      NS      ns1.goertzen.

;; ADDITIONAL SECTION:
ns1.goertzen.           604654  IN      A       172.20.0.4

;; Query time: 67 msec
;; SERVER: 127.0.0.11#53(127.0.0.11)
;; WHEN: Tue Aug 02 17:24:35 UTC 2022
;; MSG SIZE  rcvd: 123

root@5ed8a3ed9af9:/#
