
root@5ed8a3ed9af9:/# dig test634.goertzen

; <<>> DiG 9.16.1-Ubuntu <<>> test634.goertzen
;; global options: +cmd
;; Got answer:
;; ->>HEADER<<- opcode: QUERY, status: NOERROR, id: 8801
;; flags: qr rd ra; QUERY: 1, ANSWER: 1, AUTHORITY: 1, ADDITIONAL: 2

;; OPT PSEUDOSECTION:
; EDNS: version: 0, flags:; udp: 65355
; COOKIE: 9f72a7ce9e26ea780100000062e95e58c735e51647b32d8e (good)
;; QUESTION SECTION:
;test634.goertzen.              IN      A

;; ANSWER SECTION:
test634.goertzen.       604800  IN      A       42.42.42.42

;; AUTHORITY SECTION:
goertzen.               604521  IN      NS      ns1.goertzen.

;; ADDITIONAL SECTION:
ns1.goertzen.           604521  IN      A       172.20.0.4

;; Query time: 67 msec
;; SERVER: 127.0.0.11#53(127.0.0.11)
;; WHEN: Tue Aug 02 17:26:48 UTC 2022
;; MSG SIZE  rcvd: 123

root@5ed8a3ed9af9:/#
