
root@19458073874f:/# dig test25.goertzen

; <<>> DiG 9.16.1-Ubuntu <<>> test25.goertzen
;; global options: +cmd
;; Got answer:
;; ->>HEADER<<- opcode: QUERY, status: NOERROR, id: 54275
;; flags: qr rd ra; QUERY: 1, ANSWER: 1, AUTHORITY: 1, ADDITIONAL: 2

;; OPT PSEUDOSECTION:
; EDNS: version: 0, flags:; udp: 65355
; COOKIE: 5df7e73b70b4ce2a0100000062eab4d811a1f30b12d92522 (good)
;; QUESTION SECTION:
;test25.goertzen.               IN      A

;; ANSWER SECTION:
test25.goertzen.        604800  IN      A       42.42.42.42

;; AUTHORITY SECTION:
goertzen.               604761  IN      NS      ns1.goertzen.

;; ADDITIONAL SECTION:
ns1.goertzen.           604761  IN      A       172.20.0.4

;; Query time: 75 msec
;; SERVER: 127.0.0.11#53(127.0.0.11)
;; WHEN: Wed Aug 03 17:48:08 UTC 2022
;; MSG SIZE  rcvd: 122

root@19458073874f:/#
