
root@f4315b366482:/# dig test327.goertzen

; <<>> DiG 9.16.1-Ubuntu <<>> test327.goertzen
;; global options: +cmd
;; Got answer:
;; ->>HEADER<<- opcode: QUERY, status: NOERROR, id: 42130
;; flags: qr rd ra; QUERY: 1, ANSWER: 1, AUTHORITY: 1, ADDITIONAL: 2

;; OPT PSEUDOSECTION:
; EDNS: version: 0, flags:; udp: 65355
; COOKIE: 58068deb4d3c61b60100000062e95c4c5c04e4a1d2014a48 (good)
;; QUESTION SECTION:
;test327.goertzen.              IN      A

;; ANSWER SECTION:
test327.goertzen.       604800  IN      A       42.42.42.42

;; AUTHORITY SECTION:
goertzen.               604448  IN      NS      ns1.goertzen.

;; ADDITIONAL SECTION:
ns1.goertzen.           604448  IN      A       172.20.0.4

;; Query time: 67 msec
;; SERVER: 127.0.0.11#53(127.0.0.11)
;; WHEN: Tue Aug 02 17:18:04 UTC 2022
;; MSG SIZE  rcvd: 123

root@f4315b366482:/#
