
root@618e8c052c41:/# dig test302.goertzen

; <<>> DiG 9.16.1-Ubuntu <<>> test302.goertzen
;; global options: +cmd
;; Got answer:
;; ->>HEADER<<- opcode: QUERY, status: NOERROR, id: 49111
;; flags: qr rd ra; QUERY: 1, ANSWER: 1, AUTHORITY: 1, ADDITIONAL: 2

;; OPT PSEUDOSECTION:
; EDNS: version: 0, flags:; udp: 65355
; COOKIE: ef3e5ce4e77210130100000062eab680477b6c049fe30324 (good)
;; QUESTION SECTION:
;test302.goertzen.              IN      A

;; ANSWER SECTION:
test302.goertzen.       604800  IN      A       42.42.42.42

;; AUTHORITY SECTION:
goertzen.               604682  IN      NS      ns1.goertzen.

;; ADDITIONAL SECTION:
ns1.goertzen.           604682  IN      A       172.20.0.4

;; Query time: 75 msec
;; SERVER: 127.0.0.11#53(127.0.0.11)
;; WHEN: Wed Aug 03 17:55:12 UTC 2022
;; MSG SIZE  rcvd: 123

root@618e8c052c41:/#
