
root@f4315b366482:/# dig test84.goertzen

; <<>> DiG 9.16.1-Ubuntu <<>> test84.goertzen
;; global options: +cmd
;; Got answer:
;; ->>HEADER<<- opcode: QUERY, status: NOERROR, id: 24191
;; flags: qr rd ra; QUERY: 1, ANSWER: 1, AUTHORITY: 1, ADDITIONAL: 2

;; OPT PSEUDOSECTION:
; EDNS: version: 0, flags:; udp: 65355
; COOKIE: 5a51e030cbbf2a170100000062e95b56836ded9245c88e2e (good)
;; QUESTION SECTION:
;test84.goertzen.               IN      A

;; ANSWER SECTION:
test84.goertzen.        604800  IN      A       42.42.42.42

;; AUTHORITY SECTION:
goertzen.               604694  IN      NS      ns1.goertzen.

;; ADDITIONAL SECTION:
ns1.goertzen.           604694  IN      A       172.20.0.4

;; Query time: 79 msec
;; SERVER: 127.0.0.11#53(127.0.0.11)
;; WHEN: Tue Aug 02 17:13:58 UTC 2022
;; MSG SIZE  rcvd: 122

root@f4315b366482:/#
