
root@9e66edf988d8:/# dig test820.goertzen

; <<>> DiG 9.16.1-Ubuntu <<>> test820.goertzen
;; global options: +cmd
;; Got answer:
;; ->>HEADER<<- opcode: QUERY, status: NOERROR, id: 22286
;; flags: qr rd ra; QUERY: 1, ANSWER: 1, AUTHORITY: 1, ADDITIONAL: 2

;; OPT PSEUDOSECTION:
; EDNS: version: 0, flags:; udp: 65355
; COOKIE: 3990853a84f6549d0100000062e95fe9116149c59dad66dc (good)
;; QUESTION SECTION:
;test820.goertzen.              IN      A

;; ANSWER SECTION:
test820.goertzen.       604800  IN      A       42.42.42.42

;; AUTHORITY SECTION:
goertzen.               604601  IN      NS      ns1.goertzen.

;; ADDITIONAL SECTION:
ns1.goertzen.           604601  IN      A       172.20.0.4

;; Query time: 67 msec
;; SERVER: 127.0.0.11#53(127.0.0.11)
;; WHEN: Tue Aug 02 17:33:29 UTC 2022
;; MSG SIZE  rcvd: 123

root@9e66edf988d8:/#
