
root@7c4101ecd6b4:/# dig test344.goertzen

; <<>> DiG 9.16.1-Ubuntu <<>> test344.goertzen
;; global options: +cmd
;; Got answer:
;; ->>HEADER<<- opcode: QUERY, status: NOERROR, id: 2233
;; flags: qr rd ra; QUERY: 1, ANSWER: 1, AUTHORITY: 1, ADDITIONAL: 2

;; OPT PSEUDOSECTION:
; EDNS: version: 0, flags:; udp: 65355
; COOKIE: fc548deef63c79e00100000062eab7759593b09374fad9ae (good)
;; QUESTION SECTION:
;test344.goertzen.              IN      A

;; ANSWER SECTION:
test344.goertzen.       604800  IN      A       42.42.42.42

;; AUTHORITY SECTION:
goertzen.               604760  IN      NS      ns1.goertzen.

;; ADDITIONAL SECTION:
ns1.goertzen.           604760  IN      A       172.20.0.4

;; Query time: 75 msec
;; SERVER: 127.0.0.11#53(127.0.0.11)
;; WHEN: Wed Aug 03 17:59:17 UTC 2022
;; MSG SIZE  rcvd: 123

root@7c4101ecd6b4:/#
