
root@5ed8a3ed9af9:/# dig test473.goertzen

; <<>> DiG 9.16.1-Ubuntu <<>> test473.goertzen
;; global options: +cmd
;; Got answer:
;; ->>HEADER<<- opcode: QUERY, status: NOERROR, id: 37435
;; flags: qr rd ra; QUERY: 1, ANSWER: 1, AUTHORITY: 1, ADDITIONAL: 2

;; OPT PSEUDOSECTION:
; EDNS: version: 0, flags:; udp: 65355
; COOKIE: cf48a99bc56395c20100000062e95db5910116a6f623c648 (good)
;; QUESTION SECTION:
;test473.goertzen.              IN      A

;; ANSWER SECTION:
test473.goertzen.       604800  IN      A       42.42.42.42

;; AUTHORITY SECTION:
goertzen.               604684  IN      NS      ns1.goertzen.

;; ADDITIONAL SECTION:
ns1.goertzen.           604684  IN      A       172.20.0.4

;; Query time: 67 msec
;; SERVER: 127.0.0.11#53(127.0.0.11)
;; WHEN: Tue Aug 02 17:24:05 UTC 2022
;; MSG SIZE  rcvd: 123

root@5ed8a3ed9af9:/#
