
root@5aa5bced3ca5:/# dig test492.goertzen

; <<>> DiG 9.16.1-Ubuntu <<>> test492.goertzen
;; global options: +cmd
;; Got answer:
;; ->>HEADER<<- opcode: QUERY, status: NOERROR, id: 11983
;; flags: qr rd ra; QUERY: 1, ANSWER: 1, AUTHORITY: 1, ADDITIONAL: 2

;; OPT PSEUDOSECTION:
; EDNS: version: 0, flags:; udp: 65355
; COOKIE: 47b6a816378a3fcf0100000062ea9629cbb7498eb95e82ed (good)
;; QUESTION SECTION:
;test492.goertzen.              IN      A

;; ANSWER SECTION:
test492.goertzen.       604800  IN      A       42.42.42.42

;; AUTHORITY SECTION:
goertzen.               604607  IN      NS      ns1.goertzen.

;; ADDITIONAL SECTION:
ns1.goertzen.           604607  IN      A       172.20.0.4

;; Query time: 71 msec
;; SERVER: 127.0.0.11#53(127.0.0.11)
;; WHEN: Wed Aug 03 15:37:13 UTC 2022
;; MSG SIZE  rcvd: 123

root@5aa5bced3ca5:/#
