
root@c0c6e0341273:/# dig test490.goertzen

; <<>> DiG 9.16.1-Ubuntu <<>> test490.goertzen
;; global options: +cmd
;; Got answer:
;; ->>HEADER<<- opcode: QUERY, status: NOERROR, id: 9231
;; flags: qr rd ra; QUERY: 1, ANSWER: 1, AUTHORITY: 1, ADDITIONAL: 2

;; OPT PSEUDOSECTION:
; EDNS: version: 0, flags:; udp: 65355
; COOKIE: d2ef193d89b88e760100000062e93cf79e333ebccafa0c96 (good)
;; QUESTION SECTION:
;test490.goertzen.              IN      A

;; ANSWER SECTION:
test490.goertzen.       604800  IN      A       42.42.42.42

;; AUTHORITY SECTION:
goertzen.               604744  IN      NS      ns1.goertzen.

;; ADDITIONAL SECTION:
ns1.goertzen.           604744  IN      A       172.20.0.4

;; Query time: 59 msec
;; SERVER: 127.0.0.11#53(127.0.0.11)
;; WHEN: Tue Aug 02 15:04:23 UTC 2022
;; MSG SIZE  rcvd: 123

root@c0c6e0341273:/#
