
root@c0c6e0341273:/# dig test771.goertzen

; <<>> DiG 9.16.1-Ubuntu <<>> test771.goertzen
;; global options: +cmd
;; Got answer:
;; ->>HEADER<<- opcode: QUERY, status: NOERROR, id: 20804
;; flags: qr rd ra; QUERY: 1, ANSWER: 1, AUTHORITY: 1, ADDITIONAL: 2

;; OPT PSEUDOSECTION:
; EDNS: version: 0, flags:; udp: 65355
; COOKIE: 09af688b94d56a380100000062e93e14aefd23ae942c9452 (good)
;; QUESTION SECTION:
;test771.goertzen.              IN      A

;; ANSWER SECTION:
test771.goertzen.       604800  IN      A       42.42.42.42

;; AUTHORITY SECTION:
goertzen.               604459  IN      NS      ns1.goertzen.

;; ADDITIONAL SECTION:
ns1.goertzen.           604459  IN      A       172.20.0.4

;; Query time: 55 msec
;; SERVER: 127.0.0.11#53(127.0.0.11)
;; WHEN: Tue Aug 02 15:09:08 UTC 2022
;; MSG SIZE  rcvd: 123

root@c0c6e0341273:/#
