
root@fadc14b05f54:/# dig test959.goertzen

; <<>> DiG 9.16.1-Ubuntu <<>> test959.goertzen
;; global options: +cmd
;; Got answer:
;; ->>HEADER<<- opcode: QUERY, status: NOERROR, id: 64406
;; flags: qr rd ra; QUERY: 1, ANSWER: 1, AUTHORITY: 1, ADDITIONAL: 2

;; OPT PSEUDOSECTION:
; EDNS: version: 0, flags:; udp: 65355
; COOKIE: 5e8caea2b73065ea0100000062e93fa7c9cf2ecb9463bd3a (good)
;; QUESTION SECTION:
;test959.goertzen.              IN      A

;; ANSWER SECTION:
test959.goertzen.       604800  IN      A       42.42.42.42

;; AUTHORITY SECTION:
goertzen.               604780  IN      NS      ns1.goertzen.

;; ADDITIONAL SECTION:
ns1.goertzen.           604780  IN      A       172.20.0.4

;; Query time: 59 msec
;; SERVER: 127.0.0.11#53(127.0.0.11)
;; WHEN: Tue Aug 02 15:15:51 UTC 2022
;; MSG SIZE  rcvd: 123

root@fadc14b05f54:/#
