
root@eb53498824f7:/# dig test390.goertzen

; <<>> DiG 9.16.1-Ubuntu <<>> test390.goertzen
;; global options: +cmd
;; Got answer:
;; ->>HEADER<<- opcode: QUERY, status: NOERROR, id: 29623
;; flags: qr rd ra; QUERY: 1, ANSWER: 1, AUTHORITY: 1, ADDITIONAL: 2

;; OPT PSEUDOSECTION:
; EDNS: version: 0, flags:; udp: 65355
; COOKIE: eb434f77ec6de8d20100000062e93bbe705ba17839abf3f0 (good)
;; QUESTION SECTION:
;test390.goertzen.              IN      A

;; ANSWER SECTION:
test390.goertzen.       604800  IN      A       42.42.42.42

;; AUTHORITY SECTION:
goertzen.               604523  IN      NS      ns1.goertzen.

;; ADDITIONAL SECTION:
ns1.goertzen.           604523  IN      A       172.20.0.4

;; Query time: 55 msec
;; SERVER: 127.0.0.11#53(127.0.0.11)
;; WHEN: Tue Aug 02 14:59:10 UTC 2022
;; MSG SIZE  rcvd: 123

root@eb53498824f7:/#
