
root@c0c6e0341273:/# dig test627.goertzen

; <<>> DiG 9.16.1-Ubuntu <<>> test627.goertzen
;; global options: +cmd
;; Got answer:
;; ->>HEADER<<- opcode: QUERY, status: NOERROR, id: 23845
;; flags: qr rd ra; QUERY: 1, ANSWER: 1, AUTHORITY: 1, ADDITIONAL: 2

;; OPT PSEUDOSECTION:
; EDNS: version: 0, flags:; udp: 65355
; COOKIE: 97e255b6d85dabc00100000062e93d821f4c30e34ab21ec8 (good)
;; QUESTION SECTION:
;test627.goertzen.              IN      A

;; ANSWER SECTION:
test627.goertzen.       604800  IN      A       42.42.42.42

;; AUTHORITY SECTION:
goertzen.               604605  IN      NS      ns1.goertzen.

;; ADDITIONAL SECTION:
ns1.goertzen.           604605  IN      A       172.20.0.4

;; Query time: 59 msec
;; SERVER: 127.0.0.11#53(127.0.0.11)
;; WHEN: Tue Aug 02 15:06:42 UTC 2022
;; MSG SIZE  rcvd: 123

root@c0c6e0341273:/#
