
root@eb53498824f7:/# dig test314.goertzen

; <<>> DiG 9.16.1-Ubuntu <<>> test314.goertzen
;; global options: +cmd
;; Got answer:
;; ->>HEADER<<- opcode: QUERY, status: NOERROR, id: 55857
;; flags: qr rd ra; QUERY: 1, ANSWER: 1, AUTHORITY: 1, ADDITIONAL: 2

;; OPT PSEUDOSECTION:
; EDNS: version: 0, flags:; udp: 65355
; COOKIE: 473c46ff45110aa90100000062e93b71966a7b717bd45123 (good)
;; QUESTION SECTION:
;test314.goertzen.              IN      A

;; ANSWER SECTION:
test314.goertzen.       604800  IN      A       42.42.42.42

;; AUTHORITY SECTION:
goertzen.               604600  IN      NS      ns1.goertzen.

;; ADDITIONAL SECTION:
ns1.goertzen.           604600  IN      A       172.20.0.4

;; Query time: 59 msec
;; SERVER: 127.0.0.11#53(127.0.0.11)
;; WHEN: Tue Aug 02 14:57:53 UTC 2022
;; MSG SIZE  rcvd: 123

root@eb53498824f7:/#
