
root@96a1f14d2465:/# dig test768.goertzen

; <<>> DiG 9.16.1-Ubuntu <<>> test768.goertzen
;; global options: +cmd
;; Got answer:
;; ->>HEADER<<- opcode: QUERY, status: NOERROR, id: 61799
;; flags: qr rd ra; QUERY: 1, ANSWER: 1, AUTHORITY: 1, ADDITIONAL: 2

;; OPT PSEUDOSECTION:
; EDNS: version: 0, flags:; udp: 65355
; COOKIE: d810bcc8b2b846570100000062ea98a51a29613c2cd530bd (good)
;; QUESTION SECTION:
;test768.goertzen.              IN      A

;; ANSWER SECTION:
test768.goertzen.       604800  IN      A       42.42.42.42

;; AUTHORITY SECTION:
goertzen.               604727  IN      NS      ns1.goertzen.

;; ADDITIONAL SECTION:
ns1.goertzen.           604727  IN      A       172.20.0.4

;; Query time: 71 msec
;; SERVER: 127.0.0.11#53(127.0.0.11)
;; WHEN: Wed Aug 03 15:47:49 UTC 2022
;; MSG SIZE  rcvd: 123

root@96a1f14d2465:/#
