
root@c0c6e0341273:/# dig test654.goertzen

; <<>> DiG 9.16.1-Ubuntu <<>> test654.goertzen
;; global options: +cmd
;; Got answer:
;; ->>HEADER<<- opcode: QUERY, status: NOERROR, id: 62688
;; flags: qr rd ra; QUERY: 1, ANSWER: 1, AUTHORITY: 1, ADDITIONAL: 2

;; OPT PSEUDOSECTION:
; EDNS: version: 0, flags:; udp: 65355
; COOKIE: 7d3f8c70bdabc2270100000062e93d9e1f7f516bec38ca40 (good)
;; QUESTION SECTION:
;test654.goertzen.              IN      A

;; ANSWER SECTION:
test654.goertzen.       604800  IN      A       42.42.42.42

;; AUTHORITY SECTION:
goertzen.               604577  IN      NS      ns1.goertzen.

;; ADDITIONAL SECTION:
ns1.goertzen.           604577  IN      A       172.20.0.4

;; Query time: 59 msec
;; SERVER: 127.0.0.11#53(127.0.0.11)
;; WHEN: Tue Aug 02 15:07:10 UTC 2022
;; MSG SIZE  rcvd: 123

root@c0c6e0341273:/#
