
root@5aa5bced3ca5:/# dig test563.goertzen

; <<>> DiG 9.16.1-Ubuntu <<>> test563.goertzen
;; global options: +cmd
;; Got answer:
;; ->>HEADER<<- opcode: QUERY, status: NOERROR, id: 35661
;; flags: qr rd ra; QUERY: 1, ANSWER: 1, AUTHORITY: 1, ADDITIONAL: 2

;; OPT PSEUDOSECTION:
; EDNS: version: 0, flags:; udp: 65355
; COOKIE: e2e3a86d3d8a6d390100000062ea965f8eb672969c33cff8 (good)
;; QUESTION SECTION:
;test563.goertzen.              IN      A

;; ANSWER SECTION:
test563.goertzen.       604800  IN      A       42.42.42.42

;; AUTHORITY SECTION:
goertzen.               604553  IN      NS      ns1.goertzen.

;; ADDITIONAL SECTION:
ns1.goertzen.           604553  IN      A       172.20.0.4

;; Query time: 71 msec
;; SERVER: 127.0.0.11#53(127.0.0.11)
;; WHEN: Wed Aug 03 15:38:07 UTC 2022
;; MSG SIZE  rcvd: 123

root@5aa5bced3ca5:/#
