
root@c0c6e0341273:/# dig test854.goertzen

; <<>> DiG 9.16.1-Ubuntu <<>> test854.goertzen
;; global options: +cmd
;; Got answer:
;; ->>HEADER<<- opcode: QUERY, status: NOERROR, id: 30276
;; flags: qr rd ra; QUERY: 1, ANSWER: 1, AUTHORITY: 1, ADDITIONAL: 2

;; OPT PSEUDOSECTION:
; EDNS: version: 0, flags:; udp: 65355
; COOKIE: 60b2a7f8f755ac6d0100000062e93e68a9cee2ad62b65256 (good)
;; QUESTION SECTION:
;test854.goertzen.              IN      A

;; ANSWER SECTION:
test854.goertzen.       604800  IN      A       42.42.42.42

;; AUTHORITY SECTION:
goertzen.               604375  IN      NS      ns1.goertzen.

;; ADDITIONAL SECTION:
ns1.goertzen.           604375  IN      A       172.20.0.4

;; Query time: 55 msec
;; SERVER: 127.0.0.11#53(127.0.0.11)
;; WHEN: Tue Aug 02 15:10:32 UTC 2022
;; MSG SIZE  rcvd: 123

root@c0c6e0341273:/#
