
root@91d52308f3c2:/# dig test987.goertzen

; <<>> DiG 9.16.1-Ubuntu <<>> test987.goertzen
;; global options: +cmd
;; Got answer:
;; ->>HEADER<<- opcode: QUERY, status: NOERROR, id: 56281
;; flags: qr rd ra; QUERY: 1, ANSWER: 1, AUTHORITY: 1, ADDITIONAL: 2

;; OPT PSEUDOSECTION:
; EDNS: version: 0, flags:; udp: 65355
; COOKIE: 5c4f4be80ecbfd5a0100000062ea9a20397bfc00e44b524c (good)
;; QUESTION SECTION:
;test987.goertzen.              IN      A

;; ANSWER SECTION:
test987.goertzen.       604800  IN      A       42.42.42.42

;; AUTHORITY SECTION:
goertzen.               604771  IN      NS      ns1.goertzen.

;; ADDITIONAL SECTION:
ns1.goertzen.           604771  IN      A       172.20.0.4

;; Query time: 67 msec
;; SERVER: 127.0.0.11#53(127.0.0.11)
;; WHEN: Wed Aug 03 15:54:08 UTC 2022
;; MSG SIZE  rcvd: 123

root@91d52308f3c2:/#
