
root@c0c6e0341273:/# dig test789.goertzen

; <<>> DiG 9.16.1-Ubuntu <<>> test789.goertzen
;; global options: +cmd
;; Got answer:
;; ->>HEADER<<- opcode: QUERY, status: NOERROR, id: 53599
;; flags: qr rd ra; QUERY: 1, ANSWER: 1, AUTHORITY: 1, ADDITIONAL: 2

;; OPT PSEUDOSECTION:
; EDNS: version: 0, flags:; udp: 65355
; COOKIE: b76d66e256f848c10100000062e93e26f6439cab1d5e0c5a (good)
;; QUESTION SECTION:
;test789.goertzen.              IN      A

;; ANSWER SECTION:
test789.goertzen.       604800  IN      A       42.42.42.42

;; AUTHORITY SECTION:
goertzen.               604441  IN      NS      ns1.goertzen.

;; ADDITIONAL SECTION:
ns1.goertzen.           604441  IN      A       172.20.0.4

;; Query time: 55 msec
;; SERVER: 127.0.0.11#53(127.0.0.11)
;; WHEN: Tue Aug 02 15:09:26 UTC 2022
;; MSG SIZE  rcvd: 123

root@c0c6e0341273:/#
