
root@96a1f14d2465:/# dig test809.goertzen

; <<>> DiG 9.16.1-Ubuntu <<>> test809.goertzen
;; global options: +cmd
;; Got answer:
;; ->>HEADER<<- opcode: QUERY, status: NOERROR, id: 5696
;; flags: qr rd ra; QUERY: 1, ANSWER: 1, AUTHORITY: 1, ADDITIONAL: 2

;; OPT PSEUDOSECTION:
; EDNS: version: 0, flags:; udp: 65355
; COOKIE: cc55a26c8d9496460100000062ea98c4f9c6fef162262cfd (good)
;; QUESTION SECTION:
;test809.goertzen.              IN      A

;; ANSWER SECTION:
test809.goertzen.       604800  IN      A       42.42.42.42

;; AUTHORITY SECTION:
goertzen.               604696  IN      NS      ns1.goertzen.

;; ADDITIONAL SECTION:
ns1.goertzen.           604696  IN      A       172.20.0.4

;; Query time: 67 msec
;; SERVER: 127.0.0.11#53(127.0.0.11)
;; WHEN: Wed Aug 03 15:48:20 UTC 2022
;; MSG SIZE  rcvd: 123

root@96a1f14d2465:/#
