
root@5aa5bced3ca5:/# dig test363.goertzen

; <<>> DiG 9.16.1-Ubuntu <<>> test363.goertzen
;; global options: +cmd
;; Got answer:
;; ->>HEADER<<- opcode: QUERY, status: NOERROR, id: 22936
;; flags: qr rd ra; QUERY: 1, ANSWER: 1, AUTHORITY: 1, ADDITIONAL: 2

;; OPT PSEUDOSECTION:
; EDNS: version: 0, flags:; udp: 65355
; COOKIE: b8a78464234cfd560100000062ea95c7a13484a901c39d01 (good)
;; QUESTION SECTION:
;test363.goertzen.              IN      A

;; ANSWER SECTION:
test363.goertzen.       604800  IN      A       42.42.42.42

;; AUTHORITY SECTION:
goertzen.               604705  IN      NS      ns1.goertzen.

;; ADDITIONAL SECTION:
ns1.goertzen.           604705  IN      A       172.20.0.4

;; Query time: 67 msec
;; SERVER: 127.0.0.11#53(127.0.0.11)
;; WHEN: Wed Aug 03 15:35:35 UTC 2022
;; MSG SIZE  rcvd: 123

root@5aa5bced3ca5:/#
