
root@eb53498824f7:/# dig test239.goertzen

; <<>> DiG 9.16.1-Ubuntu <<>> test239.goertzen
;; global options: +cmd
;; Got answer:
;; ->>HEADER<<- opcode: QUERY, status: NOERROR, id: 34694
;; flags: qr rd ra; QUERY: 1, ANSWER: 1, AUTHORITY: 1, ADDITIONAL: 2

;; OPT PSEUDOSECTION:
; EDNS: version: 0, flags:; udp: 65355
; COOKIE: bea50bd890b6477e0100000062e93b25970c2f64b74d8525 (good)
;; QUESTION SECTION:
;test239.goertzen.              IN      A

;; ANSWER SECTION:
test239.goertzen.       604800  IN      A       42.42.42.42

;; AUTHORITY SECTION:
goertzen.               604676  IN      NS      ns1.goertzen.

;; ADDITIONAL SECTION:
ns1.goertzen.           604676  IN      A       172.20.0.4

;; Query time: 59 msec
;; SERVER: 127.0.0.11#53(127.0.0.11)
;; WHEN: Tue Aug 02 14:56:37 UTC 2022
;; MSG SIZE  rcvd: 123

root@eb53498824f7:/#
