
root@8db17215efd4:/# dig test95.goertzen

; <<>> DiG 9.16.1-Ubuntu <<>> test95.goertzen
;; global options: +cmd
;; Got answer:
;; ->>HEADER<<- opcode: QUERY, status: NOERROR, id: 3251
;; flags: qr rd ra; QUERY: 1, ANSWER: 1, AUTHORITY: 1, ADDITIONAL: 2

;; OPT PSEUDOSECTION:
; EDNS: version: 0, flags:; udp: 65355
; COOKIE: 73e989fde74708b80100000062e027009496c6d1b3618b43 (good)
;; QUESTION SECTION:
;test95.goertzen.               IN      A

;; ANSWER SECTION:
test95.goertzen.        604800  IN      A       42.42.42.42

;; AUTHORITY SECTION:
goertzen.               604684  IN      NS      ns1.goertzen.

;; ADDITIONAL SECTION:
ns1.goertzen.           604684  IN      A       172.20.0.4

;; Query time: 79 msec
;; SERVER: 127.0.0.11#53(127.0.0.11)
;; WHEN: Tue Jul 26 17:40:16 UTC 2022
;; MSG SIZE  rcvd: 122

root@8db17215efd4:/#
