
root@8db17215efd4:/# dig test244.goertzen

; <<>> DiG 9.16.1-Ubuntu <<>> test244.goertzen
;; global options: +cmd
;; Got answer:
;; ->>HEADER<<- opcode: QUERY, status: NOERROR, id: 63467
;; flags: qr rd ra; QUERY: 1, ANSWER: 1, AUTHORITY: 1, ADDITIONAL: 2

;; OPT PSEUDOSECTION:
; EDNS: version: 0, flags:; udp: 65355
; COOKIE: 3f4581b5b0b610240100000062e02797fe4dab9af0c7105f (good)
;; QUESTION SECTION:
;test244.goertzen.              IN      A

;; ANSWER SECTION:
test244.goertzen.       604800  IN      A       42.42.42.42

;; AUTHORITY SECTION:
goertzen.               604533  IN      NS      ns1.goertzen.

;; ADDITIONAL SECTION:
ns1.goertzen.           604533  IN      A       172.20.0.4

;; Query time: 83 msec
;; SERVER: 127.0.0.11#53(127.0.0.11)
;; WHEN: Tue Jul 26 17:42:47 UTC 2022
;; MSG SIZE  rcvd: 123

root@8db17215efd4:/#
