
root@bc7971aac272:/# dig test181.goertzen

; <<>> DiG 9.16.1-Ubuntu <<>> test181.goertzen
;; global options: +cmd
;; Got answer:
;; ->>HEADER<<- opcode: QUERY, status: NOERROR, id: 6090
;; flags: qr rd ra; QUERY: 1, ANSWER: 1, AUTHORITY: 1, ADDITI
ONAL: 2

;; OPT PSEUDOSECTION:
; EDNS: version: 0, flags:; udp: 65355
; COOKIE: 69aac8f5f2030e040100000062eaf11ac0e9223f002871bc (g
ood)
;; QUESTION SECTION:
;test181.goertzen.              IN      A

;; ANSWER SECTION:
test181.goertzen.       604800  IN      A       42.42.42.42

;; AUTHORITY SECTION:
goertzen.               604651  IN      NS      ns1.goertzen.

;; ADDITIONAL SECTION:
ns1.goertzen.           604651  IN      A       172.20.0.4

;; Query time: 91 msec
;; SERVER: 127.0.0.11#53(127.0.0.11)
;; WHEN: Wed Aug 03 22:05:14 UTC 2022
;; MSG SIZE  rcvd: 123

root@bc7971aac272:/#
