
root@bc7971aac272:/# dig test168.goertzen

; <<>> DiG 9.16.1-Ubuntu <<>> test168.goertzen
;; global options: +cmd
;; Got answer:
;; ->>HEADER<<- opcode: QUERY, status: NOERROR, id: 44861
;; flags: qr rd ra; QUERY: 1, ANSWER: 1, AUTHORITY: 1, ADDITI
ONAL: 2

;; OPT PSEUDOSECTION:
; EDNS: version: 0, flags:; udp: 65355
; COOKIE: 9fb08c20d23f764a0100000062eaf110ceaf3c9bd81c0b9b (g
ood)
;; QUESTION SECTION:
;test168.goertzen.              IN      A

;; ANSWER SECTION:
test168.goertzen.       604800  IN      A       42.42.42.42

;; AUTHORITY SECTION:
goertzen.               604661  IN      NS      ns1.goertzen.

;; ADDITIONAL SECTION:
ns1.goertzen.           604661  IN      A       172.20.0.4

;; Query time: 91 msec
;; SERVER: 127.0.0.11#53(127.0.0.11)
;; WHEN: Wed Aug 03 22:05:04 UTC 2022
;; MSG SIZE  rcvd: 123

root@bc7971aac272:/#
