
root@8db17215efd4:/# dig test566.goertzen

; <<>> DiG 9.16.1-Ubuntu <<>> test566.goertzen
;; global options: +cmd
;; Got answer:
;; ->>HEADER<<- opcode: QUERY, status: NOERROR, id: 17071
;; flags: qr rd ra; QUERY: 1, ANSWER: 1, AUTHORITY: 1, ADDITIONAL: 2

;; OPT PSEUDOSECTION:
; EDNS: version: 0, flags:; udp: 65355
; COOKIE: 920ec939a34a63d50100000062e028dd9c23d94e2a609a21 (good)
;; QUESTION SECTION:
;test566.goertzen.              IN      A

;; ANSWER SECTION:
test566.goertzen.       604800  IN      A       42.42.42.42

;; AUTHORITY SECTION:
goertzen.               604207  IN      NS      ns1.goertzen.

;; ADDITIONAL SECTION:
ns1.goertzen.           604207  IN      A       172.20.0.4

;; Query time: 79 msec
;; SERVER: 127.0.0.11#53(127.0.0.11)
;; WHEN: Tue Jul 26 17:48:13 UTC 2022
;; MSG SIZE  rcvd: 123

root@8db17215efd4:/#
