
root@45619401b6ea:/# dig test575.goertzen

; <<>> DiG 9.16.1-Ubuntu <<>> test575.goertzen
;; global options: +cmd
;; Got answer:
;; ->>HEADER<<- opcode: QUERY, status: NOERROR, id: 8405
;; flags: qr rd ra; QUERY: 1, ANSWER: 1, AUTHORITY: 1, ADDITI
ONAL: 2

;; OPT PSEUDOSECTION:
; EDNS: version: 0, flags:; udp: 65355
; COOKIE: 9e78eabc645d6c4d0100000062eaf32c6cf9d1ef8a2a0c3f (g
ood)
;; QUESTION SECTION:
;test575.goertzen.              IN      A

;; ANSWER SECTION:
test575.goertzen.       604800  IN      A       42.42.42.42

;; AUTHORITY SECTION:
goertzen.               604664  IN      NS      ns1.goertzen.

;; ADDITIONAL SECTION:
ns1.goertzen.           604664  IN      A       172.20.0.4

;; Query time: 91 msec
;; SERVER: 127.0.0.11#53(127.0.0.11)
;; WHEN: Wed Aug 03 22:14:04 UTC 2022
;; MSG SIZE  rcvd: 123

root@45619401b6ea:/#
