
root@bc7971aac272:/# dig test153.goertzen

; <<>> DiG 9.16.1-Ubuntu <<>> test153.goertzen
;; global options: +cmd
;; Got answer:
;; ->>HEADER<<- opcode: QUERY, status: NOERROR, id: 56649
;; flags: qr rd ra; QUERY: 1, ANSWER: 1, AUTHORITY: 1, ADDITI
ONAL: 2

;; OPT PSEUDOSECTION:
; EDNS: version: 0, flags:; udp: 65355
; COOKIE: 9686d56861a8d26f0100000062eaf1048244ded49b2cdf79 (g
ood)
;; QUESTION SECTION:
;test153.goertzen.              IN      A

;; ANSWER SECTION:
test153.goertzen.       604800  IN      A       42.42.42.42

;; AUTHORITY SECTION:
goertzen.               604673  IN      NS      ns1.goertzen.

;; ADDITIONAL SECTION:
ns1.goertzen.           604673  IN      A       172.20.0.4

;; Query time: 91 msec
;; SERVER: 127.0.0.11#53(127.0.0.11)
;; WHEN: Wed Aug 03 22:04:52 UTC 2022
;; MSG SIZE  rcvd: 123

root@bc7971aac272:/#
