
root@45619401b6ea:/# dig test571.goertzen

; <<>> DiG 9.16.1-Ubuntu <<>> test571.goertzen
;; global options: +cmd
;; Got answer:
;; ->>HEADER<<- opcode: QUERY, status: NOERROR, id: 10336
;; flags: qr rd ra; QUERY: 1, ANSWER: 1, AUTHORITY: 1, ADDITI
ONAL: 2

;; OPT PSEUDOSECTION:
; EDNS: version: 0, flags:; udp: 65355
; COOKIE: e2e6c75c2560694b0100000062eaf329845a8740b8b42aec (g
ood)
;; QUESTION SECTION:
;test571.goertzen.              IN      A

;; ANSWER SECTION:
test571.goertzen.       604800  IN      A       42.42.42.42

;; AUTHORITY SECTION:
goertzen.               604667  IN      NS      ns1.goertzen.

;; ADDITIONAL SECTION:
ns1.goertzen.           604667  IN      A       172.20.0.4

;; Query time: 91 msec
;; SERVER: 127.0.0.11#53(127.0.0.11)
;; WHEN: Wed Aug 03 22:14:01 UTC 2022
;; MSG SIZE  rcvd: 123

root@45619401b6ea:/#
