
root@8db17215efd4:/# dig test547.goertzen

; <<>> DiG 9.16.1-Ubuntu <<>> test547.goertzen
;; global options: +cmd
;; Got answer:
;; ->>HEADER<<- opcode: QUERY, status: NOERROR, id: 37009
;; flags: qr rd ra; QUERY: 1, ANSWER: 1, AUTHORITY: 1, ADDITIONAL: 2

;; OPT PSEUDOSECTION:
; EDNS: version: 0, flags:; udp: 65355
; COOKIE: 64597a34fd7ea8ce0100000062e028cab0655b683346fbd9 (good)
;; QUESTION SECTION:
;test547.goertzen.              IN      A

;; ANSWER SECTION:
test547.goertzen.       604800  IN      A       42.42.42.42

;; AUTHORITY SECTION:
goertzen.               604226  IN      NS      ns1.goertzen.

;; ADDITIONAL SECTION:
ns1.goertzen.           604226  IN      A       172.20.0.4

;; Query time: 83 msec
;; SERVER: 127.0.0.11#53(127.0.0.11)
;; WHEN: Tue Jul 26 17:47:54 UTC 2022
;; MSG SIZE  rcvd: 123

root@8db17215efd4:/#
