
root@411f3677ea0a:/# dig test914.goertzen

; <<>> DiG 9.16.1-Ubuntu <<>> test914.goertzen
;; global options: +cmd
;; Got answer:
;; ->>HEADER<<- opcode: QUERY, status: NOERROR, id: 49955
;; flags: qr rd ra; QUERY: 1, ANSWER: 1, AUTHORITY: 1, ADDITI
ONAL: 2

;; OPT PSEUDOSECTION:
; EDNS: version: 0, flags:; udp: 65355
; COOKIE: fdded754dde37e470100000062eaf4a9a789ba561797080b (g
ood)
;; QUESTION SECTION:
;test914.goertzen.              IN      A

;; ANSWER SECTION:
test914.goertzen.       604800  IN      A       42.42.42.42

;; AUTHORITY SECTION:
goertzen.               604533  IN      NS      ns1.goertzen.

;; ADDITIONAL SECTION:
ns1.goertzen.           604533  IN      A       172.20.0.4

;; Query time: 91 msec
;; SERVER: 127.0.0.11#53(127.0.0.11)
;; WHEN: Wed Aug 03 22:20:25 UTC 2022
;; MSG SIZE  rcvd: 123

root@411f3677ea0a:/#
