
root@5f683955466b:/# dig test334.goertzen

; <<>> DiG 9.16.1-Ubuntu <<>> test334.goertzen
;; global options: +cmd
;; Got answer:
;; ->>HEADER<<- opcode: QUERY, status: NOERROR, id: 18605
;; flags: qr rd ra; QUERY: 1, ANSWER: 1, AUTHORITY: 1, ADDITI
ONAL: 2

;; OPT PSEUDOSECTION:
; EDNS: version: 0, flags:; udp: 65355
; COOKIE: 15b4349be81837fd0100000062eaf1fae6c18fe0b57c93aa (g
ood)
;; QUESTION SECTION:
;test334.goertzen.              IN      A

;; ANSWER SECTION:
test334.goertzen.       604800  IN      A       42.42.42.42

;; AUTHORITY SECTION:
goertzen.               604679  IN      NS      ns1.goertzen.

;; ADDITIONAL SECTION:
ns1.goertzen.           604679  IN      A       172.20.0.4

;; Query time: 91 msec
;; SERVER: 127.0.0.11#53(127.0.0.11)
;; WHEN: Wed Aug 03 22:08:58 UTC 2022
;; MSG SIZE  rcvd: 123

root@5f683955466b:/#
