
root@384fa40afdf6:/# dig test813.goertzen

; <<>> DiG 9.16.1-Ubuntu <<>> test813.goertzen
;; global options: +cmd
;; Got answer:
;; ->>HEADER<<- opcode: QUERY, status: NOERROR, id: 63987
;; flags: qr rd ra; QUERY: 1, ANSWER: 1, AUTHORITY: 1, ADDITIONAL: 2

;; OPT PSEUDOSECTION:
; EDNS: version: 0, flags:; udp: 65355
; COOKIE: 40fb3b66b32496080100000062e02aac1024cbf7a10eb5fe (good)
;; QUESTION SECTION:
;test813.goertzen.              IN      A

;; ANSWER SECTION:
test813.goertzen.       604800  IN      A       42.42.42.42

;; AUTHORITY SECTION:
goertzen.               604534  IN      NS      ns1.goertzen.

;; ADDITIONAL SECTION:
ns1.goertzen.           604534  IN      A       172.20.0.4

;; Query time: 79 msec
;; SERVER: 127.0.0.11#53(127.0.0.11)
;; WHEN: Tue Jul 26 17:55:56 UTC 2022
;; MSG SIZE  rcvd: 123

root@384fa40afdf6:/#
