
root@384fa40afdf6:/# dig test636.goertzen

; <<>> DiG 9.16.1-Ubuntu <<>> test636.goertzen
;; global options: +cmd
;; Got answer:
;; ->>HEADER<<- opcode: QUERY, status: NOERROR, id: 22754
;; flags: qr rd ra; QUERY: 1, ANSWER: 1, AUTHORITY: 1, ADDITIONAL: 2

;; OPT PSEUDOSECTION:
; EDNS: version: 0, flags:; udp: 65355
; COOKIE: 0ceb8264529637350100000062e029f915140152a7a24831 (good)
;; QUESTION SECTION:
;test636.goertzen.              IN      A

;; ANSWER SECTION:
test636.goertzen.       604800  IN      A       42.42.42.42

;; AUTHORITY SECTION:
goertzen.               604713  IN      NS      ns1.goertzen.

;; ADDITIONAL SECTION:
ns1.goertzen.           604713  IN      A       172.20.0.4

;; Query time: 79 msec
;; SERVER: 127.0.0.11#53(127.0.0.11)
;; WHEN: Tue Jul 26 17:52:57 UTC 2022
;; MSG SIZE  rcvd: 123

root@384fa40afdf6:/#
