
root@bc7971aac272:/# dig test62.goertzen

; <<>> DiG 9.16.1-Ubuntu <<>> test62.goertzen
;; global options: +cmd
;; Got answer:
;; ->>HEADER<<- opcode: QUERY, status: NOERROR, id: 19946
;; flags: qr rd ra; QUERY: 1, ANSWER: 1, AUTHORITY: 1, ADDITI
ONAL: 2

;; OPT PSEUDOSECTION:
; EDNS: version: 0, flags:; udp: 65355
; COOKIE: 0526ddf4295cd69b0100000062eaf0bf297c7458c3dd1d93 (g
ood)
;; QUESTION SECTION:
;test62.goertzen.               IN      A

;; ANSWER SECTION:
test62.goertzen.        604800  IN      A       42.42.42.42

;; AUTHORITY SECTION:
goertzen.               604742  IN      NS      ns1.goertzen.

;; ADDITIONAL SECTION:
ns1.goertzen.           604742  IN      A       172.20.0.4

;; Query time: 95 msec
;; SERVER: 127.0.0.11#53(127.0.0.11)
;; WHEN: Wed Aug 03 22:03:43 UTC 2022
;; MSG SIZE  rcvd: 122

root@bc7971aac272:/#
