
root@8db17215efd4:/# dig test1.goertzen

; <<>> DiG 9.16.1-Ubuntu <<>> test1.goertzen
;; global options: +cmd
;; Got answer:
;; ->>HEADER<<- opcode: QUERY, status: NOERROR, id: 58603
;; flags: qr rd ra; QUERY: 1, ANSWER: 1, AUTHORITY: 1, ADDITIONAL: 2

;; OPT PSEUDOSECTION:
; EDNS: version: 0, flags:; udp: 65355
; COOKIE: cf4ba672c99d2e8d0100000062e026a15ef94b50948a50bf (good)
;; QUESTION SECTION:
;test1.goertzen.                        IN      A

;; ANSWER SECTION:
test1.goertzen.         604800  IN      A       42.42.42.42

;; AUTHORITY SECTION:
goertzen.               604779  IN      NS      ns1.goertzen.

;; ADDITIONAL SECTION:
ns1.goertzen.           604779  IN      A       172.20.0.4

;; Query time: 79 msec
;; SERVER: 127.0.0.11#53(127.0.0.11)
;; WHEN: Tue Jul 26 17:38:41 UTC 2022
;; MSG SIZE  rcvd: 121

root@8db17215efd4:/#
