
root@5ce1698acf29:/# dig test463.goertzen

; <<>> DiG 9.16.1-Ubuntu <<>> test463.goertzen
;; global options: +cmd
;; Got answer:
;; ->>HEADER<<- opcode: QUERY, status: NOERROR, id: 47817
;; flags: qr rd ra; QUERY: 1, ANSWER: 1, AUTHORITY: 1, ADDITIONAL: 2

;; OPT PSEUDOSECTION:
; EDNS: version: 0, flags:; udp: 65355
; COOKIE: 2f48cb1a0f2d91dc0100000062dc4e3ca89866eab8c73219 (good)
;; QUESTION SECTION:
;test463.goertzen.              IN      A

;; ANSWER SECTION:
test463.goertzen.       604800  IN      A       42.42.42.42

;; AUTHORITY SECTION:
goertzen.               604709  IN      NS      ns1.goertzen.

;; ADDITIONAL SECTION:
ns1.goertzen.           604709  IN      A       172.20.0.4

;; Query time: 76 msec
;; SERVER: 127.0.0.11#53(127.0.0.11)
;; WHEN: Sat Jul 23 19:38:36 UTC 2022
;; MSG SIZE  rcvd: 123

root@5ce1698acf29:/#
