
root@5ce1698acf29:/# dig test320.goertzen

; <<>> DiG 9.16.1-Ubuntu <<>> test320.goertzen
;; global options: +cmd
;; Got answer:
;; ->>HEADER<<- opcode: QUERY, status: NOERROR, id: 14315
;; flags: qr rd ra; QUERY: 1, ANSWER: 1, AUTHORITY: 1, ADDITIONAL: 2

;; OPT PSEUDOSECTION:
; EDNS: version: 0, flags:; udp: 65355
; COOKIE: 28b5484f670a3f640100000062dc4dedef79d2e51db78bf6 (good)
;; QUESTION SECTION:
;test320.goertzen.              IN      A

;; ANSWER SECTION:
test320.goertzen.       604800  IN      A       42.42.42.42

;; AUTHORITY SECTION:
goertzen.               604788  IN      NS      ns1.goertzen.

;; ADDITIONAL SECTION:
ns1.goertzen.           604788  IN      A       172.20.0.4

;; Query time: 88 msec
;; SERVER: 127.0.0.11#53(127.0.0.11)
;; WHEN: Sat Jul 23 19:37:17 UTC 2022
;; MSG SIZE  rcvd: 123

root@5ce1698acf29:/#
