
root@5ce1698acf29:/# dig test421.goertzen

; <<>> DiG 9.16.1-Ubuntu <<>> test421.goertzen
;; global options: +cmd
;; Got answer:
;; ->>HEADER<<- opcode: QUERY, status: NOERROR, id: 22211
;; flags: qr rd ra; QUERY: 1, ANSWER: 1, AUTHORITY: 1, ADDITIONAL: 2

;; OPT PSEUDOSECTION:
; EDNS: version: 0, flags:; udp: 65355
; COOKIE: f12b70dc938742870100000062dc4e27c1e58de42d453ea7 (good)
;; QUESTION SECTION:
;test421.goertzen.              IN      A

;; ANSWER SECTION:
test421.goertzen.       604800  IN      A       42.42.42.42

;; AUTHORITY SECTION:
goertzen.               604730  IN      NS      ns1.goertzen.

;; ADDITIONAL SECTION:
ns1.goertzen.           604730  IN      A       172.20.0.4

;; Query time: 88 msec
;; SERVER: 127.0.0.11#53(127.0.0.11)
;; WHEN: Sat Jul 23 19:38:15 UTC 2022
;; MSG SIZE  rcvd: 123

root@5ce1698acf29:/#
