
root@5ce1698acf29:/# dig test681.goertzen

; <<>> DiG 9.16.1-Ubuntu <<>> test681.goertzen
;; global options: +cmd
;; Got answer:
;; ->>HEADER<<- opcode: QUERY, status: NOERROR, id: 3043
;; flags: qr rd ra; QUERY: 1, ANSWER: 1, AUTHORITY: 1, ADDITIONAL: 2

;; OPT PSEUDOSECTION:
; EDNS: version: 0, flags:; udp: 65355
; COOKIE: 79bc45cf91dae69f0100000062dc4ebeadb4409a55a2b81e (good)
;; QUESTION SECTION:
;test681.goertzen.              IN      A

;; ANSWER SECTION:
test681.goertzen.       604800  IN      A       42.42.42.42

;; AUTHORITY SECTION:
goertzen.               604579  IN      NS      ns1.goertzen.

;; ADDITIONAL SECTION:
ns1.goertzen.           604579  IN      A       172.20.0.4

;; Query time: 92 msec
;; SERVER: 127.0.0.11#53(127.0.0.11)
;; WHEN: Sat Jul 23 19:40:46 UTC 2022
;; MSG SIZE  rcvd: 123

root@5ce1698acf29:/#
