
root@5ce1698acf29:/# dig test472.goertzen

; <<>> DiG 9.16.1-Ubuntu <<>> test472.goertzen
;; global options: +cmd
;; Got answer:
;; ->>HEADER<<- opcode: QUERY, status: NOERROR, id: 52675
;; flags: qr rd ra; QUERY: 1, ANSWER: 1, AUTHORITY: 1, ADDITIONAL: 2

;; OPT PSEUDOSECTION:
; EDNS: version: 0, flags:; udp: 65355
; COOKIE: 57f5917aabe8fa800100000062dc4e41195e3dd4b03fb41c (good)
;; QUESTION SECTION:
;test472.goertzen.              IN      A

;; ANSWER SECTION:
test472.goertzen.       604800  IN      A       42.42.42.42

;; AUTHORITY SECTION:
goertzen.               604704  IN      NS      ns1.goertzen.

;; ADDITIONAL SECTION:
ns1.goertzen.           604704  IN      A       172.20.0.4

;; Query time: 88 msec
;; SERVER: 127.0.0.11#53(127.0.0.11)
;; WHEN: Sat Jul 23 19:38:41 UTC 2022
;; MSG SIZE  rcvd: 123

root@5ce1698acf29:/#
