
root@8f8b243e90e1:/# dig test878.goertzen

; <<>> DiG 9.16.1-Ubuntu <<>> test878.goertzen
;; global options: +cmd
;; Got answer:
;; ->>HEADER<<- opcode: QUERY, status: NOERROR, id: 43
188
;; flags: qr rd ra; QUERY: 1, ANSWER: 1, AUTHORITY: 1,
 ADDITIONAL: 2

;; OPT PSEUDOSECTION:
; EDNS: version: 0, flags:; udp: 65355
; COOKIE: af091e502726ac220100000062ebffb34992cb663f83
dfe1 (good)
;; QUESTION SECTION:
;test878.goertzen.              IN      A

;; ANSWER SECTION:
test878.goertzen.       604800  IN      A       42.42.
42.42

;; AUTHORITY SECTION:
goertzen.               603022  IN      NS      ns1.go
ertzen.

;; ADDITIONAL SECTION:
ns1.goertzen.           603022  IN      A       172.20
.0.4

;; Query time: 435 msec
;; SERVER: 127.0.0.11#53(127.0.0.11)
;; WHEN: Thu Aug 04 17:19:47 UTC 2022
;; MSG SIZE  rcvd: 123

root@8f8b243e90e1:/#
