
root@8f8b243e90e1:/# dig test131.goertzen

; <<>> DiG 9.16.1-Ubuntu <<>> test131.goertzen
;; global options: +cmd
;; Got answer:
;; ->>HEADER<<- opcode: QUERY, status: NOERROR, id: 61
617
;; flags: qr rd ra; QUERY: 1, ANSWER: 1, AUTHORITY: 1,
 ADDITIONAL: 2

;; OPT PSEUDOSECTION:
; EDNS: version: 0, flags:; udp: 65355
; COOKIE: ce5d4caa37c262d20100000062ebf9d3fb5235ff85f5
aada (good)
;; QUESTION SECTION:
;test131.goertzen.              IN      A

;; ANSWER SECTION:
test131.goertzen.       604800  IN      A       42.42.
42.42

;; AUTHORITY SECTION:
goertzen.               604526  IN      NS      ns1.go
ertzen.

;; ADDITIONAL SECTION:
ns1.goertzen.           604526  IN      A       172.20
.0.4

;; Query time: 463 msec
;; SERVER: 127.0.0.11#53(127.0.0.11)
;; WHEN: Thu Aug 04 16:54:44 UTC 2022
;; MSG SIZE  rcvd: 123

root@8f8b243e90e1:/#
