
root@8f8b243e90e1:/# dig test297.goertzen

; <<>> DiG 9.16.1-Ubuntu <<>> test297.goertzen
;; global options: +cmd
;; Got answer:
;; ->>HEADER<<- opcode: QUERY, status: NOERROR, id: 38
477
;; flags: qr rd ra; QUERY: 1, ANSWER: 1, AUTHORITY: 1,
 ADDITIONAL: 2

;; OPT PSEUDOSECTION:
; EDNS: version: 0, flags:; udp: 65355
; COOKIE: 66e01acc1575b36e0100000062ebfb225984381fe23d
1630 (good)
;; QUESTION SECTION:
;test297.goertzen.              IN      A

;; ANSWER SECTION:
test297.goertzen.       604800  IN      A       42.42.
42.42

;; AUTHORITY SECTION:
goertzen.               604191  IN      NS      ns1.go
ertzen.

;; ADDITIONAL SECTION:
ns1.goertzen.           604191  IN      A       172.20
.0.4

;; Query time: 463 msec
;; SERVER: 127.0.0.11#53(127.0.0.11)
;; WHEN: Thu Aug 04 17:00:18 UTC 2022
;; MSG SIZE  rcvd: 123

root@8f8b243e90e1:/#
