
root@8f8b243e90e1:/# dig test414.goertzen

; <<>> DiG 9.16.1-Ubuntu <<>> test414.goertzen
;; global options: +cmd
;; Got answer:
;; ->>HEADER<<- opcode: QUERY, status: NOERROR, id: 19
282
;; flags: qr rd ra; QUERY: 1, ANSWER: 1, AUTHORITY: 1,
 ADDITIONAL: 2

;; OPT PSEUDOSECTION:
; EDNS: version: 0, flags:; udp: 65355
; COOKIE: 9100d64ea9eeb2c30100000062ebfc0d4939b90bd2fc
164a (good)
;; QUESTION SECTION:
;test414.goertzen.              IN      A

;; ANSWER SECTION:
test414.goertzen.       604800  IN      A       42.42.
42.42

;; AUTHORITY SECTION:
goertzen.               603956  IN      NS      ns1.go
ertzen.

;; ADDITIONAL SECTION:
ns1.goertzen.           603956  IN      A       172.20
.0.4

;; Query time: 439 msec
;; SERVER: 127.0.0.11#53(127.0.0.11)
;; WHEN: Thu Aug 04 17:04:13 UTC 2022
;; MSG SIZE  rcvd: 123

root@8f8b243e90e1:/#
