
root@8f8b243e90e1:/# dig test9.goertzen

; <<>> DiG 9.16.1-Ubuntu <<>> test9.goertzen
;; global options: +cmd
;; Got answer:
;; ->>HEADER<<- opcode: QUERY, status: NOERROR, id: 21
502
;; flags: qr rd ra; QUERY: 1, ANSWER: 1, AUTHORITY: 1,
 ADDITIONAL: 2

;; OPT PSEUDOSECTION:
; EDNS: version: 0, flags:; udp: 65355
; COOKIE: bb0958a0e80a73bc0100000062ebf8de173e37ead9ef
48f1 (good)
;; QUESTION SECTION:
;test9.goertzen.                        IN      A

;; ANSWER SECTION:
test9.goertzen.         604800  IN      A       42.42.
42.42

;; AUTHORITY SECTION:
goertzen.               604771  IN      NS      ns1.go
ertzen.

;; ADDITIONAL SECTION:
ns1.goertzen.           604771  IN      A       172.20
.0.4

;; Query time: 439 msec
;; SERVER: 127.0.0.11#53(127.0.0.11)
;; WHEN: Thu Aug 04 16:50:38 UTC 2022
;; MSG SIZE  rcvd: 121

root@8f8b243e90e1:/#
