
root@8f8b243e90e1:/# dig test107.goertzen

; <<>> DiG 9.16.1-Ubuntu <<>> test107.goertzen
;; global options: +cmd
;; Got answer:
;; ->>HEADER<<- opcode: QUERY, status: NOERROR, id: 11
283
;; flags: qr rd ra; QUERY: 1, ANSWER: 1, AUTHORITY: 1,
 ADDITIONAL: 2

;; OPT PSEUDOSECTION:
; EDNS: version: 0, flags:; udp: 65355
; COOKIE: a1b9b5dcb5a96b730100000062ebf9a38529c69bb3f3
cf07 (good)
;; QUESTION SECTION:
;test107.goertzen.              IN      A

;; ANSWER SECTION:
test107.goertzen.       604800  IN      A       42.42.
42.42

;; AUTHORITY SECTION:
goertzen.               604574  IN      NS      ns1.go
ertzen.

;; ADDITIONAL SECTION:
ns1.goertzen.           604574  IN      A       172.20
.0.4

;; Query time: 455 msec
;; SERVER: 127.0.0.11#53(127.0.0.11)
;; WHEN: Thu Aug 04 16:53:55 UTC 2022
;; MSG SIZE  rcvd: 123

root@8f8b243e90e1:/#
