
root@8f8b243e90e1:/# dig test985.goertzen

; <<>> DiG 9.16.1-Ubuntu <<>> test985.goertzen
;; global options: +cmd
;; Got answer:
;; ->>HEADER<<- opcode: QUERY, status: NOERROR, id: 54
700
;; flags: qr rd ra; QUERY: 1, ANSWER: 1, AUTHORITY: 1,
 ADDITIONAL: 2

;; OPT PSEUDOSECTION:
; EDNS: version: 0, flags:; udp: 65355
; COOKIE: f81d5867bf1593620100000062ec008b400211372601
354b (good)
;; QUESTION SECTION:
;test985.goertzen.              IN      A

;; ANSWER SECTION:
test985.goertzen.       604800  IN      A       42.42.
42.42

;; AUTHORITY SECTION:
goertzen.               602806  IN      NS      ns1.go
ertzen.

;; ADDITIONAL SECTION:
ns1.goertzen.           602806  IN      A       172.20
.0.4

;; Query time: 455 msec
;; SERVER: 127.0.0.11#53(127.0.0.11)
;; WHEN: Thu Aug 04 17:23:23 UTC 2022
;; MSG SIZE  rcvd: 123

root@8f8b243e90e1:/#
