
root@8f8b243e90e1:/# dig test188.goertzen

; <<>> DiG 9.16.1-Ubuntu <<>> test188.goertzen
;; global options: +cmd
;; Got answer:
;; ->>HEADER<<- opcode: QUERY, status: NOERROR, id: 42
727
;; flags: qr rd ra; QUERY: 1, ANSWER: 1, AUTHORITY: 1,
 ADDITIONAL: 2

;; OPT PSEUDOSECTION:
; EDNS: version: 0, flags:; udp: 65355
; COOKIE: 55fa0f708a7dbc5e0100000062ebfa461bf206f25277
c214 (good)
;; QUESTION SECTION:
;test188.goertzen.              IN      A

;; ANSWER SECTION:
test188.goertzen.       604800  IN      A       42.42.
42.42

;; AUTHORITY SECTION:
goertzen.               604411  IN      NS      ns1.go
ertzen.

;; ADDITIONAL SECTION:
ns1.goertzen.           604411  IN      A       172.20
.0.4

;; Query time: 443 msec
;; SERVER: 127.0.0.11#53(127.0.0.11)
;; WHEN: Thu Aug 04 16:56:38 UTC 2022
;; MSG SIZE  rcvd: 123

root@8f8b243e90e1:/#
