
root@8f8b243e90e1:/# dig test123.goertzen

; <<>> DiG 9.16.1-Ubuntu <<>> test123.goertzen
;; global options: +cmd
;; Got answer:
;; ->>HEADER<<- opcode: QUERY, status: NOERROR, id: 55
498
;; flags: qr rd ra; QUERY: 1, ANSWER: 1, AUTHORITY: 1,
 ADDITIONAL: 2

;; OPT PSEUDOSECTION:
; EDNS: version: 0, flags:; udp: 65355
; COOKIE: c4a7634b136f52e70100000062ebf9c3a38a07b9e6e9
30b8 (good)
;; QUESTION SECTION:
;test123.goertzen.              IN      A

;; ANSWER SECTION:
test123.goertzen.       604800  IN      A       42.42.
42.42

;; AUTHORITY SECTION:
goertzen.               604542  IN      NS      ns1.go
ertzen.

;; ADDITIONAL SECTION:
ns1.goertzen.           604542  IN      A       172.20
.0.4

;; Query time: 439 msec
;; SERVER: 127.0.0.11#53(127.0.0.11)
;; WHEN: Thu Aug 04 16:54:27 UTC 2022
;; MSG SIZE  rcvd: 123

root@8f8b243e90e1:/#
