
root@8f8b243e90e1:/# dig test852.goertzen

; <<>> DiG 9.16.1-Ubuntu <<>> test852.goertzen
;; global options: +cmd
;; Got answer:
;; ->>HEADER<<- opcode: QUERY, status: NOERROR, id: 12
205
;; flags: qr rd ra; QUERY: 1, ANSWER: 1, AUTHORITY: 1,
 ADDITIONAL: 2

;; OPT PSEUDOSECTION:
; EDNS: version: 0, flags:; udp: 65355
; COOKIE: 4cff0d28861dfddb0100000062ebff7fd813f4b51c22
8c62 (good)
;; QUESTION SECTION:
;test852.goertzen.              IN      A

;; ANSWER SECTION:
test852.goertzen.       604800  IN      A       42.42.
42.42

;; AUTHORITY SECTION:
goertzen.               603074  IN      NS      ns1.go
ertzen.

;; ADDITIONAL SECTION:
ns1.goertzen.           603074  IN      A       172.20
.0.4

;; Query time: 447 msec
;; SERVER: 127.0.0.11#53(127.0.0.11)
;; WHEN: Thu Aug 04 17:18:55 UTC 2022
;; MSG SIZE  rcvd: 123

root@8f8b243e90e1:/#
