
root@e07350320799:/# dig test80.goertzen

; <<>> DiG 9.16.1-Ubuntu <<>> test80.goertzen
;; global options: +cmd
;; Got answer:
;; ->>HEADER<<- opcode: QUERY, status: NOERROR, id: 39910
;; flags: qr rd ra; QUERY: 1, ANSWER: 1, AUTHORITY: 1, ADDITI
ONAL: 2

;; OPT PSEUDOSECTION:
; EDNS: version: 0, flags:; udp: 65355
; COOKIE: db55c8db3cb37a0b0100000062eb08998486132da8b0d37b (g
ood)
;; QUESTION SECTION:
;test80.goertzen.               IN      A

;; ANSWER SECTION:
test80.goertzen.        604800  IN      A       42.42.42.42

;; AUTHORITY SECTION:
goertzen.               604728  IN      NS      ns1.goertzen.

;; ADDITIONAL SECTION:
ns1.goertzen.           604728  IN      A       172.20.0.4

;; Query time: 155 msec
;; SERVER: 127.0.0.11#53(127.0.0.11)
;; WHEN: Wed Aug 03 23:45:29 UTC 2022
;; MSG SIZE  rcvd: 122

root@e07350320799:/#
