
root@40e5be34fd10:/# dig test976.goertzen

; <<>> DiG 9.16.1-Ubuntu <<>> test976.goertzen
;; global options: +cmd
;; Got answer:
;; ->>HEADER<<- opcode: QUERY, status: NOERROR, id: 54507
;; flags: qr rd ra; QUERY: 1, ANSWER: 1, AUTHORITY: 1, ADDITIONAL: 2

;; OPT PSEUDOSECTION:
; EDNS: version: 0, flags:; udp: 65355
; COOKIE: 14603321bc9c97db0100000062e836d42428524e41174cbc (good)
;; QUESTION SECTION:
;test976.goertzen.              IN      A

;; ANSWER SECTION:
test976.goertzen.       604800  IN      A       42.42.42.42

;; AUTHORITY SECTION:
goertzen.               604767  IN      NS      ns1.goertzen.

;; ADDITIONAL SECTION:
ns1.goertzen.           604767  IN      A       172.20.0.4

;; Query time: 144 msec
;; SERVER: 127.0.0.11#53(127.0.0.11)
;; WHEN: Mon Aug 01 20:25:56 UTC 2022
;; MSG SIZE  rcvd: 123

root@40e5be34fd10:/#
