
root@9bc8b2692201:/# dig test660.goertzen

; <<>> DiG 9.16.1-Ubuntu <<>> test660.goertzen
;; global options: +cmd
;; Got answer:
;; ->>HEADER<<- opcode: QUERY, status: NOERROR, id: 24049
;; flags: qr rd ra; QUERY: 1, ANSWER: 1, AUTHORITY: 1, ADDITIONAL: 2

;; OPT PSEUDOSECTION:
; EDNS: version: 0, flags:; udp: 65355
; COOKIE: 182bc028a9bdca010100000062e832455af131463a5af587 (good)
;; QUESTION SECTION:
;test660.goertzen.              IN      A

;; ANSWER SECTION:
test660.goertzen.       604800  IN      A       42.42.42.42

;; AUTHORITY SECTION:
goertzen.               604641  IN      NS      ns1.goertzen.

;; ADDITIONAL SECTION:
ns1.goertzen.           604641  IN      A       172.20.0.4

;; Query time: 144 msec
;; SERVER: 127.0.0.11#53(127.0.0.11)
;; WHEN: Mon Aug 01 20:06:29 UTC 2022
;; MSG SIZE  rcvd: 123

root@9bc8b2692201:/#
