
root@e07350320799:/# dig test288.goertzen

; <<>> DiG 9.16.1-Ubuntu <<>> test288.goertzen
;; global options: +cmd
;; Got answer:
;; ->>HEADER<<- opcode: QUERY, status: NOERROR, id: 25740
;; flags: qr rd ra; QUERY: 1, ANSWER: 1, AUTHORITY: 1, ADDITI
ONAL: 2

;; OPT PSEUDOSECTION:
; EDNS: version: 0, flags:; udp: 65355
; COOKIE: bdcc45d85d6500e30100000062eb0937df105d4a3b70bc9d (g
ood)
;; QUESTION SECTION:
;test288.goertzen.              IN      A

;; ANSWER SECTION:
test288.goertzen.       604800  IN      A       42.42.42.42

;; AUTHORITY SECTION:
goertzen.               604570  IN      NS      ns1.goertzen.

;; ADDITIONAL SECTION:
ns1.goertzen.           604570  IN      A       172.20.0.4

;; Query time: 159 msec
;; SERVER: 127.0.0.11#53(127.0.0.11)
;; WHEN: Wed Aug 03 23:48:07 UTC 2022
;; MSG SIZE  rcvd: 123

root@e07350320799:/#
