
root@9bc8b2692201:/# dig test804.goertzen

; <<>> DiG 9.16.1-Ubuntu <<>> test804.goertzen
;; global options: +cmd
;; Got answer:
;; ->>HEADER<<- opcode: QUERY, status: NOERROR, id: 56909
;; flags: qr rd ra; QUERY: 1, ANSWER: 1, AUTHORITY: 1, ADDITIONAL: 2

;; OPT PSEUDOSECTION:
; EDNS: version: 0, flags:; udp: 65355
; COOKIE: 3b1947fc9a30b2960100000062e833f76e71d67ab16d83de (good)
;; QUESTION SECTION:
;test804.goertzen.              IN      A

;; ANSWER SECTION:
test804.goertzen.       604800  IN      A       42.42.42.42

;; AUTHORITY SECTION:
goertzen.               604207  IN      NS      ns1.goertzen.

;; ADDITIONAL SECTION:
ns1.goertzen.           604207  IN      A       172.20.0.4

;; Query time: 148 msec
;; SERVER: 127.0.0.11#53(127.0.0.11)
;; WHEN: Mon Aug 01 20:13:43 UTC 2022
;; MSG SIZE  rcvd: 123

root@9bc8b2692201:/#
