
root@191bb69e47a1:/# dig test450.goertzen

; <<>> DiG 9.16.1-Ubuntu <<>> test450.goertzen
;; global options: +cmd
;; Got answer:
;; ->>HEADER<<- opcode: QUERY, status: NOERROR, id: 44955
;; flags: qr rd ra; QUERY: 1, ANSWER: 1, AUTHORITY: 1, ADDITI
ONAL: 2

;; OPT PSEUDOSECTION:
; EDNS: version: 0, flags:; udp: 65355
; COOKIE: c81518a856f40eb30100000062eb0a2d398361030e0bb149 (g
ood)
;; QUESTION SECTION:
;test450.goertzen.              IN      A

;; ANSWER SECTION:
test450.goertzen.       604800  IN      A       42.42.42.42

;; AUTHORITY SECTION:
goertzen.               604781  IN      NS      ns1.goertzen.

;; ADDITIONAL SECTION:
ns1.goertzen.           604781  IN      A       172.20.0.4

;; Query time: 155 msec
;; SERVER: 127.0.0.11#53(127.0.0.11)
;; WHEN: Wed Aug 03 23:52:13 UTC 2022
;; MSG SIZE  rcvd: 123

root@191bb69e47a1:/#
