
root@ddc313d11831:/# dig test302.goertzen

; <<>> DiG 9.16.1-Ubuntu <<>> test302.goertzen
;; global options: +cmd
;; Got answer:
;; ->>HEADER<<- opcode: QUERY, status: NOERROR, id: 49991
;; flags: qr rd ra; QUERY: 1, ANSWER: 1, AUTHORITY: 1, ADDITIONAL: 2

;; OPT PSEUDOSECTION:
; EDNS: version: 0, flags:; udp: 65355
; COOKIE: 339dcb38f4e475020100000062e82ab9507b3af0dd00ccc8 (good)
;; QUESTION SECTION:
;test302.goertzen.              IN      A

;; ANSWER SECTION:
test302.goertzen.       604800  IN      A       42.42.42.42

;; AUTHORITY SECTION:
goertzen.               604069  IN      NS      ns1.goertzen.

;; ADDITIONAL SECTION:
ns1.goertzen.           604069  IN      A       172.20.0.4

;; Query time: 144 msec
;; SERVER: 127.0.0.11#53(127.0.0.11)
;; WHEN: Mon Aug 01 19:34:17 UTC 2022
;; MSG SIZE  rcvd: 123

root@ddc313d11831:/#
