
root@3e15a82ae902:/# dig test468.goertzen

; <<>> DiG 9.16.1-Ubuntu <<>> test468.goertzen
;; global options: +cmd
;; Got answer:
;; ->>HEADER<<- opcode: QUERY, status: NOERROR, id: 56143
;; flags: qr rd ra; QUERY: 1, ANSWER: 1, AUTHORITY: 1, ADDITIONAL: 2

;; OPT PSEUDOSECTION:
; EDNS: version: 0, flags:; udp: 65355
; COOKIE: 7eedaa677a2dd31c0100000062e82d84741a514a9a678efc (good)
;; QUESTION SECTION:
;test468.goertzen.              IN      A

;; ANSWER SECTION:
test468.goertzen.       604800  IN      A       42.42.42.42

;; AUTHORITY SECTION:
goertzen.               604776  IN      NS      ns1.goertzen.

;; ADDITIONAL SECTION:
ns1.goertzen.           604776  IN      A       172.20.0.4

;; Query time: 144 msec
;; SERVER: 127.0.0.11#53(127.0.0.11)
;; WHEN: Mon Aug 01 19:46:12 UTC 2022
;; MSG SIZE  rcvd: 123

root@3e15a82ae902:/#
