
root@e07350320799:/# dig test130.goertzen

; <<>> DiG 9.16.1-Ubuntu <<>> test130.goertzen
;; global options: +cmd
;; Got answer:
;; ->>HEADER<<- opcode: QUERY, status: NOERROR, id: 10619
;; flags: qr rd ra; QUERY: 1, ANSWER: 1, AUTHORITY: 1, ADDITI
ONAL: 2

;; OPT PSEUDOSECTION:
; EDNS: version: 0, flags:; udp: 65355
; COOKIE: 58bb3871884cf1b40100000062eb08bf31902d17c12619b3 (g
ood)
;; QUESTION SECTION:
;test130.goertzen.              IN      A

;; ANSWER SECTION:
test130.goertzen.       604800  IN      A       42.42.42.42

;; AUTHORITY SECTION:
goertzen.               604690  IN      NS      ns1.goertzen.

;; ADDITIONAL SECTION:
ns1.goertzen.           604690  IN      A       172.20.0.4

;; Query time: 155 msec
;; SERVER: 127.0.0.11#53(127.0.0.11)
;; WHEN: Wed Aug 03 23:46:07 UTC 2022
;; MSG SIZE  rcvd: 123

root@e07350320799:/#
