
root@191bb69e47a1:/# dig test591.goertzen

; <<>> DiG 9.16.1-Ubuntu <<>> test591.goertzen
;; global options: +cmd
;; Got answer:
;; ->>HEADER<<- opcode: QUERY, status: NOERROR, id: 5796
;; flags: qr rd ra; QUERY: 1, ANSWER: 1, AUTHORITY: 1, ADDITI
ONAL: 2

;; OPT PSEUDOSECTION:
; EDNS: version: 0, flags:; udp: 65355
; COOKIE: 97f9128bf714c88e0100000062eb0a994feaeef49c306a54 (g
ood)
;; QUESTION SECTION:
;test591.goertzen.              IN      A

;; ANSWER SECTION:
test591.goertzen.       604800  IN      A       42.42.42.42

;; AUTHORITY SECTION:
goertzen.               604673  IN      NS      ns1.goertzen.

;; ADDITIONAL SECTION:
ns1.goertzen.           604673  IN      A       172.20.0.4

;; Query time: 155 msec
;; SERVER: 127.0.0.11#53(127.0.0.11)
;; WHEN: Wed Aug 03 23:54:01 UTC 2022
;; MSG SIZE  rcvd: 123

root@191bb69e47a1:/#
