
root@fe66d71aa734:/# dig test873.goertzen

; <<>> DiG 9.16.1-Ubuntu <<>> test873.goertzen
;; global options: +cmd
;; Got answer:
;; ->>HEADER<<- opcode: QUERY, status: NOERROR, id: 54233
;; flags: qr rd ra; QUERY: 1, ANSWER: 1, AUTHORITY: 1, ADDITI
ONAL: 2

;; OPT PSEUDOSECTION:
; EDNS: version: 0, flags:; udp: 65355
; COOKIE: b14d6ef202bd668d0100000062eb0c56b8d7f1e74418458c (g
ood)
;; QUESTION SECTION:
;test873.goertzen.              IN      A

;; ANSWER SECTION:
test873.goertzen.       604800  IN      A       42.42.42.42

;; AUTHORITY SECTION:
goertzen.               604783  IN      NS      ns1.goertzen.

;; ADDITIONAL SECTION:
ns1.goertzen.           604783  IN      A       172.20.0.4

;; Query time: 167 msec
;; SERVER: 127.0.0.11#53(127.0.0.11)
;; WHEN: Thu Aug 04 00:01:26 UTC 2022
;; MSG SIZE  rcvd: 123

root@fe66d71aa734:/#
