
root@94de54b268a9:/# dig test862.goertzen

; <<>> DiG 9.16.1-Ubuntu <<>> test862.goertzen
;; global options: +cmd
;; Got answer:
;; ->>HEADER<<- opcode: QUERY, status: NOERROR, id: 55338
;; flags: qr rd ra; QUERY: 1, ANSWER: 1, AUTHORITY: 1, ADDITI
ONAL: 2

;; OPT PSEUDOSECTION:
; EDNS: version: 0, flags:; udp: 65355
; COOKIE: cd6a42b51dd66c000100000062eb0be2604f2d30f210ffc4 (g
ood)
;; QUESTION SECTION:
;test862.goertzen.              IN      A

;; ANSWER SECTION:
test862.goertzen.       604800  IN      A       42.42.42.42

;; AUTHORITY SECTION:
goertzen.               604603  IN      NS      ns1.goertzen.

;; ADDITIONAL SECTION:
ns1.goertzen.           604603  IN      A       172.20.0.4

;; Query time: 159 msec
;; SERVER: 127.0.0.11#53(127.0.0.11)
;; WHEN: Wed Aug 03 23:59:30 UTC 2022
;; MSG SIZE  rcvd: 123

root@94de54b268a9:/#
