
root@e07350320799:/# dig test116.goertzen

; <<>> DiG 9.16.1-Ubuntu <<>> test116.goertzen
;; global options: +cmd
;; Got answer:
;; ->>HEADER<<- opcode: QUERY, status: NOERROR, id: 51073
;; flags: qr rd ra; QUERY: 1, ANSWER: 1, AUTHORITY: 1, ADDITI
ONAL: 2

;; OPT PSEUDOSECTION:
; EDNS: version: 0, flags:; udp: 65355
; COOKIE: dc764cafda09980a0100000062eb08b4cb64b1639647a138 (g
ood)
;; QUESTION SECTION:
;test116.goertzen.              IN      A

;; ANSWER SECTION:
test116.goertzen.       604800  IN      A       42.42.42.42

;; AUTHORITY SECTION:
goertzen.               604701  IN      NS      ns1.goertzen.

;; ADDITIONAL SECTION:
ns1.goertzen.           604701  IN      A       172.20.0.4

;; Query time: 155 msec
;; SERVER: 127.0.0.11#53(127.0.0.11)
;; WHEN: Wed Aug 03 23:45:56 UTC 2022
;; MSG SIZE  rcvd: 123

root@e07350320799:/#
