
root@94de54b268a9:/# dig test782.goertzen

; <<>> DiG 9.16.1-Ubuntu <<>> test782.goertzen
;; global options: +cmd
;; Got answer:
;; ->>HEADER<<- opcode: QUERY, status: NOERROR, id: 23436
;; flags: qr rd ra; QUERY: 1, ANSWER: 1, AUTHORITY: 1, ADDITI
ONAL: 2

;; OPT PSEUDOSECTION:
; EDNS: version: 0, flags:; udp: 65355
; COOKIE: 0b1b8235d91ff7a50100000062eb0ba5c14d9b410ed71f5b (g
ood)
;; QUESTION SECTION:
;test782.goertzen.              IN      A

;; ANSWER SECTION:
test782.goertzen.       604800  IN      A       42.42.42.42

;; AUTHORITY SECTION:
goertzen.               604664  IN      NS      ns1.goertzen.

;; ADDITIONAL SECTION:
ns1.goertzen.           604664  IN      A       172.20.0.4

;; Query time: 155 msec
;; SERVER: 127.0.0.11#53(127.0.0.11)
;; WHEN: Wed Aug 03 23:58:29 UTC 2022
;; MSG SIZE  rcvd: 123

root@94de54b268a9:/#
