
root@191bb69e47a1:/# dig test506.goertzen

; <<>> DiG 9.16.1-Ubuntu <<>> test506.goertzen
;; global options: +cmd
;; Got answer:
;; ->>HEADER<<- opcode: QUERY, status: NOERROR, id: 23487
;; flags: qr rd ra; QUERY: 1, ANSWER: 1, AUTHORITY: 1, ADDITI
ONAL: 2

;; OPT PSEUDOSECTION:
; EDNS: version: 0, flags:; udp: 65355
; COOKIE: 5c60b40d33abf8cd0100000062eb0a586994dbd379ccd2ef (g
ood)
;; QUESTION SECTION:
;test506.goertzen.              IN      A

;; ANSWER SECTION:
test506.goertzen.       604800  IN      A       42.42.42.42

;; AUTHORITY SECTION:
goertzen.               604738  IN      NS      ns1.goertzen.

;; ADDITIONAL SECTION:
ns1.goertzen.           604738  IN      A       172.20.0.4

;; Query time: 155 msec
;; SERVER: 127.0.0.11#53(127.0.0.11)
;; WHEN: Wed Aug 03 23:52:56 UTC 2022
;; MSG SIZE  rcvd: 123

root@191bb69e47a1:/#
