
root@e07350320799:/# dig test20.goertzen

; <<>> DiG 9.16.1-Ubuntu <<>> test20.goertzen
;; global options: +cmd
;; Got answer:
;; ->>HEADER<<- opcode: QUERY, status: NOERROR, id: 42551
;; flags: qr rd ra; QUERY: 1, ANSWER: 1, AUTHORITY: 1, ADDITI
ONAL: 2

;; OPT PSEUDOSECTION:
; EDNS: version: 0, flags:; udp: 65355
; COOKIE: 990d8c6daaa465200100000062eb086bb62364f372b6ffde (g
ood)
;; QUESTION SECTION:
;test20.goertzen.               IN      A

;; ANSWER SECTION:
test20.goertzen.        604800  IN      A       42.42.42.42

;; AUTHORITY SECTION:
goertzen.               604774  IN      NS      ns1.goertzen.

;; ADDITIONAL SECTION:
ns1.goertzen.           604774  IN      A       172.20.0.4

;; Query time: 155 msec
;; SERVER: 127.0.0.11#53(127.0.0.11)
;; WHEN: Wed Aug 03 23:44:43 UTC 2022
;; MSG SIZE  rcvd: 122

root@e07350320799:/#
