
root@9bc8b2692201:/# dig test648.goertzen

; <<>> DiG 9.16.1-Ubuntu <<>> test648.goertzen
;; global options: +cmd
;; Got answer:
;; ->>HEADER<<- opcode: QUERY, status: NOERROR, id: 31484
;; flags: qr rd ra; QUERY: 1, ANSWER: 1, AUTHORITY: 1, ADDITIONAL: 2

;; OPT PSEUDOSECTION:
; EDNS: version: 0, flags:; udp: 65355
; COOKIE: 0d26a4128d9bbba10100000062e83221b7a6b2edd0000795 (good)
;; QUESTION SECTION:
;test648.goertzen.              IN      A

;; ANSWER SECTION:
test648.goertzen.       604800  IN      A       42.42.42.42

;; AUTHORITY SECTION:
goertzen.               604677  IN      NS      ns1.goertzen.

;; ADDITIONAL SECTION:
ns1.goertzen.           604677  IN      A       172.20.0.4

;; Query time: 144 msec
;; SERVER: 127.0.0.11#53(127.0.0.11)
;; WHEN: Mon Aug 01 20:05:53 UTC 2022
;; MSG SIZE  rcvd: 123

root@9bc8b2692201:/#
