
root@733d1b410db9:/# dig test0.goertzen

; <<>> DiG 9.16.1-Ubuntu <<>> test0.goertzen
;; global options: +cmd
;; Got answer:
;; ->>HEADER<<- opcode: QUERY, status: NOERROR, id: 9589
;; flags: qr rd ra; QUERY: 1, ANSWER: 1, AUTHORITY: 1, ADDITIONAL: 2

;; OPT PSEUDOSECTION:
; EDNS: version: 0, flags:; udp: 65355
; COOKIE: e7ebc2862fc81fc90100000062e826644eec3cc71d194e05 (good)
;; QUESTION SECTION:
;test0.goertzen.                        IN      A

;; ANSWER SECTION:
test0.goertzen.         604800  IN      A       42.42.42.42

;; AUTHORITY SECTION:
goertzen.               604780  IN      NS      ns1.goertzen.

;; ADDITIONAL SECTION:
ns1.goertzen.           604780  IN      A       172.20.0.4

;; Query time: 144 msec
;; SERVER: 127.0.0.11#53(127.0.0.11)
;; WHEN: Mon Aug 01 19:15:48 UTC 2022
;; MSG SIZE  rcvd: 121

root@733d1b410db9:/#
