
root@9bc8b2692201:/# dig test868.goertzen

; <<>> DiG 9.16.1-Ubuntu <<>> test868.goertzen
;; global options: +cmd
;; Got answer:
;; ->>HEADER<<- opcode: QUERY, status: NOERROR, id: 19218
;; flags: qr rd ra; QUERY: 1, ANSWER: 1, AUTHORITY: 1, ADDITIONAL: 2

;; OPT PSEUDOSECTION:
; EDNS: version: 0, flags:; udp: 65355
; COOKIE: d76b6cb2e778075b0100000062e834b81755d6229e0b3e89 (good)
;; QUESTION SECTION:
;test868.goertzen.              IN      A

;; ANSWER SECTION:
test868.goertzen.       604800  IN      A       42.42.42.42

;; AUTHORITY SECTION:
goertzen.               604014  IN      NS      ns1.goertzen.

;; ADDITIONAL SECTION:
ns1.goertzen.           604014  IN      A       172.20.0.4

;; Query time: 144 msec
;; SERVER: 127.0.0.11#53(127.0.0.11)
;; WHEN: Mon Aug 01 20:16:56 UTC 2022
;; MSG SIZE  rcvd: 123

root@9bc8b2692201:/#
