
root@9bc8b2692201:/# dig test746.goertzen

; <<>> DiG 9.16.1-Ubuntu <<>> test746.goertzen
;; global options: +cmd
;; Got answer:
;; ->>HEADER<<- opcode: QUERY, status: NOERROR, id: 32372
;; flags: qr rd ra; QUERY: 1, ANSWER: 1, AUTHORITY: 1, ADDITIONAL: 2

;; OPT PSEUDOSECTION:
; EDNS: version: 0, flags:; udp: 65355
; COOKIE: 9e5695c0e7bcf1110100000062e833487b26564afd07dfba (good)
;; QUESTION SECTION:
;test746.goertzen.              IN      A

;; ANSWER SECTION:
test746.goertzen.       604800  IN      A       42.42.42.42

;; AUTHORITY SECTION:
goertzen.               604382  IN      NS      ns1.goertzen.

;; ADDITIONAL SECTION:
ns1.goertzen.           604382  IN      A       172.20.0.4

;; Query time: 144 msec
;; SERVER: 127.0.0.11#53(127.0.0.11)
;; WHEN: Mon Aug 01 20:10:48 UTC 2022
;; MSG SIZE  rcvd: 123

root@9bc8b2692201:/#
