
root@ddc313d11831:/# dig test399.goertzen

; <<>> DiG 9.16.1-Ubuntu <<>> test399.goertzen
;; global options: +cmd
;; Got answer:
;; ->>HEADER<<- opcode: QUERY, status: NOERROR, id: 24834
;; flags: qr rd ra; QUERY: 1, ANSWER: 1, AUTHORITY: 1, ADDITIONAL: 2

;; OPT PSEUDOSECTION:
; EDNS: version: 0, flags:; udp: 65355
; COOKIE: 979d8f1a4e9e0def0100000062e82bdd95b37477c1191e16 (good)
;; QUESTION SECTION:
;test399.goertzen.              IN      A

;; ANSWER SECTION:
test399.goertzen.       604800  IN      A       42.42.42.42

;; AUTHORITY SECTION:
goertzen.               603777  IN      NS      ns1.goertzen.

;; ADDITIONAL SECTION:
ns1.goertzen.           603777  IN      A       172.20.0.4

;; Query time: 144 msec
;; SERVER: 127.0.0.11#53(127.0.0.11)
;; WHEN: Mon Aug 01 19:39:09 UTC 2022
;; MSG SIZE  rcvd: 123

root@ddc313d11831:/#
