
root@ddc313d11831:/# dig test174.goertzen

; <<>> DiG 9.16.1-Ubuntu <<>> test174.goertzen
;; global options: +cmd
;; Got answer:
;; ->>HEADER<<- opcode: QUERY, status: NOERROR, id: 64070
;; flags: qr rd ra; QUERY: 1, ANSWER: 1, AUTHORITY: 1, ADDITIONAL: 2

;; OPT PSEUDOSECTION:
; EDNS: version: 0, flags:; udp: 65355
; COOKIE: dfcb620ba54f21e40100000062e82938ca0f3881f402a69e (good)
;; QUESTION SECTION:
;test174.goertzen.              IN      A

;; ANSWER SECTION:
test174.goertzen.       604800  IN      A       42.42.42.42

;; AUTHORITY SECTION:
goertzen.               604454  IN      NS      ns1.goertzen.

;; ADDITIONAL SECTION:
ns1.goertzen.           604454  IN      A       172.20.0.4

;; Query time: 144 msec
;; SERVER: 127.0.0.11#53(127.0.0.11)
;; WHEN: Mon Aug 01 19:27:52 UTC 2022
;; MSG SIZE  rcvd: 123

root@ddc313d11831:/#
