
root@e07350320799:/# dig test208.goertzen

; <<>> DiG 9.16.1-Ubuntu <<>> test208.goertzen
;; global options: +cmd
;; Got answer:
;; ->>HEADER<<- opcode: QUERY, status: NOERROR, id: 19227
;; flags: qr rd ra; QUERY: 1, ANSWER: 1, AUTHORITY: 1, ADDITI
ONAL: 2

;; OPT PSEUDOSECTION:
; EDNS: version: 0, flags:; udp: 65355
; COOKIE: 1cdae9e6ee26a39d0100000062eb08fa57537f81e4e7f543 (g
ood)
;; QUESTION SECTION:
;test208.goertzen.              IN      A

;; ANSWER SECTION:
test208.goertzen.       604800  IN      A       42.42.42.42

;; AUTHORITY SECTION:
goertzen.               604631  IN      NS      ns1.goertzen.

;; ADDITIONAL SECTION:
ns1.goertzen.           604631  IN      A       172.20.0.4

;; Query time: 155 msec
;; SERVER: 127.0.0.11#53(127.0.0.11)
;; WHEN: Wed Aug 03 23:47:06 UTC 2022
;; MSG SIZE  rcvd: 123

root@e07350320799:/#
