
root@e07350320799:/# dig test335.goertzen

; <<>> DiG 9.16.1-Ubuntu <<>> test335.goertzen
;; global options: +cmd
;; Got answer:
;; ->>HEADER<<- opcode: QUERY, status: NOERROR, id: 41417
;; flags: qr rd ra; QUERY: 1, ANSWER: 1, AUTHORITY: 1, ADDITI
ONAL: 2

;; OPT PSEUDOSECTION:
; EDNS: version: 0, flags:; udp: 65355
; COOKIE: 4bc5c9a8ce35f7e40100000062eb095b0e86a538304aab8d (g
ood)
;; QUESTION SECTION:
;test335.goertzen.              IN      A

;; ANSWER SECTION:
test335.goertzen.       604800  IN      A       42.42.42.42

;; AUTHORITY SECTION:
goertzen.               604534  IN      NS      ns1.goertzen.

;; ADDITIONAL SECTION:
ns1.goertzen.           604534  IN      A       172.20.0.4

;; Query time: 155 msec
;; SERVER: 127.0.0.11#53(127.0.0.11)
;; WHEN: Wed Aug 03 23:48:43 UTC 2022
;; MSG SIZE  rcvd: 123

root@e07350320799:/#
