
root@9bc8b2692201:/# dig test950.goertzen

; <<>> DiG 9.16.1-Ubuntu <<>> test950.goertzen
;; global options: +cmd
;; Got answer:
;; ->>HEADER<<- opcode: QUERY, status: NOERROR, id: 30077
;; flags: qr rd ra; QUERY: 1, ANSWER: 1, AUTHORITY: 1, ADDITIONAL: 2

;; OPT PSEUDOSECTION:
; EDNS: version: 0, flags:; udp: 65355
; COOKIE: cb78bb61dc048e4f0100000062e835af1133abd71cafc582 (good)
;; QUESTION SECTION:
;test950.goertzen.              IN      A

;; ANSWER SECTION:
test950.goertzen.       604800  IN      A       42.42.42.42

;; AUTHORITY SECTION:
goertzen.               603767  IN      NS      ns1.goertzen.

;; ADDITIONAL SECTION:
ns1.goertzen.           603767  IN      A       172.20.0.4

;; Query time: 144 msec
;; SERVER: 127.0.0.11#53(127.0.0.11)
;; WHEN: Mon Aug 01 20:21:03 UTC 2022
;; MSG SIZE  rcvd: 123

root@9bc8b2692201:/#
