
root@e07350320799:/# dig test393.goertzen

; <<>> DiG 9.16.1-Ubuntu <<>> test393.goertzen
;; global options: +cmd
;; Got answer:
;; ->>HEADER<<- opcode: QUERY, status: NOERROR, id: 18056
;; flags: qr rd ra; QUERY: 1, ANSWER: 1, AUTHORITY: 1, ADDITI
ONAL: 2

;; OPT PSEUDOSECTION:
; EDNS: version: 0, flags:; udp: 65355
; COOKIE: f047088d29039d4d0100000062eb0987cfb88ed005dac41f (g
ood)
;; QUESTION SECTION:
;test393.goertzen.              IN      A

;; ANSWER SECTION:
test393.goertzen.       604800  IN      A       42.42.42.42

;; AUTHORITY SECTION:
goertzen.               604490  IN      NS      ns1.goertzen.

;; ADDITIONAL SECTION:
ns1.goertzen.           604490  IN      A       172.20.0.4

;; Query time: 155 msec
;; SERVER: 127.0.0.11#53(127.0.0.11)
;; WHEN: Wed Aug 03 23:49:27 UTC 2022
;; MSG SIZE  rcvd: 123

root@e07350320799:/#
