
root@50a93a33059c:/# dig test706.goertzen

; <<>> DiG 9.16.1-Ubuntu <<>> test706.goertzen
;; global options: +cmd
;; Got answer:
;; ->>HEADER<<- opcode: QUERY, status: NOERROR, id: 20952
;; flags: qr rd ra; QUERY: 1, ANSWER: 1, AUTHORITY: 1, ADDITIONAL: 2

;; OPT PSEUDOSECTION:
; EDNS: version: 0, flags:; udp: 65355
; COOKIE: b1caf6d5be6d64e90100000062e024adfb161a348ee921b2 (good)
;; QUESTION SECTION:
;test706.goertzen.              IN      A

;; ANSWER SECTION:
test706.goertzen.       604800  IN      A       42.42.42.42

;; AUTHORITY SECTION:
goertzen.               604643  IN      NS      ns1.goertzen.

;; ADDITIONAL SECTION:
ns1.goertzen.           604643  IN      A       172.20.0.4

;; Query time: 79 msec
;; SERVER: 127.0.0.11#53(127.0.0.11)
;; WHEN: Tue Jul 26 17:30:21 UTC 2022
;; MSG SIZE  rcvd: 123

root@50a93a33059c:/#
