
root@71efd012f90c:/# dig test668.goertzen

; <<>> DiG 9.16.1-Ubuntu <<>> test668.goertzen
;; global options: +cmd
;; Got answer:
;; ->>HEADER<<- opcode: QUERY, status: NOERROR, id: 16243
;; flags: qr rd ra; QUERY: 1, ANSWER: 1, AUTHORITY: 1, ADDITI
ONAL: 2

;; OPT PSEUDOSECTION:
; EDNS: version: 0, flags:; udp: 65355
; COOKIE: a052f1deb4f332860100000062eaee994617799de1c42f1d (g
ood)
;; QUESTION SECTION:
;test668.goertzen.              IN      A

;; ANSWER SECTION:
test668.goertzen.       604800  IN      A       42.42.42.42

;; AUTHORITY SECTION:
goertzen.               604720  IN      NS      ns1.goertzen.

;; ADDITIONAL SECTION:
ns1.goertzen.           604720  IN      A       172.20.0.4

;; Query time: 91 msec
;; SERVER: 127.0.0.11#53(127.0.0.11)
;; WHEN: Wed Aug 03 21:54:33 UTC 2022
;; MSG SIZE  rcvd: 123

root@71efd012f90c:/#
