
root@b1a7f9cba972:/# dig test338.goertzen

; <<>> DiG 9.16.1-Ubuntu <<>> test338.goertzen
;; global options: +cmd
;; Got answer:
;; ->>HEADER<<- opcode: QUERY, status: NOERROR, id: 59277
;; flags: qr rd ra; QUERY: 1, ANSWER: 1, AUTHORITY: 1, ADDITI
ONAL: 2

;; OPT PSEUDOSECTION:
; EDNS: version: 0, flags:; udp: 65355
; COOKIE: 56cd7891c0a501400100000062eaeca837d92c550553537e (g
ood)
;; QUESTION SECTION:
;test338.goertzen.              IN      A

;; ANSWER SECTION:
test338.goertzen.       604800  IN      A       42.42.42.42

;; AUTHORITY SECTION:
goertzen.               604677  IN      NS      ns1.goertzen.

;; ADDITIONAL SECTION:
ns1.goertzen.           604677  IN      A       172.20.0.4

;; Query time: 91 msec
;; SERVER: 127.0.0.11#53(127.0.0.11)
;; WHEN: Wed Aug 03 21:46:16 UTC 2022
;; MSG SIZE  rcvd: 123

root@b1a7f9cba972:/#
