
root@b1a7f9cba972:/# dig test295.goertzen

; <<>> DiG 9.16.1-Ubuntu <<>> test295.goertzen
;; global options: +cmd
;; Got answer:
;; ->>HEADER<<- opcode: QUERY, status: NOERROR, id: 11198
;; flags: qr rd ra; QUERY: 1, ANSWER: 1, AUTHORITY: 1, ADDITI
ONAL: 2

;; OPT PSEUDOSECTION:
; EDNS: version: 0, flags:; udp: 65355
; COOKIE: 6f0a32763d1048c00100000062eaec876cc7a6247351a59d (g
ood)
;; QUESTION SECTION:
;test295.goertzen.              IN      A

;; ANSWER SECTION:
test295.goertzen.       604800  IN      A       42.42.42.42

;; AUTHORITY SECTION:
goertzen.               604710  IN      NS      ns1.goertzen.

;; ADDITIONAL SECTION:
ns1.goertzen.           604710  IN      A       172.20.0.4

;; Query time: 91 msec
;; SERVER: 127.0.0.11#53(127.0.0.11)
;; WHEN: Wed Aug 03 21:45:43 UTC 2022
;; MSG SIZE  rcvd: 123

root@b1a7f9cba972:/#
