
root@b1a7f9cba972:/# dig test363.goertzen

; <<>> DiG 9.16.1-Ubuntu <<>> test363.goertzen
;; global options: +cmd
;; Got answer:
;; ->>HEADER<<- opcode: QUERY, status: NOERROR, id: 37380
;; flags: qr rd ra; QUERY: 1, ANSWER: 1, AUTHORITY: 1, ADDITI
ONAL: 2

;; OPT PSEUDOSECTION:
; EDNS: version: 0, flags:; udp: 65355
; COOKIE: 6221a70eb7ac5a450100000062eaecbba060cfae5d53342f (g
ood)
;; QUESTION SECTION:
;test363.goertzen.              IN      A

;; ANSWER SECTION:
test363.goertzen.       604800  IN      A       42.42.42.42

;; AUTHORITY SECTION:
goertzen.               604658  IN      NS      ns1.goertzen.

;; ADDITIONAL SECTION:
ns1.goertzen.           604658  IN      A       172.20.0.4

;; Query time: 91 msec
;; SERVER: 127.0.0.11#53(127.0.0.11)
;; WHEN: Wed Aug 03 21:46:35 UTC 2022
;; MSG SIZE  rcvd: 123

root@b1a7f9cba972:/#
