
root@b1a7f9cba972:/# dig test273.goertzen

; <<>> DiG 9.16.1-Ubuntu <<>> test273.goertzen
;; global options: +cmd
;; Got answer:
;; ->>HEADER<<- opcode: QUERY, status: NOERROR, id: 19789
;; flags: qr rd ra; QUERY: 1, ANSWER: 1, AUTHORITY: 1, ADDITI
ONAL: 2

;; OPT PSEUDOSECTION:
; EDNS: version: 0, flags:; udp: 65355
; COOKIE: fcbcf61af4c4022d0100000062eaec77963a1b6848ba032b (g
ood)
;; QUESTION SECTION:
;test273.goertzen.              IN      A

;; ANSWER SECTION:
test273.goertzen.       604800  IN      A       42.42.42.42

;; AUTHORITY SECTION:
goertzen.               604726  IN      NS      ns1.goertzen.

;; ADDITIONAL SECTION:
ns1.goertzen.           604726  IN      A       172.20.0.4

;; Query time: 91 msec
;; SERVER: 127.0.0.11#53(127.0.0.11)
;; WHEN: Wed Aug 03 21:45:27 UTC 2022
;; MSG SIZE  rcvd: 123

root@b1a7f9cba972:/#
