
root@2474ac21914a:/# dig test65.goertzen

; <<>> DiG 9.16.1-Ubuntu <<>> test65.goertzen
;; global options: +cmd
;; Got answer:
;; ->>HEADER<<- opcode: QUERY, status: NOERROR, id: 27850
;; flags: qr rd ra; QUERY: 1, ANSWER: 1, AUTHORITY: 1, ADDITI
ONAL: 2

;; OPT PSEUDOSECTION:
; EDNS: version: 0, flags:; udp: 65355
; COOKIE: 5268ce28d678a6340100000062eaeb5ec86774dedb25d9b7 (g
ood)
;; QUESTION SECTION:
;test65.goertzen.               IN      A

;; ANSWER SECTION:
test65.goertzen.        604800  IN      A       42.42.42.42

;; AUTHORITY SECTION:
goertzen.               604739  IN      NS      ns1.goertzen.

;; ADDITIONAL SECTION:
ns1.goertzen.           604739  IN      A       172.20.0.4

;; Query time: 91 msec
;; SERVER: 127.0.0.11#53(127.0.0.11)
;; WHEN: Wed Aug 03 21:40:46 UTC 2022
;; MSG SIZE  rcvd: 122

root@2474ac21914a:/#
