
root@50a93a33059c:/# dig test977.goertzen

; <<>> DiG 9.16.1-Ubuntu <<>> test977.goertzen
;; global options: +cmd
;; Got answer:
;; ->>HEADER<<- opcode: QUERY, status: NOERROR, id: 64640
;; flags: qr rd ra; QUERY: 1, ANSWER: 1, AUTHORITY: 1, ADDITIONAL: 2

;; OPT PSEUDOSECTION:
; EDNS: version: 0, flags:; udp: 65355
; COOKIE: d2ec0cc972530e570100000062e025c0dcdc1a35f3323465 (good)
;; QUESTION SECTION:
;test977.goertzen.              IN      A

;; ANSWER SECTION:
test977.goertzen.       604800  IN      A       42.42.42.42

;; AUTHORITY SECTION:
goertzen.               604368  IN      NS      ns1.goertzen.

;; ADDITIONAL SECTION:
ns1.goertzen.           604368  IN      A       172.20.0.4

;; Query time: 79 msec
;; SERVER: 127.0.0.11#53(127.0.0.11)
;; WHEN: Tue Jul 26 17:34:56 UTC 2022
;; MSG SIZE  rcvd: 123

root@50a93a33059c:/#
