
root@abca98940cdc:/# dig test535.goertzen

; <<>> DiG 9.16.1-Ubuntu <<>> test535.goertzen
;; global options: +cmd
;; Got answer:
;; ->>HEADER<<- opcode: QUERY, status: NOERROR, id: 55802
;; flags: qr rd ra; QUERY: 1, ANSWER: 1, AUTHORITY: 1, ADDITI
ONAL: 2

;; OPT PSEUDOSECTION:
; EDNS: version: 0, flags:; udp: 65355
; COOKIE: de6b5617d44ab08f0100000062eaedb94905d9017ca01dde (g
ood)
;; QUESTION SECTION:
;test535.goertzen.              IN      A

;; ANSWER SECTION:
test535.goertzen.       604800  IN      A       42.42.42.42

;; AUTHORITY SECTION:
goertzen.               604694  IN      NS      ns1.goertzen.

;; ADDITIONAL SECTION:
ns1.goertzen.           604694  IN      A       172.20.0.4

;; Query time: 91 msec
;; SERVER: 127.0.0.11#53(127.0.0.11)
;; WHEN: Wed Aug 03 21:50:49 UTC 2022
;; MSG SIZE  rcvd: 123

root@abca98940cdc:/#
