
root@50a93a33059c:/# dig test892.goertzen

; <<>> DiG 9.16.1-Ubuntu <<>> test892.goertzen
;; global options: +cmd
;; Got answer:
;; ->>HEADER<<- opcode: QUERY, status: NOERROR, id: 22985
;; flags: qr rd ra; QUERY: 1, ANSWER: 1, AUTHORITY: 1, ADDITIONAL: 2

;; OPT PSEUDOSECTION:
; EDNS: version: 0, flags:; udp: 65355
; COOKIE: 4daf3689a504ad640100000062e0256a92d2a27414c6e7ac (good)
;; QUESTION SECTION:
;test892.goertzen.              IN      A

;; ANSWER SECTION:
test892.goertzen.       604800  IN      A       42.42.42.42

;; AUTHORITY SECTION:
goertzen.               604454  IN      NS      ns1.goertzen.

;; ADDITIONAL SECTION:
ns1.goertzen.           604454  IN      A       172.20.0.4

;; Query time: 79 msec
;; SERVER: 127.0.0.11#53(127.0.0.11)
;; WHEN: Tue Jul 26 17:33:30 UTC 2022
;; MSG SIZE  rcvd: 123

root@50a93a33059c:/#
