
root@2474ac21914a:/# dig test69.goertzen

; <<>> DiG 9.16.1-Ubuntu <<>> test69.goertzen
;; global options: +cmd
;; Got answer:
;; ->>HEADER<<- opcode: QUERY, status: NOERROR, id: 41541
;; flags: qr rd ra; QUERY: 1, ANSWER: 1, AUTHORITY: 1, ADDITI
ONAL: 2

;; OPT PSEUDOSECTION:
; EDNS: version: 0, flags:; udp: 65355
; COOKIE: baba5a0e3bdc82b40100000062eaeb61a428b68cfd43a73a (g
ood)
;; QUESTION SECTION:
;test69.goertzen.               IN      A

;; ANSWER SECTION:
test69.goertzen.        604800  IN      A       42.42.42.42

;; AUTHORITY SECTION:
goertzen.               604736  IN      NS      ns1.goertzen.

;; ADDITIONAL SECTION:
ns1.goertzen.           604736  IN      A       172.20.0.4

;; Query time: 87 msec
;; SERVER: 127.0.0.11#53(127.0.0.11)
;; WHEN: Wed Aug 03 21:40:49 UTC 2022
;; MSG SIZE  rcvd: 122

root@2474ac21914a:/#
