
root@b1a7f9cba972:/# dig test342.goertzen

; <<>> DiG 9.16.1-Ubuntu <<>> test342.goertzen
;; global options: +cmd
;; Got answer:
;; ->>HEADER<<- opcode: QUERY, status: NOERROR, id: 11042
;; flags: qr rd ra; QUERY: 1, ANSWER: 1, AUTHORITY: 1, ADDITI
ONAL: 2

;; OPT PSEUDOSECTION:
; EDNS: version: 0, flags:; udp: 65355
; COOKIE: 18bed955575fdb8e0100000062eaecab64c6626f0f20fb84 (g
ood)
;; QUESTION SECTION:
;test342.goertzen.              IN      A

;; ANSWER SECTION:
test342.goertzen.       604800  IN      A       42.42.42.42

;; AUTHORITY SECTION:
goertzen.               604674  IN      NS      ns1.goertzen.

;; ADDITIONAL SECTION:
ns1.goertzen.           604674  IN      A       172.20.0.4

;; Query time: 87 msec
;; SERVER: 127.0.0.11#53(127.0.0.11)
;; WHEN: Wed Aug 03 21:46:19 UTC 2022
;; MSG SIZE  rcvd: 123

root@b1a7f9cba972:/#
