
root@71efd012f90c:/# dig test670.goertzen

; <<>> DiG 9.16.1-Ubuntu <<>> test670.goertzen
;; global options: +cmd
;; Got answer:
;; ->>HEADER<<- opcode: QUERY, status: NOERROR, id: 47351
;; flags: qr rd ra; QUERY: 1, ANSWER: 1, AUTHORITY: 1, ADDITI
ONAL: 2

;; OPT PSEUDOSECTION:
; EDNS: version: 0, flags:; udp: 65355
; COOKIE: 2596e6a31c35f23a0100000062eaee9a05633290440dffe0 (g
ood)
;; QUESTION SECTION:
;test670.goertzen.              IN      A

;; ANSWER SECTION:
test670.goertzen.       604800  IN      A       42.42.42.42

;; AUTHORITY SECTION:
goertzen.               604719  IN      NS      ns1.goertzen.

;; ADDITIONAL SECTION:
ns1.goertzen.           604719  IN      A       172.20.0.4

;; Query time: 87 msec
;; SERVER: 127.0.0.11#53(127.0.0.11)
;; WHEN: Wed Aug 03 21:54:34 UTC 2022
;; MSG SIZE  rcvd: 123

root@71efd012f90c:/#
