
root@2474ac21914a:/# dig test90.goertzen

; <<>> DiG 9.16.1-Ubuntu <<>> test90.goertzen
;; global options: +cmd
;; Got answer:
;; ->>HEADER<<- opcode: QUERY, status: NOERROR, id: 17077
;; flags: qr rd ra; QUERY: 1, ANSWER: 1, AUTHORITY: 1, ADDITI
ONAL: 2

;; OPT PSEUDOSECTION:
; EDNS: version: 0, flags:; udp: 65355
; COOKIE: 76841f7ac8ff0b010100000062eaeb712ed40d5ce96de556 (g
ood)
;; QUESTION SECTION:
;test90.goertzen.               IN      A

;; ANSWER SECTION:
test90.goertzen.        604800  IN      A       42.42.42.42

;; AUTHORITY SECTION:
goertzen.               604720  IN      NS      ns1.goertzen.

;; ADDITIONAL SECTION:
ns1.goertzen.           604720  IN      A       172.20.0.4

;; Query time: 87 msec
;; SERVER: 127.0.0.11#53(127.0.0.11)
;; WHEN: Wed Aug 03 21:41:05 UTC 2022
;; MSG SIZE  rcvd: 122

root@2474ac21914a:/#
