
root@b1a7f9cba972:/# dig test343.goertzen

; <<>> DiG 9.16.1-Ubuntu <<>> test343.goertzen
;; global options: +cmd
;; Got answer:
;; ->>HEADER<<- opcode: QUERY, status: NOERROR, id: 54567
;; flags: qr rd ra; QUERY: 1, ANSWER: 1, AUTHORITY: 1, ADDITI
ONAL: 2

;; OPT PSEUDOSECTION:
; EDNS: version: 0, flags:; udp: 65355
; COOKIE: 90e3a93d29f419d50100000062eaecacc029d91aa881365b (g
ood)
;; QUESTION SECTION:
;test343.goertzen.              IN      A

;; ANSWER SECTION:
test343.goertzen.       604800  IN      A       42.42.42.42

;; AUTHORITY SECTION:
goertzen.               604673  IN      NS      ns1.goertzen.

;; ADDITIONAL SECTION:
ns1.goertzen.           604673  IN      A       172.20.0.4

;; Query time: 87 msec
;; SERVER: 127.0.0.11#53(127.0.0.11)
;; WHEN: Wed Aug 03 21:46:20 UTC 2022
;; MSG SIZE  rcvd: 123

root@b1a7f9cba972:/#
