
root@71efd012f90c:/# dig test913.goertzen

; <<>> DiG 9.16.1-Ubuntu <<>> test913.goertzen
;; global options: +cmd
;; Got answer:
;; ->>HEADER<<- opcode: QUERY, status: NOERROR, id: 2302
;; flags: qr rd ra; QUERY: 1, ANSWER: 1, AUTHORITY: 1, ADDITI
ONAL: 2

;; OPT PSEUDOSECTION:
; EDNS: version: 0, flags:; udp: 65355
; COOKIE: 2bcb6be7fe3cd7f10100000062eaef54a40c42e880ac999d (g
ood)
;; QUESTION SECTION:
;test913.goertzen.              IN      A

;; ANSWER SECTION:
test913.goertzen.       604800  IN      A       42.42.42.42

;; AUTHORITY SECTION:
goertzen.               604533  IN      NS      ns1.goertzen.

;; ADDITIONAL SECTION:
ns1.goertzen.           604533  IN      A       172.20.0.4

;; Query time: 91 msec
;; SERVER: 127.0.0.11#53(127.0.0.11)
;; WHEN: Wed Aug 03 21:57:40 UTC 2022
;; MSG SIZE  rcvd: 123

root@71efd012f90c:/#
