
root@2474ac21914a:/# dig test151.goertzen

; <<>> DiG 9.16.1-Ubuntu <<>> test151.goertzen
;; global options: +cmd
;; Got answer:
;; ->>HEADER<<- opcode: QUERY, status: NOERROR, id: 61880
;; flags: qr rd ra; QUERY: 1, ANSWER: 1, AUTHORITY: 1, ADDITI
ONAL: 2

;; OPT PSEUDOSECTION:
; EDNS: version: 0, flags:; udp: 65355
; COOKIE: 15d72f3fc75aebe70100000062eaeb9fc5501633c38af000 (g
ood)
;; QUESTION SECTION:
;test151.goertzen.              IN      A

;; ANSWER SECTION:
test151.goertzen.       604800  IN      A       42.42.42.42

;; AUTHORITY SECTION:
goertzen.               604674  IN      NS      ns1.goertzen.

;; ADDITIONAL SECTION:
ns1.goertzen.           604674  IN      A       172.20.0.4

;; Query time: 91 msec
;; SERVER: 127.0.0.11#53(127.0.0.11)
;; WHEN: Wed Aug 03 21:41:51 UTC 2022
;; MSG SIZE  rcvd: 123

root@2474ac21914a:/#
