
root@1aab80840e94:/# dig test127.goertzen

; <<>> DiG 9.16.1-Ubuntu <<>> test127.goertzen
;; global options: +cmd
;; Got answer:
;; ->>HEADER<<- opcode: QUERY, status: NOERROR, id: 38948
;; flags: qr rd ra; QUERY: 1, ANSWER: 1, AUTHORITY: 1, ADDITIONAL: 2

;; OPT PSEUDOSECTION:
; EDNS: version: 0, flags:; udp: 65355
; COOKIE: a4db94ace2900cfd0100000062e0219dc251aabfb8fbf90a (good)
;; QUESTION SECTION:
;test127.goertzen.              IN      A

;; ANSWER SECTION:
test127.goertzen.       604800  IN      A       42.42.42.42

;; AUTHORITY SECTION:
goertzen.               604651  IN      NS      ns1.goertzen.

;; ADDITIONAL SECTION:
ns1.goertzen.           604651  IN      A       172.20.0.4

;; Query time: 79 msec
;; SERVER: 127.0.0.11#53(127.0.0.11)
;; WHEN: Tue Jul 26 17:17:17 UTC 2022
;; MSG SIZE  rcvd: 123

root@1aab80840e94:/#
