
root@50a93a33059c:/# dig test731.goertzen

; <<>> DiG 9.16.1-Ubuntu <<>> test731.goertzen
;; global options: +cmd
;; Got answer:
;; ->>HEADER<<- opcode: QUERY, status: NOERROR, id: 17700
;; flags: qr rd ra; QUERY: 1, ANSWER: 1, AUTHORITY: 1, ADDITIONAL: 2

;; OPT PSEUDOSECTION:
; EDNS: version: 0, flags:; udp: 65355
; COOKIE: 5f4d7fb6f9508b870100000062e024c77b5019d72c90cbe4 (good)
;; QUESTION SECTION:
;test731.goertzen.              IN      A

;; ANSWER SECTION:
test731.goertzen.       604800  IN      A       42.42.42.42

;; AUTHORITY SECTION:
goertzen.               604617  IN      NS      ns1.goertzen.

;; ADDITIONAL SECTION:
ns1.goertzen.           604617  IN      A       172.20.0.4

;; Query time: 79 msec
;; SERVER: 127.0.0.11#53(127.0.0.11)
;; WHEN: Tue Jul 26 17:30:47 UTC 2022
;; MSG SIZE  rcvd: 123

root@50a93a33059c:/#
