
root@5965e8fd46e4:/# dig test339.goertzen

; <<>> DiG 9.16.1-Ubuntu <<>> test339.goertzen
;; global options: +cmd
;; Got answer:
;; ->>HEADER<<- opcode: QUERY, status: NOERROR, id:
20349
;; flags: qr rd ra; QUERY: 1, ANSWER: 1, AUTHORITY:
1, ADDITIONAL: 2

;; OPT PSEUDOSECTION:
; EDNS: version: 0, flags:; udp: 65355
; COOKIE: 012555b42c6c26e90100000062eb65a6390ded18f8
f8b75b (good)
;; QUESTION SECTION:
;test339.goertzen.              IN      A

;; ANSWER SECTION:
test339.goertzen.       604800  IN      A       42.4
2.42.42

;; AUTHORITY SECTION:
goertzen.               604748  IN      NS      ns1.
goertzen.

;; ADDITIONAL SECTION:
ns1.goertzen.           604748  IN      A       172.
20.0.4

;; Query time: 607 msec
;; SERVER: 127.0.0.11#53(127.0.0.11)
;; WHEN: Thu Aug 04 06:22:30 UTC 2022
;; MSG SIZE  rcvd: 123

root@5965e8fd46e4:/#
