
root@e55dcd555170:/# dig test982.goertzen

; <<>> DiG 9.16.1-Ubuntu <<>> test982.goertzen
;; global options: +cmd
;; Got answer:
;; ->>HEADER<<- opcode: QUERY, status: NOERROR, id:
4566
;; flags: qr rd ra; QUERY: 1, ANSWER: 1, AUTHORITY:
1, ADDITIONAL: 2

;; OPT PSEUDOSECTION:
; EDNS: version: 0, flags:; udp: 65355
; COOKIE: ccf34c220942f53d0100000062eb7f50e3e352327d
08301a (good)
;; QUESTION SECTION:
;test982.goertzen.              IN      A

;; ANSWER SECTION:
test982.goertzen.       604800  IN      A       42.4
2.42.42

;; AUTHORITY SECTION:
goertzen.               604178  IN      NS      ns1.
goertzen.

;; ADDITIONAL SECTION:
ns1.goertzen.           604178  IN      A       172.
20.0.4

;; Query time: 607 msec
;; SERVER: 127.0.0.11#53(127.0.0.11)
;; WHEN: Thu Aug 04 08:12:00 UTC 2022
;; MSG SIZE  rcvd: 123

root@e55dcd555170:/#
