
root@a83f044988b7:/# dig test136.goertzen

; <<>> DiG 9.16.1-Ubuntu <<>> test136.goertzen
;; global options: +cmd
;; Got answer:
;; ->>HEADER<<- opcode: QUERY, status: NOERROR, id:
46070
;; flags: qr rd ra; QUERY: 1, ANSWER: 1, AUTHORITY:
1, ADDITIONAL: 2

;; OPT PSEUDOSECTION:
; EDNS: version: 0, flags:; udp: 65355
; COOKIE: 1af4135c207897ea0100000062eb5d31345c17fcd5
09ed05 (good)
;; QUESTION SECTION:
;test136.goertzen.              IN      A

;; ANSWER SECTION:
test136.goertzen.       604800  IN      A       42.4
2.42.42

;; AUTHORITY SECTION:
goertzen.               603427  IN      NS      ns1.
goertzen.

;; ADDITIONAL SECTION:
ns1.goertzen.           603427  IN      A       172.
20.0.4

;; Query time: 607 msec
;; SERVER: 127.0.0.11#53(127.0.0.11)
;; WHEN: Thu Aug 04 05:46:25 UTC 2022
;; MSG SIZE  rcvd: 123

root@a83f044988b7:/#
