
root@e55dcd555170:/# dig test949.goertzen

; <<>> DiG 9.16.1-Ubuntu <<>> test949.goertzen
;; global options: +cmd
;; Got answer:
;; ->>HEADER<<- opcode: QUERY, status: NOERROR, id:
15379
;; flags: qr rd ra; QUERY: 1, ANSWER: 1, AUTHORITY:
1, ADDITIONAL: 2

;; OPT PSEUDOSECTION:
; EDNS: version: 0, flags:; udp: 65355
; COOKIE: 3b4a7f218712c5ab0100000062eb7e05149540fb6f
d1ff14 (good)
;; QUESTION SECTION:
;test949.goertzen.              IN      A

;; ANSWER SECTION:
test949.goertzen.       604800  IN      A       42.4
2.42.42

;; AUTHORITY SECTION:
goertzen.               604509  IN      NS      ns1.
goertzen.

;; ADDITIONAL SECTION:
ns1.goertzen.           604509  IN      A       172.
20.0.4

;; Query time: 611 msec
;; SERVER: 127.0.0.11#53(127.0.0.11)
;; WHEN: Thu Aug 04 08:06:29 UTC 2022
;; MSG SIZE  rcvd: 123

root@e55dcd555170:/#
