
root@a83f044988b7:/# dig test94.goertzen

; <<>> DiG 9.16.1-Ubuntu <<>> test94.goertzen
;; global options: +cmd
;; Got answer:
;; ->>HEADER<<- opcode: QUERY, status: NOERROR, id:
39019
;; flags: qr rd ra; QUERY: 1, ANSWER: 1, AUTHORITY:
1, ADDITIONAL: 2

;; OPT PSEUDOSECTION:
; EDNS: version: 0, flags:; udp: 65355
; COOKIE: 85886ed6a1279bfe0100000062eb5b8d499303ca76
f83c79 (good)
;; QUESTION SECTION:
;test94.goertzen.               IN      A

;; ANSWER SECTION:
test94.goertzen.        604800  IN      A       42.4
2.42.42

;; AUTHORITY SECTION:
goertzen.               603847  IN      NS      ns1.
goertzen.

;; ADDITIONAL SECTION:
ns1.goertzen.           603847  IN      A       172.
20.0.4

;; Query time: 607 msec
;; SERVER: 127.0.0.11#53(127.0.0.11)
;; WHEN: Thu Aug 04 05:39:25 UTC 2022
;; MSG SIZE  rcvd: 122

root@a83f044988b7:/#
