
root@a83f044988b7:/# dig test143.goertzen

; <<>> DiG 9.16.1-Ubuntu <<>> test143.goertzen
;; global options: +cmd
;; Got answer:
;; ->>HEADER<<- opcode: QUERY, status: NOERROR, id:
27688
;; flags: qr rd ra; QUERY: 1, ANSWER: 1, AUTHORITY:
1, ADDITIONAL: 2

;; OPT PSEUDOSECTION:
; EDNS: version: 0, flags:; udp: 65355
; COOKIE: b91f4c13b4721f4d0100000062eb5d77dd28d8443b
032261 (good)
;; QUESTION SECTION:
;test143.goertzen.              IN      A

;; ANSWER SECTION:
test143.goertzen.       604800  IN      A       42.4
2.42.42

;; AUTHORITY SECTION:
goertzen.               603357  IN      NS      ns1.
goertzen.

;; ADDITIONAL SECTION:
ns1.goertzen.           603357  IN      A       172.
20.0.4

;; Query time: 607 msec
;; SERVER: 127.0.0.11#53(127.0.0.11)
;; WHEN: Thu Aug 04 05:47:35 UTC 2022
;; MSG SIZE  rcvd: 123

root@a83f044988b7:/#
