
root@a83f044988b7:/# dig test183.goertzen

; <<>> DiG 9.16.1-Ubuntu <<>> test183.goertzen
;; global options: +cmd
;; Got answer:
;; ->>HEADER<<- opcode: QUERY, status: NOERROR, id:
50914
;; flags: qr rd ra; QUERY: 1, ANSWER: 1, AUTHORITY:
1, ADDITIONAL: 2

;; OPT PSEUDOSECTION:
; EDNS: version: 0, flags:; udp: 65355
; COOKIE: 4d92643c3776b70a0100000062eb5f08e870363a23
b589cb (good)
;; QUESTION SECTION:
;test183.goertzen.              IN      A

;; ANSWER SECTION:
test183.goertzen.       604800  IN      A       42.4
2.42.42

;; AUTHORITY SECTION:
goertzen.               602956  IN      NS      ns1.
goertzen.

;; ADDITIONAL SECTION:
ns1.goertzen.           602956  IN      A       172.
20.0.4

;; Query time: 607 msec
;; SERVER: 127.0.0.11#53(127.0.0.11)
;; WHEN: Thu Aug 04 05:54:16 UTC 2022
;; MSG SIZE  rcvd: 123

root@a83f044988b7:/#
