
root@5965e8fd46e4:/# dig test670.goertzen

; <<>> DiG 9.16.1-Ubuntu <<>> test670.goertzen
;; global options: +cmd
;; Got answer:
;; ->>HEADER<<- opcode: QUERY, status: NOERROR, id:
64564
;; flags: qr rd ra; QUERY: 1, ANSWER: 1, AUTHORITY:
1, ADDITIONAL: 2

;; OPT PSEUDOSECTION:
; EDNS: version: 0, flags:; udp: 65355
; COOKIE: 035bf14f6022c4ad0100000062eb7298a42d9fa76a
62fc01 (good)
;; QUESTION SECTION:
;test670.goertzen.              IN      A

;; ANSWER SECTION:
test670.goertzen.       604800  IN      A       42.4
2.42.42

;; AUTHORITY SECTION:
goertzen.               601434  IN      NS      ns1.
goertzen.

;; ADDITIONAL SECTION:
ns1.goertzen.           601434  IN      A       172.
20.0.4

;; Query time: 607 msec
;; SERVER: 127.0.0.11#53(127.0.0.11)
;; WHEN: Thu Aug 04 07:17:44 UTC 2022
;; MSG SIZE  rcvd: 123

root@5965e8fd46e4:/#
