
root@5965e8fd46e4:/# dig test352.goertzen

; <<>> DiG 9.16.1-Ubuntu <<>> test352.goertzen
;; global options: +cmd
;; Got answer:
;; ->>HEADER<<- opcode: QUERY, status: NOERROR, id:
50546
;; flags: qr rd ra; QUERY: 1, ANSWER: 1, AUTHORITY:
1, ADDITIONAL: 2

;; OPT PSEUDOSECTION:
; EDNS: version: 0, flags:; udp: 65355
; COOKIE: 4f132da81dab8a350100000062eb6628f85bd819a0
e0024c (good)
;; QUESTION SECTION:
;test352.goertzen.              IN      A

;; ANSWER SECTION:
test352.goertzen.       604800  IN      A       42.4
2.42.42

;; AUTHORITY SECTION:
goertzen.               604618  IN      NS      ns1.
goertzen.

;; ADDITIONAL SECTION:
ns1.goertzen.           604618  IN      A       172.
20.0.4

;; Query time: 607 msec
;; SERVER: 127.0.0.11#53(127.0.0.11)
;; WHEN: Thu Aug 04 06:24:40 UTC 2022
;; MSG SIZE  rcvd: 123

root@5965e8fd46e4:/#
