
root@5965e8fd46e4:/# dig test675.goertzen

; <<>> DiG 9.16.1-Ubuntu <<>> test675.goertzen
;; global options: +cmd
;; Got answer:
;; ->>HEADER<<- opcode: QUERY, status: NOERROR, id:
56222
;; flags: qr rd ra; QUERY: 1, ANSWER: 1, AUTHORITY:
1, ADDITIONAL: 2

;; OPT PSEUDOSECTION:
; EDNS: version: 0, flags:; udp: 65355
; COOKIE: ec4e7f9c9fb66c160100000062eb72caf959b761eb
065bd3 (good)
;; QUESTION SECTION:
;test675.goertzen.              IN      A

;; ANSWER SECTION:
test675.goertzen.       604800  IN      A       42.4
2.42.42

;; AUTHORITY SECTION:
goertzen.               601384  IN      NS      ns1.
goertzen.

;; ADDITIONAL SECTION:
ns1.goertzen.           601384  IN      A       172.
20.0.4

;; Query time: 607 msec
;; SERVER: 127.0.0.11#53(127.0.0.11)
;; WHEN: Thu Aug 04 07:18:34 UTC 2022
;; MSG SIZE  rcvd: 123

root@5965e8fd46e4:/#
