
root@a83f044988b7:/# dig test198.goertzen

; <<>> DiG 9.16.1-Ubuntu <<>> test198.goertzen
;; global options: +cmd
;; Got answer:
;; ->>HEADER<<- opcode: QUERY, status: NOERROR, id:
6868
;; flags: qr rd ra; QUERY: 1, ANSWER: 1, AUTHORITY:
1, ADDITIONAL: 2

;; OPT PSEUDOSECTION:
; EDNS: version: 0, flags:; udp: 65355
; COOKIE: 4dbcd644ac9282350100000062eb5f9e7997078c70
53428e (good)
;; QUESTION SECTION:
;test198.goertzen.              IN      A

;; ANSWER SECTION:
test198.goertzen.       604800  IN      A       42.4
2.42.42

;; AUTHORITY SECTION:
goertzen.               602806  IN      NS      ns1.
goertzen.

;; ADDITIONAL SECTION:
ns1.goertzen.           602806  IN      A       172.
20.0.4

;; Query time: 607 msec
;; SERVER: 127.0.0.11#53(127.0.0.11)
;; WHEN: Thu Aug 04 05:56:46 UTC 2022
;; MSG SIZE  rcvd: 123

root@a83f044988b7:/#
