
root@121a74864c26:/# dig test563.goertzen

; <<>> DiG 9.16.1-Ubuntu <<>> test563.goertzen
;; global options: +cmd
;; Got answer:
;; ->>HEADER<<- opcode: QUERY, status: NOERROR, id: 46639
;; flags: qr rd ra; QUERY: 1, ANSWER: 1, AUTHORITY: 1, ADDITIONAL: 2

;; OPT PSEUDOSECTION:
; EDNS: version: 0, flags:; udp: 1232
; COOKIE: 9b18896c0141fcfe0100000062dc9a367eb91f0bb706784b (good)
;; QUESTION SECTION:
;test563.goertzen.              IN      A

;; ANSWER SECTION:
test563.goertzen.       604800  IN      A       42.42.42.42

;; AUTHORITY SECTION:
goertzen.               604386  IN      NS      ns1.goertzen.

;; ADDITIONAL SECTION:
ns1.goertzen.           604386  IN      A       172.20.0.4

;; Query time: 72 msec
;; SERVER: 127.0.0.11#53(127.0.0.11)
;; WHEN: Sun Jul 24 01:02:46 UTC 2022
;; MSG SIZE  rcvd: 123

root@121a74864c26:/#
