
root@121a74864c26:/# dig test485.goertzen

; <<>> DiG 9.16.1-Ubuntu <<>> test485.goertzen
;; global options: +cmd
;; Got answer:
;; ->>HEADER<<- opcode: QUERY, status: NOERROR, id: 13823
;; flags: qr rd ra; QUERY: 1, ANSWER: 1, AUTHORITY: 1, ADDITIONAL: 2

;; OPT PSEUDOSECTION:
; EDNS: version: 0, flags:; udp: 1232
; COOKIE: 91f498bacd6c8b280100000062dc99e8a16f611e4c2f98c2 (good)
;; QUESTION SECTION:
;test485.goertzen.              IN      A

;; ANSWER SECTION:
test485.goertzen.       604800  IN      A       42.42.42.42

;; AUTHORITY SECTION:
goertzen.               604464  IN      NS      ns1.goertzen.

;; ADDITIONAL SECTION:
ns1.goertzen.           604464  IN      A       172.20.0.4

;; Query time: 76 msec
;; SERVER: 127.0.0.11#53(127.0.0.11)
;; WHEN: Sun Jul 24 01:01:28 UTC 2022
;; MSG SIZE  rcvd: 123

root@121a74864c26:/#
