
root@121a74864c26:/# dig test440.goertzen

; <<>> DiG 9.16.1-Ubuntu <<>> test440.goertzen
;; global options: +cmd
;; Got answer:
;; ->>HEADER<<- opcode: QUERY, status: NOERROR, id: 32076
;; flags: qr rd ra; QUERY: 1, ANSWER: 1, AUTHORITY: 1, ADDITIONAL: 2

;; OPT PSEUDOSECTION:
; EDNS: version: 0, flags:; udp: 1232
; COOKIE: 381bfc30663b5eab0100000062dc99d113929a29988f332a (good)
;; QUESTION SECTION:
;test440.goertzen.              IN      A

;; ANSWER SECTION:
test440.goertzen.       604800  IN      A       42.42.42.42

;; AUTHORITY SECTION:
goertzen.               604487  IN      NS      ns1.goertzen.

;; ADDITIONAL SECTION:
ns1.goertzen.           604487  IN      A       172.20.0.4

;; Query time: 72 msec
;; SERVER: 127.0.0.11#53(127.0.0.11)
;; WHEN: Sun Jul 24 01:01:05 UTC 2022
;; MSG SIZE  rcvd: 123

root@121a74864c26:/#
