
root@121a74864c26:/# dig test815.goertzen

; <<>> DiG 9.16.1-Ubuntu <<>> test815.goertzen
;; global options: +cmd
;; Got answer:
;; ->>HEADER<<- opcode: QUERY, status: NOERROR, id: 20828
;; flags: qr rd ra; QUERY: 1, ANSWER: 1, AUTHORITY: 1, ADDITIONAL: 2

;; OPT PSEUDOSECTION:
; EDNS: version: 0, flags:; udp: 1232
; COOKIE: 51bdd472c20ba9020100000062dc9ab821858cc259ecb9d1 (good)
;; QUESTION SECTION:
;test815.goertzen.              IN      A

;; ANSWER SECTION:
test815.goertzen.       604800  IN      A       42.42.42.42

;; AUTHORITY SECTION:
goertzen.               604256  IN      NS      ns1.goertzen.

;; ADDITIONAL SECTION:
ns1.goertzen.           604256  IN      A       172.20.0.4

;; Query time: 72 msec
;; SERVER: 127.0.0.11#53(127.0.0.11)
;; WHEN: Sun Jul 24 01:04:56 UTC 2022
;; MSG SIZE  rcvd: 123

root@121a74864c26:/#
