
root@121a74864c26:/# dig test105.goertzen

; <<>> DiG 9.16.1-Ubuntu <<>> test105.goertzen
;; global options: +cmd
;; Got answer:
;; ->>HEADER<<- opcode: QUERY, status: NOERROR, id: 43732
;; flags: qr rd ra; QUERY: 1, ANSWER: 1, AUTHORITY: 1, ADDITIONAL: 2

;; OPT PSEUDOSECTION:
; EDNS: version: 0, flags:; udp: 1232
; COOKIE: cc7256c85b54d1940100000062dc9925663f713900314630 (good)
;; QUESTION SECTION:
;test105.goertzen.              IN      A

;; ANSWER SECTION:
test105.goertzen.       604800  IN      A       42.42.42.42

;; AUTHORITY SECTION:
goertzen.               604659  IN      NS      ns1.goertzen.

;; ADDITIONAL SECTION:
ns1.goertzen.           604659  IN      A       172.20.0.4

;; Query time: 76 msec
;; SERVER: 127.0.0.11#53(127.0.0.11)
;; WHEN: Sun Jul 24 00:58:13 UTC 2022
;; MSG SIZE  rcvd: 123

root@121a74864c26:/#
