
root@121a74864c26:/# dig test349.goertzen

; <<>> DiG 9.16.1-Ubuntu <<>> test349.goertzen
;; global options: +cmd
;; Got answer:
;; ->>HEADER<<- opcode: QUERY, status: NOERROR, id: 24767
;; flags: qr rd ra; QUERY: 1, ANSWER: 1, AUTHORITY: 1, ADDITIONAL: 2

;; OPT PSEUDOSECTION:
; EDNS: version: 0, flags:; udp: 1232
; COOKIE: b0f01ed2ea41913c0100000062dc99a2bcbb3a970d08a43a (good)
;; QUESTION SECTION:
;test349.goertzen.              IN      A

;; ANSWER SECTION:
test349.goertzen.       604800  IN      A       42.42.42.42

;; AUTHORITY SECTION:
goertzen.               604534  IN      NS      ns1.goertzen.

;; ADDITIONAL SECTION:
ns1.goertzen.           604534  IN      A       172.20.0.4

;; Query time: 76 msec
;; SERVER: 127.0.0.11#53(127.0.0.11)
;; WHEN: Sun Jul 24 01:00:18 UTC 2022
;; MSG SIZE  rcvd: 123

root@121a74864c26:/#
