
root@121a74864c26:/# dig test495.goertzen

; <<>> DiG 9.16.1-Ubuntu <<>> test495.goertzen
;; global options: +cmd
;; Got answer:
;; ->>HEADER<<- opcode: QUERY, status: NOERROR, id: 17365
;; flags: qr rd ra; QUERY: 1, ANSWER: 1, AUTHORITY: 1, ADDITIONAL: 2

;; OPT PSEUDOSECTION:
; EDNS: version: 0, flags:; udp: 1232
; COOKIE: c6a2e68367a4fe950100000062dc99edf4cb3d352aa7e5a0 (good)
;; QUESTION SECTION:
;test495.goertzen.              IN      A

;; ANSWER SECTION:
test495.goertzen.       604800  IN      A       42.42.42.42

;; AUTHORITY SECTION:
goertzen.               604459  IN      NS      ns1.goertzen.

;; ADDITIONAL SECTION:
ns1.goertzen.           604459  IN      A       172.20.0.4

;; Query time: 76 msec
;; SERVER: 127.0.0.11#53(127.0.0.11)
;; WHEN: Sun Jul 24 01:01:33 UTC 2022
;; MSG SIZE  rcvd: 123

root@121a74864c26:/#
