
root@121a74864c26:/# dig test621.goertzen

; <<>> DiG 9.16.1-Ubuntu <<>> test621.goertzen
;; global options: +cmd
;; Got answer:
;; ->>HEADER<<- opcode: QUERY, status: NOERROR, id: 56712
;; flags: qr rd ra; QUERY: 1, ANSWER: 1, AUTHORITY: 1, ADDITIONAL: 2

;; OPT PSEUDOSECTION:
; EDNS: version: 0, flags:; udp: 1232
; COOKIE: 28ca89daa8448af50100000062dc9a54a43aeef0f9245c2a (good)
;; QUESTION SECTION:
;test621.goertzen.              IN      A

;; ANSWER SECTION:
test621.goertzen.       604800  IN      A       42.42.42.42

;; AUTHORITY SECTION:
goertzen.               604356  IN      NS      ns1.goertzen.

;; ADDITIONAL SECTION:
ns1.goertzen.           604356  IN      A       172.20.0.4

;; Query time: 72 msec
;; SERVER: 127.0.0.11#53(127.0.0.11)
;; WHEN: Sun Jul 24 01:03:16 UTC 2022
;; MSG SIZE  rcvd: 123

root@121a74864c26:/#
