
root@121a74864c26:/# dig test733.goertzen

; <<>> DiG 9.16.1-Ubuntu <<>> test733.goertzen
;; global options: +cmd
;; Got answer:
;; ->>HEADER<<- opcode: QUERY, status: NOERROR, id: 25269
;; flags: qr rd ra; QUERY: 1, ANSWER: 1, AUTHORITY: 1, ADDITIONAL: 2

;; OPT PSEUDOSECTION:
; EDNS: version: 0, flags:; udp: 1232
; COOKIE: 6ac50f82ce0953d20100000062dc9a8e6aca189e4b7ccd5c (good)
;; QUESTION SECTION:
;test733.goertzen.              IN      A

;; ANSWER SECTION:
test733.goertzen.       604800  IN      A       42.42.42.42

;; AUTHORITY SECTION:
goertzen.               604298  IN      NS      ns1.goertzen.

;; ADDITIONAL SECTION:
ns1.goertzen.           604298  IN      A       172.20.0.4

;; Query time: 72 msec
;; SERVER: 127.0.0.11#53(127.0.0.11)
;; WHEN: Sun Jul 24 01:04:14 UTC 2022
;; MSG SIZE  rcvd: 123

root@121a74864c26:/#
