
root@121a74864c26:/# dig test959.goertzen

; <<>> DiG 9.16.1-Ubuntu <<>> test959.goertzen
;; global options: +cmd
;; Got answer:
;; ->>HEADER<<- opcode: QUERY, status: NOERROR, id: 11216
;; flags: qr rd ra; QUERY: 1, ANSWER: 1, AUTHORITY: 1, ADDITIONAL: 2

;; OPT PSEUDOSECTION:
; EDNS: version: 0, flags:; udp: 1232
; COOKIE: 441e19305f25e2c00100000062dc9b010e91e5b420d25449 (good)
;; QUESTION SECTION:
;test959.goertzen.              IN      A

;; ANSWER SECTION:
test959.goertzen.       604800  IN      A       42.42.42.42

;; AUTHORITY SECTION:
goertzen.               604183  IN      NS      ns1.goertzen.

;; ADDITIONAL SECTION:
ns1.goertzen.           604183  IN      A       172.20.0.4

;; Query time: 72 msec
;; SERVER: 127.0.0.11#53(127.0.0.11)
;; WHEN: Sun Jul 24 01:06:09 UTC 2022
;; MSG SIZE  rcvd: 123

root@121a74864c26:/#
