
root@121a74864c26:/# dig test683.goertzen

; <<>> DiG 9.16.1-Ubuntu <<>> test683.goertzen
;; global options: +cmd
;; Got answer:
;; ->>HEADER<<- opcode: QUERY, status: NOERROR, id: 63591
;; flags: qr rd ra; QUERY: 1, ANSWER: 1, AUTHORITY: 1, ADDITIONAL: 2

;; OPT PSEUDOSECTION:
; EDNS: version: 0, flags:; udp: 1232
; COOKIE: a7fa9b1867a9cf7f0100000062dc9a7420f98cf4bbcddd83 (good)
;; QUESTION SECTION:
;test683.goertzen.              IN      A

;; ANSWER SECTION:
test683.goertzen.       604800  IN      A       42.42.42.42

;; AUTHORITY SECTION:
goertzen.               604324  IN      NS      ns1.goertzen.

;; ADDITIONAL SECTION:
ns1.goertzen.           604324  IN      A       172.20.0.4

;; Query time: 84 msec
;; SERVER: 127.0.0.11#53(127.0.0.11)
;; WHEN: Sun Jul 24 01:03:48 UTC 2022
;; MSG SIZE  rcvd: 123

root@121a74864c26:/#
