
root@121a74864c26:/# dig test578.goertzen

; <<>> DiG 9.16.1-Ubuntu <<>> test578.goertzen
;; global options: +cmd
;; Got answer:
;; ->>HEADER<<- opcode: QUERY, status: NOERROR, id: 365
;; flags: qr rd ra; QUERY: 1, ANSWER: 1, AUTHORITY: 1, ADDITIONAL: 2

;; OPT PSEUDOSECTION:
; EDNS: version: 0, flags:; udp: 1232
; COOKIE: 669502f83b431af80100000062dc9a3ee036ed0fff3b3122 (good)
;; QUESTION SECTION:
;test578.goertzen.              IN      A

;; ANSWER SECTION:
test578.goertzen.       604800  IN      A       42.42.42.42

;; AUTHORITY SECTION:
goertzen.               604378  IN      NS      ns1.goertzen.

;; ADDITIONAL SECTION:
ns1.goertzen.           604378  IN      A       172.20.0.4

;; Query time: 72 msec
;; SERVER: 127.0.0.11#53(127.0.0.11)
;; WHEN: Sun Jul 24 01:02:54 UTC 2022
;; MSG SIZE  rcvd: 123

root@121a74864c26:/#
