
root@121a74864c26:/# dig test452.goertzen

; <<>> DiG 9.16.1-Ubuntu <<>> test452.goertzen
;; global options: +cmd
;; Got answer:
;; ->>HEADER<<- opcode: QUERY, status: NOERROR, id: 37841
;; flags: qr rd ra; QUERY: 1, ANSWER: 1, AUTHORITY: 1, ADDITIONAL: 2

;; OPT PSEUDOSECTION:
; EDNS: version: 0, flags:; udp: 1232
; COOKIE: cab4e92038f8b1ac0100000062dc99d7bbe22b17a11883cd (good)
;; QUESTION SECTION:
;test452.goertzen.              IN      A

;; ANSWER SECTION:
test452.goertzen.       604800  IN      A       42.42.42.42

;; AUTHORITY SECTION:
goertzen.               604481  IN      NS      ns1.goertzen.

;; ADDITIONAL SECTION:
ns1.goertzen.           604481  IN      A       172.20.0.4

;; Query time: 72 msec
;; SERVER: 127.0.0.11#53(127.0.0.11)
;; WHEN: Sun Jul 24 01:01:11 UTC 2022
;; MSG SIZE  rcvd: 123

root@121a74864c26:/#
