
root@3d870ccbcfa6:/# dig test869.goertzen

; <<>> DiG 9.16.1-Ubuntu <<>> test869.goertzen
;; global options: +cmd
;; Got answer:
;; ->>HEADER<<- opcode: QUERY, status: NOERROR, id: 28262
;; flags: qr rd ra; QUERY: 1, ANSWER: 1, AUTHORITY: 1, ADDITIONAL: 2

;; OPT PSEUDOSECTION:
; EDNS: version: 0, flags:; udp: 65355
; COOKIE: cc4a1df6b1ec1f910100000062dc1ba24c0ee1587650d562 (good)
;; QUESTION SECTION:
;test869.goertzen.              IN      A

;; ANSWER SECTION:
test869.goertzen.       604800  IN      A       42.42.42.42

;; AUTHORITY SECTION:
goertzen.               604350  IN      NS      ns1.goertzen.

;; ADDITIONAL SECTION:
ns1.goertzen.           604350  IN      A       172.20.0.4

;; Query time: 8 msec
;; SERVER: 127.0.0.11#53(127.0.0.11)
;; WHEN: Sat Jul 23 16:02:42 UTC 2022
;; MSG SIZE  rcvd: 123

root@3d870ccbcfa6:/#
