
root@3d870ccbcfa6:/# dig test279.goertzen

; <<>> DiG 9.16.1-Ubuntu <<>> test279.goertzen
;; global options: +cmd
;; Got answer:
;; ->>HEADER<<- opcode: QUERY, status: NOERROR, id: 46965
;; flags: qr rd ra; QUERY: 1, ANSWER: 1, AUTHORITY: 1, ADDITIONAL: 2

;; OPT PSEUDOSECTION:
; EDNS: version: 0, flags:; udp: 65355
; COOKIE: c851536a4b76f25b0100000062dc1a74a7137e351f3c1d75 (good)
;; QUESTION SECTION:
;test279.goertzen.              IN      A

;; ANSWER SECTION:
test279.goertzen.       604800  IN      A       42.42.42.42

;; AUTHORITY SECTION:
goertzen.               604652  IN      NS      ns1.goertzen.

;; ADDITIONAL SECTION:
ns1.goertzen.           604652  IN      A       172.20.0.4

;; Query time: 8 msec
;; SERVER: 127.0.0.11#53(127.0.0.11)
;; WHEN: Sat Jul 23 15:57:40 UTC 2022
;; MSG SIZE  rcvd: 123

root@3d870ccbcfa6:/#
