
root@3d870ccbcfa6:/# dig test634.goertzen

; <<>> DiG 9.16.1-Ubuntu <<>> test634.goertzen
;; global options: +cmd
;; Got answer:
;; ->>HEADER<<- opcode: QUERY, status: NOERROR, id: 11194
;; flags: qr rd ra; QUERY: 1, ANSWER: 1, AUTHORITY: 1, ADDITIONAL: 2

;; OPT PSEUDOSECTION:
; EDNS: version: 0, flags:; udp: 65355
; COOKIE: c1f23cfe7cf398410100000062dc1b2a0fd51db8979d45d9 (good)
;; QUESTION SECTION:
;test634.goertzen.              IN      A

;; ANSWER SECTION:
test634.goertzen.       604800  IN      A       42.42.42.42

;; AUTHORITY SECTION:
goertzen.               604470  IN      NS      ns1.goertzen.

;; ADDITIONAL SECTION:
ns1.goertzen.           604470  IN      A       172.20.0.4

;; Query time: 8 msec
;; SERVER: 127.0.0.11#53(127.0.0.11)
;; WHEN: Sat Jul 23 16:00:42 UTC 2022
;; MSG SIZE  rcvd: 123

root@3d870ccbcfa6:/#
