
root@3d870ccbcfa6:/# dig test921.goertzen

; <<>> DiG 9.16.1-Ubuntu <<>> test921.goertzen
;; global options: +cmd
;; Got answer:
;; ->>HEADER<<- opcode: QUERY, status: NOERROR, id: 46537
;; flags: qr rd ra; QUERY: 1, ANSWER: 1, AUTHORITY: 1, ADDITIONAL: 2

;; OPT PSEUDOSECTION:
; EDNS: version: 0, flags:; udp: 65355
; COOKIE: 05c4b65c5c0c7c400100000062dc1bbd09838a37a71ba06d (good)
;; QUESTION SECTION:
;test921.goertzen.              IN      A

;; ANSWER SECTION:
test921.goertzen.       604800  IN      A       42.42.42.42

;; AUTHORITY SECTION:
goertzen.               604323  IN      NS      ns1.goertzen.

;; ADDITIONAL SECTION:
ns1.goertzen.           604323  IN      A       172.20.0.4

;; Query time: 8 msec
;; SERVER: 127.0.0.11#53(127.0.0.11)
;; WHEN: Sat Jul 23 16:03:09 UTC 2022
;; MSG SIZE  rcvd: 123

root@3d870ccbcfa6:/#
