
root@3d870ccbcfa6:/# dig test168.goertzen

; <<>> DiG 9.16.1-Ubuntu <<>> test168.goertzen
;; global options: +cmd
;; Got answer:
;; ->>HEADER<<- opcode: QUERY, status: NOERROR, id: 2873
;; flags: qr rd ra; QUERY: 1, ANSWER: 1, AUTHORITY: 1, ADDITIONAL: 2

;; OPT PSEUDOSECTION:
; EDNS: version: 0, flags:; udp: 65355
; COOKIE: 36c7ed9a8c78fafb0100000062dc1a3bffadede572e74735 (good)
;; QUESTION SECTION:
;test168.goertzen.              IN      A

;; ANSWER SECTION:
test168.goertzen.       604800  IN      A       42.42.42.42

;; AUTHORITY SECTION:
goertzen.               604709  IN      NS      ns1.goertzen.

;; ADDITIONAL SECTION:
ns1.goertzen.           604709  IN      A       172.20.0.4

;; Query time: 8 msec
;; SERVER: 127.0.0.11#53(127.0.0.11)
;; WHEN: Sat Jul 23 15:56:43 UTC 2022
;; MSG SIZE  rcvd: 123

root@3d870ccbcfa6:/#
