
root@3d870ccbcfa6:/# dig test824.goertzen

; <<>> DiG 9.16.1-Ubuntu <<>> test824.goertzen
;; global options: +cmd
;; Got answer:
;; ->>HEADER<<- opcode: QUERY, status: NOERROR, id: 20080
;; flags: qr rd ra; QUERY: 1, ANSWER: 1, AUTHORITY: 1, ADDITIONAL: 2

;; OPT PSEUDOSECTION:
; EDNS: version: 0, flags:; udp: 65355
; COOKIE: 5f5e12606ae575780100000062dc1b8b92bf689cf2aa06d6 (good)
;; QUESTION SECTION:
;test824.goertzen.              IN      A

;; ANSWER SECTION:
test824.goertzen.       604800  IN      A       42.42.42.42

;; AUTHORITY SECTION:
goertzen.               604373  IN      NS      ns1.goertzen.

;; ADDITIONAL SECTION:
ns1.goertzen.           604373  IN      A       172.20.0.4

;; Query time: 8 msec
;; SERVER: 127.0.0.11#53(127.0.0.11)
;; WHEN: Sat Jul 23 16:02:19 UTC 2022
;; MSG SIZE  rcvd: 123

root@3d870ccbcfa6:/#
