
root@b343b8d2a78a:/# dig test703.goertzen

; <<>> DiG 9.16.1-Ubuntu <<>> test703.goertzen
;; global options: +cmd
;; Got answer:
;; ->>HEADER<<- opcode: QUERY, status: NOERROR, id: 45
256
;; flags: qr rd ra; QUERY: 1, ANSWER: 1, AUTHORITY: 1,
 ADDITIONAL: 2

;; OPT PSEUDOSECTION:
; EDNS: version: 0, flags:; udp: 65355
; COOKIE: 1e4c87e23207bcba0100000062ec30524d107335c286
e4d5 (good)
;; QUESTION SECTION:
;test703.goertzen.              IN      A

;; ANSWER SECTION:
test703.goertzen.       604800  IN      A       42.42.
42.42

;; AUTHORITY SECTION:
goertzen.               604417  IN      NS      ns1.go
ertzen.

;; ADDITIONAL SECTION:
ns1.goertzen.           604417  IN      A       172.20
.0.4

;; Query time: 31 msec
;; SERVER: 127.0.0.11#53(127.0.0.11)
;; WHEN: Thu Aug 04 20:47:14 UTC 2022
;; MSG SIZE  rcvd: 123

root@b343b8d2a78a:/#
