
root@84035fb4dc2d:/# dig test32.goertzen

; <<>> DiG 9.16.1-Ubuntu <<>> test32.goertzen
;; global options: +cmd
;; Got answer:
;; ->>HEADER<<- opcode: QUERY, status: NOERROR, id: 49
378
;; flags: qr rd ra; QUERY: 1, ANSWER: 1, AUTHORITY: 1,
 ADDITIONAL: 2

;; OPT PSEUDOSECTION:
; EDNS: version: 0, flags:; udp: 65355
; COOKIE: fd98f18233fcb0170100000062ec2d30b8133bad0eda
4034 (good)
;; QUESTION SECTION:
;test32.goertzen.               IN      A

;; ANSWER SECTION:
test32.goertzen.        604800  IN      A       42.42.
42.42

;; AUTHORITY SECTION:
goertzen.               604758  IN      NS      ns1.go
ertzen.

;; ADDITIONAL SECTION:
ns1.goertzen.           604758  IN      A       172.20
.0.4

;; Query time: 7 msec
;; SERVER: 127.0.0.11#53(127.0.0.11)
;; WHEN: Thu Aug 04 20:33:52 UTC 2022
;; MSG SIZE  rcvd: 122

root@84035fb4dc2d:/#
