
root@b343b8d2a78a:/# dig test910.goertzen

; <<>> DiG 9.16.1-Ubuntu <<>> test910.goertzen
;; global options: +cmd
;; Got answer:
;; ->>HEADER<<- opcode: QUERY, status: NOERROR, id: 87
02
;; flags: qr rd ra; QUERY: 1, ANSWER: 1, AUTHORITY: 1,
 ADDITIONAL: 2

;; OPT PSEUDOSECTION:
; EDNS: version: 0, flags:; udp: 65355
; COOKIE: 6c33a77c7ca629420100000062ec3123bd39e74f8906
2c1a (good)
;; QUESTION SECTION:
;test910.goertzen.              IN      A

;; ANSWER SECTION:
test910.goertzen.       604800  IN      A       42.42.
42.42

;; AUTHORITY SECTION:
goertzen.               604208  IN      NS      ns1.go
ertzen.

;; ADDITIONAL SECTION:
ns1.goertzen.           604208  IN      A       172.20
.0.4

;; Query time: 7 msec
;; SERVER: 127.0.0.11#53(127.0.0.11)
;; WHEN: Thu Aug 04 20:50:43 UTC 2022
;; MSG SIZE  rcvd: 123

root@b343b8d2a78a:/#
