
root@b343b8d2a78a:/# dig test625.goertzen

; <<>> DiG 9.16.1-Ubuntu <<>> test625.goertzen
;; global options: +cmd
;; Got answer:
;; ->>HEADER<<- opcode: QUERY, status: NOERROR, id: 50
463
;; flags: qr rd ra; QUERY: 1, ANSWER: 1, AUTHORITY: 1,
 ADDITIONAL: 2

;; OPT PSEUDOSECTION:
; EDNS: version: 0, flags:; udp: 65355
; COOKIE: 1b79ede5caded20a0100000062ec3003ff699c95ab2b
2e0c (good)
;; QUESTION SECTION:
;test625.goertzen.              IN      A

;; ANSWER SECTION:
test625.goertzen.       604800  IN      A       42.42.
42.42

;; AUTHORITY SECTION:
goertzen.               604496  IN      NS      ns1.go
ertzen.

;; ADDITIONAL SECTION:
ns1.goertzen.           604496  IN      A       172.20
.0.4

;; Query time: 7 msec
;; SERVER: 127.0.0.11#53(127.0.0.11)
;; WHEN: Thu Aug 04 20:45:55 UTC 2022
;; MSG SIZE  rcvd: 123

root@b343b8d2a78a:/#
