
root@84035fb4dc2d:/# dig test272.goertzen

; <<>> DiG 9.16.1-Ubuntu <<>> test272.goertzen
;; global options: +cmd
;; Got answer:
;; ->>HEADER<<- opcode: QUERY, status: NOERROR, id: 37
108
;; flags: qr rd ra; QUERY: 1, ANSWER: 1, AUTHORITY: 1,
 ADDITIONAL: 2

;; OPT PSEUDOSECTION:
; EDNS: version: 0, flags:; udp: 65355
; COOKIE: fb60f3194ea077fe0100000062ec2e23efaac8a11e36
edf3 (good)
;; QUESTION SECTION:
;test272.goertzen.              IN      A

;; ANSWER SECTION:
test272.goertzen.       604800  IN      A       42.42.
42.42

;; AUTHORITY SECTION:
goertzen.               604515  IN      NS      ns1.go
ertzen.

;; ADDITIONAL SECTION:
ns1.goertzen.           604515  IN      A       172.20
.0.4

;; Query time: 11 msec
;; SERVER: 127.0.0.11#53(127.0.0.11)
;; WHEN: Thu Aug 04 20:37:55 UTC 2022
;; MSG SIZE  rcvd: 123

root@84035fb4dc2d:/#
