
root@346b2dde2680:/# dig test981.goertzen

; <<>> DiG 9.16.1-Ubuntu <<>> test981.goertzen
;; global options: +cmd
;; Got answer:
;; ->>HEADER<<- opcode: QUERY, status: NOERROR, id: 26
325
;; flags: qr rd ra; QUERY: 1, ANSWER: 1, AUTHORITY: 1,
 ADDITIONAL: 2

;; OPT PSEUDOSECTION:
; EDNS: version: 0, flags:; udp: 65355
; COOKIE: 97fcb618994ba9140100000062ec31d6ecb5ccfe1aab
170b (good)
;; QUESTION SECTION:
;test981.goertzen.              IN      A

;; ANSWER SECTION:
test981.goertzen.       604800  IN      A       42.42.
42.42

;; AUTHORITY SECTION:
goertzen.               604730  IN      NS      ns1.go
ertzen.

;; ADDITIONAL SECTION:
ns1.goertzen.           604730  IN      A       172.20
.0.4

;; Query time: 7 msec
;; SERVER: 127.0.0.11#53(127.0.0.11)
;; WHEN: Thu Aug 04 20:53:42 UTC 2022
;; MSG SIZE  rcvd: 123

root@346b2dde2680:/#
