
root@84035fb4dc2d:/# dig test187.goertzen

; <<>> DiG 9.16.1-Ubuntu <<>> test187.goertzen
;; global options: +cmd
;; Got answer:
;; ->>HEADER<<- opcode: QUERY, status: NOERROR, id: 31
576
;; flags: qr rd ra; QUERY: 1, ANSWER: 1, AUTHORITY: 1,
 ADDITIONAL: 2

;; OPT PSEUDOSECTION:
; EDNS: version: 0, flags:; udp: 65355
; COOKIE: 8b1b7636b2232f270100000062ec2dcdd30a1e2e76f6
9608 (good)
;; QUESTION SECTION:
;test187.goertzen.              IN      A

;; ANSWER SECTION:
test187.goertzen.       604800  IN      A       42.42.
42.42

;; AUTHORITY SECTION:
goertzen.               604601  IN      NS      ns1.go
ertzen.

;; ADDITIONAL SECTION:
ns1.goertzen.           604601  IN      A       172.20
.0.4

;; Query time: 7 msec
;; SERVER: 127.0.0.11#53(127.0.0.11)
;; WHEN: Thu Aug 04 20:36:29 UTC 2022
;; MSG SIZE  rcvd: 123

root@84035fb4dc2d:/#
