
root@8a24518bf67f:/# dig test207.goertzen

; <<>> DiG 9.16.1-Ubuntu <<>> test207.goertzen
;; global options: +cmd
;; Got answer:
;; ->>HEADER<<- opcode: QUERY, status: NOERROR, id: 10529
;; flags: qr rd ra; QUERY: 1, ANSWER: 1, AUTHORITY: 1, ADDITIONAL: 2

;; OPT PSEUDOSECTION:
; EDNS: version: 0, flags:; udp: 65355
; COOKIE: 8b05c95ae0cc188f0100000062debef7cebd39369185f574 (good)
;; QUESTION SECTION:
;test207.goertzen.              IN      A

;; ANSWER SECTION:
test207.goertzen.       604800  IN      A       42.42.42.42

;; AUTHORITY SECTION:
goertzen.               601671  IN      NS      ns1.goertzen.

;; ADDITIONAL SECTION:
ns1.goertzen.           601671  IN      A       172.20.0.4

;; Query time: 1336 msec
;; SERVER: 127.0.0.11#53(127.0.0.11)
;; WHEN: Mon Jul 25 16:04:07 UTC 2022
;; MSG SIZE  rcvd: 123

root@8a24518bf67f:/#
