
root@8a24518bf67f:/# dig test165.goertzen

; <<>> DiG 9.16.1-Ubuntu <<>> test165.goertzen
;; global options: +cmd
;; Got answer:
;; ->>HEADER<<- opcode: QUERY, status: NOERROR, id: 56224
;; flags: qr rd ra; QUERY: 1, ANSWER: 1, AUTHORITY: 1, ADDITIONAL: 2

;; OPT PSEUDOSECTION:
; EDNS: version: 0, flags:; udp: 65355
; COOKIE: c99c7a5c1b1849160100000062debc80eaa91a1281b6cf38 (good)
;; QUESTION SECTION:
;test165.goertzen.              IN      A

;; ANSWER SECTION:
test165.goertzen.       604800  IN      A       42.42.42.42

;; AUTHORITY SECTION:
goertzen.               602302  IN      NS      ns1.goertzen.

;; ADDITIONAL SECTION:
ns1.goertzen.           602302  IN      A       172.20.0.4

;; Query time: 1332 msec
;; SERVER: 127.0.0.11#53(127.0.0.11)
;; WHEN: Mon Jul 25 15:53:36 UTC 2022
;; MSG SIZE  rcvd: 123

root@8a24518bf67f:/#
