
root@587b0722c5fa:/# dig test709.goertzen

; <<>> DiG 9.16.1-Ubuntu <<>> test709.goertzen
;; global options: +cmd
;; Got answer:
;; ->>HEADER<<- opcode: QUERY, status: NOERROR, id: 6701
;; flags: qr rd ra; QUERY: 1, ANSWER: 1, AUTHORITY: 1, ADDITIONAL: 2

;; OPT PSEUDOSECTION:
; EDNS: version: 0, flags:; udp: 65355
; COOKIE: 153a978a3c4843770100000062dedf000adc4d6d62f3cda3 (good)
;; QUESTION SECTION:
;test709.goertzen.              IN      A

;; ANSWER SECTION:
test709.goertzen.       604800  IN      A       42.42.42.42

;; AUTHORITY SECTION:
goertzen.               603877  IN      NS      ns1.goertzen.

;; ADDITIONAL SECTION:
ns1.goertzen.           603877  IN      A       172.20.0.4

;; Query time: 1340 msec
;; SERVER: 127.0.0.11#53(127.0.0.11)
;; WHEN: Mon Jul 25 18:20:48 UTC 2022
;; MSG SIZE  rcvd: 123

root@587b0722c5fa:/#
