
root@0d00d7ef1c93:/# dig test341.goertzen

; <<>> DiG 9.16.1-Ubuntu <<>> test341.goertzen
;; global options: +cmd
;; Got answer:
;; ->>HEADER<<- opcode: QUERY, status: NOERROR, id: 1439
;; flags: qr rd ra; QUERY: 1, ANSWER: 1, AUTHORITY: 1, ADDITIONAL: 2

;; OPT PSEUDOSECTION:
; EDNS: version: 0, flags:; udp: 65355
; COOKIE: 33cd3399b73156a70100000062dec88959b8a1711aa6a765 (good)
;; QUESTION SECTION:
;test341.goertzen.              IN      A

;; ANSWER SECTION:
test341.goertzen.       604800  IN      A       42.42.42.42

;; AUTHORITY SECTION:
goertzen.               604703  IN      NS      ns1.goertzen.

;; ADDITIONAL SECTION:
ns1.goertzen.           604703  IN      A       172.20.0.4

;; Query time: 1352 msec
;; SERVER: 127.0.0.11#53(127.0.0.11)
;; WHEN: Mon Jul 25 16:44:57 UTC 2022
;; MSG SIZE  rcvd: 123

root@0d00d7ef1c93:/#
