
root@d4477775b54c:/# dig test290.goertzen

; <<>> DiG 9.16.1-Ubuntu <<>> test290.goertzen
;; global options: +cmd
;; Got answer:
;; ->>HEADER<<- opcode: QUERY, status: NOERROR, id: 19945
;; flags: qr rd ra; QUERY: 1, ANSWER: 1, AUTHORITY: 1, ADDITIONAL: 2

;; OPT PSEUDOSECTION:
; EDNS: version: 0, flags:; udp: 65355
; COOKIE: 543b4fa5324907450100000062dec4a80f70172876627fc2 (good)
;; QUESTION SECTION:
;test290.goertzen.              IN      A

;; ANSWER SECTION:
test290.goertzen.       604800  IN      A       42.42.42.42

;; AUTHORITY SECTION:
goertzen.               604554  IN      NS      ns1.goertzen.

;; ADDITIONAL SECTION:
ns1.goertzen.           604554  IN      A       172.20.0.4

;; Query time: 1336 msec
;; SERVER: 127.0.0.11#53(127.0.0.11)
;; WHEN: Mon Jul 25 16:28:25 UTC 2022
;; MSG SIZE  rcvd: 123

root@d4477775b54c:/#
