
root@8a24518bf67f:/# dig test230.goertzen

; <<>> DiG 9.16.1-Ubuntu <<>> test230.goertzen
;; global options: +cmd
;; Got answer:
;; ->>HEADER<<- opcode: QUERY, status: NOERROR, id: 22622
;; flags: qr rd ra; QUERY: 1, ANSWER: 1, AUTHORITY: 1, ADDITIONAL: 2

;; OPT PSEUDOSECTION:
; EDNS: version: 0, flags:; udp: 65355
; COOKIE: d838013b286b66520100000062dec050449d4227ed290ffb (good)
;; QUESTION SECTION:
;test230.goertzen.              IN      A

;; ANSWER SECTION:
test230.goertzen.       604800  IN      A       42.42.42.42

;; AUTHORITY SECTION:
goertzen.               601326  IN      NS      ns1.goertzen.

;; ADDITIONAL SECTION:
ns1.goertzen.           601326  IN      A       172.20.0.4

;; Query time: 1336 msec
;; SERVER: 127.0.0.11#53(127.0.0.11)
;; WHEN: Mon Jul 25 16:09:52 UTC 2022
;; MSG SIZE  rcvd: 123

root@8a24518bf67f:/#
