
root@587b0722c5fa:/# dig test852.goertzen

; <<>> DiG 9.16.1-Ubuntu <<>> test852.goertzen
;; global options: +cmd
;; Got answer:
;; ->>HEADER<<- opcode: QUERY, status: NOERROR, id: 56452
;; flags: qr rd ra; QUERY: 1, ANSWER: 1, AUTHORITY: 1, ADDITIONAL: 2

;; OPT PSEUDOSECTION:
; EDNS: version: 0, flags:; udp: 65355
; COOKIE: 9de4fcfd6f4a42740100000062dee763f003a9ad1a935473 (good)
;; QUESTION SECTION:
;test852.goertzen.              IN      A

;; ANSWER SECTION:
test852.goertzen.       604800  IN      A       42.42.42.42

;; AUTHORITY SECTION:
goertzen.               601730  IN      NS      ns1.goertzen.

;; ADDITIONAL SECTION:
ns1.goertzen.           601730  IN      A       172.20.0.4

;; Query time: 1348 msec
;; SERVER: 127.0.0.11#53(127.0.0.11)
;; WHEN: Mon Jul 25 18:56:35 UTC 2022
;; MSG SIZE  rcvd: 123

root@587b0722c5fa:/#
