
root@8a24518bf67f:/# dig test148.goertzen

; <<>> DiG 9.16.1-Ubuntu <<>> test148.goertzen
;; global options: +cmd
;; Got answer:
;; ->>HEADER<<- opcode: QUERY, status: NOERROR, id: 29270
;; flags: qr rd ra; QUERY: 1, ANSWER: 1, AUTHORITY: 1, ADDITIONAL: 2

;; OPT PSEUDOSECTION:
; EDNS: version: 0, flags:; udp: 65355
; COOKIE: 618a546956345deb0100000062debb8170ad0e7c68d9751d (good)
;; QUESTION SECTION:
;test148.goertzen.              IN      A

;; ANSWER SECTION:
test148.goertzen.       604800  IN      A       42.42.42.42

;; AUTHORITY SECTION:
goertzen.               602557  IN      NS      ns1.goertzen.

;; ADDITIONAL SECTION:
ns1.goertzen.           602557  IN      A       172.20.0.4

;; Query time: 1352 msec
;; SERVER: 127.0.0.11#53(127.0.0.11)
;; WHEN: Mon Jul 25 15:49:21 UTC 2022
;; MSG SIZE  rcvd: 123

root@8a24518bf67f:/#
