
root@8a24518bf67f:/# dig test190.goertzen

; <<>> DiG 9.16.1-Ubuntu <<>> test190.goertzen
;; global options: +cmd
;; Got answer:
;; ->>HEADER<<- opcode: QUERY, status: NOERROR, id: 9537
;; flags: qr rd ra; QUERY: 1, ANSWER: 1, AUTHORITY: 1, ADDITIONAL: 2

;; OPT PSEUDOSECTION:
; EDNS: version: 0, flags:; udp: 65355
; COOKIE: 9056dc6e8eb8c22b0100000062debdf8e3b1e048094fbbac (good)
;; QUESTION SECTION:
;test190.goertzen.              IN      A

;; ANSWER SECTION:
test190.goertzen.       604800  IN      A       42.42.42.42

;; AUTHORITY SECTION:
goertzen.               601926  IN      NS      ns1.goertzen.

;; ADDITIONAL SECTION:
ns1.goertzen.           601926  IN      A       172.20.0.4

;; Query time: 1344 msec
;; SERVER: 127.0.0.11#53(127.0.0.11)
;; WHEN: Mon Jul 25 15:59:52 UTC 2022
;; MSG SIZE  rcvd: 123

root@8a24518bf67f:/#
