
root@8a24518bf67f:/# dig test105.goertzen

; <<>> DiG 9.16.1-Ubuntu <<>> test105.goertzen
;; global options: +cmd
;; Got answer:
;; ->>HEADER<<- opcode: QUERY, status: NOERROR, id: 62510
;; flags: qr rd ra; QUERY: 1, ANSWER: 1, AUTHORITY: 1, ADDITIONAL: 2

;; OPT PSEUDOSECTION:
; EDNS: version: 0, flags:; udp: 65355
; COOKIE: 1d630c2dae5afcc50100000062deb8fc752114255a837d5e (good)
;; QUESTION SECTION:
;test105.goertzen.              IN      A

;; ANSWER SECTION:
test105.goertzen.       604800  IN      A       42.42.42.42

;; AUTHORITY SECTION:
goertzen.               603202  IN      NS      ns1.goertzen.

;; ADDITIONAL SECTION:
ns1.goertzen.           603202  IN      A       172.20.0.4

;; Query time: 1352 msec
;; SERVER: 127.0.0.11#53(127.0.0.11)
;; WHEN: Mon Jul 25 15:38:36 UTC 2022
;; MSG SIZE  rcvd: 123

root@8a24518bf67f:/#
