
root@587b0722c5fa:/# dig test670.goertzen

; <<>> DiG 9.16.1-Ubuntu <<>> test670.goertzen
;; global options: +cmd
;; Got answer:
;; ->>HEADER<<- opcode: QUERY, status: NOERROR, id: 29170
;; flags: qr rd ra; QUERY: 1, ANSWER: 1, AUTHORITY: 1, ADDITIONAL: 2

;; OPT PSEUDOSECTION:
; EDNS: version: 0, flags:; udp: 65355
; COOKIE: 86522cbf7ef9c11d0100000062dedcb67cc0a2ce2af27021 (good)
;; QUESTION SECTION:
;test670.goertzen.              IN      A

;; ANSWER SECTION:
test670.goertzen.       604800  IN      A       42.42.42.42

;; AUTHORITY SECTION:
goertzen.               604463  IN      NS      ns1.goertzen.

;; ADDITIONAL SECTION:
ns1.goertzen.           604463  IN      A       172.20.0.4

;; Query time: 1336 msec
;; SERVER: 127.0.0.11#53(127.0.0.11)
;; WHEN: Mon Jul 25 18:11:02 UTC 2022
;; MSG SIZE  rcvd: 123

root@587b0722c5fa:/#
