
root@a19616d52342:/# dig test746.goertzen

; <<>> DiG 9.16.1-Ubuntu <<>> test746.goertzen
;; global options: +cmd
;; Got answer:
;; ->>HEADER<<- opcode: QUERY, status: NOERROR, id: 40754
;; flags: qr rd ra; QUERY: 1, ANSWER: 1, AUTHORITY: 1, ADDITIONAL: 2

;; OPT PSEUDOSECTION:
; EDNS: version: 0, flags:; udp: 65355
; COOKIE: 6b3407003b3c2c2d0100000062e85ecf8950047814cf4043 (good)
;; QUESTION SECTION:
;test746.goertzen.              IN      A

;; ANSWER SECTION:
test746.goertzen.       604800  IN      A       42.42.42.42

;; AUTHORITY SECTION:
goertzen.               603638  IN      NS      ns1.goertzen.

;; ADDITIONAL SECTION:
ns1.goertzen.           603638  IN      A       172.20.0.4

;; Query time: 312 msec
;; SERVER: 127.0.0.11#53(127.0.0.11)
;; WHEN: Mon Aug 01 23:16:31 UTC 2022
;; MSG SIZE  rcvd: 123

root@a19616d52342:/#
