
root@a19616d52342:/# dig test691.goertzen

; <<>> DiG 9.16.1-Ubuntu <<>> test691.goertzen
;; global options: +cmd
;; Got answer:
;; ->>HEADER<<- opcode: QUERY, status: NOERROR, id: 57371
;; flags: qr rd ra; QUERY: 1, ANSWER: 1, AUTHORITY: 1, ADDITIONAL: 2

;; OPT PSEUDOSECTION:
; EDNS: version: 0, flags:; udp: 65355
; COOKIE: ebf2375daec7b2e40100000062e85e2ab016d54c1a74c538 (good)
;; QUESTION SECTION:
;test691.goertzen.              IN      A

;; ANSWER SECTION:
test691.goertzen.       604800  IN      A       42.42.42.42

;; AUTHORITY SECTION:
goertzen.               603803  IN      NS      ns1.goertzen.

;; ADDITIONAL SECTION:
ns1.goertzen.           603803  IN      A       172.20.0.4

;; Query time: 320 msec
;; SERVER: 127.0.0.11#53(127.0.0.11)
;; WHEN: Mon Aug 01 23:13:46 UTC 2022
;; MSG SIZE  rcvd: 123

root@a19616d52342:/#
