
root@4b3d71ef9fe9:/# dig test904.goertzen

; <<>> DiG 9.16.1-Ubuntu <<>> test904.goertzen
;; global options: +cmd
;; Got answer:
;; ->>HEADER<<- opcode: QUERY, status: NOERROR, id: 53261
;; flags: qr rd ra; QUERY: 1, ANSWER: 1, AUTHORITY: 1, ADDITI
ONAL: 2

;; OPT PSEUDOSECTION:
; EDNS: version: 0, flags:; udp: 65355
; COOKIE: 320b0afe3f52cba50100000062eb1940f2108f062a942161 (g
ood)
;; QUESTION SECTION:
;test904.goertzen.              IN      A

;; ANSWER SECTION:
test904.goertzen.       604800  IN      A       42.42.42.42

;; AUTHORITY SECTION:
goertzen.               604469  IN      NS      ns1.goertzen.

;; ADDITIONAL SECTION:
ns1.goertzen.           604469  IN      A       172.20.0.4

;; Query time: 323 msec
;; SERVER: 127.0.0.11#53(127.0.0.11)
;; WHEN: Thu Aug 04 00:56:32 UTC 2022
;; MSG SIZE  rcvd: 123

root@4b3d71ef9fe9:/#
