
root@a19616d52342:/# dig test770.goertzen

; <<>> DiG 9.16.1-Ubuntu <<>> test770.goertzen
;; global options: +cmd
;; Got answer:
;; ->>HEADER<<- opcode: QUERY, status: NOERROR, id: 64082
;; flags: qr rd ra; QUERY: 1, ANSWER: 1, AUTHORITY: 1, ADDITIONAL: 2

;; OPT PSEUDOSECTION:
; EDNS: version: 0, flags:; udp: 65355
; COOKIE: f5766611f5c015970100000062e85f18028c02147eefb4b6 (good)
;; QUESTION SECTION:
;test770.goertzen.              IN      A

;; ANSWER SECTION:
test770.goertzen.       604800  IN      A       42.42.42.42

;; AUTHORITY SECTION:
goertzen.               603565  IN      NS      ns1.goertzen.

;; ADDITIONAL SECTION:
ns1.goertzen.           603565  IN      A       172.20.0.4

;; Query time: 312 msec
;; SERVER: 127.0.0.11#53(127.0.0.11)
;; WHEN: Mon Aug 01 23:17:44 UTC 2022
;; MSG SIZE  rcvd: 123

root@a19616d52342:/#
