
root@a19616d52342:/# dig test518.goertzen

; <<>> DiG 9.16.1-Ubuntu <<>> test518.goertzen
;; global options: +cmd
;; Got answer:
;; ->>HEADER<<- opcode: QUERY, status: NOERROR, id: 52647
;; flags: qr rd ra; QUERY: 1, ANSWER: 1, AUTHORITY: 1, ADDITIONAL: 2

;; OPT PSEUDOSECTION:
; EDNS: version: 0, flags:; udp: 65355
; COOKIE: c667af654e497e950100000062e85c219ea4fad0a334813b (good)
;; QUESTION SECTION:
;test518.goertzen.              IN      A

;; ANSWER SECTION:
test518.goertzen.       604800  IN      A       42.42.42.42

;; AUTHORITY SECTION:
goertzen.               604324  IN      NS      ns1.goertzen.

;; ADDITIONAL SECTION:
ns1.goertzen.           604324  IN      A       172.20.0.4

;; Query time: 304 msec
;; SERVER: 127.0.0.11#53(127.0.0.11)
;; WHEN: Mon Aug 01 23:05:05 UTC 2022
;; MSG SIZE  rcvd: 123

root@a19616d52342:/#
