
root@4b3d71ef9fe9:/# dig test605.goertzen

; <<>> DiG 9.16.1-Ubuntu <<>> test605.goertzen
;; global options: +cmd
;; Got answer:
;; ->>HEADER<<- opcode: QUERY, status: NOERROR, id: 59554
;; flags: qr rd ra; QUERY: 1, ANSWER: 1, AUTHORITY: 1, ADDITI
ONAL: 2

;; OPT PSEUDOSECTION:
; EDNS: version: 0, flags:; udp: 65355
; COOKIE: 33feaee2b9188d7a0100000062eb185c35038bf38a67ec7b (g
ood)
;; QUESTION SECTION:
;test605.goertzen.              IN      A

;; ANSWER SECTION:
test605.goertzen.       604800  IN      A       42.42.42.42

;; AUTHORITY SECTION:
goertzen.               604697  IN      NS      ns1.goertzen.

;; ADDITIONAL SECTION:
ns1.goertzen.           604697  IN      A       172.20.0.4

;; Query time: 315 msec
;; SERVER: 127.0.0.11#53(127.0.0.11)
;; WHEN: Thu Aug 04 00:52:44 UTC 2022
;; MSG SIZE  rcvd: 123

root@4b3d71ef9fe9:/#
