
root@da54ac96ab65:/# dig test81.goertzen

; <<>> DiG 9.16.1-Ubuntu <<>> test81.goertzen
;; global options: +cmd
;; Got answer:
;; ->>HEADER<<- opcode: QUERY, status: NOERROR, id: 45640
;; flags: qr rd ra; QUERY: 1, ANSWER: 1, AUTHORITY: 1, ADDITI
ONAL: 2

;; OPT PSEUDOSECTION:
; EDNS: version: 0, flags:; udp: 65355
; COOKIE: 39a88956fd44080b0100000062eb15d7f081afaf5dfca6f3 (g
ood)
;; QUESTION SECTION:
;test81.goertzen.               IN      A

;; ANSWER SECTION:
test81.goertzen.        604800  IN      A       42.42.42.42

;; AUTHORITY SECTION:
goertzen.               604727  IN      NS      ns1.goertzen.

;; ADDITIONAL SECTION:
ns1.goertzen.           604727  IN      A       172.20.0.4

;; Query time: 343 msec
;; SERVER: 127.0.0.11#53(127.0.0.11)
;; WHEN: Thu Aug 04 00:41:59 UTC 2022
;; MSG SIZE  rcvd: 122

root@da54ac96ab65:/#
