
root@a19616d52342:/# dig test924.goertzen

; <<>> DiG 9.16.1-Ubuntu <<>> test924.goertzen
;; global options: +cmd
;; Got answer:
;; ->>HEADER<<- opcode: QUERY, status: NOERROR, id: 46506
;; flags: qr rd ra; QUERY: 1, ANSWER: 1, AUTHORITY: 1, ADDITIONAL: 2

;; OPT PSEUDOSECTION:
; EDNS: version: 0, flags:; udp: 65355
; COOKIE: 25cb4a237f07f8750100000062e860e83ee91e07b6bef018 (good)
;; QUESTION SECTION:
;test924.goertzen.              IN      A

;; ANSWER SECTION:
test924.goertzen.       604800  IN      A       42.42.42.42

;; AUTHORITY SECTION:
goertzen.               603101  IN      NS      ns1.goertzen.

;; ADDITIONAL SECTION:
ns1.goertzen.           603101  IN      A       172.20.0.4

;; Query time: 324 msec
;; SERVER: 127.0.0.11#53(127.0.0.11)
;; WHEN: Mon Aug 01 23:25:28 UTC 2022
;; MSG SIZE  rcvd: 123

root@a19616d52342:/#
