
root@da54ac96ab65:/# dig test127.goertzen

; <<>> DiG 9.16.1-Ubuntu <<>> test127.goertzen
;; global options: +cmd
;; Got answer:
;; ->>HEADER<<- opcode: QUERY, status: NOERROR, id: 2160
;; flags: qr rd ra; QUERY: 1, ANSWER: 1, AUTHORITY: 1, ADDITI
ONAL: 2

;; OPT PSEUDOSECTION:
; EDNS: version: 0, flags:; udp: 65355
; COOKIE: 8f3a44f801ba1a310100000062eb15fa3f9a310df6adc83f (g
ood)
;; QUESTION SECTION:
;test127.goertzen.              IN      A

;; ANSWER SECTION:
test127.goertzen.       604800  IN      A       42.42.42.42

;; AUTHORITY SECTION:
goertzen.               604692  IN      NS      ns1.goertzen.

;; ADDITIONAL SECTION:
ns1.goertzen.           604692  IN      A       172.20.0.4

;; Query time: 319 msec
;; SERVER: 127.0.0.11#53(127.0.0.11)
;; WHEN: Thu Aug 04 00:42:34 UTC 2022
;; MSG SIZE  rcvd: 123

root@da54ac96ab65:/#
