
root@455195d69732:/# dig test459.goertzen

; <<>> DiG 9.16.1-Ubuntu <<>> test459.goertzen
;; global options: +cmd
;; Got answer:
;; ->>HEADER<<- opcode: QUERY, status: NOERROR, id: 7800
;; flags: qr rd ra; QUERY: 1, ANSWER: 1, AUTHORITY: 1, ADDITI
ONAL: 2

;; OPT PSEUDOSECTION:
; EDNS: version: 0, flags:; udp: 65355
; COOKIE: 39c40ebd27da713d0100000062eb17723d3cb804975a65d0 (g
ood)
;; QUESTION SECTION:
;test459.goertzen.              IN      A

;; ANSWER SECTION:
test459.goertzen.       604800  IN      A       42.42.42.42

;; AUTHORITY SECTION:
goertzen.               604595  IN      NS      ns1.goertzen.

;; ADDITIONAL SECTION:
ns1.goertzen.           604595  IN      A       172.20.0.4

;; Query time: 319 msec
;; SERVER: 127.0.0.11#53(127.0.0.11)
;; WHEN: Thu Aug 04 00:48:50 UTC 2022
;; MSG SIZE  rcvd: 123

root@455195d69732:/#
