
root@a19616d52342:/# dig test429.goertzen

; <<>> DiG 9.16.1-Ubuntu <<>> test429.goertzen
;; global options: +cmd
;; Got answer:
;; ->>HEADER<<- opcode: QUERY, status: NOERROR, id: 47844
;; flags: qr rd ra; QUERY: 1, ANSWER: 1, AUTHORITY: 1, ADDITIONAL: 2

;; OPT PSEUDOSECTION:
; EDNS: version: 0, flags:; udp: 65355
; COOKIE: 19e8fe32b44d236e0100000062e85b15416cf28b182347dd (good)
;; QUESTION SECTION:
;test429.goertzen.              IN      A

;; ANSWER SECTION:
test429.goertzen.       604800  IN      A       42.42.42.42

;; AUTHORITY SECTION:
goertzen.               604592  IN      NS      ns1.goertzen.

;; ADDITIONAL SECTION:
ns1.goertzen.           604592  IN      A       172.20.0.4

;; Query time: 308 msec
;; SERVER: 127.0.0.11#53(127.0.0.11)
;; WHEN: Mon Aug 01 23:00:37 UTC 2022
;; MSG SIZE  rcvd: 123

root@a19616d52342:/#
