
root@01e3e9cd6425:/# dig test235.goertzen

; <<>> DiG 9.16.1-Ubuntu <<>> test235.goertzen
;; global options: +cmd
;; Got answer:
;; ->>HEADER<<- opcode: QUERY, status: NOERROR, id: 38098
;; flags: qr rd ra; QUERY: 1, ANSWER: 1, AUTHORITY: 1, ADDITIONAL: 2

;; OPT PSEUDOSECTION:
; EDNS: version: 0, flags:; udp: 65355
; COOKIE: c5e6bce8152ade0b0100000062e857f591ecbb67abbeee90 (good)
;; QUESTION SECTION:
;test235.goertzen.              IN      A

;; ANSWER SECTION:
test235.goertzen.       604800  IN      A       42.42.42.42

;; AUTHORITY SECTION:
goertzen.               604777  IN      NS      ns1.goertzen.

;; ADDITIONAL SECTION:
ns1.goertzen.           604777  IN      A       172.20.0.4

;; Query time: 304 msec
;; SERVER: 127.0.0.11#53(127.0.0.11)
;; WHEN: Mon Aug 01 22:47:18 UTC 2022
;; MSG SIZE  rcvd: 123

root@01e3e9cd6425:/#
