
root@da54ac96ab65:/# dig test60.goertzen

; <<>> DiG 9.16.1-Ubuntu <<>> test60.goertzen
;; global options: +cmd
;; Got answer:
;; ->>HEADER<<- opcode: QUERY, status: NOERROR, id: 29055
;; flags: qr rd ra; QUERY: 1, ANSWER: 1, AUTHORITY: 1, ADDITI
ONAL: 2

;; OPT PSEUDOSECTION:
; EDNS: version: 0, flags:; udp: 65355
; COOKIE: 40012f66c9583f980100000062eb15c7f7ecae8f08250ef8 (g
ood)
;; QUESTION SECTION:
;test60.goertzen.               IN      A

;; ANSWER SECTION:
test60.goertzen.        604800  IN      A       42.42.42.42

;; AUTHORITY SECTION:
goertzen.               604743  IN      NS      ns1.goertzen.

;; ADDITIONAL SECTION:
ns1.goertzen.           604743  IN      A       172.20.0.4

;; Query time: 315 msec
;; SERVER: 127.0.0.11#53(127.0.0.11)
;; WHEN: Thu Aug 04 00:41:43 UTC 2022
;; MSG SIZE  rcvd: 122

root@da54ac96ab65:/#
