
root@da54ac96ab65:/# dig test132.goertzen

; <<>> DiG 9.16.1-Ubuntu <<>> test132.goertzen
;; global options: +cmd
;; Got answer:
;; ->>HEADER<<- opcode: QUERY, status: NOERROR, id: 37258
;; flags: qr rd ra; QUERY: 1, ANSWER: 1, AUTHORITY: 1, ADDITI
ONAL: 2

;; OPT PSEUDOSECTION:
; EDNS: version: 0, flags:; udp: 65355
; COOKIE: e12904655ce0ad460100000062eb15fe183b1f4d2166ab1e (g
ood)
;; QUESTION SECTION:
;test132.goertzen.              IN      A

;; ANSWER SECTION:
test132.goertzen.       604800  IN      A       42.42.42.42

;; AUTHORITY SECTION:
goertzen.               604688  IN      NS      ns1.goertzen.

;; ADDITIONAL SECTION:
ns1.goertzen.           604688  IN      A       172.20.0.4

;; Query time: 319 msec
;; SERVER: 127.0.0.11#53(127.0.0.11)
;; WHEN: Thu Aug 04 00:42:38 UTC 2022
;; MSG SIZE  rcvd: 123

root@da54ac96ab65:/#
