
root@01e3e9cd6425:/# dig test282.goertzen

; <<>> DiG 9.16.1-Ubuntu <<>> test282.goertzen
;; global options: +cmd
;; Got answer:
;; ->>HEADER<<- opcode: QUERY, status: NOERROR, id: 63956
;; flags: qr rd ra; QUERY: 1, ANSWER: 1, AUTHORITY: 1, ADDITIONAL: 2

;; OPT PSEUDOSECTION:
; EDNS: version: 0, flags:; udp: 65355
; COOKIE: 2103fe414d0453750100000062e85883bb762e6e34418817 (good)
;; QUESTION SECTION:
;test282.goertzen.              IN      A

;; ANSWER SECTION:
test282.goertzen.       604800  IN      A       42.42.42.42

;; AUTHORITY SECTION:
goertzen.               604635  IN      NS      ns1.goertzen.

;; ADDITIONAL SECTION:
ns1.goertzen.           604635  IN      A       172.20.0.4

;; Query time: 320 msec
;; SERVER: 127.0.0.11#53(127.0.0.11)
;; WHEN: Mon Aug 01 22:49:39 UTC 2022
;; MSG SIZE  rcvd: 123

root@01e3e9cd6425:/#
