
root@da54ac96ab65:/# dig test104.goertzen

; <<>> DiG 9.16.1-Ubuntu <<>> test104.goertzen
;; global options: +cmd
;; Got answer:
;; ->>HEADER<<- opcode: QUERY, status: NOERROR, id: 51239
;; flags: qr rd ra; QUERY: 1, ANSWER: 1, AUTHORITY: 1, ADDITI
ONAL: 2

;; OPT PSEUDOSECTION:
; EDNS: version: 0, flags:; udp: 65355
; COOKIE: e95192dab0f3f1360100000062eb15e94b6cba6ae8261b3b (g
ood)
;; QUESTION SECTION:
;test104.goertzen.              IN      A

;; ANSWER SECTION:
test104.goertzen.       604800  IN      A       42.42.42.42

;; AUTHORITY SECTION:
goertzen.               604709  IN      NS      ns1.goertzen.

;; ADDITIONAL SECTION:
ns1.goertzen.           604709  IN      A       172.20.0.4

;; Query time: 319 msec
;; SERVER: 127.0.0.11#53(127.0.0.11)
;; WHEN: Thu Aug 04 00:42:17 UTC 2022
;; MSG SIZE  rcvd: 123

root@da54ac96ab65:/#
