
root@29a22b2362e3:/# dig test998.goertzen

; <<>> DiG 9.16.1-Ubuntu <<>> test998.goertzen
;; global options: +cmd
;; Got answer:
;; ->>HEADER<<- opcode: QUERY, status: NOERROR, id: 34238
;; flags: qr rd ra; QUERY: 1, ANSWER: 1, AUTHORITY: 1, ADDITIONAL: 2

;; OPT PSEUDOSECTION:
; EDNS: version: 0, flags:; udp: 65355
; COOKIE: d23cc686e08ae34b0100000062de0d8ad3cea8e45a7325e2 (good)
;; QUESTION SECTION:
;test998.goertzen.              IN      A

;; ANSWER SECTION:
test998.goertzen.       604800  IN      A       42.42.42.42

;; AUTHORITY SECTION:
goertzen.               603280  IN      NS      ns1.goertzen.

;; ADDITIONAL SECTION:
ns1.goertzen.           603280  IN      A       172.20.0.4

;; Query time: 256 msec
;; SERVER: 127.0.0.11#53(127.0.0.11)
;; WHEN: Mon Jul 25 03:27:06 UTC 2022
;; MSG SIZE  rcvd: 123

root@29a22b2362e3:/#
