
root@29a22b2362e3:/# dig test352.goertzen

; <<>> DiG 9.16.1-Ubuntu <<>> test352.goertzen
;; global options: +cmd
;; Got answer:
;; ->>HEADER<<- opcode: QUERY, status: NOERROR, id: 9380
;; flags: qr rd ra; QUERY: 1, ANSWER: 1, AUTHORITY: 1, ADDITIONAL: 2

;; OPT PSEUDOSECTION:
; EDNS: version: 0, flags:; udp: 65355
; COOKIE: 5d5d24f3baaf2f8c0100000062de09b91a00270e05cc3084 (good)
;; QUESTION SECTION:
;test352.goertzen.              IN      A

;; ANSWER SECTION:
test352.goertzen.       604800  IN      A       42.42.42.42

;; AUTHORITY SECTION:
goertzen.               604257  IN      NS      ns1.goertzen.

;; ADDITIONAL SECTION:
ns1.goertzen.           604257  IN      A       172.20.0.4

;; Query time: 252 msec
;; SERVER: 127.0.0.11#53(127.0.0.11)
;; WHEN: Mon Jul 25 03:10:49 UTC 2022
;; MSG SIZE  rcvd: 123

root@29a22b2362e3:/#
