
root@29a22b2362e3:/# dig test984.goertzen

; <<>> DiG 9.16.1-Ubuntu <<>> test984.goertzen
;; global options: +cmd
;; Got answer:
;; ->>HEADER<<- opcode: QUERY, status: NOERROR, id: 40393
;; flags: qr rd ra; QUERY: 1, ANSWER: 1, AUTHORITY: 1, ADDITIONAL: 2

;; OPT PSEUDOSECTION:
; EDNS: version: 0, flags:; udp: 65355
; COOKIE: e6fd96b7fb4908540100000062de0d75994e3a8776db0557 (good)
;; QUESTION SECTION:
;test984.goertzen.              IN      A

;; ANSWER SECTION:
test984.goertzen.       604800  IN      A       42.42.42.42

;; AUTHORITY SECTION:
goertzen.               603301  IN      NS      ns1.goertzen.

;; ADDITIONAL SECTION:
ns1.goertzen.           603301  IN      A       172.20.0.4

;; Query time: 264 msec
;; SERVER: 127.0.0.11#53(127.0.0.11)
;; WHEN: Mon Jul 25 03:26:45 UTC 2022
;; MSG SIZE  rcvd: 123

root@29a22b2362e3:/#
