
root@29a22b2362e3:/# dig test726.goertzen

; <<>> DiG 9.16.1-Ubuntu <<>> test726.goertzen
;; global options: +cmd
;; Got answer:
;; ->>HEADER<<- opcode: QUERY, status: NOERROR, id: 62043
;; flags: qr rd ra; QUERY: 1, ANSWER: 1, AUTHORITY: 1, ADDITIONAL: 2

;; OPT PSEUDOSECTION:
; EDNS: version: 0, flags:; udp: 65355
; COOKIE: be55fa219a8c1fdb0100000062de0bee08f22598bb23a62b (good)
;; QUESTION SECTION:
;test726.goertzen.              IN      A

;; ANSWER SECTION:
test726.goertzen.       604800  IN      A       42.42.42.42

;; AUTHORITY SECTION:
goertzen.               603692  IN      NS      ns1.goertzen.

;; ADDITIONAL SECTION:
ns1.goertzen.           603692  IN      A       172.20.0.4

;; Query time: 256 msec
;; SERVER: 127.0.0.11#53(127.0.0.11)
;; WHEN: Mon Jul 25 03:20:14 UTC 2022
;; MSG SIZE  rcvd: 123

root@29a22b2362e3:/#
