
root@29a22b2362e3:/# dig test534.goertzen

; <<>> DiG 9.16.1-Ubuntu <<>> test534.goertzen
;; global options: +cmd
;; Got answer:
;; ->>HEADER<<- opcode: QUERY, status: NOERROR, id: 43454
;; flags: qr rd ra; QUERY: 1, ANSWER: 1, AUTHORITY: 1, ADDITIONAL: 2

;; OPT PSEUDOSECTION:
; EDNS: version: 0, flags:; udp: 65355
; COOKIE: fb94a0d853d7710e0100000062de0acc66c3cccbf41d610b (good)
;; QUESTION SECTION:
;test534.goertzen.              IN      A

;; ANSWER SECTION:
test534.goertzen.       604800  IN      A       42.42.42.42

;; AUTHORITY SECTION:
goertzen.               603982  IN      NS      ns1.goertzen.

;; ADDITIONAL SECTION:
ns1.goertzen.           603982  IN      A       172.20.0.4

;; Query time: 252 msec
;; SERVER: 127.0.0.11#53(127.0.0.11)
;; WHEN: Mon Jul 25 03:15:24 UTC 2022
;; MSG SIZE  rcvd: 123

root@29a22b2362e3:/#
