
root@29a22b2362e3:/# dig test567.goertzen

; <<>> DiG 9.16.1-Ubuntu <<>> test567.goertzen
;; global options: +cmd
;; Got answer:
;; ->>HEADER<<- opcode: QUERY, status: NOERROR, id: 35305
;; flags: qr rd ra; QUERY: 1, ANSWER: 1, AUTHORITY: 1, ADDITIONAL: 2

;; OPT PSEUDOSECTION:
; EDNS: version: 0, flags:; udp: 65355
; COOKIE: ace3b0ef505ceba90100000062de0afe10cc1d82f99ea968 (good)
;; QUESTION SECTION:
;test567.goertzen.              IN      A

;; ANSWER SECTION:
test567.goertzen.       604800  IN      A       42.42.42.42

;; AUTHORITY SECTION:
goertzen.               603932  IN      NS      ns1.goertzen.

;; ADDITIONAL SECTION:
ns1.goertzen.           603932  IN      A       172.20.0.4

;; Query time: 252 msec
;; SERVER: 127.0.0.11#53(127.0.0.11)
;; WHEN: Mon Jul 25 03:16:14 UTC 2022
;; MSG SIZE  rcvd: 123

root@29a22b2362e3:/#
