
root@29a22b2362e3:/# dig test76.goertzen

; <<>> DiG 9.16.1-Ubuntu <<>> test76.goertzen
;; global options: +cmd
;; Got answer:
;; ->>HEADER<<- opcode: QUERY, status: NOERROR, id: 8593
;; flags: qr rd ra; QUERY: 1, ANSWER: 1, AUTHORITY: 1, ADDITIONAL: 2

;; OPT PSEUDOSECTION:
; EDNS: version: 0, flags:; udp: 65355
; COOKIE: b77412df73e74b7a0100000062de0818818fbf28ae456121 (good)
;; QUESTION SECTION:
;test76.goertzen.               IN      A

;; ANSWER SECTION:
test76.goertzen.        604800  IN      A       42.42.42.42

;; AUTHORITY SECTION:
goertzen.               604674  IN      NS      ns1.goertzen.

;; ADDITIONAL SECTION:
ns1.goertzen.           604674  IN      A       172.20.0.4

;; Query time: 268 msec
;; SERVER: 127.0.0.11#53(127.0.0.11)
;; WHEN: Mon Jul 25 03:03:52 UTC 2022
;; MSG SIZE  rcvd: 122

root@29a22b2362e3:/#
