
root@29a22b2362e3:/# dig test0.goertzen

; <<>> DiG 9.16.1-Ubuntu <<>> test0.goertzen
;; global options: +cmd
;; Got answer:
;; ->>HEADER<<- opcode: QUERY, status: NOERROR, id: 287
;; flags: qr rd ra; QUERY: 1, ANSWER: 1, AUTHORITY: 1, ADDITIONAL: 2

;; OPT PSEUDOSECTION:
; EDNS: version: 0, flags:; udp: 65355
; COOKIE: 425698a708d05d960100000062de07a5d6a7603924444a63 (good)
;; QUESTION SECTION:
;test0.goertzen.                        IN      A

;; ANSWER SECTION:
test0.goertzen.         604800  IN      A       42.42.42.42

;; AUTHORITY SECTION:
goertzen.               604789  IN      NS      ns1.goertzen.

;; ADDITIONAL SECTION:
ns1.goertzen.           604789  IN      A       172.20.0.4

;; Query time: 256 msec
;; SERVER: 127.0.0.11#53(127.0.0.11)
;; WHEN: Mon Jul 25 03:01:57 UTC 2022
;; MSG SIZE  rcvd: 121

root@29a22b2362e3:/#
