
root@29a22b2362e3:/# dig test99.goertzen

; <<>> DiG 9.16.1-Ubuntu <<>> test99.goertzen
;; global options: +cmd
;; Got answer:
;; ->>HEADER<<- opcode: QUERY, status: NOERROR, id: 52214
;; flags: qr rd ra; QUERY: 1, ANSWER: 1, AUTHORITY: 1, ADDITIONAL: 2

;; OPT PSEUDOSECTION:
; EDNS: version: 0, flags:; udp: 65355
; COOKIE: 633acc750e410a2d0100000062de083adf26cc08c082315d (good)
;; QUESTION SECTION:
;test99.goertzen.               IN      A

;; ANSWER SECTION:
test99.goertzen.        604800  IN      A       42.42.42.42

;; AUTHORITY SECTION:
goertzen.               604640  IN      NS      ns1.goertzen.

;; ADDITIONAL SECTION:
ns1.goertzen.           604640  IN      A       172.20.0.4

;; Query time: 264 msec
;; SERVER: 127.0.0.11#53(127.0.0.11)
;; WHEN: Mon Jul 25 03:04:26 UTC 2022
;; MSG SIZE  rcvd: 122

root@29a22b2362e3:/#
