
root@29a22b2362e3:/# dig test287.goertzen

; <<>> DiG 9.16.1-Ubuntu <<>> test287.goertzen
;; global options: +cmd
;; Got answer:
;; ->>HEADER<<- opcode: QUERY, status: NOERROR, id: 32536
;; flags: qr rd ra; QUERY: 1, ANSWER: 1, AUTHORITY: 1, ADDITIONAL: 2

;; OPT PSEUDOSECTION:
; EDNS: version: 0, flags:; udp: 65355
; COOKIE: 67013610e484865c0100000062de0957274e4296787d3290 (good)
;; QUESTION SECTION:
;test287.goertzen.              IN      A

;; ANSWER SECTION:
test287.goertzen.       604800  IN      A       42.42.42.42

;; AUTHORITY SECTION:
goertzen.               604355  IN      NS      ns1.goertzen.

;; ADDITIONAL SECTION:
ns1.goertzen.           604355  IN      A       172.20.0.4

;; Query time: 260 msec
;; SERVER: 127.0.0.11#53(127.0.0.11)
;; WHEN: Mon Jul 25 03:09:11 UTC 2022
;; MSG SIZE  rcvd: 123

root@29a22b2362e3:/#
