
root@29a22b2362e3:/# dig test920.goertzen

; <<>> DiG 9.16.1-Ubuntu <<>> test920.goertzen
;; global options: +cmd
;; Got answer:
;; ->>HEADER<<- opcode: QUERY, status: NOERROR, id: 32069
;; flags: qr rd ra; QUERY: 1, ANSWER: 1, AUTHORITY: 1, ADDITIONAL: 2

;; OPT PSEUDOSECTION:
; EDNS: version: 0, flags:; udp: 65355
; COOKIE: b49db70797041c410100000062de0d14b24f088e56141fcd (good)
;; QUESTION SECTION:
;test920.goertzen.              IN      A

;; ANSWER SECTION:
test920.goertzen.       604800  IN      A       42.42.42.42

;; AUTHORITY SECTION:
goertzen.               603398  IN      NS      ns1.goertzen.

;; ADDITIONAL SECTION:
ns1.goertzen.           603398  IN      A       172.20.0.4

;; Query time: 256 msec
;; SERVER: 127.0.0.11#53(127.0.0.11)
;; WHEN: Mon Jul 25 03:25:08 UTC 2022
;; MSG SIZE  rcvd: 123

root@29a22b2362e3:/#
