
root@2f08f38cacdb:/# dig test410.goertzen

; <<>> DiG 9.16.1-Ubuntu <<>> test410.goertzen
;; global options: +cmd
;; Got answer:
;; ->>HEADER<<- opcode: QUERY, status: NOERROR, id:
14554
;; flags: qr rd ra; QUERY: 1, ANSWER: 1, AUTHORITY:
1, ADDITIONAL: 2

;; OPT PSEUDOSECTION:
; EDNS: version: 0, flags:; udp: 65355
; COOKIE: b6dd86b7f4627d700100000062ebd4f6d93638b685
c965d4 (good)
;; QUESTION SECTION:
;test410.goertzen.              IN      A

;; ANSWER SECTION:
test410.goertzen.       604800  IN      A       42.4
2.42.42

;; AUTHORITY SECTION:
goertzen.               603964  IN      NS      ns1.
goertzen.

;; ADDITIONAL SECTION:
ns1.goertzen.           603964  IN      A       172.
20.0.4

;; Query time: 411 msec
;; SERVER: 127.0.0.11#53(127.0.0.11)
;; WHEN: Thu Aug 04 14:17:26 UTC 2022
;; MSG SIZE  rcvd: 123

root@2f08f38cacdb:/#
