
root@2f08f38cacdb:/# dig test813.goertzen

; <<>> DiG 9.16.1-Ubuntu <<>> test813.goertzen
;; global options: +cmd
;; Got answer:
;; ->>HEADER<<- opcode: QUERY, status: NOERROR, id:
47794
;; flags: qr rd ra; QUERY: 1, ANSWER: 1, AUTHORITY:
1, ADDITIONAL: 2

;; OPT PSEUDOSECTION:
; EDNS: version: 0, flags:; udp: 65355
; COOKIE: 6e685b229238e6b50100000062ebd822bfc5292cba
716397 (good)
;; QUESTION SECTION:
;test813.goertzen.              IN      A

;; ANSWER SECTION:
test813.goertzen.       604800  IN      A       42.4
2.42.42

;; AUTHORITY SECTION:
goertzen.               603152  IN      NS      ns1.
goertzen.

;; ADDITIONAL SECTION:
ns1.goertzen.           603152  IN      A       172.
20.0.4

;; Query time: 415 msec
;; SERVER: 127.0.0.11#53(127.0.0.11)
;; WHEN: Thu Aug 04 14:30:58 UTC 2022
;; MSG SIZE  rcvd: 123

root@2f08f38cacdb:/#
