
root@2f08f38cacdb:/# dig test624.goertzen

; <<>> DiG 9.16.1-Ubuntu <<>> test624.goertzen
;; global options: +cmd
;; Got answer:
;; ->>HEADER<<- opcode: QUERY, status: NOERROR, id:
18774
;; flags: qr rd ra; QUERY: 1, ANSWER: 1, AUTHORITY:
1, ADDITIONAL: 2

;; OPT PSEUDOSECTION:
; EDNS: version: 0, flags:; udp: 65355
; COOKIE: a325fdb7a45c7b6c0100000062ebd6a5f6ca4137e7
04b403 (good)
;; QUESTION SECTION:
;test624.goertzen.              IN      A

;; ANSWER SECTION:
test624.goertzen.       604800  IN      A       42.4
2.42.42

;; AUTHORITY SECTION:
goertzen.               603533  IN      NS      ns1.
goertzen.

;; ADDITIONAL SECTION:
ns1.goertzen.           603533  IN      A       172.
20.0.4

;; Query time: 411 msec
;; SERVER: 127.0.0.11#53(127.0.0.11)
;; WHEN: Thu Aug 04 14:24:37 UTC 2022
;; MSG SIZE  rcvd: 123

root@2f08f38cacdb:/#
