
root@2f08f38cacdb:/# dig test422.goertzen

; <<>> DiG 9.16.1-Ubuntu <<>> test422.goertzen
;; global options: +cmd
;; Got answer:
;; ->>HEADER<<- opcode: QUERY, status: NOERROR, id:
22098
;; flags: qr rd ra; QUERY: 1, ANSWER: 1, AUTHORITY:
1, ADDITIONAL: 2

;; OPT PSEUDOSECTION:
; EDNS: version: 0, flags:; udp: 65355
; COOKIE: 0792974e129eea250100000062ebd50f7077e5ec3b
8bc2c8 (good)
;; QUESTION SECTION:
;test422.goertzen.              IN      A

;; ANSWER SECTION:
test422.goertzen.       604800  IN      A       42.4
2.42.42

;; AUTHORITY SECTION:
goertzen.               603939  IN      NS      ns1.
goertzen.

;; ADDITIONAL SECTION:
ns1.goertzen.           603939  IN      A       172.
20.0.4

;; Query time: 411 msec
;; SERVER: 127.0.0.11#53(127.0.0.11)
;; WHEN: Thu Aug 04 14:17:51 UTC 2022
;; MSG SIZE  rcvd: 123

root@2f08f38cacdb:/#
