
root@2f08f38cacdb:/# dig test744.goertzen

; <<>> DiG 9.16.1-Ubuntu <<>> test744.goertzen
;; global options: +cmd
;; Got answer:
;; ->>HEADER<<- opcode: QUERY, status: NOERROR, id:
23378
;; flags: qr rd ra; QUERY: 1, ANSWER: 1, AUTHORITY:
1, ADDITIONAL: 2

;; OPT PSEUDOSECTION:
; EDNS: version: 0, flags:; udp: 65355
; COOKIE: 740d2cff0dbe9a7a0100000062ebd79735cccfe951
74e473 (good)
;; QUESTION SECTION:
;test744.goertzen.              IN      A

;; ANSWER SECTION:
test744.goertzen.       604800  IN      A       42.4
2.42.42

;; AUTHORITY SECTION:
goertzen.               603291  IN      NS      ns1.
goertzen.

;; ADDITIONAL SECTION:
ns1.goertzen.           603291  IN      A       172.
20.0.4

;; Query time: 411 msec
;; SERVER: 127.0.0.11#53(127.0.0.11)
;; WHEN: Thu Aug 04 14:28:39 UTC 2022
;; MSG SIZE  rcvd: 123

root@2f08f38cacdb:/#
