
root@2f08f38cacdb:/# dig test698.goertzen

; <<>> DiG 9.16.1-Ubuntu <<>> test698.goertzen
;; global options: +cmd
;; Got answer:
;; ->>HEADER<<- opcode: QUERY, status: NOERROR, id:
11615
;; flags: qr rd ra; QUERY: 1, ANSWER: 1, AUTHORITY:
1, ADDITIONAL: 2

;; OPT PSEUDOSECTION:
; EDNS: version: 0, flags:; udp: 65355
; COOKIE: 914b07f9560707b10100000062ebd73a1bcbe883d0
6f0147 (good)
;; QUESTION SECTION:
;test698.goertzen.              IN      A

;; ANSWER SECTION:
test698.goertzen.       604800  IN      A       42.4
2.42.42

;; AUTHORITY SECTION:
goertzen.               603384  IN      NS      ns1.
goertzen.

;; ADDITIONAL SECTION:
ns1.goertzen.           603384  IN      A       172.
20.0.4

;; Query time: 415 msec
;; SERVER: 127.0.0.11#53(127.0.0.11)
;; WHEN: Thu Aug 04 14:27:06 UTC 2022
;; MSG SIZE  rcvd: 123

root@2f08f38cacdb:/#
