
root@2f08f38cacdb:/# dig test417.goertzen

; <<>> DiG 9.16.1-Ubuntu <<>> test417.goertzen
;; global options: +cmd
;; Got answer:
;; ->>HEADER<<- opcode: QUERY, status: NOERROR, id:
55423
;; flags: qr rd ra; QUERY: 1, ANSWER: 1, AUTHORITY:
1, ADDITIONAL: 2

;; OPT PSEUDOSECTION:
; EDNS: version: 0, flags:; udp: 65355
; COOKIE: f905bbbaafe24e1d0100000062ebd5047e698f040a
452190 (good)
;; QUESTION SECTION:
;test417.goertzen.              IN      A

;; ANSWER SECTION:
test417.goertzen.       604800  IN      A       42.4
2.42.42

;; AUTHORITY SECTION:
goertzen.               603950  IN      NS      ns1.
goertzen.

;; ADDITIONAL SECTION:
ns1.goertzen.           603950  IN      A       172.
20.0.4

;; Query time: 415 msec
;; SERVER: 127.0.0.11#53(127.0.0.11)
;; WHEN: Thu Aug 04 14:17:41 UTC 2022
;; MSG SIZE  rcvd: 123

root@2f08f38cacdb:/#
