
root@2f08f38cacdb:/# dig test886.goertzen

; <<>> DiG 9.16.1-Ubuntu <<>> test886.goertzen
;; global options: +cmd
;; Got answer:
;; ->>HEADER<<- opcode: QUERY, status: NOERROR, id:
29308
;; flags: qr rd ra; QUERY: 1, ANSWER: 1, AUTHORITY:
1, ADDITIONAL: 2

;; OPT PSEUDOSECTION:
; EDNS: version: 0, flags:; udp: 65355
; COOKIE: 05c07b8f99128c620100000062ebd8b58cfaaff76b
225a56 (good)
;; QUESTION SECTION:
;test886.goertzen.              IN      A

;; ANSWER SECTION:
test886.goertzen.       604800  IN      A       42.4
2.42.42

;; AUTHORITY SECTION:
goertzen.               603005  IN      NS      ns1.
goertzen.

;; ADDITIONAL SECTION:
ns1.goertzen.           603005  IN      A       172.
20.0.4

;; Query time: 411 msec
;; SERVER: 127.0.0.11#53(127.0.0.11)
;; WHEN: Thu Aug 04 14:33:25 UTC 2022
;; MSG SIZE  rcvd: 123

root@2f08f38cacdb:/#
