
root@2f08f38cacdb:/# dig test533.goertzen

; <<>> DiG 9.16.1-Ubuntu <<>> test533.goertzen
;; global options: +cmd
;; Got answer:
;; ->>HEADER<<- opcode: QUERY, status: NOERROR, id:
2096
;; flags: qr rd ra; QUERY: 1, ANSWER: 1, AUTHORITY:
1, ADDITIONAL: 2

;; OPT PSEUDOSECTION:
; EDNS: version: 0, flags:; udp: 65355
; COOKIE: f4d85ff704fefd970100000062ebd5ee7c942971d8
39001e (good)
;; QUESTION SECTION:
;test533.goertzen.              IN      A

;; ANSWER SECTION:
test533.goertzen.       604800  IN      A       42.4
2.42.42

;; AUTHORITY SECTION:
goertzen.               603716  IN      NS      ns1.
goertzen.

;; ADDITIONAL SECTION:
ns1.goertzen.           603716  IN      A       172.
20.0.4

;; Query time: 411 msec
;; SERVER: 127.0.0.11#53(127.0.0.11)
;; WHEN: Thu Aug 04 14:21:34 UTC 2022
;; MSG SIZE  rcvd: 123

root@2f08f38cacdb:/#
