
root@2f08f38cacdb:/# dig test172.goertzen

; <<>> DiG 9.16.1-Ubuntu <<>> test172.goertzen
;; global options: +cmd
;; Got answer:
;; ->>HEADER<<- opcode: QUERY, status: NOERROR, id:
48290
;; flags: qr rd ra; QUERY: 1, ANSWER: 1, AUTHORITY:
1, ADDITIONAL: 2

;; OPT PSEUDOSECTION:
; EDNS: version: 0, flags:; udp: 65355
; COOKIE: a55988e9e24bb8fc0100000062ebd3177af104cdc0
feb505 (good)
;; QUESTION SECTION:
;test172.goertzen.              IN      A

;; ANSWER SECTION:
test172.goertzen.       604800  IN      A       42.4
2.42.42

;; AUTHORITY SECTION:
goertzen.               604443  IN      NS      ns1.
goertzen.

;; ADDITIONAL SECTION:
ns1.goertzen.           604443  IN      A       172.
20.0.4

;; Query time: 415 msec
;; SERVER: 127.0.0.11#53(127.0.0.11)
;; WHEN: Thu Aug 04 14:09:27 UTC 2022
;; MSG SIZE  rcvd: 123

root@2f08f38cacdb:/#
