
root@54ee50596c16:/# dig test899.goertzen

; <<>> DiG 9.16.1-Ubuntu <<>> test899.goertzen
;; global options: +cmd
;; Got answer:
;; ->>HEADER<<- opcode: QUERY, status: NOERROR, id: 32543
;; flags: qr rd ra ad; QUERY: 1, ANSWER: 1, AUTHORITY: 1, ADDITIONAL: 2

;; OPT PSEUDOSECTION:
; EDNS: version: 0, flags:; udp: 65355
; COOKIE: e8c615a825a4e79a0100000062ddd07da435917a3535cf83 (good)
;; QUESTION SECTION:
;test899.goertzen.              IN      A

;; ANSWER SECTION:
test899.goertzen.       604800  IN      A       42.42.42.42

;; AUTHORITY SECTION:
goertzen.               604699  IN      NS      ns1.goertzen.

;; ADDITIONAL SECTION:
ns1.goertzen.           604699  IN      A       172.20.0.4

;; Query time: 272 msec
;; SERVER: 127.0.0.11#53(127.0.0.11)
;; WHEN: Sun Jul 24 23:06:37 UTC 2022
;; MSG SIZE  rcvd: 123

root@54ee50596c16:/#
