
root@5fe459388965:/# dig test116.goertzen

; <<>> DiG 9.16.1-Ubuntu <<>> test116.goertzen
;; global options: +cmd
;; Got answer:
;; ->>HEADER<<- opcode: QUERY, status: NOERROR, id: 31984
;; flags: qr rd ra ad; QUERY: 1, ANSWER: 1, AUTHORITY: 1, ADDITIONAL: 2

;; OPT PSEUDOSECTION:
; EDNS: version: 0, flags:; udp: 65355
; COOKIE: 1c0424cc0c921eea0100000062ddcd10cc7cabb8fb5875a3 (good)
;; QUESTION SECTION:
;test116.goertzen.              IN      A

;; ANSWER SECTION:
test116.goertzen.       604800  IN      A       42.42.42.42

;; AUTHORITY SECTION:
goertzen.               604736  IN      NS      ns1.goertzen.

;; ADDITIONAL SECTION:
ns1.goertzen.           604736  IN      A       172.20.0.4

;; Query time: 276 msec
;; SERVER: 127.0.0.11#53(127.0.0.11)
;; WHEN: Sun Jul 24 22:52:00 UTC 2022
;; MSG SIZE  rcvd: 123

root@5fe459388965:/#
