
root@5fe459388965:/# dig test232.goertzen

; <<>> DiG 9.16.1-Ubuntu <<>> test232.goertzen
;; global options: +cmd
;; Got answer:
;; ->>HEADER<<- opcode: QUERY, status: NOERROR, id: 40610
;; flags: qr rd ra ad; QUERY: 1, ANSWER: 1, AUTHORITY: 1, ADDITIONAL: 2

;; OPT PSEUDOSECTION:
; EDNS: version: 0, flags:; udp: 65355
; COOKIE: dc642de8859c2e9a0100000062ddcd86a57746e6a9db5917 (good)
;; QUESTION SECTION:
;test232.goertzen.              IN      A

;; ANSWER SECTION:
test232.goertzen.       604800  IN      A       42.42.42.42

;; AUTHORITY SECTION:
goertzen.               604618  IN      NS      ns1.goertzen.

;; ADDITIONAL SECTION:
ns1.goertzen.           604618  IN      A       172.20.0.4

;; Query time: 276 msec
;; SERVER: 127.0.0.11#53(127.0.0.11)
;; WHEN: Sun Jul 24 22:53:58 UTC 2022
;; MSG SIZE  rcvd: 123

root@5fe459388965:/#
