
root@f953fde27367:/# dig test625.goertzen

; <<>> DiG 9.16.1-Ubuntu <<>> test625.goertzen
;; global options: +cmd
;; Got answer:
;; ->>HEADER<<- opcode: QUERY, status: NOERROR, id: 5577
;; flags: qr rd ra ad; QUERY: 1, ANSWER: 1, AUTHORITY: 1, ADDITIONAL: 2

;; OPT PSEUDOSECTION:
; EDNS: version: 0, flags:; udp: 65355
; COOKIE: d792ff3cfe1db3070100000062ddcf3e6225791599f9f2e9 (good)
;; QUESTION SECTION:
;test625.goertzen.              IN      A

;; ANSWER SECTION:
test625.goertzen.       604800  IN      A       42.42.42.42

;; AUTHORITY SECTION:
goertzen.               604511  IN      NS      ns1.goertzen.

;; ADDITIONAL SECTION:
ns1.goertzen.           604511  IN      A       172.20.0.4

;; Query time: 276 msec
;; SERVER: 127.0.0.11#53(127.0.0.11)
;; WHEN: Sun Jul 24 23:01:18 UTC 2022
;; MSG SIZE  rcvd: 123

root@f953fde27367:/#
