
root@54ee50596c16:/# dig test917.goertzen

; <<>> DiG 9.16.1-Ubuntu <<>> test917.goertzen
;; global options: +cmd
;; Got answer:
;; ->>HEADER<<- opcode: QUERY, status: NOERROR, id: 53417
;; flags: qr rd ra ad; QUERY: 1, ANSWER: 1, AUTHORITY: 1, ADDITIONAL: 2

;; OPT PSEUDOSECTION:
; EDNS: version: 0, flags:; udp: 65355
; COOKIE: ff4a7c3696f119070100000062ddd090cd19e5170b704ea1 (good)
;; QUESTION SECTION:
;test917.goertzen.              IN      A

;; ANSWER SECTION:
test917.goertzen.       604800  IN      A       42.42.42.42

;; AUTHORITY SECTION:
goertzen.               604680  IN      NS      ns1.goertzen.

;; ADDITIONAL SECTION:
ns1.goertzen.           604680  IN      A       172.20.0.4

;; Query time: 276 msec
;; SERVER: 127.0.0.11#53(127.0.0.11)
;; WHEN: Sun Jul 24 23:06:56 UTC 2022
;; MSG SIZE  rcvd: 123

root@54ee50596c16:/#
