
root@5fe459388965:/# dig test220.goertzen

; <<>> DiG 9.16.1-Ubuntu <<>> test220.goertzen
;; global options: +cmd
;; Got answer:
;; ->>HEADER<<- opcode: QUERY, status: NOERROR, id: 51113
;; flags: qr rd ra ad; QUERY: 1, ANSWER: 1, AUTHORITY: 1, ADDITIONAL: 2

;; OPT PSEUDOSECTION:
; EDNS: version: 0, flags:; udp: 65355
; COOKIE: 7f6c509a97ab677a0100000062ddcd7a85c9446cf9e5b3c1 (good)
;; QUESTION SECTION:
;test220.goertzen.              IN      A

;; ANSWER SECTION:
test220.goertzen.       604800  IN      A       42.42.42.42

;; AUTHORITY SECTION:
goertzen.               604630  IN      NS      ns1.goertzen.

;; ADDITIONAL SECTION:
ns1.goertzen.           604630  IN      A       172.20.0.4

;; Query time: 276 msec
;; SERVER: 127.0.0.11#53(127.0.0.11)
;; WHEN: Sun Jul 24 22:53:46 UTC 2022
;; MSG SIZE  rcvd: 123

root@5fe459388965:/#
