
root@f953fde27367:/# dig test543.goertzen

; <<>> DiG 9.16.1-Ubuntu <<>> test543.goertzen
;; global options: +cmd
;; Got answer:
;; ->>HEADER<<- opcode: QUERY, status: NOERROR, id: 45613
;; flags: qr rd ra ad; QUERY: 1, ANSWER: 1, AUTHORITY: 1, ADDITIONAL: 2

;; OPT PSEUDOSECTION:
; EDNS: version: 0, flags:; udp: 65355
; COOKIE: 247c61ac4d100aa60100000062ddceebd89f33f8ad1d7632 (good)
;; QUESTION SECTION:
;test543.goertzen.              IN      A

;; ANSWER SECTION:
test543.goertzen.       604800  IN      A       42.42.42.42

;; AUTHORITY SECTION:
goertzen.               604594  IN      NS      ns1.goertzen.

;; ADDITIONAL SECTION:
ns1.goertzen.           604594  IN      A       172.20.0.4

;; Query time: 276 msec
;; SERVER: 127.0.0.11#53(127.0.0.11)
;; WHEN: Sun Jul 24 22:59:55 UTC 2022
;; MSG SIZE  rcvd: 123

root@f953fde27367:/#
