
root@5fe459388965:/# dig test101.goertzen

; <<>> DiG 9.16.1-Ubuntu <<>> test101.goertzen
;; global options: +cmd
;; Got answer:
;; ->>HEADER<<- opcode: QUERY, status: NOERROR, id: 9058
;; flags: qr rd ra ad; QUERY: 1, ANSWER: 1, AUTHORITY: 1, ADDITIONAL: 2

;; OPT PSEUDOSECTION:
; EDNS: version: 0, flags:; udp: 65355
; COOKIE: 4c87ba277c73d2fd0100000062ddcd013183734e74b87e5a (good)
;; QUESTION SECTION:
;test101.goertzen.              IN      A

;; ANSWER SECTION:
test101.goertzen.       604800  IN      A       42.42.42.42

;; AUTHORITY SECTION:
goertzen.               604751  IN      NS      ns1.goertzen.

;; ADDITIONAL SECTION:
ns1.goertzen.           604751  IN      A       172.20.0.4

;; Query time: 272 msec
;; SERVER: 127.0.0.11#53(127.0.0.11)
;; WHEN: Sun Jul 24 22:51:45 UTC 2022
;; MSG SIZE  rcvd: 123

root@5fe459388965:/#
