
root@717753aa2452:/# dig test922.goertzen

; <<>> DiG 9.16.1-Ubuntu <<>> test922.goertzen
;; global options: +cmd
;; Got answer:
;; ->>HEADER<<- opcode: QUERY, status: NOERROR, id: 44
37
;; flags: qr rd ra; QUERY: 1, ANSWER: 1, AUTHORITY: 1,
 ADDITIONAL: 2

;; OPT PSEUDOSECTION:
; EDNS: version: 0, flags:; udp: 65355
; COOKIE: 2c2c644b82716d180100000062ec131088fa311a2646
c86d (good)
;; QUESTION SECTION:
;test922.goertzen.              IN      A

;; ANSWER SECTION:
test922.goertzen.       604800  IN      A       42.42.
42.42

;; AUTHORITY SECTION:
goertzen.               604403  IN      NS      ns1.go
ertzen.

;; ADDITIONAL SECTION:
ns1.goertzen.           604403  IN      A       172.20
.0.4

;; Query time: 663 msec
;; SERVER: 127.0.0.11#53(127.0.0.11)
;; WHEN: Thu Aug 04 18:42:24 UTC 2022
;; MSG SIZE  rcvd: 123

root@717753aa2452:/#
