
root@8844323f8d32:/# dig test658.goertzen

; <<>> DiG 9.16.1-Ubuntu <<>> test658.goertzen
;; global options: +cmd
;; Got answer:
;; ->>HEADER<<- opcode: QUERY, status: NOERROR, id: 25
626
;; flags: qr rd ra; QUERY: 1, ANSWER: 1, AUTHORITY: 1,
 ADDITIONAL: 2

;; OPT PSEUDOSECTION:
; EDNS: version: 0, flags:; udp: 65355
; COOKIE: c5b43ae01716fa210100000062ec108190eedfd24458
dfad (good)
;; QUESTION SECTION:
;test658.goertzen.              IN      A

;; ANSWER SECTION:
test658.goertzen.       604800  IN      A       42.42.
42.42

;; AUTHORITY SECTION:
goertzen.               604133  IN      NS      ns1.go
ertzen.

;; ADDITIONAL SECTION:
ns1.goertzen.           604133  IN      A       172.20
.0.4

;; Query time: 647 msec
;; SERVER: 127.0.0.11#53(127.0.0.11)
;; WHEN: Thu Aug 04 18:31:29 UTC 2022
;; MSG SIZE  rcvd: 123

root@8844323f8d32:/#
