
root@717753aa2452:/# dig test834.goertzen

; <<>> DiG 9.16.1-Ubuntu <<>> test834.goertzen
;; global options: +cmd
;; Got answer:
;; ->>HEADER<<- opcode: QUERY, status: NOERROR, id: 10
780
;; flags: qr rd ra; QUERY: 1, ANSWER: 1, AUTHORITY: 1,
 ADDITIONAL: 2

;; OPT PSEUDOSECTION:
; EDNS: version: 0, flags:; udp: 65355
; COOKIE: a4a8ee7603ccbd3a0100000062ec125fa57ba72923e2
1108 (good)
;; QUESTION SECTION:
;test834.goertzen.              IN      A

;; ANSWER SECTION:
test834.goertzen.       604800  IN      A       42.42.
42.42

;; AUTHORITY SECTION:
goertzen.               604580  IN      NS      ns1.go
ertzen.

;; ADDITIONAL SECTION:
ns1.goertzen.           604580  IN      A       172.20
.0.4

;; Query time: 651 msec
;; SERVER: 127.0.0.11#53(127.0.0.11)
;; WHEN: Thu Aug 04 18:39:27 UTC 2022
;; MSG SIZE  rcvd: 123

root@717753aa2452:/#
