
root@8844323f8d32:/# dig test341.goertzen

; <<>> DiG 9.16.1-Ubuntu <<>> test341.goertzen
;; global options: +cmd
;; Got answer:
;; ->>HEADER<<- opcode: QUERY, status: NOERROR, id: 34
220
;; flags: qr rd ra; QUERY: 1, ANSWER: 1, AUTHORITY: 1,
 ADDITIONAL: 2

;; OPT PSEUDOSECTION:
; EDNS: version: 0, flags:; udp: 65355
; COOKIE: ed47be37368c0a710100000062ec0e0324e80a426711
18ce (good)
;; QUESTION SECTION:
;test341.goertzen.              IN      A

;; ANSWER SECTION:
test341.goertzen.       604800  IN      A       42.42.
42.42

;; AUTHORITY SECTION:
goertzen.               604771  IN      NS      ns1.go
ertzen.

;; ADDITIONAL SECTION:
ns1.goertzen.           604771  IN      A       172.20
.0.4

;; Query time: 651 msec
;; SERVER: 127.0.0.11#53(127.0.0.11)
;; WHEN: Thu Aug 04 18:20:51 UTC 2022
;; MSG SIZE  rcvd: 123

root@8844323f8d32:/#
