
root@abc2643df422:/# dig test174.goertzen

; <<>> DiG 9.16.1-Ubuntu <<>> test174.goertzen
;; global options: +cmd
;; Got answer:
;; ->>HEADER<<- opcode: QUERY, status: NOERROR, id: 80
9
;; flags: qr rd ra; QUERY: 1, ANSWER: 1, AUTHORITY: 1,
 ADDITIONAL: 2

;; OPT PSEUDOSECTION:
; EDNS: version: 0, flags:; udp: 65355
; COOKIE: 7a826a059912c4870100000062ec0c46d25ffea0e2fa
f829 (good)
;; QUESTION SECTION:
;test174.goertzen.              IN      A

;; ANSWER SECTION:
test174.goertzen.       604800  IN      A       42.42.
42.42

;; AUTHORITY SECTION:
goertzen.               604439  IN      NS      ns1.go
ertzen.

;; ADDITIONAL SECTION:
ns1.goertzen.           604439  IN      A       172.20
.0.4

;; Query time: 659 msec
;; SERVER: 127.0.0.11#53(127.0.0.11)
;; WHEN: Thu Aug 04 18:13:26 UTC 2022
;; MSG SIZE  rcvd: 123

root@abc2643df422:/#
