
root@717753aa2452:/# dig test749.goertzen

; <<>> DiG 9.16.1-Ubuntu <<>> test749.goertzen
;; global options: +cmd
;; Got answer:
;; ->>HEADER<<- opcode: QUERY, status: NOERROR, id: 71
64
;; flags: qr rd ra; QUERY: 1, ANSWER: 1, AUTHORITY: 1,
 ADDITIONAL: 2

;; OPT PSEUDOSECTION:
; EDNS: version: 0, flags:; udp: 65355
; COOKIE: 80e818e4b4ff459d0100000062ec11b425f022ea8c49
2127 (good)
;; QUESTION SECTION:
;test749.goertzen.              IN      A

;; ANSWER SECTION:
test749.goertzen.       604800  IN      A       42.42.
42.42

;; AUTHORITY SECTION:
goertzen.               604751  IN      NS      ns1.go
ertzen.

;; ADDITIONAL SECTION:
ns1.goertzen.           604751  IN      A       172.20
.0.4

;; Query time: 667 msec
;; SERVER: 127.0.0.11#53(127.0.0.11)
;; WHEN: Thu Aug 04 18:36:36 UTC 2022
;; MSG SIZE  rcvd: 123

root@717753aa2452:/#
