
root@8844323f8d32:/# dig test629.goertzen

; <<>> DiG 9.16.1-Ubuntu <<>> test629.goertzen
;; global options: +cmd
;; Got answer:
;; ->>HEADER<<- opcode: QUERY, status: NOERROR, id: 19
215
;; flags: qr rd ra; QUERY: 1, ANSWER: 1, AUTHORITY: 1,
 ADDITIONAL: 2

;; OPT PSEUDOSECTION:
; EDNS: version: 0, flags:; udp: 65355
; COOKIE: f887af6a61c74df90100000062ec104736b74efacb6f
59ac (good)
;; QUESTION SECTION:
;test629.goertzen.              IN      A

;; ANSWER SECTION:
test629.goertzen.       604800  IN      A       42.42.
42.42

;; AUTHORITY SECTION:
goertzen.               604191  IN      NS      ns1.go
ertzen.

;; ADDITIONAL SECTION:
ns1.goertzen.           604191  IN      A       172.20
.0.4

;; Query time: 667 msec
;; SERVER: 127.0.0.11#53(127.0.0.11)
;; WHEN: Thu Aug 04 18:30:31 UTC 2022
;; MSG SIZE  rcvd: 123

root@8844323f8d32:/#
