
root@8844323f8d32:/# dig test697.goertzen

; <<>> DiG 9.16.1-Ubuntu <<>> test697.goertzen
;; global options: +cmd
;; Got answer:
;; ->>HEADER<<- opcode: QUERY, status: NOERROR, id: 39
167
;; flags: qr rd ra; QUERY: 1, ANSWER: 1, AUTHORITY: 1,
 ADDITIONAL: 2

;; OPT PSEUDOSECTION:
; EDNS: version: 0, flags:; udp: 65355
; COOKIE: 4163db58b2d9a9000100000062ec10cfa6db38019788
4d5f (good)
;; QUESTION SECTION:
;test697.goertzen.              IN      A

;; ANSWER SECTION:
test697.goertzen.       604800  IN      A       42.42.
42.42

;; AUTHORITY SECTION:
goertzen.               604055  IN      NS      ns1.go
ertzen.

;; ADDITIONAL SECTION:
ns1.goertzen.           604055  IN      A       172.20
.0.4

;; Query time: 659 msec
;; SERVER: 127.0.0.11#53(127.0.0.11)
;; WHEN: Thu Aug 04 18:32:48 UTC 2022
;; MSG SIZE  rcvd: 123

root@8844323f8d32:/#
