
root@717753aa2452:/# dig test753.goertzen

; <<>> DiG 9.16.1-Ubuntu <<>> test753.goertzen
;; global options: +cmd
;; Got answer:
;; ->>HEADER<<- opcode: QUERY, status: NOERROR, id: 20
870
;; flags: qr rd ra; QUERY: 1, ANSWER: 1, AUTHORITY: 1,
 ADDITIONAL: 2

;; OPT PSEUDOSECTION:
; EDNS: version: 0, flags:; udp: 65355
; COOKIE: c514e4fb6f593ca80100000062ec11bc6c003ca5245e
8863 (good)
;; QUESTION SECTION:
;test753.goertzen.              IN      A

;; ANSWER SECTION:
test753.goertzen.       604800  IN      A       42.42.
42.42

;; AUTHORITY SECTION:
goertzen.               604743  IN      NS      ns1.go
ertzen.

;; ADDITIONAL SECTION:
ns1.goertzen.           604743  IN      A       172.20
.0.4

;; Query time: 655 msec
;; SERVER: 127.0.0.11#53(127.0.0.11)
;; WHEN: Thu Aug 04 18:36:44 UTC 2022
;; MSG SIZE  rcvd: 123

root@717753aa2452:/#
