
root@717753aa2452:/# dig test751.goertzen

; <<>> DiG 9.16.1-Ubuntu <<>> test751.goertzen
;; global options: +cmd
;; Got answer:
;; ->>HEADER<<- opcode: QUERY, status: NOERROR, id: 13
828
;; flags: qr rd ra; QUERY: 1, ANSWER: 1, AUTHORITY: 1,
 ADDITIONAL: 2

;; OPT PSEUDOSECTION:
; EDNS: version: 0, flags:; udp: 65355
; COOKIE: 2b4955ba9cba29fd0100000062ec11b8add403501af7
1f5a (good)
;; QUESTION SECTION:
;test751.goertzen.              IN      A

;; ANSWER SECTION:
test751.goertzen.       604800  IN      A       42.42.
42.42

;; AUTHORITY SECTION:
goertzen.               604747  IN      NS      ns1.go
ertzen.

;; ADDITIONAL SECTION:
ns1.goertzen.           604747  IN      A       172.20
.0.4

;; Query time: 647 msec
;; SERVER: 127.0.0.11#53(127.0.0.11)
;; WHEN: Thu Aug 04 18:36:40 UTC 2022
;; MSG SIZE  rcvd: 123

root@717753aa2452:/#
