
root@8844323f8d32:/# dig test575.goertzen

; <<>> DiG 9.16.1-Ubuntu <<>> test575.goertzen
;; global options: +cmd
;; Got answer:
;; ->>HEADER<<- opcode: QUERY, status: NOERROR, id: 64
428
;; flags: qr rd ra; QUERY: 1, ANSWER: 1, AUTHORITY: 1,
 ADDITIONAL: 2

;; OPT PSEUDOSECTION:
; EDNS: version: 0, flags:; udp: 65355
; COOKIE: 07f0da1e9d1ec4e60100000062ec0fdaf6cfce502549
7c62 (good)
;; QUESTION SECTION:
;test575.goertzen.              IN      A

;; ANSWER SECTION:
test575.goertzen.       604800  IN      A       42.42.
42.42

;; AUTHORITY SECTION:
goertzen.               604300  IN      NS      ns1.go
ertzen.

;; ADDITIONAL SECTION:
ns1.goertzen.           604300  IN      A       172.20
.0.4

;; Query time: 651 msec
;; SERVER: 127.0.0.11#53(127.0.0.11)
;; WHEN: Thu Aug 04 18:28:42 UTC 2022
;; MSG SIZE  rcvd: 123

root@8844323f8d32:/#
