
root@abc2643df422:/# dig test295.goertzen

; <<>> DiG 9.16.1-Ubuntu <<>> test295.goertzen
;; global options: +cmd
;; Got answer:
;; ->>HEADER<<- opcode: QUERY, status: NOERROR, id: 80
48
;; flags: qr rd ra; QUERY: 1, ANSWER: 1, AUTHORITY: 1,
 ADDITIONAL: 2

;; OPT PSEUDOSECTION:
; EDNS: version: 0, flags:; udp: 65355
; COOKIE: 8e8ea934c67ae46c0100000062ec0d39d9328138242d
f70c (good)
;; QUESTION SECTION:
;test295.goertzen.              IN      A

;; ANSWER SECTION:
test295.goertzen.       604800  IN      A       42.42.
42.42

;; AUTHORITY SECTION:
goertzen.               604196  IN      NS      ns1.go
ertzen.

;; ADDITIONAL SECTION:
ns1.goertzen.           604196  IN      A       172.20
.0.4

;; Query time: 655 msec
;; SERVER: 127.0.0.11#53(127.0.0.11)
;; WHEN: Thu Aug 04 18:17:30 UTC 2022
;; MSG SIZE  rcvd: 123

root@abc2643df422:/#
