
root@abc2643df422:/# dig test107.goertzen

; <<>> DiG 9.16.1-Ubuntu <<>> test107.goertzen
;; global options: +cmd
;; Got answer:
;; ->>HEADER<<- opcode: QUERY, status: NOERROR, id: 29
657
;; flags: qr rd ra; QUERY: 1, ANSWER: 1, AUTHORITY: 1,
 ADDITIONAL: 2

;; OPT PSEUDOSECTION:
; EDNS: version: 0, flags:; udp: 65355
; COOKIE: ab3eee3dfef5b84b0100000062ec0bbfcf80d30a6cc3
023b (good)
;; QUESTION SECTION:
;test107.goertzen.              IN      A

;; ANSWER SECTION:
test107.goertzen.       604800  IN      A       42.42.
42.42

;; AUTHORITY SECTION:
goertzen.               604574  IN      NS      ns1.go
ertzen.

;; ADDITIONAL SECTION:
ns1.goertzen.           604574  IN      A       172.20
.0.4

;; Query time: 647 msec
;; SERVER: 127.0.0.11#53(127.0.0.11)
;; WHEN: Thu Aug 04 18:11:11 UTC 2022
;; MSG SIZE  rcvd: 123

root@abc2643df422:/#
