
root@8844323f8d32:/# dig test652.goertzen

; <<>> DiG 9.16.1-Ubuntu <<>> test652.goertzen
;; global options: +cmd
;; Got answer:
;; ->>HEADER<<- opcode: QUERY, status: NOERROR, id: 20
987
;; flags: qr rd ra; QUERY: 1, ANSWER: 1, AUTHORITY: 1,
 ADDITIONAL: 2

;; OPT PSEUDOSECTION:
; EDNS: version: 0, flags:; udp: 65355
; COOKIE: ac77504a091d4b980100000062ec10753b7c96a0ac17
d934 (good)
;; QUESTION SECTION:
;test652.goertzen.              IN      A

;; ANSWER SECTION:
test652.goertzen.       604800  IN      A       42.42.
42.42

;; AUTHORITY SECTION:
goertzen.               604145  IN      NS      ns1.go
ertzen.

;; ADDITIONAL SECTION:
ns1.goertzen.           604145  IN      A       172.20
.0.4

;; Query time: 647 msec
;; SERVER: 127.0.0.11#53(127.0.0.11)
;; WHEN: Thu Aug 04 18:31:17 UTC 2022
;; MSG SIZE  rcvd: 123

root@8844323f8d32:/#
