
root@964f3aa8e20f:/# dig test291.goertzen

; <<>> DiG 9.16.1-Ubuntu <<>> test291.goertzen
;; global options: +cmd
;; Got answer:
;; ->>HEADER<<- opcode: QUERY, status: NOERROR, id: 16829
;; flags: qr rd ra; QUERY: 1, ANSWER: 1, AUTHORITY: 1, ADDITIONAL: 2

;; OPT PSEUDOSECTION:
; EDNS: version: 0, flags:; udp: 65355
; COOKIE: e7e6dadc5fd611380100000062e01d773ae3a2de6ea2afa4 (good)
;; QUESTION SECTION:
;test291.goertzen.              IN      A

;; ANSWER SECTION:
test291.goertzen.       604800  IN      A       42.42.42.42

;; AUTHORITY SECTION:
goertzen.               604485  IN      NS      ns1.goertzen.

;; ADDITIONAL SECTION:
ns1.goertzen.           604485  IN      A       172.20.0.4

;; Query time: 55 msec
;; SERVER: 127.0.0.11#53(127.0.0.11)
;; WHEN: Tue Jul 26 16:59:35 UTC 2022
;; MSG SIZE  rcvd: 123

root@964f3aa8e20f:/#
