
root@964f3aa8e20f:/# dig test514.goertzen

; <<>> DiG 9.16.1-Ubuntu <<>> test514.goertzen
;; global options: +cmd
;; Got answer:
;; ->>HEADER<<- opcode: QUERY, status: NOERROR, id: 58212
;; flags: qr rd ra; QUERY: 1, ANSWER: 1, AUTHORITY: 1, ADDITIONAL: 2

;; OPT PSEUDOSECTION:
; EDNS: version: 0, flags:; udp: 65355
; COOKIE: 2bbd38efcca81e2e0100000062e01e589503c9951917ca1c (good)
;; QUESTION SECTION:
;test514.goertzen.              IN      A

;; ANSWER SECTION:
test514.goertzen.       604800  IN      A       42.42.42.42

;; AUTHORITY SECTION:
goertzen.               604260  IN      NS      ns1.goertzen.

;; ADDITIONAL SECTION:
ns1.goertzen.           604260  IN      A       172.20.0.4

;; Query time: 55 msec
;; SERVER: 127.0.0.11#53(127.0.0.11)
;; WHEN: Tue Jul 26 17:03:20 UTC 2022
;; MSG SIZE  rcvd: 123

root@964f3aa8e20f:/#
