
root@964f3aa8e20f:/# dig test0.goertzen

; <<>> DiG 9.16.1-Ubuntu <<>> test0.goertzen
;; global options: +cmd
;; Got answer:
;; ->>HEADER<<- opcode: QUERY, status: NOERROR, id: 14384
;; flags: qr rd ra; QUERY: 1, ANSWER: 1, AUTHORITY: 1, ADDITIONAL: 2

;; OPT PSEUDOSECTION:
; EDNS: version: 0, flags:; udp: 65355
; COOKIE: ed59980361b99e320100000062e01c501022d7d713044907 (good)
;; QUESTION SECTION:
;test0.goertzen.                        IN      A

;; ANSWER SECTION:
test0.goertzen.         604800  IN      A       42.42.42.42

;; AUTHORITY SECTION:
goertzen.               604780  IN      NS      ns1.goertzen.

;; ADDITIONAL SECTION:
ns1.goertzen.           604780  IN      A       172.20.0.4

;; Query time: 55 msec
;; SERVER: 127.0.0.11#53(127.0.0.11)
;; WHEN: Tue Jul 26 16:54:40 UTC 2022
;; MSG SIZE  rcvd: 121

root@964f3aa8e20f:/#
