
root@964f3aa8e20f:/# dig test630.goertzen

; <<>> DiG 9.16.1-Ubuntu <<>> test630.goertzen
;; global options: +cmd
;; Got answer:
;; ->>HEADER<<- opcode: QUERY, status: NOERROR, id: 15554
;; flags: qr rd ra; QUERY: 1, ANSWER: 1, AUTHORITY: 1, ADDITIONAL: 2

;; OPT PSEUDOSECTION:
; EDNS: version: 0, flags:; udp: 65355
; COOKIE: a62e07490a0f91860100000062e01ece905f2fc77d09a851 (good)
;; QUESTION SECTION:
;test630.goertzen.              IN      A

;; ANSWER SECTION:
test630.goertzen.       604800  IN      A       42.42.42.42

;; AUTHORITY SECTION:
goertzen.               604142  IN      NS      ns1.goertzen.

;; ADDITIONAL SECTION:
ns1.goertzen.           604142  IN      A       172.20.0.4

;; Query time: 55 msec
;; SERVER: 127.0.0.11#53(127.0.0.11)
;; WHEN: Tue Jul 26 17:05:18 UTC 2022
;; MSG SIZE  rcvd: 123

root@964f3aa8e20f:/#
