
root@964f3aa8e20f:/# dig test839.goertzen

; <<>> DiG 9.16.1-Ubuntu <<>> test839.goertzen
;; global options: +cmd
;; Got answer:
;; ->>HEADER<<- opcode: QUERY, status: NOERROR, id: 16360
;; flags: qr rd ra; QUERY: 1, ANSWER: 1, AUTHORITY: 1, ADDITIONAL: 2

;; OPT PSEUDOSECTION:
; EDNS: version: 0, flags:; udp: 65355
; COOKIE: 7d7fa9191747d34d0100000062e01fa1f4b3755f8a0b2cc7 (good)
;; QUESTION SECTION:
;test839.goertzen.              IN      A

;; ANSWER SECTION:
test839.goertzen.       604800  IN      A       42.42.42.42

;; AUTHORITY SECTION:
goertzen.               603931  IN      NS      ns1.goertzen.

;; ADDITIONAL SECTION:
ns1.goertzen.           603931  IN      A       172.20.0.4

;; Query time: 59 msec
;; SERVER: 127.0.0.11#53(127.0.0.11)
;; WHEN: Tue Jul 26 17:08:50 UTC 2022
;; MSG SIZE  rcvd: 123

root@964f3aa8e20f:/#
