
root@a750155550c8:/# dig test958.goertzen

; <<>> DiG 9.16.1-Ubuntu <<>> test958.goertzen
;; global options: +cmd
;; Got answer:
;; ->>HEADER<<- opcode: QUERY, status: NOERROR, id: 14752
;; flags: qr rd ra; QUERY: 1, ANSWER: 1, AUTHORITY: 1, ADDITIONAL: 2

;; OPT PSEUDOSECTION:
; EDNS: version: 0, flags:; udp: 65355
; COOKIE: 40c602f530a503a20100000062e035ad95a62089e4a0c0bb (good)
;; QUESTION SECTION:
;test958.goertzen.              IN      A

;; ANSWER SECTION:
test958.goertzen.       604800  IN      A       42.42.42.42

;; AUTHORITY SECTION:
goertzen.               603810  IN      NS      ns1.goertzen.

;; ADDITIONAL SECTION:
ns1.goertzen.           603810  IN      A       172.20.0.4

;; Query time: 103 msec
;; SERVER: 127.0.0.11#53(127.0.0.11)
;; WHEN: Tue Jul 26 18:42:53 UTC 2022
;; MSG SIZE  rcvd: 123

root@a750155550c8:/#
