
root@011f4d10e870:/# dig test104.goertzen

; <<>> DiG 9.16.1-Ubuntu <<>> test104.goertzen
;; global options: +cmd
;; Got answer:
;; ->>HEADER<<- opcode: QUERY, status: NOERROR, id: 60500
;; flags: qr rd ra; QUERY: 1, ANSWER: 1, AUTHORITY: 1, ADDITI
ONAL: 2

;; OPT PSEUDOSECTION:
; EDNS: version: 0, flags:; udp: 65355
; COOKIE: 4350f0508b90a21d0100000062eafb8b187cd9fcbc1bfd61 (g
ood)
;; QUESTION SECTION:
;test104.goertzen.              IN      A

;; ANSWER SECTION:
test104.goertzen.       604800  IN      A       42.42.42.42

;; AUTHORITY SECTION:
goertzen.               604710  IN      NS      ns1.goertzen.

;; ADDITIONAL SECTION:
ns1.goertzen.           604710  IN      A       172.20.0.4

;; Query time: 115 msec
;; SERVER: 127.0.0.11#53(127.0.0.11)
;; WHEN: Wed Aug 03 22:49:47 UTC 2022
;; MSG SIZE  rcvd: 123

root@011f4d10e870:/#
