
root@011f4d10e870:/# dig test259.goertzen

; <<>> DiG 9.16.1-Ubuntu <<>> test259.goertzen
;; global options: +cmd
;; Got answer:
;; ->>HEADER<<- opcode: QUERY, status: NOERROR, id: 16723
;; flags: qr rd ra; QUERY: 1, ANSWER: 1, AUTHORITY: 1, ADDITI
ONAL: 2

;; OPT PSEUDOSECTION:
; EDNS: version: 0, flags:; udp: 65355
; COOKIE: 59644df35cb609d50100000062eafc02fdce2b125298d9a0 (g
ood)
;; QUESTION SECTION:
;test259.goertzen.              IN      A

;; ANSWER SECTION:
test259.goertzen.       604800  IN      A       42.42.42.42

;; AUTHORITY SECTION:
goertzen.               604591  IN      NS      ns1.goertzen.

;; ADDITIONAL SECTION:
ns1.goertzen.           604591  IN      A       172.20.0.4

;; Query time: 115 msec
;; SERVER: 127.0.0.11#53(127.0.0.11)
;; WHEN: Wed Aug 03 22:51:46 UTC 2022
;; MSG SIZE  rcvd: 123

root@011f4d10e870:/#
