
root@011f4d10e870:/# dig test321.goertzen

; <<>> DiG 9.16.1-Ubuntu <<>> test321.goertzen
;; global options: +cmd
;; Got answer:
;; ->>HEADER<<- opcode: QUERY, status: NOERROR, id: 60689
;; flags: qr rd ra; QUERY: 1, ANSWER: 1, AUTHORITY: 1, ADDITI
ONAL: 2

;; OPT PSEUDOSECTION:
; EDNS: version: 0, flags:; udp: 65355
; COOKIE: df426bab2d47931c0100000062eafc312063f33790efcbdc (g
ood)
;; QUESTION SECTION:
;test321.goertzen.              IN      A

;; ANSWER SECTION:
test321.goertzen.       604800  IN      A       42.42.42.42

;; AUTHORITY SECTION:
goertzen.               604544  IN      NS      ns1.goertzen.

;; ADDITIONAL SECTION:
ns1.goertzen.           604544  IN      A       172.20.0.4

;; Query time: 115 msec
;; SERVER: 127.0.0.11#53(127.0.0.11)
;; WHEN: Wed Aug 03 22:52:33 UTC 2022
;; MSG SIZE  rcvd: 123

root@011f4d10e870:/#
