
root@011f4d10e870:/# dig test956.goertzen

; <<>> DiG 9.16.1-Ubuntu <<>> test956.goertzen
;; global options: +cmd
;; Got answer:
;; ->>HEADER<<- opcode: QUERY, status: NOERROR, id: 41009
;; flags: qr rd ra; QUERY: 1, ANSWER: 1, AUTHORITY: 1, ADDITI
ONAL: 2

;; OPT PSEUDOSECTION:
; EDNS: version: 0, flags:; udp: 65355
; COOKIE: f5222808faff6fd70100000062eafe15f6a4f43c54052091 (g
ood)
;; QUESTION SECTION:
;test956.goertzen.              IN      A

;; ANSWER SECTION:
test956.goertzen.       604800  IN      A       42.42.42.42

;; AUTHORITY SECTION:
goertzen.               604060  IN      NS      ns1.goertzen.

;; ADDITIONAL SECTION:
ns1.goertzen.           604060  IN      A       172.20.0.4

;; Query time: 115 msec
;; SERVER: 127.0.0.11#53(127.0.0.11)
;; WHEN: Wed Aug 03 23:00:37 UTC 2022
;; MSG SIZE  rcvd: 123

root@011f4d10e870:/#
