
root@011f4d10e870:/# dig test144.goertzen

; <<>> DiG 9.16.1-Ubuntu <<>> test144.goertzen
;; global options: +cmd
;; Got answer:
;; ->>HEADER<<- opcode: QUERY, status: NOERROR, id: 4080
;; flags: qr rd ra; QUERY: 1, ANSWER: 1, AUTHORITY: 1, ADDITI
ONAL: 2

;; OPT PSEUDOSECTION:
; EDNS: version: 0, flags:; udp: 65355
; COOKIE: 5fa558f3ded72eb80100000062eafbaa8ed96fc348822c7d (g
ood)
;; QUESTION SECTION:
;test144.goertzen.              IN      A

;; ANSWER SECTION:
test144.goertzen.       604800  IN      A       42.42.42.42

;; AUTHORITY SECTION:
goertzen.               604679  IN      NS      ns1.goertzen.

;; ADDITIONAL SECTION:
ns1.goertzen.           604679  IN      A       172.20.0.4

;; Query time: 115 msec
;; SERVER: 127.0.0.11#53(127.0.0.11)
;; WHEN: Wed Aug 03 22:50:18 UTC 2022
;; MSG SIZE  rcvd: 123

root@011f4d10e870:/#
