
root@011f4d10e870:/# dig test28.goertzen

; <<>> DiG 9.16.1-Ubuntu <<>> test28.goertzen
;; global options: +cmd
;; Got answer:
;; ->>HEADER<<- opcode: QUERY, status: NOERROR, id: 55620
;; flags: qr rd ra; QUERY: 1, ANSWER: 1, AUTHORITY: 1, ADDITI
ONAL: 2

;; OPT PSEUDOSECTION:
; EDNS: version: 0, flags:; udp: 65355
; COOKIE: ab06b4fc3a66b5bf0100000062eafb519db38f67f05351a6 (g
ood)
;; QUESTION SECTION:
;test28.goertzen.               IN      A

;; ANSWER SECTION:
test28.goertzen.        604800  IN      A       42.42.42.42

;; AUTHORITY SECTION:
goertzen.               604768  IN      NS      ns1.goertzen.

;; ADDITIONAL SECTION:
ns1.goertzen.           604768  IN      A       172.20.0.4

;; Query time: 115 msec
;; SERVER: 127.0.0.11#53(127.0.0.11)
;; WHEN: Wed Aug 03 22:48:49 UTC 2022
;; MSG SIZE  rcvd: 122

root@011f4d10e870:/#
