
root@011f4d10e870:/# dig test545.goertzen

; <<>> DiG 9.16.1-Ubuntu <<>> test545.goertzen
;; global options: +cmd
;; Got answer:
;; ->>HEADER<<- opcode: QUERY, status: NOERROR, id: 8389
;; flags: qr rd ra; QUERY: 1, ANSWER: 1, AUTHORITY: 1, ADDITI
ONAL: 2

;; OPT PSEUDOSECTION:
; EDNS: version: 0, flags:; udp: 65355
; COOKIE: 4b4f3c800d8e1fc50100000062eafcdcac9993bea7a30d53 (g
ood)
;; QUESTION SECTION:
;test545.goertzen.              IN      A

;; ANSWER SECTION:
test545.goertzen.       604800  IN      A       42.42.42.42

;; AUTHORITY SECTION:
goertzen.               604373  IN      NS      ns1.goertzen.

;; ADDITIONAL SECTION:
ns1.goertzen.           604373  IN      A       172.20.0.4

;; Query time: 115 msec
;; SERVER: 127.0.0.11#53(127.0.0.11)
;; WHEN: Wed Aug 03 22:55:24 UTC 2022
;; MSG SIZE  rcvd: 123

root@011f4d10e870:/#
