
root@011f4d10e870:/# dig test594.goertzen

; <<>> DiG 9.16.1-Ubuntu <<>> test594.goertzen
;; global options: +cmd
;; Got answer:
;; ->>HEADER<<- opcode: QUERY, status: NOERROR, id: 14471
;; flags: qr rd ra; QUERY: 1, ANSWER: 1, AUTHORITY: 1, ADDITI
ONAL: 2

;; OPT PSEUDOSECTION:
; EDNS: version: 0, flags:; udp: 65355
; COOKIE: 9c57cd1767785b4c0100000062eafd01120ec04e54dd613f (g
ood)
;; QUESTION SECTION:
;test594.goertzen.              IN      A

;; ANSWER SECTION:
test594.goertzen.       604800  IN      A       42.42.42.42

;; AUTHORITY SECTION:
goertzen.               604336  IN      NS      ns1.goertzen.

;; ADDITIONAL SECTION:
ns1.goertzen.           604336  IN      A       172.20.0.4

;; Query time: 115 msec
;; SERVER: 127.0.0.11#53(127.0.0.11)
;; WHEN: Wed Aug 03 22:56:01 UTC 2022
;; MSG SIZE  rcvd: 123

root@011f4d10e870:/#
