
root@638fd3719987:/# dig test678.goertzen

; <<>> DiG 9.16.1-Ubuntu <<>> test678.goertzen
;; global options: +cmd
;; Got answer:
;; ->>HEADER<<- opcode: QUERY, status: NOERROR, id: 51164
;; flags: qr rd ra; QUERY: 1, ANSWER: 1, AUTHORITY: 1, ADDITI
ONAL: 2

;; OPT PSEUDOSECTION:
; EDNS: version: 0, flags:; udp: 65355
; COOKIE: 6bd1a23e79f7db530100000062eb01a1d127f458b51708a7 (g
ood)
;; QUESTION SECTION:
;test678.goertzen.              IN      A

;; ANSWER SECTION:
test678.goertzen.       604800  IN      A       42.42.42.42

;; AUTHORITY SECTION:
goertzen.               604743  IN      NS      ns1.goertzen.

;; ADDITIONAL SECTION:
ns1.goertzen.           604743  IN      A       172.20.0.4

;; Query time: 139 msec
;; SERVER: 127.0.0.11#53(127.0.0.11)
;; WHEN: Wed Aug 03 23:15:45 UTC 2022
;; MSG SIZE  rcvd: 123

root@638fd3719987:/#
