
root@a1b5676bcc08:/# dig test941.goertzen

; <<>> DiG 9.16.1-Ubuntu <<>> test941.goertzen
;; global options: +cmd
;; Got answer:
;; ->>HEADER<<- opcode: QUERY, status: NOERROR, id: 47708
;; flags: qr rd ra; QUERY: 1, ANSWER: 1, AUTHORITY: 1, ADDITI
ONAL: 2

;; OPT PSEUDOSECTION:
; EDNS: version: 0, flags:; udp: 65355
; COOKIE: e7c3ff5a6e5c9eab0100000062eb02e4ae890cfc848ae6e8 (g
ood)
;; QUESTION SECTION:
;test941.goertzen.              IN      A

;; ANSWER SECTION:
test941.goertzen.       604800  IN      A       42.42.42.42

;; AUTHORITY SECTION:
goertzen.               604732  IN      NS      ns1.goertzen.

;; ADDITIONAL SECTION:
ns1.goertzen.           604732  IN      A       172.20.0.4

;; Query time: 139 msec
;; SERVER: 127.0.0.11#53(127.0.0.11)
;; WHEN: Wed Aug 03 23:21:08 UTC 2022
;; MSG SIZE  rcvd: 123

root@a1b5676bcc08:/#
