
root@db56c74a62d8:/# dig test510.goertzen

; <<>> DiG 9.16.1-Ubuntu <<>> test510.goertzen
;; global options: +cmd
;; Got answer:
;; ->>HEADER<<- opcode: QUERY, status: NOERROR, id: 666
;; flags: qr rd ra; QUERY: 1, ANSWER: 1, AUTHORITY: 1, ADDITI
ONAL: 2

;; OPT PSEUDOSECTION:
; EDNS: version: 0, flags:; udp: 65355
; COOKIE: 005710f3bd379c2d0100000062eb00b6ed67657a1621cf10 (g
ood)
;; QUESTION SECTION:
;test510.goertzen.              IN      A

;; ANSWER SECTION:
test510.goertzen.       604800  IN      A       42.42.42.42

;; AUTHORITY SECTION:
goertzen.               604734  IN      NS      ns1.goertzen.

;; ADDITIONAL SECTION:
ns1.goertzen.           604734  IN      A       172.20.0.4

;; Query time: 139 msec
;; SERVER: 127.0.0.11#53(127.0.0.11)
;; WHEN: Wed Aug 03 23:11:50 UTC 2022
;; MSG SIZE  rcvd: 123

root@db56c74a62d8:/#
