
root@638fd3719987:/# dig test853.goertzen

; <<>> DiG 9.16.1-Ubuntu <<>> test853.goertzen
;; global options: +cmd
;; Got answer:
;; ->>HEADER<<- opcode: QUERY, status: NOERROR, id: 35086
;; flags: qr rd ra; QUERY: 1, ANSWER: 1, AUTHORITY: 1, ADDITI
ONAL: 2

;; OPT PSEUDOSECTION:
; EDNS: version: 0, flags:; udp: 65355
; COOKIE: d6b9a5913460c3be0100000062eb0227bb3ef020f2a5135b (g
ood)
;; QUESTION SECTION:
;test853.goertzen.              IN      A

;; ANSWER SECTION:
test853.goertzen.       604800  IN      A       42.42.42.42

;; AUTHORITY SECTION:
goertzen.               604609  IN      NS      ns1.goertzen.

;; ADDITIONAL SECTION:
ns1.goertzen.           604609  IN      A       172.20.0.4

;; Query time: 139 msec
;; SERVER: 127.0.0.11#53(127.0.0.11)
;; WHEN: Wed Aug 03 23:17:59 UTC 2022
;; MSG SIZE  rcvd: 123

root@638fd3719987:/#
