
root@db56c74a62d8:/# dig test557.goertzen

; <<>> DiG 9.16.1-Ubuntu <<>> test557.goertzen
;; global options: +cmd
;; Got answer:
;; ->>HEADER<<- opcode: QUERY, status: NOERROR, id: 57813
;; flags: qr rd ra; QUERY: 1, ANSWER: 1, AUTHORITY: 1, ADDITI
ONAL: 2

;; OPT PSEUDOSECTION:
; EDNS: version: 0, flags:; udp: 65355
; COOKIE: 0039603abaaa87010100000062eb00d9caeeb2fc7f9b3dfc (g
ood)
;; QUESTION SECTION:
;test557.goertzen.              IN      A

;; ANSWER SECTION:
test557.goertzen.       604800  IN      A       42.42.42.42

;; AUTHORITY SECTION:
goertzen.               604699  IN      NS      ns1.goertzen.

;; ADDITIONAL SECTION:
ns1.goertzen.           604699  IN      A       172.20.0.4

;; Query time: 143 msec
;; SERVER: 127.0.0.11#53(127.0.0.11)
;; WHEN: Wed Aug 03 23:12:25 UTC 2022
;; MSG SIZE  rcvd: 123

root@db56c74a62d8:/#
