
root@a1b5676bcc08:/# dig test965.goertzen

; <<>> DiG 9.16.1-Ubuntu <<>> test965.goertzen
;; global options: +cmd
;; Got answer:
;; ->>HEADER<<- opcode: QUERY, status: NOERROR, id: 53303
;; flags: qr rd ra; QUERY: 1, ANSWER: 1, AUTHORITY: 1, ADDITI
ONAL: 2

;; OPT PSEUDOSECTION:
; EDNS: version: 0, flags:; udp: 65355
; COOKIE: 7067a879cf57907a0100000062eb02f7dc92abee0ac60570 (g
ood)
;; QUESTION SECTION:
;test965.goertzen.              IN      A

;; ANSWER SECTION:
test965.goertzen.       604800  IN      A       42.42.42.42

;; AUTHORITY SECTION:
goertzen.               604713  IN      NS      ns1.goertzen.

;; ADDITIONAL SECTION:
ns1.goertzen.           604713  IN      A       172.20.0.4

;; Query time: 139 msec
;; SERVER: 127.0.0.11#53(127.0.0.11)
;; WHEN: Wed Aug 03 23:21:27 UTC 2022
;; MSG SIZE  rcvd: 123

root@a1b5676bcc08:/#
