
root@491bdd1453d8:/# dig test325.goertzen

; <<>> DiG 9.16.1-Ubuntu <<>> test325.goertzen
;; global options: +cmd
;; Got answer:
;; ->>HEADER<<- opcode: QUERY, status: NOERROR, id: 15821
;; flags: qr rd ra; QUERY: 1, ANSWER: 1, AUTHORITY: 1, ADDITI
ONAL: 2

;; OPT PSEUDOSECTION:
; EDNS: version: 0, flags:; udp: 65355
; COOKIE: 280279c873fa839a0100000062eaffaefc232677d918bcdb (g
ood)
;; QUESTION SECTION:
;test325.goertzen.              IN      A

;; ANSWER SECTION:
test325.goertzen.       604800  IN      A       42.42.42.42

;; AUTHORITY SECTION:
goertzen.               604541  IN      NS      ns1.goertzen.

;; ADDITIONAL SECTION:
ns1.goertzen.           604541  IN      A       172.20.0.4

;; Query time: 139 msec
;; SERVER: 127.0.0.11#53(127.0.0.11)
;; WHEN: Wed Aug 03 23:07:26 UTC 2022
;; MSG SIZE  rcvd: 123

root@491bdd1453d8:/#
