
root@a1b5676bcc08:/# dig test998.goertzen

; <<>> DiG 9.16.1-Ubuntu <<>> test998.goertzen
;; global options: +cmd
;; Got answer:
;; ->>HEADER<<- opcode: QUERY, status: NOERROR, id: 38320
;; flags: qr rd ra; QUERY: 1, ANSWER: 1, AUTHORITY: 1, ADDITI
ONAL: 2

;; OPT PSEUDOSECTION:
; EDNS: version: 0, flags:; udp: 65355
; COOKIE: aa354a631ce7e0750100000062eb0310aaf9c5824d1b657a (g
ood)
;; QUESTION SECTION:
;test998.goertzen.              IN      A

;; ANSWER SECTION:
test998.goertzen.       604800  IN      A       42.42.42.42

;; AUTHORITY SECTION:
goertzen.               604688  IN      NS      ns1.goertzen.

;; ADDITIONAL SECTION:
ns1.goertzen.           604688  IN      A       172.20.0.4

;; Query time: 143 msec
;; SERVER: 127.0.0.11#53(127.0.0.11)
;; WHEN: Wed Aug 03 23:21:52 UTC 2022
;; MSG SIZE  rcvd: 123

root@a1b5676bcc08:/#
