
root@491bdd1453d8:/# dig test68.goertzen

; <<>> DiG 9.16.1-Ubuntu <<>> test68.goertzen
;; global options: +cmd
;; Got answer:
;; ->>HEADER<<- opcode: QUERY, status: NOERROR, id: 32938
;; flags: qr rd ra; QUERY: 1, ANSWER: 1, AUTHORITY: 1, ADDITI
ONAL: 2

;; OPT PSEUDOSECTION:
; EDNS: version: 0, flags:; udp: 65355
; COOKIE: dd3b12a39170366e0100000062eafeea974c555d4b428622 (g
ood)
;; QUESTION SECTION:
;test68.goertzen.               IN      A

;; ANSWER SECTION:
test68.goertzen.        604800  IN      A       42.42.42.42

;; AUTHORITY SECTION:
goertzen.               604737  IN      NS      ns1.goertzen.

;; ADDITIONAL SECTION:
ns1.goertzen.           604737  IN      A       172.20.0.4

;; Query time: 139 msec
;; SERVER: 127.0.0.11#53(127.0.0.11)
;; WHEN: Wed Aug 03 23:04:10 UTC 2022
;; MSG SIZE  rcvd: 122

root@491bdd1453d8:/#
