
root@491bdd1453d8:/# dig test206.goertzen

; <<>> DiG 9.16.1-Ubuntu <<>> test206.goertzen
;; global options: +cmd
;; Got answer:
;; ->>HEADER<<- opcode: QUERY, status: NOERROR, id: 31274
;; flags: qr rd ra; QUERY: 1, ANSWER: 1, AUTHORITY: 1, ADDITI
ONAL: 2

;; OPT PSEUDOSECTION:
; EDNS: version: 0, flags:; udp: 65355
; COOKIE: 60214fcaa370752f0100000062eaff53ab649ecbb05611de (g
ood)
;; QUESTION SECTION:
;test206.goertzen.              IN      A

;; ANSWER SECTION:
test206.goertzen.       604800  IN      A       42.42.42.42

;; AUTHORITY SECTION:
goertzen.               604632  IN      NS      ns1.goertzen.

;; ADDITIONAL SECTION:
ns1.goertzen.           604632  IN      A       172.20.0.4

;; Query time: 139 msec
;; SERVER: 127.0.0.11#53(127.0.0.11)
;; WHEN: Wed Aug 03 23:05:55 UTC 2022
;; MSG SIZE  rcvd: 123

root@491bdd1453d8:/#
