
root@491bdd1453d8:/# dig test272.goertzen

; <<>> DiG 9.16.1-Ubuntu <<>> test272.goertzen
;; global options: +cmd
;; Got answer:
;; ->>HEADER<<- opcode: QUERY, status: NOERROR, id: 34028
;; flags: qr rd ra; QUERY: 1, ANSWER: 1, AUTHORITY: 1, ADDITI
ONAL: 2

;; OPT PSEUDOSECTION:
; EDNS: version: 0, flags:; udp: 65355
; COOKIE: 2376e83fcc5570220100000062eaff86bbf85eb827a5600d (g
ood)
;; QUESTION SECTION:
;test272.goertzen.              IN      A

;; ANSWER SECTION:
test272.goertzen.       604800  IN      A       42.42.42.42

;; AUTHORITY SECTION:
goertzen.               604581  IN      NS      ns1.goertzen.

;; ADDITIONAL SECTION:
ns1.goertzen.           604581  IN      A       172.20.0.4

;; Query time: 143 msec
;; SERVER: 127.0.0.11#53(127.0.0.11)
;; WHEN: Wed Aug 03 23:06:46 UTC 2022
;; MSG SIZE  rcvd: 123

root@491bdd1453d8:/#
