
root@491bdd1453d8:/# dig test118.goertzen

; <<>> DiG 9.16.1-Ubuntu <<>> test118.goertzen
;; global options: +cmd
;; Got answer:
;; ->>HEADER<<- opcode: QUERY, status: NOERROR, id: 26017
;; flags: qr rd ra; QUERY: 1, ANSWER: 1, AUTHORITY: 1, ADDITI
ONAL: 2

;; OPT PSEUDOSECTION:
; EDNS: version: 0, flags:; udp: 65355
; COOKIE: 8aacf2be180376f70100000062eaff106041c032099faec4 (g
ood)
;; QUESTION SECTION:
;test118.goertzen.              IN      A

;; ANSWER SECTION:
test118.goertzen.       604800  IN      A       42.42.42.42

;; AUTHORITY SECTION:
goertzen.               604699  IN      NS      ns1.goertzen.

;; ADDITIONAL SECTION:
ns1.goertzen.           604699  IN      A       172.20.0.4

;; Query time: 143 msec
;; SERVER: 127.0.0.11#53(127.0.0.11)
;; WHEN: Wed Aug 03 23:04:48 UTC 2022
;; MSG SIZE  rcvd: 123

root@491bdd1453d8:/#
