
root@db56c74a62d8:/# dig test522.goertzen

; <<>> DiG 9.16.1-Ubuntu <<>> test522.goertzen
;; global options: +cmd
;; Got answer:
;; ->>HEADER<<- opcode: QUERY, status: NOERROR, id: 5510
;; flags: qr rd ra; QUERY: 1, ANSWER: 1, AUTHORITY: 1, ADDITI
ONAL: 2

;; OPT PSEUDOSECTION:
; EDNS: version: 0, flags:; udp: 65355
; COOKIE: 4df4b0fd0e97f1410100000062eb00bf2eccca0ae5e52ac3 (g
ood)
;; QUESTION SECTION:
;test522.goertzen.              IN      A

;; ANSWER SECTION:
test522.goertzen.       604800  IN      A       42.42.42.42

;; AUTHORITY SECTION:
goertzen.               604725  IN      NS      ns1.goertzen.

;; ADDITIONAL SECTION:
ns1.goertzen.           604725  IN      A       172.20.0.4

;; Query time: 143 msec
;; SERVER: 127.0.0.11#53(127.0.0.11)
;; WHEN: Wed Aug 03 23:11:59 UTC 2022
;; MSG SIZE  rcvd: 123

root@db56c74a62d8:/#
