
root@638fd3719987:/# dig test637.goertzen

; <<>> DiG 9.16.1-Ubuntu <<>> test637.goertzen
;; global options: +cmd
;; Got answer:
;; ->>HEADER<<- opcode: QUERY, status: NOERROR, id: 62289
;; flags: qr rd ra; QUERY: 1, ANSWER: 1, AUTHORITY: 1, ADDITI
ONAL: 2

;; OPT PSEUDOSECTION:
; EDNS: version: 0, flags:; udp: 65355
; COOKIE: c5530eb89d0169300100000062eb0182059465611d69c67d (g
ood)
;; QUESTION SECTION:
;test637.goertzen.              IN      A

;; ANSWER SECTION:
test637.goertzen.       604800  IN      A       42.42.42.42

;; AUTHORITY SECTION:
goertzen.               604774  IN      NS      ns1.goertzen.

;; ADDITIONAL SECTION:
ns1.goertzen.           604774  IN      A       172.20.0.4

;; Query time: 139 msec
;; SERVER: 127.0.0.11#53(127.0.0.11)
;; WHEN: Wed Aug 03 23:15:14 UTC 2022
;; MSG SIZE  rcvd: 123

root@638fd3719987:/#
