
root@491bdd1453d8:/# dig test270.goertzen

; <<>> DiG 9.16.1-Ubuntu <<>> test270.goertzen
;; global options: +cmd
;; Got answer:
;; ->>HEADER<<- opcode: QUERY, status: NOERROR, id: 1615
;; flags: qr rd ra; QUERY: 1, ANSWER: 1, AUTHORITY: 1, ADDITI
ONAL: 2

;; OPT PSEUDOSECTION:
; EDNS: version: 0, flags:; udp: 65355
; COOKIE: 935dcf3fefac8f140100000062eaff84a9ab5baeef6ae937 (g
ood)
;; QUESTION SECTION:
;test270.goertzen.              IN      A

;; ANSWER SECTION:
test270.goertzen.       604800  IN      A       42.42.42.42

;; AUTHORITY SECTION:
goertzen.               604583  IN      NS      ns1.goertzen.

;; ADDITIONAL SECTION:
ns1.goertzen.           604583  IN      A       172.20.0.4

;; Query time: 139 msec
;; SERVER: 127.0.0.11#53(127.0.0.11)
;; WHEN: Wed Aug 03 23:06:44 UTC 2022
;; MSG SIZE  rcvd: 123

root@491bdd1453d8:/#
