
root@db56c74a62d8:/# dig test554.goertzen

; <<>> DiG 9.16.1-Ubuntu <<>> test554.goertzen
;; global options: +cmd
;; Got answer:
;; ->>HEADER<<- opcode: QUERY, status: NOERROR, id: 1657
;; flags: qr rd ra; QUERY: 1, ANSWER: 1, AUTHORITY: 1, ADDITI
ONAL: 2

;; OPT PSEUDOSECTION:
; EDNS: version: 0, flags:; udp: 65355
; COOKIE: 95e2cf9ccfd42f7e0100000062eb00d7e8d7c2fd18ffa5c2 (g
ood)
;; QUESTION SECTION:
;test554.goertzen.              IN      A

;; ANSWER SECTION:
test554.goertzen.       604800  IN      A       42.42.42.42

;; AUTHORITY SECTION:
goertzen.               604701  IN      NS      ns1.goertzen.

;; ADDITIONAL SECTION:
ns1.goertzen.           604701  IN      A       172.20.0.4

;; Query time: 139 msec
;; SERVER: 127.0.0.11#53(127.0.0.11)
;; WHEN: Wed Aug 03 23:12:23 UTC 2022
;; MSG SIZE  rcvd: 123

root@db56c74a62d8:/#
