
root@7c530de7490e:/# dig test487.goertzen

; <<>> DiG 9.16.1-Ubuntu <<>> test487.goertzen
;; global options: +cmd
;; Got answer:
;; ->>HEADER<<- opcode: QUERY, status: NOERROR, id: 12178
;; flags: qr rd ra; QUERY: 1, ANSWER: 1, AUTHORITY: 1, ADDITIONAL: 2

;; OPT PSEUDOSECTION:
; EDNS: version: 0, flags:; udp: 65355
; COOKIE: 464c1aeb4429975a0100000062ddf48c03ca9bc823796305 (good)
;; QUESTION SECTION:
;test487.goertzen.              IN      A

;; ANSWER SECTION:
test487.goertzen.       604800  IN      A       42.42.42.42

;; AUTHORITY SECTION:
goertzen.               602745  IN      NS      ns1.goertzen.

;; ADDITIONAL SECTION:
ns1.goertzen.           602745  IN      A       172.20.0.4

;; Query time: 2252 msec
;; SERVER: 127.0.0.11#53(127.0.0.11)
;; WHEN: Mon Jul 25 01:40:28 UTC 2022
;; MSG SIZE  rcvd: 123

root@7c530de7490e:/#
