
root@1ba011c0c1ae:/# dig test753.goertzen

; <<>> DiG 9.16.1-Ubuntu <<>> test753.goertzen
;; global options: +cmd
;; Got answer:
;; ->>HEADER<<- opcode: QUERY, status: NOERROR, id: 14308
;; flags: qr rd ra; QUERY: 1, ANSWER: 1, AUTHORITY: 1, ADDITIONAL: 2

;; OPT PSEUDOSECTION:
; EDNS: version: 0, flags:; udp: 65355
; COOKIE: de53e5bbcafb97b40100000062de058178640c69cd9ea670 (good)
;; QUESTION SECTION:
;test753.goertzen.              IN      A

;; ANSWER SECTION:
test753.goertzen.       604800  IN      A       42.42.42.42

;; AUTHORITY SECTION:
goertzen.               604532  IN      NS      ns1.goertzen.

;; ADDITIONAL SECTION:
ns1.goertzen.           604532  IN      A       172.20.0.4

;; Query time: 2252 msec
;; SERVER: 127.0.0.11#53(127.0.0.11)
;; WHEN: Mon Jul 25 02:52:49 UTC 2022
;; MSG SIZE  rcvd: 123

root@1ba011c0c1ae:/#
