
root@927fc0d630a2:/# dig test225.goertzen

; <<>> DiG 9.16.1-Ubuntu <<>> test225.goertzen
;; global options: +cmd
;; Got answer:
;; ->>HEADER<<- opcode: QUERY, status: NOERROR, id: 33825
;; flags: qr rd ra; QUERY: 1, ANSWER: 1, AUTHORITY: 1, ADDITIONAL: 2

;; OPT PSEUDOSECTION:
; EDNS: version: 0, flags:; udp: 65355
; COOKIE: 94a3f9c0a1f2e3800100000062dde25be7637be223e66a50 (good)
;; QUESTION SECTION:
;test225.goertzen.              IN      A

;; ANSWER SECTION:
test225.goertzen.       604800  IN      A       42.42.42.42

;; AUTHORITY SECTION:
goertzen.               601665  IN      NS      ns1.goertzen.

;; ADDITIONAL SECTION:
ns1.goertzen.           601665  IN      A       172.20.0.4

;; Query time: 2256 msec
;; SERVER: 127.0.0.11#53(127.0.0.11)
;; WHEN: Mon Jul 25 00:22:51 UTC 2022
;; MSG SIZE  rcvd: 123

root@927fc0d630a2:/#
