
root@7c530de7490e:/# dig test398.goertzen

; <<>> DiG 9.16.1-Ubuntu <<>> test398.goertzen
;; global options: +cmd
;; Got answer:
;; ->>HEADER<<- opcode: QUERY, status: NOERROR, id: 7635
;; flags: qr rd ra; QUERY: 1, ANSWER: 1, AUTHORITY: 1, ADDITIONAL: 2

;; OPT PSEUDOSECTION:
; EDNS: version: 0, flags:; udp: 65355
; COOKIE: eecf7799691ea7e40100000062ddef5331fcdb349db3fd48 (good)
;; QUESTION SECTION:
;test398.goertzen.              IN      A

;; ANSWER SECTION:
test398.goertzen.       604800  IN      A       42.42.42.42

;; AUTHORITY SECTION:
goertzen.               604082  IN      NS      ns1.goertzen.

;; ADDITIONAL SECTION:
ns1.goertzen.           604082  IN      A       172.20.0.4

;; Query time: 2252 msec
;; SERVER: 127.0.0.11#53(127.0.0.11)
;; WHEN: Mon Jul 25 01:18:12 UTC 2022
;; MSG SIZE  rcvd: 123

root@7c530de7490e:/#
