
root@1ba011c0c1ae:/# dig test995.goertzen

; <<>> DiG 9.16.1-Ubuntu <<>> test995.goertzen
;; global options: +cmd
;; Got answer:
;; ->>HEADER<<- opcode: QUERY, status: NOERROR, id: 10141
;; flags: qr rd ra; QUERY: 1, ANSWER: 1, AUTHORITY: 1, ADDITIONAL: 2

;; OPT PSEUDOSECTION:
; EDNS: version: 0, flags:; udp: 65355
; COOKIE: 9c24779a918e1a020100000062de13b2895fa5e15827b7c8 (good)
;; QUESTION SECTION:
;test995.goertzen.              IN      A

;; ANSWER SECTION:
test995.goertzen.       604800  IN      A       42.42.42.42

;; AUTHORITY SECTION:
goertzen.               600899  IN      NS      ns1.goertzen.

;; ADDITIONAL SECTION:
ns1.goertzen.           600899  IN      A       172.20.0.4

;; Query time: 2260 msec
;; SERVER: 127.0.0.11#53(127.0.0.11)
;; WHEN: Mon Jul 25 03:53:22 UTC 2022
;; MSG SIZE  rcvd: 123

root@1ba011c0c1ae:/#
