
root@1ba011c0c1ae:/# dig test935.goertzen

; <<>> DiG 9.16.1-Ubuntu <<>> test935.goertzen
;; global options: +cmd
;; Got answer:
;; ->>HEADER<<- opcode: QUERY, status: NOERROR, id: 17702
;; flags: qr rd ra; QUERY: 1, ANSWER: 1, AUTHORITY: 1, ADDITIONAL: 2

;; OPT PSEUDOSECTION:
; EDNS: version: 0, flags:; udp: 65355
; COOKIE: de276b89d10b4d960100000062de102d60db39c9bd82a77a (good)
;; QUESTION SECTION:
;test935.goertzen.              IN      A

;; ANSWER SECTION:
test935.goertzen.       604800  IN      A       42.42.42.42

;; AUTHORITY SECTION:
goertzen.               601800  IN      NS      ns1.goertzen.

;; ADDITIONAL SECTION:
ns1.goertzen.           601800  IN      A       172.20.0.4

;; Query time: 2268 msec
;; SERVER: 127.0.0.11#53(127.0.0.11)
;; WHEN: Mon Jul 25 03:38:21 UTC 2022
;; MSG SIZE  rcvd: 123

root@1ba011c0c1ae:/#
