
root@b1aed5c70dd2:/# dig test16.goertzen

; <<>> DiG 9.16.1-Ubuntu <<>> test16.goertzen
;; global options: +cmd
;; Got answer:
;; ->>HEADER<<- opcode: QUERY, status: NOERROR, id: 35521
;; flags: qr rd ra; QUERY: 1, ANSWER: 1, AUTHORITY: 1, ADDITIONAL: 2

;; OPT PSEUDOSECTION:
; EDNS: version: 0, flags:; udp: 65355
; COOKIE: 8db7ef5ac030e2aa0100000062ddd5649f4bcf4f22314f33 (good)
;; QUESTION SECTION:
;test16.goertzen.               IN      A

;; ANSWER SECTION:
test16.goertzen.        604800  IN      A       42.42.42.42

;; AUTHORITY SECTION:
goertzen.               604547  IN      NS      ns1.goertzen.

;; ADDITIONAL SECTION:
ns1.goertzen.           604547  IN      A       172.20.0.4

;; Query time: 2252 msec
;; SERVER: 127.0.0.11#53(127.0.0.11)
;; WHEN: Sun Jul 24 23:27:32 UTC 2022
;; MSG SIZE  rcvd: 122

root@b1aed5c70dd2:/#
