
root@7476a60c9ada:/# dig test536.goertzen

; <<>> DiG 9.16.1-Ubuntu <<>> test536.goertzen
;; global options: +cmd
;; Got answer:
;; ->>HEADER<<- opcode: QUERY, status: NOERROR, id: 52272
;; flags: qr rd ra; QUERY: 1, ANSWER: 1, AUTHORITY: 1, ADDITIONAL: 2

;; OPT PSEUDOSECTION:
; EDNS: version: 0, flags:; udp: 65355
; COOKIE: 8d089e03c0b30c0d0100000062ddf812b45a630651cbea53 (good)
;; QUESTION SECTION:
;test536.goertzen.              IN      A

;; ANSWER SECTION:
test536.goertzen.       604800  IN      A       42.42.42.42

;; AUTHORITY SECTION:
goertzen.               604112  IN      NS      ns1.goertzen.

;; ADDITIONAL SECTION:
ns1.goertzen.           604112  IN      A       172.20.0.4

;; Query time: 2248 msec
;; SERVER: 127.0.0.11#53(127.0.0.11)
;; WHEN: Mon Jul 25 01:55:30 UTC 2022
;; MSG SIZE  rcvd: 123

root@7476a60c9ada:/#
