
root@7476a60c9ada:/# dig test511.goertzen

; <<>> DiG 9.16.1-Ubuntu <<>> test511.goertzen
;; global options: +cmd
;; Got answer:
;; ->>HEADER<<- opcode: QUERY, status: NOERROR, id: 63602
;; flags: qr rd ra; QUERY: 1, ANSWER: 1, AUTHORITY: 1, ADDITIONAL: 2

;; OPT PSEUDOSECTION:
; EDNS: version: 0, flags:; udp: 65355
; COOKIE: 76c3ce2b7d2e835e0100000062ddf69a801e2ae5ca2486a6 (good)
;; QUESTION SECTION:
;test511.goertzen.              IN      A

;; ANSWER SECTION:
test511.goertzen.       604800  IN      A       42.42.42.42

;; AUTHORITY SECTION:
goertzen.               604488  IN      NS      ns1.goertzen.

;; ADDITIONAL SECTION:
ns1.goertzen.           604488  IN      A       172.20.0.4

;; Query time: 2248 msec
;; SERVER: 127.0.0.11#53(127.0.0.11)
;; WHEN: Mon Jul 25 01:49:15 UTC 2022
;; MSG SIZE  rcvd: 123

root@7476a60c9ada:/#
