
root@927fc0d630a2:/# dig test155.goertzen

; <<>> DiG 9.16.1-Ubuntu <<>> test155.goertzen
;; global options: +cmd
;; Got answer:
;; ->>HEADER<<- opcode: QUERY, status: NOERROR, id: 50309
;; flags: qr rd ra; QUERY: 1, ANSWER: 1, AUTHORITY: 1, ADDITIONAL: 2

;; OPT PSEUDOSECTION:
; EDNS: version: 0, flags:; udp: 65355
; COOKIE: a096c3a0b01eb4720100000062ddde40bbb70d36b209857b (good)
;; QUESTION SECTION:
;test155.goertzen.              IN      A

;; ANSWER SECTION:
test155.goertzen.       604800  IN      A       42.42.42.42

;; AUTHORITY SECTION:
goertzen.               602716  IN      NS      ns1.goertzen.

;; ADDITIONAL SECTION:
ns1.goertzen.           602716  IN      A       172.20.0.4

;; Query time: 2248 msec
;; SERVER: 127.0.0.11#53(127.0.0.11)
;; WHEN: Mon Jul 25 00:05:20 UTC 2022
;; MSG SIZE  rcvd: 123

root@927fc0d630a2:/#
