
root@927fc0d630a2:/# dig test82.goertzen

; <<>> DiG 9.16.1-Ubuntu <<>> test82.goertzen
;; global options: +cmd
;; Got answer:
;; ->>HEADER<<- opcode: QUERY, status: NOERROR, id: 19473
;; flags: qr rd ra; QUERY: 1, ANSWER: 1, AUTHORITY: 1, ADDITIONAL: 2

;; OPT PSEUDOSECTION:
; EDNS: version: 0, flags:; udp: 65355
; COOKIE: 2f829f2d1ad4768d0100000062ddd9f8ddd1b85c45ef097b (good)
;; QUESTION SECTION:
;test82.goertzen.               IN      A

;; ANSWER SECTION:
test82.goertzen.        604800  IN      A       42.42.42.42

;; AUTHORITY SECTION:
goertzen.               603812  IN      NS      ns1.goertzen.

;; ADDITIONAL SECTION:
ns1.goertzen.           603812  IN      A       172.20.0.4

;; Query time: 2252 msec
;; SERVER: 127.0.0.11#53(127.0.0.11)
;; WHEN: Sun Jul 24 23:47:04 UTC 2022
;; MSG SIZE  rcvd: 122

root@927fc0d630a2:/#
