
root@927fc0d630a2:/# dig test58.goertzen

; <<>> DiG 9.16.1-Ubuntu <<>> test58.goertzen
;; global options: +cmd
;; Got answer:
;; ->>HEADER<<- opcode: QUERY, status: NOERROR, id: 13658
;; flags: qr rd ra; QUERY: 1, ANSWER: 1, AUTHORITY: 1, ADDITIONAL: 2

;; OPT PSEUDOSECTION:
; EDNS: version: 0, flags:; udp: 65355
; COOKIE: caf0d3ec6cbb178b0100000062ddd890235fa6ed945ff559 (good)
;; QUESTION SECTION:
;test58.goertzen.               IN      A

;; ANSWER SECTION:
test58.goertzen.        604800  IN      A       42.42.42.42

;; AUTHORITY SECTION:
goertzen.               604172  IN      NS      ns1.goertzen.

;; ADDITIONAL SECTION:
ns1.goertzen.           604172  IN      A       172.20.0.4

;; Query time: 2260 msec
;; SERVER: 127.0.0.11#53(127.0.0.11)
;; WHEN: Sun Jul 24 23:41:04 UTC 2022
;; MSG SIZE  rcvd: 122

root@927fc0d630a2:/#
