
root@927fc0d630a2:/# dig test131.goertzen

; <<>> DiG 9.16.1-Ubuntu <<>> test131.goertzen
;; global options: +cmd
;; Got answer:
;; ->>HEADER<<- opcode: QUERY, status: NOERROR, id: 59560
;; flags: qr rd ra; QUERY: 1, ANSWER: 1, AUTHORITY: 1, ADDITIONAL: 2

;; OPT PSEUDOSECTION:
; EDNS: version: 0, flags:; udp: 65355
; COOKIE: 88455b78d4966a890100000062dddcd8f3d10fcb59384991 (good)
;; QUESTION SECTION:
;test131.goertzen.              IN      A

;; ANSWER SECTION:
test131.goertzen.       604800  IN      A       42.42.42.42

;; AUTHORITY SECTION:
goertzen.               603076  IN      NS      ns1.goertzen.

;; ADDITIONAL SECTION:
ns1.goertzen.           603076  IN      A       172.20.0.4

;; Query time: 2252 msec
;; SERVER: 127.0.0.11#53(127.0.0.11)
;; WHEN: Sun Jul 24 23:59:20 UTC 2022
;; MSG SIZE  rcvd: 123

root@927fc0d630a2:/#
