
root@1ba011c0c1ae:/# dig test778.goertzen

; <<>> DiG 9.16.1-Ubuntu <<>> test778.goertzen
;; global options: +cmd
;; Got answer:
;; ->>HEADER<<- opcode: QUERY, status: NOERROR, id: 50956
;; flags: qr rd ra; QUERY: 1, ANSWER: 1, AUTHORITY: 1, ADDITIONAL: 2

;; OPT PSEUDOSECTION:
; EDNS: version: 0, flags:; udp: 65355
; COOKIE: f85cc4c5752ea5490100000062de06f80dc8cc26fc62f49c (good)
;; QUESTION SECTION:
;test778.goertzen.              IN      A

;; ANSWER SECTION:
test778.goertzen.       604800  IN      A       42.42.42.42

;; AUTHORITY SECTION:
goertzen.               604157  IN      NS      ns1.goertzen.

;; ADDITIONAL SECTION:
ns1.goertzen.           604157  IN      A       172.20.0.4

;; Query time: 2260 msec
;; SERVER: 127.0.0.11#53(127.0.0.11)
;; WHEN: Mon Jul 25 02:59:04 UTC 2022
;; MSG SIZE  rcvd: 123

root@1ba011c0c1ae:/#
