
root@1ba011c0c1ae:/# dig test890.goertzen

; <<>> DiG 9.16.1-Ubuntu <<>> test890.goertzen
;; global options: +cmd
;; Got answer:
;; ->>HEADER<<- opcode: QUERY, status: NOERROR, id: 10570
;; flags: qr rd ra; QUERY: 1, ANSWER: 1, AUTHORITY: 1, ADDITIONAL: 2

;; OPT PSEUDOSECTION:
; EDNS: version: 0, flags:; udp: 65355
; COOKIE: e7cf4c31c6a9b3db0100000062de0d8a5087dce01a4997c1 (good)
;; QUESTION SECTION:
;test890.goertzen.              IN      A

;; ANSWER SECTION:
test890.goertzen.       604800  IN      A       42.42.42.42

;; AUTHORITY SECTION:
goertzen.               602475  IN      NS      ns1.goertzen.

;; ADDITIONAL SECTION:
ns1.goertzen.           602475  IN      A       172.20.0.4

;; Query time: 2268 msec
;; SERVER: 127.0.0.11#53(127.0.0.11)
;; WHEN: Mon Jul 25 03:27:06 UTC 2022
;; MSG SIZE  rcvd: 123

root@1ba011c0c1ae:/#
