
root@927fc0d630a2:/# dig test228.goertzen

; <<>> DiG 9.16.1-Ubuntu <<>> test228.goertzen
;; global options: +cmd
;; Got answer:
;; ->>HEADER<<- opcode: QUERY, status: NOERROR, id: 59388
;; flags: qr rd ra; QUERY: 1, ANSWER: 1, AUTHORITY: 1, ADDITIONAL: 2

;; OPT PSEUDOSECTION:
; EDNS: version: 0, flags:; udp: 65355
; COOKIE: 84aca95f9c9b925a0100000062dde288275b8547bf6a7018 (good)
;; QUESTION SECTION:
;test228.goertzen.              IN      A

;; ANSWER SECTION:
test228.goertzen.       604800  IN      A       42.42.42.42

;; AUTHORITY SECTION:
goertzen.               601620  IN      NS      ns1.goertzen.

;; ADDITIONAL SECTION:
ns1.goertzen.           601620  IN      A       172.20.0.4

;; Query time: 2252 msec
;; SERVER: 127.0.0.11#53(127.0.0.11)
;; WHEN: Mon Jul 25 00:23:36 UTC 2022
;; MSG SIZE  rcvd: 123

root@927fc0d630a2:/#
