
root@7476a60c9ada:/# dig test729.goertzen

; <<>> DiG 9.16.1-Ubuntu <<>> test729.goertzen
;; global options: +cmd
;; Got answer:
;; ->>HEADER<<- opcode: QUERY, status: NOERROR, id: 23209
;; flags: qr rd ra; QUERY: 1, ANSWER: 1, AUTHORITY: 1, ADDITIONAL: 2

;; OPT PSEUDOSECTION:
; EDNS: version: 0, flags:; udp: 65355
; COOKIE: 1933135175538e240100000062de03637263a0f78002e136 (good)
;; QUESTION SECTION:
;test729.goertzen.              IN      A

;; ANSWER SECTION:
test729.goertzen.       604800  IN      A       42.42.42.42

;; AUTHORITY SECTION:
goertzen.               601215  IN      NS      ns1.goertzen.

;; ADDITIONAL SECTION:
ns1.goertzen.           601215  IN      A       172.20.0.4

;; Query time: 2252 msec
;; SERVER: 127.0.0.11#53(127.0.0.11)
;; WHEN: Mon Jul 25 02:43:47 UTC 2022
;; MSG SIZE  rcvd: 123

root@7476a60c9ada:/#
