
root@a28e83040266:/# dig test448.goertzen

; <<>> DiG 9.16.1-Ubuntu <<>> test448.goertzen
;; global options: +cmd
;; Got answer:
;; ->>HEADER<<- opcode: QUERY, status: NOERROR, id: 55231
;; flags: qr rd ra; QUERY: 1, ANSWER: 1, AUTHORITY: 1, ADDITIONAL: 2

;; OPT PSEUDOSECTION:
; EDNS: version: 0, flags:; udp: 65355
; COOKIE: ec069cb6a17a6c830100000062ea9de3e971ae19dc9e22ba (good)
;; QUESTION SECTION:
;test448.goertzen.              IN      A

;; ANSWER SECTION:
test448.goertzen.       604800  IN      A       42.42.42.42

;; AUTHORITY SECTION:
goertzen.               604641  IN      NS      ns1.goertzen.

;; ADDITIONAL SECTION:
ns1.goertzen.           604641  IN      A       172.20.0.4

;; Query time: 71 msec
;; SERVER: 127.0.0.11#53(127.0.0.11)
;; WHEN: Wed Aug 03 16:10:11 UTC 2022
;; MSG SIZE  rcvd: 123

root@a28e83040266:/#
