
root@a28e83040266:/# dig test271.goertzen

; <<>> DiG 9.16.1-Ubuntu <<>> test271.goertzen
;; global options: +cmd
;; Got answer:
;; ->>HEADER<<- opcode: QUERY, status: NOERROR, id: 15223
;; flags: qr rd ra; QUERY: 1, ANSWER: 1, AUTHORITY: 1, ADDITIONAL: 2

;; OPT PSEUDOSECTION:
; EDNS: version: 0, flags:; udp: 65355
; COOKIE: 52f3e664fd57019c0100000062ea9d5c68ce935f91e144a8 (good)
;; QUESTION SECTION:
;test271.goertzen.              IN      A

;; ANSWER SECTION:
test271.goertzen.       604800  IN      A       42.42.42.42

;; AUTHORITY SECTION:
goertzen.               604776  IN      NS      ns1.goertzen.

;; ADDITIONAL SECTION:
ns1.goertzen.           604776  IN      A       172.20.0.4

;; Query time: 67 msec
;; SERVER: 127.0.0.11#53(127.0.0.11)
;; WHEN: Wed Aug 03 16:07:56 UTC 2022
;; MSG SIZE  rcvd: 123

root@a28e83040266:/#
