
root@b18f0d8be0b6:/# dig test724.goertzen

; <<>> DiG 9.16.1-Ubuntu <<>> test724.goertzen
;; global options: +cmd
;; Got answer:
;; ->>HEADER<<- opcode: QUERY, status: NOERROR, id: 33940
;; flags: qr rd ra; QUERY: 1, ANSWER: 1, AUTHORITY: 1, ADDITIONAL: 2

;; OPT PSEUDOSECTION:
; EDNS: version: 0, flags:; udp: 65355
; COOKIE: 117cd3759db04ddf0100000062eaa0508d31a4e409ae18a6 (good)
;; QUESTION SECTION:
;test724.goertzen.              IN      A

;; ANSWER SECTION:
test724.goertzen.       604800  IN      A       42.42.42.42

;; AUTHORITY SECTION:
goertzen.               604761  IN      NS      ns1.goertzen.

;; ADDITIONAL SECTION:
ns1.goertzen.           604761  IN      A       172.20.0.4

;; Query time: 67 msec
;; SERVER: 127.0.0.11#53(127.0.0.11)
;; WHEN: Wed Aug 03 16:20:32 UTC 2022
;; MSG SIZE  rcvd: 123

root@b18f0d8be0b6:/#
