
root@7df2289ab9e4:/# dig test905.goertzen

; <<>> DiG 9.16.1-Ubuntu <<>> test905.goertzen
;; global options: +cmd
;; Got answer:
;; ->>HEADER<<- opcode: QUERY, status: NOERROR, id: 46554
;; flags: qr rd ra; QUERY: 1, ANSWER: 1, AUTHORITY: 1, ADDITIONAL: 2

;; OPT PSEUDOSECTION:
; EDNS: version: 0, flags:; udp: 65355
; COOKIE: 2e88b62c7927b5e30100000062e945d814e1a648301d5811 (good)
;; QUESTION SECTION:
;test905.goertzen.              IN      A

;; ANSWER SECTION:
test905.goertzen.       604800  IN      A       42.42.42.42

;; AUTHORITY SECTION:
goertzen.               604324  IN      NS      ns1.goertzen.

;; ADDITIONAL SECTION:
ns1.goertzen.           604324  IN      A       172.20.0.4

;; Query time: 55 msec
;; SERVER: 127.0.0.11#53(127.0.0.11)
;; WHEN: Tue Aug 02 15:42:16 UTC 2022
;; MSG SIZE  rcvd: 123

root@7df2289ab9e4:/#
