
root@7df2289ab9e4:/# dig test524.goertzen

; <<>> DiG 9.16.1-Ubuntu <<>> test524.goertzen
;; global options: +cmd
;; Got answer:
;; ->>HEADER<<- opcode: QUERY, status: NOERROR, id: 59909
;; flags: qr rd ra; QUERY: 1, ANSWER: 1, AUTHORITY: 1, ADDITIONAL: 2

;; OPT PSEUDOSECTION:
; EDNS: version: 0, flags:; udp: 65355
; COOKIE: c079e5209c72fef60100000062e9445637dfd3f3659fb8e4 (good)
;; QUESTION SECTION:
;test524.goertzen.              IN      A

;; ANSWER SECTION:
test524.goertzen.       604800  IN      A       42.42.42.42

;; AUTHORITY SECTION:
goertzen.               604710  IN      NS      ns1.goertzen.

;; ADDITIONAL SECTION:
ns1.goertzen.           604710  IN      A       172.20.0.4

;; Query time: 59 msec
;; SERVER: 127.0.0.11#53(127.0.0.11)
;; WHEN: Tue Aug 02 15:35:50 UTC 2022
;; MSG SIZE  rcvd: 123

root@7df2289ab9e4:/#
