
root@7df2289ab9e4:/# dig test803.goertzen

; <<>> DiG 9.16.1-Ubuntu <<>> test803.goertzen
;; global options: +cmd
;; Got answer:
;; ->>HEADER<<- opcode: QUERY, status: NOERROR, id: 31982
;; flags: qr rd ra; QUERY: 1, ANSWER: 1, AUTHORITY: 1, ADDITIONAL: 2

;; OPT PSEUDOSECTION:
; EDNS: version: 0, flags:; udp: 65355
; COOKIE: eb2a1fe20b593f6d0100000062e94571290dda0fef6ee7b5 (good)
;; QUESTION SECTION:
;test803.goertzen.              IN      A

;; ANSWER SECTION:
test803.goertzen.       604800  IN      A       42.42.42.42

;; AUTHORITY SECTION:
goertzen.               604427  IN      NS      ns1.goertzen.

;; ADDITIONAL SECTION:
ns1.goertzen.           604427  IN      A       172.20.0.4

;; Query time: 55 msec
;; SERVER: 127.0.0.11#53(127.0.0.11)
;; WHEN: Tue Aug 02 15:40:33 UTC 2022
;; MSG SIZE  rcvd: 123

root@7df2289ab9e4:/#
