
root@4d399086b0e2:/# dig test208.goertzen

; <<>> DiG 9.16.1-Ubuntu <<>> test208.goertzen
;; global options: +cmd
;; Got answer:
;; ->>HEADER<<- opcode: QUERY, status: NOERROR, id: 18237
;; flags: qr rd ra; QUERY: 1, ANSWER: 1, AUTHORITY: 1, ADDITIONAL: 2

;; OPT PSEUDOSECTION:
; EDNS: version: 0, flags:; udp: 65355
; COOKIE: d996f71593ff43c40100000062ea9c6765819ac3e1694cf2 (good)
;; QUESTION SECTION:
;test208.goertzen.              IN      A

;; ANSWER SECTION:
test208.goertzen.       604800  IN      A       42.42.42.42

;; AUTHORITY SECTION:
goertzen.               604685  IN      NS      ns1.goertzen.

;; ADDITIONAL SECTION:
ns1.goertzen.           604685  IN      A       172.20.0.4

;; Query time: 67 msec
;; SERVER: 127.0.0.11#53(127.0.0.11)
;; WHEN: Wed Aug 03 16:03:51 UTC 2022
;; MSG SIZE  rcvd: 123

root@4d399086b0e2:/#
