
root@4d399086b0e2:/# dig test261.goertzen

; <<>> DiG 9.16.1-Ubuntu <<>> test261.goertzen
;; global options: +cmd
;; Got answer:
;; ->>HEADER<<- opcode: QUERY, status: NOERROR, id: 27553
;; flags: qr rd ra; QUERY: 1, ANSWER: 1, AUTHORITY: 1, ADDITIONAL: 2

;; OPT PSEUDOSECTION:
; EDNS: version: 0, flags:; udp: 65355
; COOKIE: e3e8b6377d5261910100000062ea9c8fcf4a62bc42c3e20e (good)
;; QUESTION SECTION:
;test261.goertzen.              IN      A

;; ANSWER SECTION:
test261.goertzen.       604800  IN      A       42.42.42.42

;; AUTHORITY SECTION:
goertzen.               604645  IN      NS      ns1.goertzen.

;; ADDITIONAL SECTION:
ns1.goertzen.           604645  IN      A       172.20.0.4

;; Query time: 67 msec
;; SERVER: 127.0.0.11#53(127.0.0.11)
;; WHEN: Wed Aug 03 16:04:31 UTC 2022
;; MSG SIZE  rcvd: 123

root@4d399086b0e2:/#
