
root@a28e83040266:/# dig test420.goertzen

; <<>> DiG 9.16.1-Ubuntu <<>> test420.goertzen
;; global options: +cmd
;; Got answer:
;; ->>HEADER<<- opcode: QUERY, status: NOERROR, id: 8983
;; flags: qr rd ra; QUERY: 1, ANSWER: 1, AUTHORITY: 1, ADDITIONAL: 2

;; OPT PSEUDOSECTION:
; EDNS: version: 0, flags:; udp: 65355
; COOKIE: 075ef387c531a3240100000062ea9dceb2af5e80267b8a85 (good)
;; QUESTION SECTION:
;test420.goertzen.              IN      A

;; ANSWER SECTION:
test420.goertzen.       604800  IN      A       42.42.42.42

;; AUTHORITY SECTION:
goertzen.               604662  IN      NS      ns1.goertzen.

;; ADDITIONAL SECTION:
ns1.goertzen.           604662  IN      A       172.20.0.4

;; Query time: 67 msec
;; SERVER: 127.0.0.11#53(127.0.0.11)
;; WHEN: Wed Aug 03 16:09:50 UTC 2022
;; MSG SIZE  rcvd: 123

root@a28e83040266:/#
