
root@0e96cc35633a:/# dig test963.goertzen

; <<>> DiG 9.16.1-Ubuntu <<>> test963.goertzen
;; global options: +cmd
;; Got answer:
;; ->>HEADER<<- opcode: QUERY, status: NOERROR, id: 33890
;; flags: qr rd ra; QUERY: 1, ANSWER: 1, AUTHORITY: 1, ADDITIONAL: 2

;; OPT PSEUDOSECTION:
; EDNS: version: 0, flags:; udp: 65355
; COOKIE: d86afafc841f3a7c0100000062e946d836912eb5f16dfb3a (good)
;; QUESTION SECTION:
;test963.goertzen.              IN      A

;; ANSWER SECTION:
test963.goertzen.       604800  IN      A       42.42.42.42

;; AUTHORITY SECTION:
goertzen.               604776  IN      NS      ns1.goertzen.

;; ADDITIONAL SECTION:
ns1.goertzen.           604776  IN      A       172.20.0.4

;; Query time: 59 msec
;; SERVER: 127.0.0.11#53(127.0.0.11)
;; WHEN: Tue Aug 02 15:46:32 UTC 2022
;; MSG SIZE  rcvd: 123

root@0e96cc35633a:/#
