
root@116de8474df3:/# dig test219.goertzen

; <<>> DiG 9.16.1-Ubuntu <<>> test219.goertzen
;; global options: +cmd
;; Got answer:
;; ->>HEADER<<- opcode: QUERY, status: NOERROR, id: 50335
;; flags: qr rd ra; QUERY: 1, ANSWER: 1, AUTHORITY: 1, ADDITIONAL: 2

;; OPT PSEUDOSECTION:
; EDNS: version: 0, flags:; udp: 65355
; COOKIE: d09e811cdbea4e7b0100000062dc48cdc4777308540c85c2 (good)
;; QUESTION SECTION:
;test219.goertzen.              IN      A

;; ANSWER SECTION:
test219.goertzen.       604800  IN      A       42.42.42.42

;; AUTHORITY SECTION:
goertzen.               604668  IN      NS      ns1.goertzen.

;; ADDITIONAL SECTION:
ns1.goertzen.           604668  IN      A       172.20.0.4

;; Query time: 60 msec
;; SERVER: 127.0.0.11#53(127.0.0.11)
;; WHEN: Sat Jul 23 19:15:25 UTC 2022
;; MSG SIZE  rcvd: 123

root@116de8474df3:/#
