
root@116de8474df3:/# dig test442.goertzen

; <<>> DiG 9.16.1-Ubuntu <<>> test442.goertzen
;; global options: +cmd
;; Got answer:
;; ->>HEADER<<- opcode: QUERY, status: NOERROR, id: 42048
;; flags: qr rd ra; QUERY: 1, ANSWER: 1, AUTHORITY: 1, ADDITIONAL: 2

;; OPT PSEUDOSECTION:
; EDNS: version: 0, flags:; udp: 65355
; COOKIE: c919a8757c68fd5b0100000062dc494d0f4ac0451d0ce8c5 (good)
;; QUESTION SECTION:
;test442.goertzen.              IN      A

;; ANSWER SECTION:
test442.goertzen.       604800  IN      A       42.42.42.42

;; AUTHORITY SECTION:
goertzen.               604540  IN      NS      ns1.goertzen.

;; ADDITIONAL SECTION:
ns1.goertzen.           604540  IN      A       172.20.0.4

;; Query time: 64 msec
;; SERVER: 127.0.0.11#53(127.0.0.11)
;; WHEN: Sat Jul 23 19:17:33 UTC 2022
;; MSG SIZE  rcvd: 123

root@116de8474df3:/#
