
root@2ccec66f328a:/# dig test961.goertzen

; <<>> DiG 9.16.1-Ubuntu <<>> test961.goertzen
;; global options: +cmd
;; Got answer:
;; ->>HEADER<<- opcode: QUERY, status: NOERROR, id: 5870
;; flags: qr rd ra; QUERY: 1, ANSWER: 1, AUTHORITY: 1, ADDITIONAL: 2

;; OPT PSEUDOSECTION:
; EDNS: version: 0, flags:; udp: 65355
; COOKIE: 71b43a6072145a170100000062dc4b82e2b197eb2aa55edb (good)
;; QUESTION SECTION:
;test961.goertzen.              IN      A

;; ANSWER SECTION:
test961.goertzen.       604800  IN      A       42.42.42.42

;; AUTHORITY SECTION:
goertzen.               604711  IN      NS      ns1.goertzen.

;; ADDITIONAL SECTION:
ns1.goertzen.           604711  IN      A       172.20.0.4

;; Query time: 56 msec
;; SERVER: 127.0.0.11#53(127.0.0.11)
;; WHEN: Sat Jul 23 19:26:58 UTC 2022
;; MSG SIZE  rcvd: 123

root@2ccec66f328a:/#
