
root@2ccec66f328a:/# dig test964.goertzen

; <<>> DiG 9.16.1-Ubuntu <<>> test964.goertzen
;; global options: +cmd
;; Got answer:
;; ->>HEADER<<- opcode: QUERY, status: NOERROR, id: 36562
;; flags: qr rd ra; QUERY: 1, ANSWER: 1, AUTHORITY: 1, ADDITIONAL: 2

;; OPT PSEUDOSECTION:
; EDNS: version: 0, flags:; udp: 65355
; COOKIE: 5b835c820bf8880e0100000062dc4b84fb59b3e1700aa590 (good)
;; QUESTION SECTION:
;test964.goertzen.              IN      A

;; ANSWER SECTION:
test964.goertzen.       604800  IN      A       42.42.42.42

;; AUTHORITY SECTION:
goertzen.               604709  IN      NS      ns1.goertzen.

;; ADDITIONAL SECTION:
ns1.goertzen.           604709  IN      A       172.20.0.4

;; Query time: 56 msec
;; SERVER: 127.0.0.11#53(127.0.0.11)
;; WHEN: Sat Jul 23 19:27:00 UTC 2022
;; MSG SIZE  rcvd: 123

root@2ccec66f328a:/#
