
root@116de8474df3:/# dig test199.goertzen

; <<>> DiG 9.16.1-Ubuntu <<>> test199.goertzen
;; global options: +cmd
;; Got answer:
;; ->>HEADER<<- opcode: QUERY, status: NOERROR, id: 478
;; flags: qr rd ra; QUERY: 1, ANSWER: 1, AUTHORITY: 1, ADDITIONAL: 2

;; OPT PSEUDOSECTION:
; EDNS: version: 0, flags:; udp: 65355
; COOKIE: 35d6b141e7ff3b1c0100000062dc48bd28f0d39b9dd1688d (good)
;; QUESTION SECTION:
;test199.goertzen.              IN      A

;; ANSWER SECTION:
test199.goertzen.       604800  IN      A       42.42.42.42

;; AUTHORITY SECTION:
goertzen.               604684  IN      NS      ns1.goertzen.

;; ADDITIONAL SECTION:
ns1.goertzen.           604684  IN      A       172.20.0.4

;; Query time: 60 msec
;; SERVER: 127.0.0.11#53(127.0.0.11)
;; WHEN: Sat Jul 23 19:15:09 UTC 2022
;; MSG SIZE  rcvd: 123

root@116de8474df3:/#
