
root@2d7dd6040e43:/# dig test640.goertzen

; <<>> DiG 9.16.1-Ubuntu <<>> test640.goertzen
;; global options: +cmd
;; Got answer:
;; ->>HEADER<<- opcode: QUERY, status: NOERROR, id: 21364
;; flags: qr rd ra; QUERY: 1, ANSWER: 1, AUTHORITY: 1, ADDITIONAL: 2

;; OPT PSEUDOSECTION:
; EDNS: version: 0, flags:; udp: 65355
; COOKIE: b1c2065e3c3648790100000062dc4a3c2e0516a5860d6e92 (good)
;; QUESTION SECTION:
;test640.goertzen.              IN      A

;; ANSWER SECTION:
test640.goertzen.       604800  IN      A       42.42.42.42

;; AUTHORITY SECTION:
goertzen.               604735  IN      NS      ns1.goertzen.

;; ADDITIONAL SECTION:
ns1.goertzen.           604735  IN      A       172.20.0.4

;; Query time: 56 msec
;; SERVER: 127.0.0.11#53(127.0.0.11)
;; WHEN: Sat Jul 23 19:21:32 UTC 2022
;; MSG SIZE  rcvd: 123

root@2d7dd6040e43:/#
