
root@2d7dd6040e43:/# dig test559.goertzen

; <<>> DiG 9.16.1-Ubuntu <<>> test559.goertzen
;; global options: +cmd
;; Got answer:
;; ->>HEADER<<- opcode: QUERY, status: NOERROR, id: 3344
;; flags: qr rd ra; QUERY: 1, ANSWER: 1, AUTHORITY: 1, ADDITIONAL: 2

;; OPT PSEUDOSECTION:
; EDNS: version: 0, flags:; udp: 65355
; COOKIE: 928ea442de2216fe0100000062dc4a0e8342ffdcda992490 (good)
;; QUESTION SECTION:
;test559.goertzen.              IN      A

;; ANSWER SECTION:
test559.goertzen.       604800  IN      A       42.42.42.42

;; AUTHORITY SECTION:
goertzen.               604781  IN      NS      ns1.goertzen.

;; ADDITIONAL SECTION:
ns1.goertzen.           604781  IN      A       172.20.0.4

;; Query time: 76 msec
;; SERVER: 127.0.0.11#53(127.0.0.11)
;; WHEN: Sat Jul 23 19:20:46 UTC 2022
;; MSG SIZE  rcvd: 123

root@2d7dd6040e43:/#
