
root@2ccec66f328a:/# dig test829.goertzen

; <<>> DiG 9.16.1-Ubuntu <<>> test829.goertzen
;; global options: +cmd
;; Got answer:
;; ->>HEADER<<- opcode: QUERY, status: NOERROR, id: 57455
;; flags: qr rd ra; QUERY: 1, ANSWER: 1, AUTHORITY: 1, ADDITIONAL: 2

;; OPT PSEUDOSECTION:
; EDNS: version: 0, flags:; udp: 65355
; COOKIE: 0b48acf9b1d5d5260100000062dc4b384545c59f456c5fc7 (good)
;; QUESTION SECTION:
;test829.goertzen.              IN      A

;; ANSWER SECTION:
test829.goertzen.       604800  IN      A       42.42.42.42

;; AUTHORITY SECTION:
goertzen.               604785  IN      NS      ns1.goertzen.

;; ADDITIONAL SECTION:
ns1.goertzen.           604785  IN      A       172.20.0.4

;; Query time: 76 msec
;; SERVER: 127.0.0.11#53(127.0.0.11)
;; WHEN: Sat Jul 23 19:25:44 UTC 2022
;; MSG SIZE  rcvd: 123

root@2ccec66f328a:/#
