
root@116de8474df3:/# dig test495.goertzen

; <<>> DiG 9.16.1-Ubuntu <<>> test495.goertzen
;; global options: +cmd
;; Got answer:
;; ->>HEADER<<- opcode: QUERY, status: NOERROR, id: 5122
;; flags: qr rd ra; QUERY: 1, ANSWER: 1, AUTHORITY: 1, ADDITIONAL: 2

;; OPT PSEUDOSECTION:
; EDNS: version: 0, flags:; udp: 65355
; COOKIE: be012c04789f156d0100000062dc4968c59498e0e9f93310 (good)
;; QUESTION SECTION:
;test495.goertzen.              IN      A

;; ANSWER SECTION:
test495.goertzen.       604800  IN      A       42.42.42.42

;; AUTHORITY SECTION:
goertzen.               604513  IN      NS      ns1.goertzen.

;; ADDITIONAL SECTION:
ns1.goertzen.           604513  IN      A       172.20.0.4

;; Query time: 64 msec
;; SERVER: 127.0.0.11#53(127.0.0.11)
;; WHEN: Sat Jul 23 19:18:00 UTC 2022
;; MSG SIZE  rcvd: 123

root@116de8474df3:/#
