
root@effad4f64629:/# dig test757.goertzen

; <<>> DiG 9.16.1-Ubuntu <<>> test757.goertzen
;; global options: +cmd
;; Got answer:
;; ->>HEADER<<- opcode: QUERY, status: NOERROR, id: 25
59
;; flags: qr rd ra; QUERY: 1, ANSWER: 1, AUTHORITY: 1,
 ADDITIONAL: 2

;; OPT PSEUDOSECTION:
; EDNS: version: 0, flags:; udp: 65355
; COOKIE: f775959b777a11e10100000062ec35c34cdecef0fd78
a7f3 (good)
;; QUESTION SECTION:
;test757.goertzen.              IN      A

;; ANSWER SECTION:
test757.goertzen.       604800  IN      A       42.42.
42.42

;; AUTHORITY SECTION:
goertzen.               604362  IN      NS      ns1.go
ertzen.

;; ADDITIONAL SECTION:
ns1.goertzen.           604362  IN      A       172.20
.0.4

;; Query time: 7 msec
;; SERVER: 127.0.0.11#53(127.0.0.11)
;; WHEN: Thu Aug 04 21:10:27 UTC 2022
;; MSG SIZE  rcvd: 123

root@effad4f64629:/#
