
root@bb15bf4ffe28:/# dig test266.goertzen

; <<>> DiG 9.16.1-Ubuntu <<>> test266.goertzen
;; global options: +cmd
;; Got answer:
;; ->>HEADER<<- opcode: QUERY, status: NOERROR, id: 20
096
;; flags: qr rd ra; QUERY: 1, ANSWER: 1, AUTHORITY: 1,
 ADDITIONAL: 2

;; OPT PSEUDOSECTION:
; EDNS: version: 0, flags:; udp: 65355
; COOKIE: 6a7cdf25630efc940100000062ec33661fcb42b4a99b
d1fb (good)
;; QUESTION SECTION:
;test266.goertzen.              IN      A

;; ANSWER SECTION:
test266.goertzen.       604800  IN      A       42.42.
42.42

;; AUTHORITY SECTION:
goertzen.               604521  IN      NS      ns1.go
ertzen.

;; ADDITIONAL SECTION:
ns1.goertzen.           604521  IN      A       172.20
.0.4

;; Query time: 15 msec
;; SERVER: 127.0.0.11#53(127.0.0.11)
;; WHEN: Thu Aug 04 21:00:22 UTC 2022
;; MSG SIZE  rcvd: 123

root@bb15bf4ffe28:/#
