
root@8cbba53f535d:/# dig test995.goertzen

; <<>> DiG 9.16.1-Ubuntu <<>> test995.goertzen
;; global options: +cmd
;; Got answer:
;; ->>HEADER<<- opcode: QUERY, status: NOERROR, id: 40
455
;; flags: qr rd ra; QUERY: 1, ANSWER: 1, AUTHORITY: 1,
 ADDITIONAL: 2

;; OPT PSEUDOSECTION:
; EDNS: version: 0, flags:; udp: 65355
; COOKIE: 6f46909f1ffec3a60100000062ec372e320806342007
acf5 (good)
;; QUESTION SECTION:
;test995.goertzen.              IN      A

;; ANSWER SECTION:
test995.goertzen.       604800  IN      A       42.42.
42.42

;; AUTHORITY SECTION:
goertzen.               604715  IN      NS      ns1.go
ertzen.

;; ADDITIONAL SECTION:
ns1.goertzen.           604715  IN      A       172.20
.0.4

;; Query time: 15 msec
;; SERVER: 127.0.0.11#53(127.0.0.11)
;; WHEN: Thu Aug 04 21:16:30 UTC 2022
;; MSG SIZE  rcvd: 123

root@8cbba53f535d:/#
