
root@effad4f64629:/# dig test800.goertzen

; <<>> DiG 9.16.1-Ubuntu <<>> test800.goertzen
;; global options: +cmd
;; Got answer:
;; ->>HEADER<<- opcode: QUERY, status: NOERROR, id: 44
64
;; flags: qr rd ra; QUERY: 1, ANSWER: 1, AUTHORITY: 1,
 ADDITIONAL: 2

;; OPT PSEUDOSECTION:
; EDNS: version: 0, flags:; udp: 65355
; COOKIE: 1ca959a665531bc80100000062ec35ee7357da92dea3
bff3 (good)
;; QUESTION SECTION:
;test800.goertzen.              IN      A

;; ANSWER SECTION:
test800.goertzen.       604800  IN      A       42.42.
42.42

;; AUTHORITY SECTION:
goertzen.               604319  IN      NS      ns1.go
ertzen.

;; ADDITIONAL SECTION:
ns1.goertzen.           604319  IN      A       172.20
.0.4

;; Query time: 11 msec
;; SERVER: 127.0.0.11#53(127.0.0.11)
;; WHEN: Thu Aug 04 21:11:10 UTC 2022
;; MSG SIZE  rcvd: 123

root@effad4f64629:/#
