
root@effad4f64629:/# dig test871.goertzen

; <<>> DiG 9.16.1-Ubuntu <<>> test871.goertzen
;; global options: +cmd
;; Got answer:
;; ->>HEADER<<- opcode: QUERY, status: NOERROR, id: 45
166
;; flags: qr rd ra; QUERY: 1, ANSWER: 1, AUTHORITY: 1,
 ADDITIONAL: 2

;; OPT PSEUDOSECTION:
; EDNS: version: 0, flags:; udp: 65355
; COOKIE: 5094656a1fffc6680100000062ec3636c63239633876
cd3e (good)
;; QUESTION SECTION:
;test871.goertzen.              IN      A

;; ANSWER SECTION:
test871.goertzen.       604800  IN      A       42.42.
42.42

;; AUTHORITY SECTION:
goertzen.               604247  IN      NS      ns1.go
ertzen.

;; ADDITIONAL SECTION:
ns1.goertzen.           604247  IN      A       172.20
.0.4

;; Query time: 19 msec
;; SERVER: 127.0.0.11#53(127.0.0.11)
;; WHEN: Thu Aug 04 21:12:22 UTC 2022
;; MSG SIZE  rcvd: 123

root@effad4f64629:/#
