
root@effad4f64629:/# dig test560.goertzen

; <<>> DiG 9.16.1-Ubuntu <<>> test560.goertzen
;; global options: +cmd
;; Got answer:
;; ->>HEADER<<- opcode: QUERY, status: NOERROR, id: 17
039
;; flags: qr rd ra; QUERY: 1, ANSWER: 1, AUTHORITY: 1,
 ADDITIONAL: 2

;; OPT PSEUDOSECTION:
; EDNS: version: 0, flags:; udp: 65355
; COOKIE: 1a13e1e249b51ab10100000062ec34fbb6eb1c292328
7f37 (good)
;; QUESTION SECTION:
;test560.goertzen.              IN      A

;; ANSWER SECTION:
test560.goertzen.       604800  IN      A       42.42.
42.42

;; AUTHORITY SECTION:
goertzen.               604562  IN      NS      ns1.go
ertzen.

;; ADDITIONAL SECTION:
ns1.goertzen.           604562  IN      A       172.20
.0.4

;; Query time: 15 msec
;; SERVER: 127.0.0.11#53(127.0.0.11)
;; WHEN: Thu Aug 04 21:07:07 UTC 2022
;; MSG SIZE  rcvd: 123

root@effad4f64629:/#
