
root@bb15bf4ffe28:/# dig test30.goertzen

; <<>> DiG 9.16.1-Ubuntu <<>> test30.goertzen
;; global options: +cmd
;; Got answer:
;; ->>HEADER<<- opcode: QUERY, status: NOERROR, id: 17
424
;; flags: qr rd ra; QUERY: 1, ANSWER: 1, AUTHORITY: 1,
 ADDITIONAL: 2

;; OPT PSEUDOSECTION:
; EDNS: version: 0, flags:; udp: 65355
; COOKIE: eca092e0eb9cda710100000062ec327768abf866ad57
8211 (good)
;; QUESTION SECTION:
;test30.goertzen.               IN      A

;; ANSWER SECTION:
test30.goertzen.        604800  IN      A       42.42.
42.42

;; AUTHORITY SECTION:
goertzen.               604760  IN      NS      ns1.go
ertzen.

;; ADDITIONAL SECTION:
ns1.goertzen.           604760  IN      A       172.20
.0.4

;; Query time: 7 msec
;; SERVER: 127.0.0.11#53(127.0.0.11)
;; WHEN: Thu Aug 04 20:56:23 UTC 2022
;; MSG SIZE  rcvd: 122

root@bb15bf4ffe28:/#
