
root@8cbba53f535d:/# dig test975.goertzen

; <<>> DiG 9.16.1-Ubuntu <<>> test975.goertzen
;; global options: +cmd
;; Got answer:
;; ->>HEADER<<- opcode: QUERY, status: NOERROR, id: 21
074
;; flags: qr rd ra; QUERY: 1, ANSWER: 1, AUTHORITY: 1,
 ADDITIONAL: 2

;; OPT PSEUDOSECTION:
; EDNS: version: 0, flags:; udp: 65355
; COOKIE: 88c2d6b6a76f4b1f0100000062ec371aab7dc73be49b
3767 (good)
;; QUESTION SECTION:
;test975.goertzen.              IN      A

;; ANSWER SECTION:
test975.goertzen.       604800  IN      A       42.42.
42.42

;; AUTHORITY SECTION:
goertzen.               604735  IN      NS      ns1.go
ertzen.

;; ADDITIONAL SECTION:
ns1.goertzen.           604735  IN      A       172.20
.0.4

;; Query time: 27 msec
;; SERVER: 127.0.0.11#53(127.0.0.11)
;; WHEN: Thu Aug 04 21:16:10 UTC 2022
;; MSG SIZE  rcvd: 123

root@8cbba53f535d:/#
