
root@effad4f64629:/# dig test788.goertzen

; <<>> DiG 9.16.1-Ubuntu <<>> test788.goertzen
;; global options: +cmd
;; Got answer:
;; ->>HEADER<<- opcode: QUERY, status: NOERROR, id: 13
188
;; flags: qr rd ra; QUERY: 1, ANSWER: 1, AUTHORITY: 1,
 ADDITIONAL: 2

;; OPT PSEUDOSECTION:
; EDNS: version: 0, flags:; udp: 65355
; COOKIE: 801f0fa67ce647b90100000062ec35e2b8080a665759
1741 (good)
;; QUESTION SECTION:
;test788.goertzen.              IN      A

;; ANSWER SECTION:
test788.goertzen.       604800  IN      A       42.42.
42.42

;; AUTHORITY SECTION:
goertzen.               604331  IN      NS      ns1.go
ertzen.

;; ADDITIONAL SECTION:
ns1.goertzen.           604331  IN      A       172.20
.0.4

;; Query time: 31 msec
;; SERVER: 127.0.0.11#53(127.0.0.11)
;; WHEN: Thu Aug 04 21:10:58 UTC 2022
;; MSG SIZE  rcvd: 123

root@effad4f64629:/#
