
root@bb15bf4ffe28:/# dig test293.goertzen

; <<>> DiG 9.16.1-Ubuntu <<>> test293.goertzen
;; global options: +cmd
;; Got answer:
;; ->>HEADER<<- opcode: QUERY, status: NOERROR, id: 20
168
;; flags: qr rd ra; QUERY: 1, ANSWER: 1, AUTHORITY: 1,
 ADDITIONAL: 2

;; OPT PSEUDOSECTION:
; EDNS: version: 0, flags:; udp: 65355
; COOKIE: ff9e69e3cf22548b0100000062ec3382fdeb70d74b4d
04bc (good)
;; QUESTION SECTION:
;test293.goertzen.              IN      A

;; ANSWER SECTION:
test293.goertzen.       604800  IN      A       42.42.
42.42

;; AUTHORITY SECTION:
goertzen.               604493  IN      NS      ns1.go
ertzen.

;; ADDITIONAL SECTION:
ns1.goertzen.           604493  IN      A       172.20
.0.4

;; Query time: 19 msec
;; SERVER: 127.0.0.11#53(127.0.0.11)
;; WHEN: Thu Aug 04 21:00:50 UTC 2022
;; MSG SIZE  rcvd: 123

root@bb15bf4ffe28:/#
