
root@58541f97452d:/# dig test591.goertzen

; <<>> DiG 9.16.1-Ubuntu <<>> test591.goertzen
;; global options: +cmd
;; Got answer:
;; ->>HEADER<<- opcode: QUERY, status: NOERROR, id: 38476
;; flags: qr rd ra ad; QUERY: 1, ANSWER: 1, AUTHORITY: 1, ADDITIONAL: 2

;; OPT PSEUDOSECTION:
; EDNS: version: 0, flags:; udp: 65355
; COOKIE: ad8b0474154908dd0100000062ddac729c12a912b19ce0ae (good)
;; QUESTION SECTION:
;test591.goertzen.              IN      A

;; ANSWER SECTION:
test591.goertzen.       604800  IN      A       42.42.42.42

;; AUTHORITY SECTION:
goertzen.               604661  IN      NS      ns1.goertzen.

;; ADDITIONAL SECTION:
ns1.goertzen.           604661  IN      A       172.20.0.4

;; Query time: 100 msec
;; SERVER: 127.0.0.11#53(127.0.0.11)
;; WHEN: Sun Jul 24 20:32:50 UTC 2022
;; MSG SIZE  rcvd: 123

root@58541f97452d:/#
