
root@58541f97452d:/# dig test516.goertzen

; <<>> DiG 9.16.1-Ubuntu <<>> test516.goertzen
;; global options: +cmd
;; Got answer:
;; ->>HEADER<<- opcode: QUERY, status: NOERROR, id: 57453
;; flags: qr rd ra ad; QUERY: 1, ANSWER: 1, AUTHORITY: 1, ADDITIONAL: 2

;; OPT PSEUDOSECTION:
; EDNS: version: 0, flags:; udp: 65355
; COOKIE: b939899f72efb8410100000062ddac26fb45444f92735364 (good)
;; QUESTION SECTION:
;test516.goertzen.              IN      A

;; ANSWER SECTION:
test516.goertzen.       604800  IN      A       42.42.42.42

;; AUTHORITY SECTION:
goertzen.               604737  IN      NS      ns1.goertzen.

;; ADDITIONAL SECTION:
ns1.goertzen.           604737  IN      A       172.20.0.4

;; Query time: 100 msec
;; SERVER: 127.0.0.11#53(127.0.0.11)
;; WHEN: Sun Jul 24 20:31:34 UTC 2022
;; MSG SIZE  rcvd: 123

root@58541f97452d:/#
