
root@ffd24312ddd8:/# dig test90.goertzen

; <<>> DiG 9.16.1-Ubuntu <<>> test90.goertzen
;; global options: +cmd
;; Got answer:
;; ->>HEADER<<- opcode: QUERY, status: NOERROR, id: 31148
;; flags: qr rd ra ad; QUERY: 1, ANSWER: 1, AUTHORITY: 1, ADDITIONAL: 2

;; OPT PSEUDOSECTION:
; EDNS: version: 0, flags:; udp: 65355
; COOKIE: de9004ac5e6255000100000062ddaa2259e0f8ec072b0dce (good)
;; QUESTION SECTION:
;test90.goertzen.               IN      A

;; ANSWER SECTION:
test90.goertzen.        604800  IN      A       42.42.42.42

;; AUTHORITY SECTION:
goertzen.               604698  IN      NS      ns1.goertzen.

;; ADDITIONAL SECTION:
ns1.goertzen.           604698  IN      A       172.20.0.4

;; Query time: 104 msec
;; SERVER: 127.0.0.11#53(127.0.0.11)
;; WHEN: Sun Jul 24 20:22:58 UTC 2022
;; MSG SIZE  rcvd: 122

root@ffd24312ddd8:/#
