
root@3933f703725c:/# dig test431.goertzen

; <<>> DiG 9.16.1-Ubuntu <<>> test431.goertzen
;; global options: +cmd
;; Got answer:
;; ->>HEADER<<- opcode: QUERY, status: NOERROR, id: 24274
;; flags: qr rd ra ad; QUERY: 1, ANSWER: 1, AUTHORITY: 1, ADDITIONAL: 2

;; OPT PSEUDOSECTION:
; EDNS: version: 0, flags:; udp: 65355
; COOKIE: 361aa0ae5691acb50100000062ddaba53cf8e58b20843771 (good)
;; QUESTION SECTION:
;test431.goertzen.              IN      A

;; ANSWER SECTION:
test431.goertzen.       604800  IN      A       42.42.42.42

;; AUTHORITY SECTION:
goertzen.               604478  IN      NS      ns1.goertzen.

;; ADDITIONAL SECTION:
ns1.goertzen.           604478  IN      A       172.20.0.4

;; Query time: 104 msec
;; SERVER: 127.0.0.11#53(127.0.0.11)
;; WHEN: Sun Jul 24 20:29:25 UTC 2022
;; MSG SIZE  rcvd: 123

root@3933f703725c:/#
