
root@3933f703725c:/# dig test392.goertzen

; <<>> DiG 9.16.1-Ubuntu <<>> test392.goertzen
;; global options: +cmd
;; Got answer:
;; ->>HEADER<<- opcode: QUERY, status: NOERROR, id: 14131
;; flags: qr rd ra ad; QUERY: 1, ANSWER: 1, AUTHORITY: 1, ADDITIONAL: 2

;; OPT PSEUDOSECTION:
; EDNS: version: 0, flags:; udp: 65355
; COOKIE: dc29f45e95e0d7a10100000062ddab7e528869bab9bb2f71 (good)
;; QUESTION SECTION:
;test392.goertzen.              IN      A

;; ANSWER SECTION:
test392.goertzen.       604800  IN      A       42.42.42.42

;; AUTHORITY SECTION:
goertzen.               604517  IN      NS      ns1.goertzen.

;; ADDITIONAL SECTION:
ns1.goertzen.           604517  IN      A       172.20.0.4

;; Query time: 112 msec
;; SERVER: 127.0.0.11#53(127.0.0.11)
;; WHEN: Sun Jul 24 20:28:46 UTC 2022
;; MSG SIZE  rcvd: 123

root@3933f703725c:/#
