
root@58541f97452d:/# dig test881.goertzen

; <<>> DiG 9.16.1-Ubuntu <<>> test881.goertzen
;; global options: +cmd
;; Got answer:
;; ->>HEADER<<- opcode: QUERY, status: NOERROR, id: 10390
;; flags: qr rd ra ad; QUERY: 1, ANSWER: 1, AUTHORITY: 1, ADDITIONAL: 2

;; OPT PSEUDOSECTION:
; EDNS: version: 0, flags:; udp: 65355
; COOKIE: c738bbcb4494aadc0100000062ddad97f618cce675178ae5 (good)
;; QUESTION SECTION:
;test881.goertzen.              IN      A

;; ANSWER SECTION:
test881.goertzen.       604800  IN      A       42.42.42.42

;; AUTHORITY SECTION:
goertzen.               604368  IN      NS      ns1.goertzen.

;; ADDITIONAL SECTION:
ns1.goertzen.           604368  IN      A       172.20.0.4

;; Query time: 100 msec
;; SERVER: 127.0.0.11#53(127.0.0.11)
;; WHEN: Sun Jul 24 20:37:43 UTC 2022
;; MSG SIZE  rcvd: 123

root@58541f97452d:/#
