
root@3933f703725c:/# dig test229.goertzen

; <<>> DiG 9.16.1-Ubuntu <<>> test229.goertzen
;; global options: +cmd
;; Got answer:
;; ->>HEADER<<- opcode: QUERY, status: NOERROR, id: 23740
;; flags: qr rd ra ad; QUERY: 1, ANSWER: 1, AUTHORITY: 1, ADDITIONAL: 2

;; OPT PSEUDOSECTION:
; EDNS: version: 0, flags:; udp: 65355
; COOKIE: 01fd375d467b9d6f0100000062ddaad95f50386fb46c2508 (good)
;; QUESTION SECTION:
;test229.goertzen.              IN      A

;; ANSWER SECTION:
test229.goertzen.       604800  IN      A       42.42.42.42

;; AUTHORITY SECTION:
goertzen.               604682  IN      NS      ns1.goertzen.

;; ADDITIONAL SECTION:
ns1.goertzen.           604682  IN      A       172.20.0.4

;; Query time: 100 msec
;; SERVER: 127.0.0.11#53(127.0.0.11)
;; WHEN: Sun Jul 24 20:26:01 UTC 2022
;; MSG SIZE  rcvd: 123

root@3933f703725c:/#
