
root@58541f97452d:/# dig test843.goertzen

; <<>> DiG 9.16.1-Ubuntu <<>> test843.goertzen
;; global options: +cmd
;; Got answer:
;; ->>HEADER<<- opcode: QUERY, status: NOERROR, id: 7935
;; flags: qr rd ra ad; QUERY: 1, ANSWER: 1, AUTHORITY: 1, ADDITIONAL: 2

;; OPT PSEUDOSECTION:
; EDNS: version: 0, flags:; udp: 65355
; COOKIE: 80ce8e8b52efaad00100000062ddad70b2d0e8b8ae1fcd05 (good)
;; QUESTION SECTION:
;test843.goertzen.              IN      A

;; ANSWER SECTION:
test843.goertzen.       604800  IN      A       42.42.42.42

;; AUTHORITY SECTION:
goertzen.               604407  IN      NS      ns1.goertzen.

;; ADDITIONAL SECTION:
ns1.goertzen.           604407  IN      A       172.20.0.4

;; Query time: 100 msec
;; SERVER: 127.0.0.11#53(127.0.0.11)
;; WHEN: Sun Jul 24 20:37:04 UTC 2022
;; MSG SIZE  rcvd: 123

root@58541f97452d:/#
