
root@58541f97452d:/# dig test791.goertzen

; <<>> DiG 9.16.1-Ubuntu <<>> test791.goertzen
;; global options: +cmd
;; Got answer:
;; ->>HEADER<<- opcode: QUERY, status: NOERROR, id: 5636
;; flags: qr rd ra ad; QUERY: 1, ANSWER: 1, AUTHORITY: 1, ADDITIONAL: 2

;; OPT PSEUDOSECTION:
; EDNS: version: 0, flags:; udp: 65355
; COOKIE: 5adca76b26445bc00100000062ddad3cf2ebcc0efa2871b2 (good)
;; QUESTION SECTION:
;test791.goertzen.              IN      A

;; ANSWER SECTION:
test791.goertzen.       604800  IN      A       42.42.42.42

;; AUTHORITY SECTION:
goertzen.               604459  IN      NS      ns1.goertzen.

;; ADDITIONAL SECTION:
ns1.goertzen.           604459  IN      A       172.20.0.4

;; Query time: 100 msec
;; SERVER: 127.0.0.11#53(127.0.0.11)
;; WHEN: Sun Jul 24 20:36:12 UTC 2022
;; MSG SIZE  rcvd: 123

root@58541f97452d:/#
