
root@7404c211a0cf:/# dig test744.goertzen

; <<>> DiG 9.16.1-Ubuntu <<>> test744.goertzen
;; global options: +cmd
;; Got answer:
;; ->>HEADER<<- opcode: QUERY, status: NOERROR, id: 31112
;; flags: qr rd ra; QUERY: 1, ANSWER: 1, AUTHORITY: 1, ADDITIONAL: 2

;; OPT PSEUDOSECTION:
; EDNS: version: 0, flags:; udp: 65355
; COOKIE: 280c9422a855e2ea0100000062e03008381292c6d6dba400 (good)
;; QUESTION SECTION:
;test744.goertzen.              IN      A

;; ANSWER SECTION:
test744.goertzen.       604800  IN      A       42.42.42.42

;; AUTHORITY SECTION:
goertzen.               604604  IN      NS      ns1.goertzen.

;; ADDITIONAL SECTION:
ns1.goertzen.           604604  IN      A       172.20.0.4

;; Query time: 103 msec
;; SERVER: 127.0.0.11#53(127.0.0.11)
;; WHEN: Tue Jul 26 18:18:48 UTC 2022
;; MSG SIZE  rcvd: 123

root@7404c211a0cf:/#
