
root@7404c211a0cf:/# dig test789.goertzen

; <<>> DiG 9.16.1-Ubuntu <<>> test789.goertzen
;; global options: +cmd
;; Got answer:
;; ->>HEADER<<- opcode: QUERY, status: NOERROR, id: 18688
;; flags: qr rd ra; QUERY: 1, ANSWER: 1, AUTHORITY: 1, ADDITIONAL: 2

;; OPT PSEUDOSECTION:
; EDNS: version: 0, flags:; udp: 65355
; COOKIE: 3186efd6c257fb3b0100000062e03035c1d18a55a6492d52 (good)
;; QUESTION SECTION:
;test789.goertzen.              IN      A

;; ANSWER SECTION:
test789.goertzen.       604800  IN      A       42.42.42.42

;; AUTHORITY SECTION:
goertzen.               604559  IN      NS      ns1.goertzen.

;; ADDITIONAL SECTION:
ns1.goertzen.           604559  IN      A       172.20.0.4

;; Query time: 83 msec
;; SERVER: 127.0.0.11#53(127.0.0.11)
;; WHEN: Tue Jul 26 18:19:33 UTC 2022
;; MSG SIZE  rcvd: 123

root@7404c211a0cf:/#
