
root@7404c211a0cf:/# dig test710.goertzen

; <<>> DiG 9.16.1-Ubuntu <<>> test710.goertzen
;; global options: +cmd
;; Got answer:
;; ->>HEADER<<- opcode: QUERY, status: NOERROR, id: 15451
;; flags: qr rd ra; QUERY: 1, ANSWER: 1, AUTHORITY: 1, ADDITIONAL: 2

;; OPT PSEUDOSECTION:
; EDNS: version: 0, flags:; udp: 65355
; COOKIE: 1d7cc22397d8a5f00100000062e02fe5dabd58275b03ba4c (good)
;; QUESTION SECTION:
;test710.goertzen.              IN      A

;; ANSWER SECTION:
test710.goertzen.       604800  IN      A       42.42.42.42

;; AUTHORITY SECTION:
goertzen.               604639  IN      NS      ns1.goertzen.

;; ADDITIONAL SECTION:
ns1.goertzen.           604639  IN      A       172.20.0.4

;; Query time: 83 msec
;; SERVER: 127.0.0.11#53(127.0.0.11)
;; WHEN: Tue Jul 26 18:18:13 UTC 2022
;; MSG SIZE  rcvd: 123

root@7404c211a0cf:/#
