
root@c5527fae9285:/# dig test618.goertzen

; <<>> DiG 9.16.1-Ubuntu <<>> test618.goertzen
;; global options: +cmd
;; Got answer:
;; ->>HEADER<<- opcode: QUERY, status: NOERROR, id: 16547
;; flags: qr rd ra; QUERY: 1, ANSWER: 1, AUTHORITY: 1, ADDITI
ONAL: 2

;; OPT PSEUDOSECTION:
; EDNS: version: 0, flags:; udp: 65355
; COOKIE: ef8739f1056f98070100000062eaf91caa854295b7060483 (g
ood)
;; QUESTION SECTION:
;test618.goertzen.              IN      A

;; ANSWER SECTION:
test618.goertzen.       604800  IN      A       42.42.42.42

;; AUTHORITY SECTION:
goertzen.               604758  IN      NS      ns1.goertzen.

;; ADDITIONAL SECTION:
ns1.goertzen.           604758  IN      A       172.20.0.4

;; Query time: 95 msec
;; SERVER: 127.0.0.11#53(127.0.0.11)
;; WHEN: Wed Aug 03 22:39:24 UTC 2022
;; MSG SIZE  rcvd: 123

root@c5527fae9285:/#
