
root@625819a58d00:/# dig test68.goertzen

; <<>> DiG 9.16.1-Ubuntu <<>> test68.goertzen
;; global options: +cmd
;; Got answer:
;; ->>HEADER<<- opcode: QUERY, status: NOERROR, id: 41860
;; flags: qr rd ra; QUERY: 1, ANSWER: 1, AUTHORITY: 1, ADDITI
ONAL: 2

;; OPT PSEUDOSECTION:
; EDNS: version: 0, flags:; udp: 65355
; COOKIE: 507cfa857612fee00100000062eaf609401f8f47fb45b9b4 (g
ood)
;; QUESTION SECTION:
;test68.goertzen.               IN      A

;; ANSWER SECTION:
test68.goertzen.        604800  IN      A       42.42.42.42

;; AUTHORITY SECTION:
goertzen.               604738  IN      NS      ns1.goertzen.

;; ADDITIONAL SECTION:
ns1.goertzen.           604738  IN      A       172.20.0.4

;; Query time: 95 msec
;; SERVER: 127.0.0.11#53(127.0.0.11)
;; WHEN: Wed Aug 03 22:26:17 UTC 2022
;; MSG SIZE  rcvd: 122

root@625819a58d00:/#
