
root@3e6f3c91d727:/# dig test503.goertzen

; <<>> DiG 9.16.1-Ubuntu <<>> test503.goertzen
;; global options: +cmd
;; Got answer:
;; ->>HEADER<<- opcode: QUERY, status: NOERROR, id: 14837
;; flags: qr rd ra; QUERY: 1, ANSWER: 1, AUTHORITY: 1, ADDITI
ONAL: 2

;; OPT PSEUDOSECTION:
; EDNS: version: 0, flags:; udp: 65355
; COOKIE: 5b8e7fc12d38825e0100000062eaf84a6e72522e4a38f195 (g
ood)
;; QUESTION SECTION:
;test503.goertzen.              IN      A

;; ANSWER SECTION:
test503.goertzen.       604800  IN      A       42.42.42.42

;; AUTHORITY SECTION:
goertzen.               604718  IN      NS      ns1.goertzen.

;; ADDITIONAL SECTION:
ns1.goertzen.           604718  IN      A       172.20.0.4

;; Query time: 95 msec
;; SERVER: 127.0.0.11#53(127.0.0.11)
;; WHEN: Wed Aug 03 22:35:54 UTC 2022
;; MSG SIZE  rcvd: 123

root@3e6f3c91d727:/#
