
root@7404c211a0cf:/# dig test666.goertzen

; <<>> DiG 9.16.1-Ubuntu <<>> test666.goertzen
;; global options: +cmd
;; Got answer:
;; ->>HEADER<<- opcode: QUERY, status: NOERROR, id: 6374
;; flags: qr rd ra; QUERY: 1, ANSWER: 1, AUTHORITY: 1, ADDITIONAL: 2

;; OPT PSEUDOSECTION:
; EDNS: version: 0, flags:; udp: 65355
; COOKIE: 7f6c898ae323fb6d0100000062e02fb9cddc70164d598878 (good)
;; QUESTION SECTION:
;test666.goertzen.              IN      A

;; ANSWER SECTION:
test666.goertzen.       604800  IN      A       42.42.42.42

;; AUTHORITY SECTION:
goertzen.               604683  IN      NS      ns1.goertzen.

;; ADDITIONAL SECTION:
ns1.goertzen.           604683  IN      A       172.20.0.4

;; Query time: 83 msec
;; SERVER: 127.0.0.11#53(127.0.0.11)
;; WHEN: Tue Jul 26 18:17:29 UTC 2022
;; MSG SIZE  rcvd: 123

root@7404c211a0cf:/#
