
root@625819a58d00:/# dig test1.goertzen

; <<>> DiG 9.16.1-Ubuntu <<>> test1.goertzen
;; global options: +cmd
;; Got answer:
;; ->>HEADER<<- opcode: QUERY, status: NOERROR, id: 33366
;; flags: qr rd ra; QUERY: 1, ANSWER: 1, AUTHORITY: 1, ADDITI
ONAL: 2

;; OPT PSEUDOSECTION:
; EDNS: version: 0, flags:; udp: 65355
; COOKIE: d9783dfc319cdae90100000062eaf5d671e46e6194b9f3b9 (g
ood)
;; QUESTION SECTION:
;test1.goertzen.                        IN      A

;; ANSWER SECTION:
test1.goertzen.         604800  IN      A       42.42.42.42

;; AUTHORITY SECTION:
goertzen.               604789  IN      NS      ns1.goertzen.

;; ADDITIONAL SECTION:
ns1.goertzen.           604789  IN      A       172.20.0.4

;; Query time: 95 msec
;; SERVER: 127.0.0.11#53(127.0.0.11)
;; WHEN: Wed Aug 03 22:25:26 UTC 2022
;; MSG SIZE  rcvd: 121

root@625819a58d00:/#
