
root@7404c211a0cf:/# dig test585.goertzen

; <<>> DiG 9.16.1-Ubuntu <<>> test585.goertzen
;; global options: +cmd
;; Got answer:
;; ->>HEADER<<- opcode: QUERY, status: NOERROR, id: 55751
;; flags: qr rd ra; QUERY: 1, ANSWER: 1, AUTHORITY: 1, ADDITIONAL: 2

;; OPT PSEUDOSECTION:
; EDNS: version: 0, flags:; udp: 65355
; COOKIE: 807866440b8eaa4c0100000062e02f67ddd630d0ae186903 (good)
;; QUESTION SECTION:
;test585.goertzen.              IN      A

;; ANSWER SECTION:
test585.goertzen.       604800  IN      A       42.42.42.42

;; AUTHORITY SECTION:
goertzen.               604765  IN      NS      ns1.goertzen.

;; ADDITIONAL SECTION:
ns1.goertzen.           604765  IN      A       172.20.0.4

;; Query time: 87 msec
;; SERVER: 127.0.0.11#53(127.0.0.11)
;; WHEN: Tue Jul 26 18:16:07 UTC 2022
;; MSG SIZE  rcvd: 123

root@7404c211a0cf:/#
