
root@625819a58d00:/# dig test59.goertzen

; <<>> DiG 9.16.1-Ubuntu <<>> test59.goertzen
;; global options: +cmd
;; Got answer:
;; ->>HEADER<<- opcode: QUERY, status: NOERROR, id: 25968
;; flags: qr rd ra; QUERY: 1, ANSWER: 1, AUTHORITY: 1, ADDITI
ONAL: 2

;; OPT PSEUDOSECTION:
; EDNS: version: 0, flags:; udp: 65355
; COOKIE: 45ffd435598d4b810100000062eaf6022fe28c26f8669e7a (g
ood)
;; QUESTION SECTION:
;test59.goertzen.               IN      A

;; ANSWER SECTION:
test59.goertzen.        604800  IN      A       42.42.42.42

;; AUTHORITY SECTION:
goertzen.               604745  IN      NS      ns1.goertzen.

;; ADDITIONAL SECTION:
ns1.goertzen.           604745  IN      A       172.20.0.4

;; Query time: 95 msec
;; SERVER: 127.0.0.11#53(127.0.0.11)
;; WHEN: Wed Aug 03 22:26:10 UTC 2022
;; MSG SIZE  rcvd: 122

root@625819a58d00:/#
