
root@c128020ee0a8:/# dig test487.goertzen

; <<>> DiG 9.16.1-Ubuntu <<>> test487.goertzen
;; global options: +cmd
;; Got answer:
;; ->>HEADER<<- opcode: QUERY, status: NOERROR, id: 5154
;; flags: qr rd ra; QUERY: 1, ANSWER: 1, AUTHORITY: 1, ADDITIONAL: 2

;; OPT PSEUDOSECTION:
; EDNS: version: 0, flags:; udp: 65355
; COOKIE: 2347afb0a4eb53f90100000062e02e2f2eae436290567007 (good)
;; QUESTION SECTION:
;test487.goertzen.              IN      A

;; ANSWER SECTION:
test487.goertzen.       604800  IN      A       42.42.42.42

;; AUTHORITY SECTION:
goertzen.               604286  IN      NS      ns1.goertzen.

;; ADDITIONAL SECTION:
ns1.goertzen.           604286  IN      A       172.20.0.4

;; Query time: 87 msec
;; SERVER: 127.0.0.11#53(127.0.0.11)
;; WHEN: Tue Jul 26 18:10:55 UTC 2022
;; MSG SIZE  rcvd: 123

root@c128020ee0a8:/#
