
root@c128020ee0a8:/# dig test369.goertzen

; <<>> DiG 9.16.1-Ubuntu <<>> test369.goertzen
;; global options: +cmd
;; Got answer:
;; ->>HEADER<<- opcode: QUERY, status: NOERROR, id: 60819
;; flags: qr rd ra; QUERY: 1, ANSWER: 1, AUTHORITY: 1, ADDITIONAL: 2

;; OPT PSEUDOSECTION:
; EDNS: version: 0, flags:; udp: 65355
; COOKIE: da59ee7263ea33630100000062e02db7e2581bd7333c3108 (good)
;; QUESTION SECTION:
;test369.goertzen.              IN      A

;; ANSWER SECTION:
test369.goertzen.       604800  IN      A       42.42.42.42

;; AUTHORITY SECTION:
goertzen.               604406  IN      NS      ns1.goertzen.

;; ADDITIONAL SECTION:
ns1.goertzen.           604406  IN      A       172.20.0.4

;; Query time: 87 msec
;; SERVER: 127.0.0.11#53(127.0.0.11)
;; WHEN: Tue Jul 26 18:08:55 UTC 2022
;; MSG SIZE  rcvd: 123

root@c128020ee0a8:/#
