
root@c128020ee0a8:/# dig test69.goertzen

; <<>> DiG 9.16.1-Ubuntu <<>> test69.goertzen
;; global options: +cmd
;; Got answer:
;; ->>HEADER<<- opcode: QUERY, status: NOERROR, id: 58923
;; flags: qr rd ra; QUERY: 1, ANSWER: 1, AUTHORITY: 1, ADDITIONAL: 2

;; OPT PSEUDOSECTION:
; EDNS: version: 0, flags:; udp: 65355
; COOKIE: f9bee17f405c25040100000062e02c87a5a49f4561196672 (good)
;; QUESTION SECTION:
;test69.goertzen.               IN      A

;; ANSWER SECTION:
test69.goertzen.        604800  IN      A       42.42.42.42

;; AUTHORITY SECTION:
goertzen.               604710  IN      NS      ns1.goertzen.

;; ADDITIONAL SECTION:
ns1.goertzen.           604710  IN      A       172.20.0.4

;; Query time: 87 msec
;; SERVER: 127.0.0.11#53(127.0.0.11)
;; WHEN: Tue Jul 26 18:03:51 UTC 2022
;; MSG SIZE  rcvd: 122

root@c128020ee0a8:/#
