
root@625819a58d00:/# dig test58.goertzen

; <<>> DiG 9.16.1-Ubuntu <<>> test58.goertzen
;; global options: +cmd
;; Got answer:
;; ->>HEADER<<- opcode: QUERY, status: NOERROR, id: 48415
;; flags: qr rd ra; QUERY: 1, ANSWER: 1, AUTHORITY: 1, ADDITI
ONAL: 2

;; OPT PSEUDOSECTION:
; EDNS: version: 0, flags:; udp: 65355
; COOKIE: ef61f007d7a6e5ee0100000062eaf601cafc59f0dedceee2 (g
ood)
;; QUESTION SECTION:
;test58.goertzen.               IN      A

;; ANSWER SECTION:
test58.goertzen.        604800  IN      A       42.42.42.42

;; AUTHORITY SECTION:
goertzen.               604746  IN      NS      ns1.goertzen.

;; ADDITIONAL SECTION:
ns1.goertzen.           604746  IN      A       172.20.0.4

;; Query time: 95 msec
;; SERVER: 127.0.0.11#53(127.0.0.11)
;; WHEN: Wed Aug 03 22:26:09 UTC 2022
;; MSG SIZE  rcvd: 122

root@625819a58d00:/#
