
root@c5527fae9285:/# dig test854.goertzen

; <<>> DiG 9.16.1-Ubuntu <<>> test854.goertzen
;; global options: +cmd
;; Got answer:
;; ->>HEADER<<- opcode: QUERY, status: NOERROR, id: 2572
;; flags: qr rd ra; QUERY: 1, ANSWER: 1, AUTHORITY: 1, ADDITI
ONAL: 2

;; OPT PSEUDOSECTION:
; EDNS: version: 0, flags:; udp: 65355
; COOKIE: 94284b37ec41cd340100000062eaf9d03a7b60df1496c652 (g
ood)
;; QUESTION SECTION:
;test854.goertzen.              IN      A

;; ANSWER SECTION:
test854.goertzen.       604800  IN      A       42.42.42.42

;; AUTHORITY SECTION:
goertzen.               604578  IN      NS      ns1.goertzen.

;; ADDITIONAL SECTION:
ns1.goertzen.           604578  IN      A       172.20.0.4

;; Query time: 95 msec
;; SERVER: 127.0.0.11#53(127.0.0.11)
;; WHEN: Wed Aug 03 22:42:24 UTC 2022
;; MSG SIZE  rcvd: 123

root@c5527fae9285:/#
