
root@a4e8f4b956e1:/# dig test949.goertzen

; <<>> DiG 9.16.1-Ubuntu <<>> test949.goertzen
;; global options: +cmd
;; Got answer:
;; ->>HEADER<<- opcode: QUERY, status: NOERROR, id: 15
483
;; flags: qr rd ra; QUERY: 1, ANSWER: 1, AUTHORITY: 1,
 ADDITIONAL: 2

;; OPT PSEUDOSECTION:
; EDNS: version: 0, flags:; udp: 65355
; COOKIE: 2e037faea37620d10100000062ec47fd5bb8ba4e2836
775a (good)
;; QUESTION SECTION:
;test949.goertzen.              IN      A

;; ANSWER SECTION:
test949.goertzen.       604800  IN      A       42.42.
42.42

;; AUTHORITY SECTION:
goertzen.               604720  IN      NS      ns1.go
ertzen.

;; ADDITIONAL SECTION:
ns1.goertzen.           604720  IN      A       172.20
.0.4

;; Query time: 31 msec
;; SERVER: 127.0.0.11#53(127.0.0.11)
;; WHEN: Thu Aug 04 22:28:13 UTC 2022
;; MSG SIZE  rcvd: 123

root@a4e8f4b956e1:/#
