
root@f962b57c9de5:/# dig test50.goertzen

; <<>> DiG 9.16.1-Ubuntu <<>> test50.goertzen
;; global options: +cmd
;; Got answer:
;; ->>HEADER<<- opcode: QUERY, status: NOERROR, id: 18
377
;; flags: qr rd ra; QUERY: 1, ANSWER: 1, AUTHORITY: 1,
 ADDITIONAL: 2

;; OPT PSEUDOSECTION:
; EDNS: version: 0, flags:; udp: 65355
; COOKIE: b6dc3d6dccbefe1c0100000062ec429542df37ad9501
d772 (good)
;; QUESTION SECTION:
;test50.goertzen.               IN      A

;; ANSWER SECTION:
test50.goertzen.        604800  IN      A       42.42.
42.42

;; AUTHORITY SECTION:
goertzen.               604739  IN      NS      ns1.go
ertzen.

;; ADDITIONAL SECTION:
ns1.goertzen.           604739  IN      A       172.20
.0.4

;; Query time: 19 msec
;; SERVER: 127.0.0.11#53(127.0.0.11)
;; WHEN: Thu Aug 04 22:05:09 UTC 2022
;; MSG SIZE  rcvd: 122

root@f962b57c9de5:/#
