
root@d243988e7925:/# dig test697.goertzen

; <<>> DiG 9.16.1-Ubuntu <<>> test697.goertzen
;; global options: +cmd
;; Got answer:
;; ->>HEADER<<- opcode: QUERY, status: NOERROR, id: 44
970
;; flags: qr rd ra; QUERY: 1, ANSWER: 1, AUTHORITY: 1,
 ADDITIONAL: 2

;; OPT PSEUDOSECTION:
; EDNS: version: 0, flags:; udp: 65355
; COOKIE: 33c10b7e82ad03820100000062ec4609833584e88cc2
d318 (good)
;; QUESTION SECTION:
;test697.goertzen.              IN      A

;; ANSWER SECTION:
test697.goertzen.       604800  IN      A       42.42.
42.42

;; AUTHORITY SECTION:
goertzen.               604688  IN      NS      ns1.go
ertzen.

;; ADDITIONAL SECTION:
ns1.goertzen.           604688  IN      A       172.20
.0.4

;; Query time: 15 msec
;; SERVER: 127.0.0.11#53(127.0.0.11)
;; WHEN: Thu Aug 04 22:19:53 UTC 2022
;; MSG SIZE  rcvd: 123

root@d243988e7925:/#
