
root@056db038815f:/# dig test485.goertzen

; <<>> DiG 9.16.1-Ubuntu <<>> test485.goertzen
;; global options: +cmd
;; Got answer:
;; ->>HEADER<<- opcode: QUERY, status: NOERROR, id: 63
659
;; flags: qr rd ra; QUERY: 1, ANSWER: 1, AUTHORITY: 1,
 ADDITIONAL: 2

;; OPT PSEUDOSECTION:
; EDNS: version: 0, flags:; udp: 65355
; COOKIE: 7af1367a1cab95a70100000062ec44b8c27b7afe4964
1898 (good)
;; QUESTION SECTION:
;test485.goertzen.              IN      A

;; ANSWER SECTION:
test485.goertzen.       604800  IN      A       42.42.
42.42

;; AUTHORITY SECTION:
goertzen.               604691  IN      NS      ns1.go
ertzen.

;; ADDITIONAL SECTION:
ns1.goertzen.           604691  IN      A       172.20
.0.4

;; Query time: 23 msec
;; SERVER: 127.0.0.11#53(127.0.0.11)
;; WHEN: Thu Aug 04 22:14:16 UTC 2022
;; MSG SIZE  rcvd: 123

root@056db038815f:/#
