
root@a4e8f4b956e1:/# dig test951.goertzen

; <<>> DiG 9.16.1-Ubuntu <<>> test951.goertzen
;; global options: +cmd
;; Got answer:
;; ->>HEADER<<- opcode: QUERY, status: NOERROR, id: 35
805
;; flags: qr rd ra; QUERY: 1, ANSWER: 1, AUTHORITY: 1,
 ADDITIONAL: 2

;; OPT PSEUDOSECTION:
; EDNS: version: 0, flags:; udp: 65355
; COOKIE: 9086826a9b853c9f0100000062ec47ff055c7f744735
94b4 (good)
;; QUESTION SECTION:
;test951.goertzen.              IN      A

;; ANSWER SECTION:
test951.goertzen.       604800  IN      A       42.42.
42.42

;; AUTHORITY SECTION:
goertzen.               604718  IN      NS      ns1.go
ertzen.

;; ADDITIONAL SECTION:
ns1.goertzen.           604718  IN      A       172.20
.0.4

;; Query time: 23 msec
;; SERVER: 127.0.0.11#53(127.0.0.11)
;; WHEN: Thu Aug 04 22:28:15 UTC 2022
;; MSG SIZE  rcvd: 123

root@a4e8f4b956e1:/#
