
root@dd952cb0f08c:/# dig test609.goertzen

; <<>> DiG 9.16.1-Ubuntu <<>> test609.goertzen
;; global options: +cmd
;; Got answer:
;; ->>HEADER<<- opcode: QUERY, status: NOERROR, id:
2766
;; flags: qr rd ra; QUERY: 1, ANSWER: 1, AUTHORITY:
1, ADDITIONAL: 2

;; OPT PSEUDOSECTION:
; EDNS: version: 0, flags:; udp: 65355
; COOKIE: 76a1f37cfc62a1040100000062ebc17c76e445040c
eaabc2 (good)
;; QUESTION SECTION:
;test609.goertzen.              IN      A

;; ANSWER SECTION:
test609.goertzen.       604800  IN      A       42.4
2.42.42

;; AUTHORITY SECTION:
goertzen.               602045  IN      NS      ns1.
goertzen.

;; ADDITIONAL SECTION:
ns1.goertzen.           602045  IN      A       172.
20.0.4

;; Query time: 611 msec
;; SERVER: 127.0.0.11#53(127.0.0.11)
;; WHEN: Thu Aug 04 12:54:20 UTC 2022
;; MSG SIZE  rcvd: 123

root@dd952cb0f08c:/#
