
root@dd952cb0f08c:/# dig test409.goertzen

; <<>> DiG 9.16.1-Ubuntu <<>> test409.goertzen
;; global options: +cmd
;; Got answer:
;; ->>HEADER<<- opcode: QUERY, status: NOERROR, id:
8141
;; flags: qr rd ra; QUERY: 1, ANSWER: 1, AUTHORITY:
1, ADDITIONAL: 2

;; OPT PSEUDOSECTION:
; EDNS: version: 0, flags:; udp: 65355
; COOKIE: a5396f76795e7ab50100000062ebb9a9af3b8dbf7b
503c82 (good)
;; QUESTION SECTION:
;test409.goertzen.              IN      A

;; ANSWER SECTION:
test409.goertzen.       604800  IN      A       42.4
2.42.42

;; AUTHORITY SECTION:
goertzen.               604048  IN      NS      ns1.
goertzen.

;; ADDITIONAL SECTION:
ns1.goertzen.           604048  IN      A       172.
20.0.4

;; Query time: 611 msec
;; SERVER: 127.0.0.11#53(127.0.0.11)
;; WHEN: Thu Aug 04 12:20:57 UTC 2022
;; MSG SIZE  rcvd: 123

root@dd952cb0f08c:/#
