
root@29d01e8cc080:/# dig test221.goertzen

; <<>> DiG 9.16.1-Ubuntu <<>> test221.goertzen
;; global options: +cmd
;; Got answer:
;; ->>HEADER<<- opcode: QUERY, status: NOERROR, id:
21648
;; flags: qr rd ra; QUERY: 1, ANSWER: 1, AUTHORITY:
1, ADDITIONAL: 2

;; OPT PSEUDOSECTION:
; EDNS: version: 0, flags:; udp: 65355
; COOKIE: b2deff7e4e6fdb1c0100000062ebb1cb2f97d7a49e
4290f9 (good)
;; QUESTION SECTION:
;test221.goertzen.              IN      A

;; ANSWER SECTION:
test221.goertzen.       604800  IN      A       42.4
2.42.42

;; AUTHORITY SECTION:
goertzen.               602576  IN      NS      ns1.
goertzen.

;; ADDITIONAL SECTION:
ns1.goertzen.           602576  IN      A       172.
20.0.4

;; Query time: 611 msec
;; SERVER: 127.0.0.11#53(127.0.0.11)
;; WHEN: Thu Aug 04 11:47:23 UTC 2022
;; MSG SIZE  rcvd: 123

root@29d01e8cc080:/#
