
root@dd952cb0f08c:/# dig test614.goertzen

; <<>> DiG 9.16.1-Ubuntu <<>> test614.goertzen
;; global options: +cmd
;; Got answer:
;; ->>HEADER<<- opcode: QUERY, status: NOERROR, id:
63582
;; flags: qr rd ra; QUERY: 1, ANSWER: 1, AUTHORITY:
1, ADDITIONAL: 2

;; OPT PSEUDOSECTION:
; EDNS: version: 0, flags:; udp: 65355
; COOKIE: 3d86aedeefacb0f60100000062ebc1aea1821e96e6
9a2b1e (good)
;; QUESTION SECTION:
;test614.goertzen.              IN      A

;; ANSWER SECTION:
test614.goertzen.       604800  IN      A       42.4
2.42.42

;; AUTHORITY SECTION:
goertzen.               601995  IN      NS      ns1.
goertzen.

;; ADDITIONAL SECTION:
ns1.goertzen.           601995  IN      A       172.
20.0.4

;; Query time: 607 msec
;; SERVER: 127.0.0.11#53(127.0.0.11)
;; WHEN: Thu Aug 04 12:55:10 UTC 2022
;; MSG SIZE  rcvd: 123

root@dd952cb0f08c:/#
