
root@dd952cb0f08c:/# dig test619.goertzen

; <<>> DiG 9.16.1-Ubuntu <<>> test619.goertzen
;; global options: +cmd
;; Got answer:
;; ->>HEADER<<- opcode: QUERY, status: NOERROR, id:
26401
;; flags: qr rd ra; QUERY: 1, ANSWER: 1, AUTHORITY:
1, ADDITIONAL: 2

;; OPT PSEUDOSECTION:
; EDNS: version: 0, flags:; udp: 65355
; COOKIE: 7440cf244cfb9efa0100000062ebc1e02b6926fbdc
827b90 (good)
;; QUESTION SECTION:
;test619.goertzen.              IN      A

;; ANSWER SECTION:
test619.goertzen.       604800  IN      A       42.4
2.42.42

;; AUTHORITY SECTION:
goertzen.               601945  IN      NS      ns1.
goertzen.

;; ADDITIONAL SECTION:
ns1.goertzen.           601945  IN      A       172.
20.0.4

;; Query time: 611 msec
;; SERVER: 127.0.0.11#53(127.0.0.11)
;; WHEN: Thu Aug 04 12:56:00 UTC 2022
;; MSG SIZE  rcvd: 123

root@dd952cb0f08c:/#
