
root@29d01e8cc080:/# dig test96.goertzen

; <<>> DiG 9.16.1-Ubuntu <<>> test96.goertzen
;; global options: +cmd
;; Got answer:
;; ->>HEADER<<- opcode: QUERY, status: NOERROR, id:
18180
;; flags: qr rd ra; QUERY: 1, ANSWER: 1, AUTHORITY:
1, ADDITIONAL: 2

;; OPT PSEUDOSECTION:
; EDNS: version: 0, flags:; udp: 65355
; COOKIE: 8ae5d415f49778760100000062ebace7fde13780a8
9238b6 (good)
;; QUESTION SECTION:
;test96.goertzen.               IN      A

;; ANSWER SECTION:
test96.goertzen.        604800  IN      A       42.4
2.42.42

;; AUTHORITY SECTION:
goertzen.               603828  IN      NS      ns1.
goertzen.

;; ADDITIONAL SECTION:
ns1.goertzen.           603828  IN      A       172.
20.0.4

;; Query time: 607 msec
;; SERVER: 127.0.0.11#53(127.0.0.11)
;; WHEN: Thu Aug 04 11:26:31 UTC 2022
;; MSG SIZE  rcvd: 122

root@29d01e8cc080:/#
