
root@29d01e8cc080:/# dig test271.goertzen

; <<>> DiG 9.16.1-Ubuntu <<>> test271.goertzen
;; global options: +cmd
;; Got answer:
;; ->>HEADER<<- opcode: QUERY, status: NOERROR, id:
12876
;; flags: qr rd ra; QUERY: 1, ANSWER: 1, AUTHORITY:
1, ADDITIONAL: 2

;; OPT PSEUDOSECTION:
; EDNS: version: 0, flags:; udp: 65355
; COOKIE: efd8bec9d4e9d3310100000062ebb3bfc481be62e8
f18e63 (good)
;; QUESTION SECTION:
;test271.goertzen.              IN      A

;; ANSWER SECTION:
test271.goertzen.       604800  IN      A       42.4
2.42.42

;; AUTHORITY SECTION:
goertzen.               602076  IN      NS      ns1.
goertzen.

;; ADDITIONAL SECTION:
ns1.goertzen.           602076  IN      A       172.
20.0.4

;; Query time: 607 msec
;; SERVER: 127.0.0.11#53(127.0.0.11)
;; WHEN: Thu Aug 04 11:55:43 UTC 2022
;; MSG SIZE  rcvd: 123

root@29d01e8cc080:/#
