
root@29d01e8cc080:/# dig test233.goertzen

; <<>> DiG 9.16.1-Ubuntu <<>> test233.goertzen
;; global options: +cmd
;; Got answer:
;; ->>HEADER<<- opcode: QUERY, status: NOERROR, id:
52121
;; flags: qr rd ra; QUERY: 1, ANSWER: 1, AUTHORITY:
1, ADDITIONAL: 2

;; OPT PSEUDOSECTION:
; EDNS: version: 0, flags:; udp: 65355
; COOKIE: 4d64ec68ff539b000100000062ebb243a654985721
706fa2 (good)
;; QUESTION SECTION:
;test233.goertzen.              IN      A

;; ANSWER SECTION:
test233.goertzen.       604800  IN      A       42.4
2.42.42

;; AUTHORITY SECTION:
goertzen.               602456  IN      NS      ns1.
goertzen.

;; ADDITIONAL SECTION:
ns1.goertzen.           602456  IN      A       172.
20.0.4

;; Query time: 607 msec
;; SERVER: 127.0.0.11#53(127.0.0.11)
;; WHEN: Thu Aug 04 11:49:23 UTC 2022
;; MSG SIZE  rcvd: 123

root@29d01e8cc080:/#
