
root@29d01e8cc080:/# dig test23.goertzen

; <<>> DiG 9.16.1-Ubuntu <<>> test23.goertzen
;; global options: +cmd
;; Got answer:
;; ->>HEADER<<- opcode: QUERY, status: NOERROR, id:
48118
;; flags: qr rd ra; QUERY: 1, ANSWER: 1, AUTHORITY:
1, ADDITIONAL: 2

;; OPT PSEUDOSECTION:
; EDNS: version: 0, flags:; udp: 65355
; COOKIE: 72250b61e438fba50100000062ebaa0ca26eeb3d84
819b1e (good)
;; QUESTION SECTION:
;test23.goertzen.               IN      A

;; ANSWER SECTION:
test23.goertzen.        604800  IN      A       42.4
2.42.42

;; AUTHORITY SECTION:
goertzen.               604559  IN      NS      ns1.
goertzen.

;; ADDITIONAL SECTION:
ns1.goertzen.           604559  IN      A       172.
20.0.4

;; Query time: 611 msec
;; SERVER: 127.0.0.11#53(127.0.0.11)
;; WHEN: Thu Aug 04 11:14:20 UTC 2022
;; MSG SIZE  rcvd: 122

root@29d01e8cc080:/#
