
root@dd952cb0f08c:/# dig test875.goertzen

; <<>> DiG 9.16.1-Ubuntu <<>> test875.goertzen
;; global options: +cmd
;; Got answer:
;; ->>HEADER<<- opcode: QUERY, status: NOERROR, id:
16224
;; flags: qr rd ra; QUERY: 1, ANSWER: 1, AUTHORITY:
1, ADDITIONAL: 2

;; OPT PSEUDOSECTION:
; EDNS: version: 0, flags:; udp: 65355
; COOKIE: cc23d1913cdff0720100000062ebcbe367fecc138a
7cdb05 (good)
;; QUESTION SECTION:
;test875.goertzen.              IN      A

;; ANSWER SECTION:
test875.goertzen.       604800  IN      A       42.4
2.42.42

;; AUTHORITY SECTION:
goertzen.               599382  IN      NS      ns1.
goertzen.

;; ADDITIONAL SECTION:
ns1.goertzen.           599382  IN      A       172.
20.0.4

;; Query time: 611 msec
;; SERVER: 127.0.0.11#53(127.0.0.11)
;; WHEN: Thu Aug 04 13:38:43 UTC 2022
;; MSG SIZE  rcvd: 123

root@dd952cb0f08c:/#
