
root@dd952cb0f08c:/# dig test344.goertzen

; <<>> DiG 9.16.1-Ubuntu <<>> test344.goertzen
;; global options: +cmd
;; Got answer:
;; ->>HEADER<<- opcode: QUERY, status: NOERROR, id:
28482
;; flags: qr rd ra; QUERY: 1, ANSWER: 1, AUTHORITY:
1, ADDITIONAL: 2

;; OPT PSEUDOSECTION:
; EDNS: version: 0, flags:; udp: 65355
; COOKIE: 54fb4ea7dc7d66440100000062ebb71e6bda39b3c5
f5d3dc (good)
;; QUESTION SECTION:
;test344.goertzen.              IN      A

;; ANSWER SECTION:
test344.goertzen.       604800  IN      A       42.4
2.42.42

;; AUTHORITY SECTION:
goertzen.               604699  IN      NS      ns1.
goertzen.

;; ADDITIONAL SECTION:
ns1.goertzen.           604699  IN      A       172.
20.0.4

;; Query time: 607 msec
;; SERVER: 127.0.0.11#53(127.0.0.11)
;; WHEN: Thu Aug 04 12:10:06 UTC 2022
;; MSG SIZE  rcvd: 123

root@dd952cb0f08c:/#
