
root@83346935abdb:/# dig test997.goertzen

; <<>> DiG 9.16.1-Ubuntu <<>> test997.goertzen
;; global options: +cmd
;; Got answer:
;; ->>HEADER<<- opcode: QUERY, status: NOERROR, id:
53365
;; flags: qr rd ra; QUERY: 1, ANSWER: 1, AUTHORITY:
1, ADDITIONAL: 2

;; OPT PSEUDOSECTION:
; EDNS: version: 0, flags:; udp: 65355
; COOKIE: f32cd57d9ab7fb6c0100000062ebd11d2df52b0656
d5c611 (good)
;; QUESTION SECTION:
;test997.goertzen.              IN      A

;; ANSWER SECTION:
test997.goertzen.       604800  IN      A       42.4
2.42.42

;; AUTHORITY SECTION:
goertzen.               604028  IN      NS      ns1.
goertzen.

;; ADDITIONAL SECTION:
ns1.goertzen.           604028  IN      A       172.
20.0.4

;; Query time: 607 msec
;; SERVER: 127.0.0.11#53(127.0.0.11)
;; WHEN: Thu Aug 04 14:01:01 UTC 2022
;; MSG SIZE  rcvd: 123

root@83346935abdb:/#
