
root@dd952cb0f08c:/# dig test516.goertzen

; <<>> DiG 9.16.1-Ubuntu <<>> test516.goertzen
;; global options: +cmd
;; Got answer:
;; ->>HEADER<<- opcode: QUERY, status: NOERROR, id:
533
;; flags: qr rd ra; QUERY: 1, ANSWER: 1, AUTHORITY:
1, ADDITIONAL: 2

;; OPT PSEUDOSECTION:
; EDNS: version: 0, flags:; udp: 65355
; COOKIE: 82543a61a54bd6f80100000062ebbdd853e566ca37
0dbe5d (good)
;; QUESTION SECTION:
;test516.goertzen.              IN      A

;; ANSWER SECTION:
test516.goertzen.       604800  IN      A       42.4
2.42.42

;; AUTHORITY SECTION:
goertzen.               602977  IN      NS      ns1.
goertzen.

;; ADDITIONAL SECTION:
ns1.goertzen.           602977  IN      A       172.
20.0.4

;; Query time: 607 msec
;; SERVER: 127.0.0.11#53(127.0.0.11)
;; WHEN: Thu Aug 04 12:38:48 UTC 2022
;; MSG SIZE  rcvd: 123

root@dd952cb0f08c:/#
