
root@dd952cb0f08c:/# dig test748.goertzen

; <<>> DiG 9.16.1-Ubuntu <<>> test748.goertzen
;; global options: +cmd
;; Got answer:
;; ->>HEADER<<- opcode: QUERY, status: NOERROR, id:
57394
;; flags: qr rd ra; QUERY: 1, ANSWER: 1, AUTHORITY:
1, ADDITIONAL: 2

;; OPT PSEUDOSECTION:
; EDNS: version: 0, flags:; udp: 65355
; COOKIE: 1de5f639d75f50630100000062ebc6eb10b4bf599f
8a1e51 (good)
;; QUESTION SECTION:
;test748.goertzen.              IN      A

;; ANSWER SECTION:
test748.goertzen.       604800  IN      A       42.4
2.42.42

;; AUTHORITY SECTION:
goertzen.               600654  IN      NS      ns1.
goertzen.

;; ADDITIONAL SECTION:
ns1.goertzen.           600654  IN      A       172.
20.0.4

;; Query time: 607 msec
;; SERVER: 127.0.0.11#53(127.0.0.11)
;; WHEN: Thu Aug 04 13:17:31 UTC 2022
;; MSG SIZE  rcvd: 123

root@dd952cb0f08c:/#
