
root@9dc46cd5674e:/# dig test528.goertzen

; <<>> DiG 9.16.1-Ubuntu <<>> test528.goertzen
;; global options: +cmd
;; Got answer:
;; ->>HEADER<<- opcode: QUERY, status: NOERROR, id: 31
302
;; flags: qr rd ra; QUERY: 1, ANSWER: 1, AUTHORITY: 1,
 ADDITIONAL: 2

;; OPT PSEUDOSECTION:
; EDNS: version: 0, flags:; udp: 65355
; COOKIE: 882231a14d50900e0100000062ec61c4a0e16a9ecde9
eed6 (good)
;; QUESTION SECTION:
;test528.goertzen.              IN      A

;; ANSWER SECTION:
test528.goertzen.       604800  IN      A       42.42.
42.42

;; AUTHORITY SECTION:
goertzen.               604591  IN      NS      ns1.go
ertzen.

;; ADDITIONAL SECTION:
ns1.goertzen.           604591  IN      A       172.20
.0.4

;; Query time: 99 msec
;; SERVER: 127.0.0.11#53(127.0.0.11)
;; WHEN: Fri Aug 05 00:18:12 UTC 2022
;; MSG SIZE  rcvd: 123

root@9dc46cd5674e:/#
