
root@9dc46cd5674e:/# dig test499.goertzen

; <<>> DiG 9.16.1-Ubuntu <<>> test499.goertzen
;; global options: +cmd
;; Got answer:
;; ->>HEADER<<- opcode: QUERY, status: NOERROR, id: 56
335
;; flags: qr rd ra; QUERY: 1, ANSWER: 1, AUTHORITY: 1,
 ADDITIONAL: 2

;; OPT PSEUDOSECTION:
; EDNS: version: 0, flags:; udp: 65355
; COOKIE: 4669c8407bb2e65a0100000062ec61a709190bc544fa
9fb0 (good)
;; QUESTION SECTION:
;test499.goertzen.              IN      A

;; ANSWER SECTION:
test499.goertzen.       604800  IN      A       42.42.
42.42

;; AUTHORITY SECTION:
goertzen.               604620  IN      NS      ns1.go
ertzen.

;; ADDITIONAL SECTION:
ns1.goertzen.           604620  IN      A       172.20
.0.4

;; Query time: 83 msec
;; SERVER: 127.0.0.11#53(127.0.0.11)
;; WHEN: Fri Aug 05 00:17:43 UTC 2022
;; MSG SIZE  rcvd: 123

root@9dc46cd5674e:/#
