
root@1955a027eb03:/# dig test763.goertzen

; <<>> DiG 9.16.1-Ubuntu <<>> test763.goertzen
;; global options: +cmd
;; Got answer:
;; ->>HEADER<<- opcode: QUERY, status: NOERROR, id: 64
210
;; flags: qr rd ra; QUERY: 1, ANSWER: 1, AUTHORITY: 1,
 ADDITIONAL: 2

;; OPT PSEUDOSECTION:
; EDNS: version: 0, flags:; udp: 65355
; COOKIE: 6fbab64fb6c59c660100000062ec632c1c21f7886b74
db4d (good)
;; QUESTION SECTION:
;test763.goertzen.              IN      A

;; ANSWER SECTION:
test763.goertzen.       604800  IN      A       42.42.
42.42

;; AUTHORITY SECTION:
goertzen.               604757  IN      NS      ns1.go
ertzen.

;; ADDITIONAL SECTION:
ns1.goertzen.           604757  IN      A       172.20
.0.4

;; Query time: 87 msec
;; SERVER: 127.0.0.11#53(127.0.0.11)
;; WHEN: Fri Aug 05 00:24:12 UTC 2022
;; MSG SIZE  rcvd: 123

root@1955a027eb03:/#
