
root@09ad5f7182dd:/# dig test70.goertzen

; <<>> DiG 9.16.1-Ubuntu <<>> test70.goertzen
;; global options: +cmd
;; Got answer:
;; ->>HEADER<<- opcode: QUERY, status: NOERROR, id: 26
23
;; flags: qr rd ra; QUERY: 1, ANSWER: 1, AUTHORITY: 1,
 ADDITIONAL: 2

;; OPT PSEUDOSECTION:
; EDNS: version: 0, flags:; udp: 65355
; COOKIE: 49af289f29d4fa040100000062ec5f7add9bef1d9ea6
00a2 (good)
;; QUESTION SECTION:
;test70.goertzen.               IN      A

;; ANSWER SECTION:
test70.goertzen.        604800  IN      A       42.42.
42.42

;; AUTHORITY SECTION:
goertzen.               604719  IN      NS      ns1.go
ertzen.

;; ADDITIONAL SECTION:
ns1.goertzen.           604719  IN      A       172.20
.0.4

;; Query time: 91 msec
;; SERVER: 127.0.0.11#53(127.0.0.11)
;; WHEN: Fri Aug 05 00:08:26 UTC 2022
;; MSG SIZE  rcvd: 122

root@09ad5f7182dd:/#
