
root@09ad5f7182dd:/# dig test13.goertzen

; <<>> DiG 9.16.1-Ubuntu <<>> test13.goertzen
;; global options: +cmd
;; Got answer:
;; ->>HEADER<<- opcode: QUERY, status: NOERROR, id: 18
6
;; flags: qr rd ra; QUERY: 1, ANSWER: 1, AUTHORITY: 1,
 ADDITIONAL: 2

;; OPT PSEUDOSECTION:
; EDNS: version: 0, flags:; udp: 65355
; COOKIE: 97933b6f6a8654140100000062ec5f40eb5361f68808
adb3 (good)
;; QUESTION SECTION:
;test13.goertzen.               IN      A

;; ANSWER SECTION:
test13.goertzen.        604800  IN      A       42.42.
42.42

;; AUTHORITY SECTION:
goertzen.               604777  IN      NS      ns1.go
ertzen.

;; ADDITIONAL SECTION:
ns1.goertzen.           604777  IN      A       172.20
.0.4

;; Query time: 75 msec
;; SERVER: 127.0.0.11#53(127.0.0.11)
;; WHEN: Fri Aug 05 00:07:28 UTC 2022
;; MSG SIZE  rcvd: 122

root@09ad5f7182dd:/#
