
root@1955a027eb03:/# dig test917.goertzen

; <<>> DiG 9.16.1-Ubuntu <<>> test917.goertzen
;; global options: +cmd
;; Got answer:
;; ->>HEADER<<- opcode: QUERY, status: NOERROR, id: 50
257
;; flags: qr rd ra; QUERY: 1, ANSWER: 1, AUTHORITY: 1,
 ADDITIONAL: 2

;; OPT PSEUDOSECTION:
; EDNS: version: 0, flags:; udp: 65355
; COOKIE: a8b76a11ccb9e2550100000062ec63c82081c601867e
d965 (good)
;; QUESTION SECTION:
;test917.goertzen.              IN      A

;; ANSWER SECTION:
test917.goertzen.       604800  IN      A       42.42.
42.42

;; AUTHORITY SECTION:
goertzen.               604601  IN      NS      ns1.go
ertzen.

;; ADDITIONAL SECTION:
ns1.goertzen.           604601  IN      A       172.20
.0.4

;; Query time: 79 msec
;; SERVER: 127.0.0.11#53(127.0.0.11)
;; WHEN: Fri Aug 05 00:26:48 UTC 2022
;; MSG SIZE  rcvd: 123

root@1955a027eb03:/#
