
root@09ad5f7182dd:/# dig test15.goertzen

; <<>> DiG 9.16.1-Ubuntu <<>> test15.goertzen
;; global options: +cmd
;; Got answer:
;; ->>HEADER<<- opcode: QUERY, status: NOERROR, id: 61
976
;; flags: qr rd ra; QUERY: 1, ANSWER: 1, AUTHORITY: 1,
 ADDITIONAL: 2

;; OPT PSEUDOSECTION:
; EDNS: version: 0, flags:; udp: 65355
; COOKIE: 6f6a851c878d3b050100000062ec5f42db1144adfb1e
6d32 (good)
;; QUESTION SECTION:
;test15.goertzen.               IN      A

;; ANSWER SECTION:
test15.goertzen.        604800  IN      A       42.42.
42.42

;; AUTHORITY SECTION:
goertzen.               604775  IN      NS      ns1.go
ertzen.

;; ADDITIONAL SECTION:
ns1.goertzen.           604775  IN      A       172.20
.0.4

;; Query time: 95 msec
;; SERVER: 127.0.0.11#53(127.0.0.11)
;; WHEN: Fri Aug 05 00:07:30 UTC 2022
;; MSG SIZE  rcvd: 122

root@09ad5f7182dd:/#
