
root@9dc46cd5674e:/# dig test637.goertzen

; <<>> DiG 9.16.1-Ubuntu <<>> test637.goertzen
;; global options: +cmd
;; Got answer:
;; ->>HEADER<<- opcode: QUERY, status: NOERROR, id: 30
235
;; flags: qr rd ra; QUERY: 1, ANSWER: 1, AUTHORITY: 1,
 ADDITIONAL: 2

;; OPT PSEUDOSECTION:
; EDNS: version: 0, flags:; udp: 65355
; COOKIE: 915d55c03af15d310100000062ec62320bc5a5f75119
6274 (good)
;; QUESTION SECTION:
;test637.goertzen.              IN      A

;; ANSWER SECTION:
test637.goertzen.       604800  IN      A       42.42.
42.42

;; AUTHORITY SECTION:
goertzen.               604481  IN      NS      ns1.go
ertzen.

;; ADDITIONAL SECTION:
ns1.goertzen.           604481  IN      A       172.20
.0.4

;; Query time: 75 msec
;; SERVER: 127.0.0.11#53(127.0.0.11)
;; WHEN: Fri Aug 05 00:20:02 UTC 2022
;; MSG SIZE  rcvd: 123

root@9dc46cd5674e:/#
