
root@09ad5f7182dd:/# dig test251.goertzen

; <<>> DiG 9.16.1-Ubuntu <<>> test251.goertzen
;; global options: +cmd
;; Got answer:
;; ->>HEADER<<- opcode: QUERY, status: NOERROR, id: 17
991
;; flags: qr rd ra; QUERY: 1, ANSWER: 1, AUTHORITY: 1,
 ADDITIONAL: 2

;; OPT PSEUDOSECTION:
; EDNS: version: 0, flags:; udp: 65355
; COOKIE: f4fafd0e139e1b970100000062ec60317288bd977f9a
69a4 (good)
;; QUESTION SECTION:
;test251.goertzen.              IN      A

;; ANSWER SECTION:
test251.goertzen.       604800  IN      A       42.42.
42.42

;; AUTHORITY SECTION:
goertzen.               604536  IN      NS      ns1.go
ertzen.

;; ADDITIONAL SECTION:
ns1.goertzen.           604536  IN      A       172.20
.0.4

;; Query time: 79 msec
;; SERVER: 127.0.0.11#53(127.0.0.11)
;; WHEN: Fri Aug 05 00:11:29 UTC 2022
;; MSG SIZE  rcvd: 123

root@09ad5f7182dd:/#
