
root@1955a027eb03:/# dig test738.goertzen

; <<>> DiG 9.16.1-Ubuntu <<>> test738.goertzen
;; global options: +cmd
;; Got answer:
;; ->>HEADER<<- opcode: QUERY, status: NOERROR, id: 59
196
;; flags: qr rd ra; QUERY: 1, ANSWER: 1, AUTHORITY: 1,
 ADDITIONAL: 2

;; OPT PSEUDOSECTION:
; EDNS: version: 0, flags:; udp: 65355
; COOKIE: 6414f43b8ceb70f80100000062ec6313b423fd738b07
a7db (good)
;; QUESTION SECTION:
;test738.goertzen.              IN      A

;; ANSWER SECTION:
test738.goertzen.       604800  IN      A       42.42.
42.42

;; AUTHORITY SECTION:
goertzen.               604782  IN      NS      ns1.go
ertzen.

;; ADDITIONAL SECTION:
ns1.goertzen.           604782  IN      A       172.20
.0.4

;; Query time: 99 msec
;; SERVER: 127.0.0.11#53(127.0.0.11)
;; WHEN: Fri Aug 05 00:23:47 UTC 2022
;; MSG SIZE  rcvd: 123

root@1955a027eb03:/#
