
root@9dc46cd5674e:/# dig test636.goertzen

; <<>> DiG 9.16.1-Ubuntu <<>> test636.goertzen
;; global options: +cmd
;; Got answer:
;; ->>HEADER<<- opcode: QUERY, status: NOERROR, id: 61
560
;; flags: qr rd ra; QUERY: 1, ANSWER: 1, AUTHORITY: 1,
 ADDITIONAL: 2

;; OPT PSEUDOSECTION:
; EDNS: version: 0, flags:; udp: 65355
; COOKIE: ffeeaa871e5381830100000062ec6231e95648bf00c8
8fdd (good)
;; QUESTION SECTION:
;test636.goertzen.              IN      A

;; ANSWER SECTION:
test636.goertzen.       604800  IN      A       42.42.
42.42

;; AUTHORITY SECTION:
goertzen.               604482  IN      NS      ns1.go
ertzen.

;; ADDITIONAL SECTION:
ns1.goertzen.           604482  IN      A       172.20
.0.4

;; Query time: 75 msec
;; SERVER: 127.0.0.11#53(127.0.0.11)
;; WHEN: Fri Aug 05 00:20:01 UTC 2022
;; MSG SIZE  rcvd: 123

root@9dc46cd5674e:/#
