
root@71ba6be8bac6:/# dig test63.goertzen

; <<>> DiG 9.16.1-Ubuntu <<>> test63.goertzen
;; global options: +cmd
;; Got answer:
;; ->>HEADER<<- opcode: QUERY, status: NOERROR, id: 27000
;; flags: qr rd ra ad; QUERY: 1, ANSWER: 1, AUTHORITY: 1, ADDITIONAL: 2

;; OPT PSEUDOSECTION:
; EDNS: version: 0, flags:; udp: 65355
; COOKIE: 92ce8390f0b02d4a0100000062ddc8388111edf6e9ed72d7 (good)
;; QUESTION SECTION:
;test63.goertzen.               IN      A

;; ANSWER SECTION:
test63.goertzen.        604800  IN      A       42.42.42.42

;; AUTHORITY SECTION:
goertzen.               604726  IN      NS      ns1.goertzen.

;; ADDITIONAL SECTION:
ns1.goertzen.           604726  IN      A       172.20.0.4

;; Query time: 104 msec
;; SERVER: 127.0.0.11#53(127.0.0.11)
;; WHEN: Sun Jul 24 22:31:20 UTC 2022
;; MSG SIZE  rcvd: 122

root@71ba6be8bac6:/#
