
root@71ba6be8bac6:/# dig test873.goertzen

; <<>> DiG 9.16.1-Ubuntu <<>> test873.goertzen
;; global options: +cmd
;; Got answer:
;; ->>HEADER<<- opcode: QUERY, status: NOERROR, id: 61124
;; flags: qr rd ra ad; QUERY: 1, ANSWER: 1, AUTHORITY: 1, ADDITIONAL: 2

;; OPT PSEUDOSECTION:
; EDNS: version: 0, flags:; udp: 65355
; COOKIE: e39c3190a7a77e100100000062ddcb6ba27adb5906b7f8bd (good)
;; QUESTION SECTION:
;test873.goertzen.              IN      A

;; ANSWER SECTION:
test873.goertzen.       604800  IN      A       42.42.42.42

;; AUTHORITY SECTION:
goertzen.               603907  IN      NS      ns1.goertzen.

;; ADDITIONAL SECTION:
ns1.goertzen.           603907  IN      A       172.20.0.4

;; Query time: 104 msec
;; SERVER: 127.0.0.11#53(127.0.0.11)
;; WHEN: Sun Jul 24 22:44:59 UTC 2022
;; MSG SIZE  rcvd: 123

root@71ba6be8bac6:/#
