
root@71ba6be8bac6:/# dig test410.goertzen

; <<>> DiG 9.16.1-Ubuntu <<>> test410.goertzen
;; global options: +cmd
;; Got answer:
;; ->>HEADER<<- opcode: QUERY, status: NOERROR, id: 36230
;; flags: qr rd ra ad; QUERY: 1, ANSWER: 1, AUTHORITY: 1, ADDITIONAL: 2

;; OPT PSEUDOSECTION:
; EDNS: version: 0, flags:; udp: 65355
; COOKIE: 2fc92692af38b7620100000062ddc997990256d8e50a3387 (good)
;; QUESTION SECTION:
;test410.goertzen.              IN      A

;; ANSWER SECTION:
test410.goertzen.       604800  IN      A       42.42.42.42

;; AUTHORITY SECTION:
goertzen.               604375  IN      NS      ns1.goertzen.

;; ADDITIONAL SECTION:
ns1.goertzen.           604375  IN      A       172.20.0.4

;; Query time: 104 msec
;; SERVER: 127.0.0.11#53(127.0.0.11)
;; WHEN: Sun Jul 24 22:37:11 UTC 2022
;; MSG SIZE  rcvd: 123

root@71ba6be8bac6:/#
