
root@71ba6be8bac6:/# dig test673.goertzen

; <<>> DiG 9.16.1-Ubuntu <<>> test673.goertzen
;; global options: +cmd
;; Got answer:
;; ->>HEADER<<- opcode: QUERY, status: NOERROR, id: 62893
;; flags: qr rd ra ad; QUERY: 1, ANSWER: 1, AUTHORITY: 1, ADDITIONAL: 2

;; OPT PSEUDOSECTION:
; EDNS: version: 0, flags:; udp: 65355
; COOKIE: 7605739e99f49c290100000062ddcaa1f75fe5f667c7f76c (good)
;; QUESTION SECTION:
;test673.goertzen.              IN      A

;; ANSWER SECTION:
test673.goertzen.       604800  IN      A       42.42.42.42

;; AUTHORITY SECTION:
goertzen.               604109  IN      NS      ns1.goertzen.

;; ADDITIONAL SECTION:
ns1.goertzen.           604109  IN      A       172.20.0.4

;; Query time: 100 msec
;; SERVER: 127.0.0.11#53(127.0.0.11)
;; WHEN: Sun Jul 24 22:41:37 UTC 2022
;; MSG SIZE  rcvd: 123

root@71ba6be8bac6:/#
