
root@71ba6be8bac6:/# dig test956.goertzen

; <<>> DiG 9.16.1-Ubuntu <<>> test956.goertzen
;; global options: +cmd
;; Got answer:
;; ->>HEADER<<- opcode: QUERY, status: NOERROR, id: 39364
;; flags: qr rd ra ad; QUERY: 1, ANSWER: 1, AUTHORITY: 1, ADDITIONAL: 2

;; OPT PSEUDOSECTION:
; EDNS: version: 0, flags:; udp: 65355
; COOKIE: dd44a412aa6ff7f40100000062ddcbbfe9a838c788e1c975 (good)
;; QUESTION SECTION:
;test956.goertzen.              IN      A

;; ANSWER SECTION:
test956.goertzen.       604800  IN      A       42.42.42.42

;; AUTHORITY SECTION:
goertzen.               603823  IN      NS      ns1.goertzen.

;; ADDITIONAL SECTION:
ns1.goertzen.           603823  IN      A       172.20.0.4

;; Query time: 100 msec
;; SERVER: 127.0.0.11#53(127.0.0.11)
;; WHEN: Sun Jul 24 22:46:23 UTC 2022
;; MSG SIZE  rcvd: 123

root@71ba6be8bac6:/#
