
root@71ba6be8bac6:/# dig test877.goertzen

; <<>> DiG 9.16.1-Ubuntu <<>> test877.goertzen
;; global options: +cmd
;; Got answer:
;; ->>HEADER<<- opcode: QUERY, status: NOERROR, id: 8657
;; flags: qr rd ra ad; QUERY: 1, ANSWER: 1, AUTHORITY: 1, ADDITIONAL: 2

;; OPT PSEUDOSECTION:
; EDNS: version: 0, flags:; udp: 65355
; COOKIE: 07e14d82062b2ec50100000062ddcb6faff174fa877f9414 (good)
;; QUESTION SECTION:
;test877.goertzen.              IN      A

;; ANSWER SECTION:
test877.goertzen.       604800  IN      A       42.42.42.42

;; AUTHORITY SECTION:
goertzen.               603903  IN      NS      ns1.goertzen.

;; ADDITIONAL SECTION:
ns1.goertzen.           603903  IN      A       172.20.0.4

;; Query time: 100 msec
;; SERVER: 127.0.0.11#53(127.0.0.11)
;; WHEN: Sun Jul 24 22:45:04 UTC 2022
;; MSG SIZE  rcvd: 123

root@71ba6be8bac6:/#
