
root@71ba6be8bac6:/# dig test75.goertzen

; <<>> DiG 9.16.1-Ubuntu <<>> test75.goertzen
;; global options: +cmd
;; Got answer:
;; ->>HEADER<<- opcode: QUERY, status: NOERROR, id: 26957
;; flags: qr rd ra ad; QUERY: 1, ANSWER: 1, AUTHORITY: 1, ADDITIONAL: 2

;; OPT PSEUDOSECTION:
; EDNS: version: 0, flags:; udp: 65355
; COOKIE: dd6e788d304a929c0100000062ddc844ad21ed00a88ceec0 (good)
;; QUESTION SECTION:
;test75.goertzen.               IN      A

;; ANSWER SECTION:
test75.goertzen.        604800  IN      A       42.42.42.42

;; AUTHORITY SECTION:
goertzen.               604714  IN      NS      ns1.goertzen.

;; ADDITIONAL SECTION:
ns1.goertzen.           604714  IN      A       172.20.0.4

;; Query time: 104 msec
;; SERVER: 127.0.0.11#53(127.0.0.11)
;; WHEN: Sun Jul 24 22:31:32 UTC 2022
;; MSG SIZE  rcvd: 122

root@71ba6be8bac6:/#
