
root@71ba6be8bac6:/# dig test110.goertzen

; <<>> DiG 9.16.1-Ubuntu <<>> test110.goertzen
;; global options: +cmd
;; Got answer:
;; ->>HEADER<<- opcode: QUERY, status: NOERROR, id: 39043
;; flags: qr rd ra ad; QUERY: 1, ANSWER: 1, AUTHORITY: 1, ADDITIONAL: 2

;; OPT PSEUDOSECTION:
; EDNS: version: 0, flags:; udp: 65355
; COOKIE: d63a09a538dd83e20100000062ddc867019f4e8c2d9637fe (good)
;; QUESTION SECTION:
;test110.goertzen.              IN      A

;; ANSWER SECTION:
test110.goertzen.       604800  IN      A       42.42.42.42

;; AUTHORITY SECTION:
goertzen.               604679  IN      NS      ns1.goertzen.

;; ADDITIONAL SECTION:
ns1.goertzen.           604679  IN      A       172.20.0.4

;; Query time: 100 msec
;; SERVER: 127.0.0.11#53(127.0.0.11)
;; WHEN: Sun Jul 24 22:32:08 UTC 2022
;; MSG SIZE  rcvd: 123

root@71ba6be8bac6:/#
