
root@71ba6be8bac6:/# dig test496.goertzen

; <<>> DiG 9.16.1-Ubuntu <<>> test496.goertzen
;; global options: +cmd
;; Got answer:
;; ->>HEADER<<- opcode: QUERY, status: NOERROR, id: 60179
;; flags: qr rd ra ad; QUERY: 1, ANSWER: 1, AUTHORITY: 1, ADDITIONAL: 2

;; OPT PSEUDOSECTION:
; EDNS: version: 0, flags:; udp: 65355
; COOKIE: 95c2b6f7f4d0bac80100000062ddc9ee44ddc192b06edc31 (good)
;; QUESTION SECTION:
;test496.goertzen.              IN      A

;; ANSWER SECTION:
test496.goertzen.       604800  IN      A       42.42.42.42

;; AUTHORITY SECTION:
goertzen.               604288  IN      NS      ns1.goertzen.

;; ADDITIONAL SECTION:
ns1.goertzen.           604288  IN      A       172.20.0.4

;; Query time: 112 msec
;; SERVER: 127.0.0.11#53(127.0.0.11)
;; WHEN: Sun Jul 24 22:38:38 UTC 2022
;; MSG SIZE  rcvd: 123

root@71ba6be8bac6:/#
