
root@71ba6be8bac6:/# dig test767.goertzen

; <<>> DiG 9.16.1-Ubuntu <<>> test767.goertzen
;; global options: +cmd
;; Got answer:
;; ->>HEADER<<- opcode: QUERY, status: NOERROR, id: 44714
;; flags: qr rd ra ad; QUERY: 1, ANSWER: 1, AUTHORITY: 1, ADDITIONAL: 2

;; OPT PSEUDOSECTION:
; EDNS: version: 0, flags:; udp: 65355
; COOKIE: 32f6775112f229050100000062ddcb0051e0957f1e972b9c (good)
;; QUESTION SECTION:
;test767.goertzen.              IN      A

;; ANSWER SECTION:
test767.goertzen.       604800  IN      A       42.42.42.42

;; AUTHORITY SECTION:
goertzen.               604014  IN      NS      ns1.goertzen.

;; ADDITIONAL SECTION:
ns1.goertzen.           604014  IN      A       172.20.0.4

;; Query time: 104 msec
;; SERVER: 127.0.0.11#53(127.0.0.11)
;; WHEN: Sun Jul 24 22:43:12 UTC 2022
;; MSG SIZE  rcvd: 123

root@71ba6be8bac6:/#
