
root@8ea3b352eccf:/# dig test643.goertzen

; <<>> DiG 9.16.1-Ubuntu <<>> test643.goertzen
;; global options: +cmd
;; Got answer:
;; ->>HEADER<<- opcode: QUERY, status: NOERROR, id: 41321
;; flags: qr rd ra; QUERY: 1, ANSWER: 1, AUTHORITY: 1, ADDITIONAL: 2

;; OPT PSEUDOSECTION:
; EDNS: version: 0, flags:; udp: 65355
; COOKIE: f9f22c941e2154380100000062dc74bf19c8aa17ce562935 (good)
;; QUESTION SECTION:
;test643.goertzen.              IN      A

;; ANSWER SECTION:
test643.goertzen.       604800  IN      A       42.42.42.42

;; AUTHORITY SECTION:
goertzen.               604442  IN      NS      ns1.goertzen.

;; ADDITIONAL SECTION:
ns1.goertzen.           604442  IN      A       172.20.0.4

;; Query time: 208 msec
;; SERVER: 127.0.0.11#53(127.0.0.11)
;; WHEN: Sat Jul 23 22:22:55 UTC 2022
;; MSG SIZE  rcvd: 123

root@8ea3b352eccf:/#
