
root@8ea3b352eccf:/# dig test660.goertzen

; <<>> DiG 9.16.1-Ubuntu <<>> test660.goertzen
;; global options: +cmd
;; Got answer:
;; ->>HEADER<<- opcode: QUERY, status: NOERROR, id: 16676
;; flags: qr rd ra; QUERY: 1, ANSWER: 1, AUTHORITY: 1, ADDITIONAL: 2

;; OPT PSEUDOSECTION:
; EDNS: version: 0, flags:; udp: 65355
; COOKIE: 1d7af61202d395e60100000062dc74c836bbc33ebdbef899 (good)
;; QUESTION SECTION:
;test660.goertzen.              IN      A

;; ANSWER SECTION:
test660.goertzen.       604800  IN      A       42.42.42.42

;; AUTHORITY SECTION:
goertzen.               604433  IN      NS      ns1.goertzen.

;; ADDITIONAL SECTION:
ns1.goertzen.           604433  IN      A       172.20.0.4

;; Query time: 204 msec
;; SERVER: 127.0.0.11#53(127.0.0.11)
;; WHEN: Sat Jul 23 22:23:04 UTC 2022
;; MSG SIZE  rcvd: 123

root@8ea3b352eccf:/#
