
root@8ea3b352eccf:/# dig test292.goertzen

; <<>> DiG 9.16.1-Ubuntu <<>> test292.goertzen
;; global options: +cmd
;; Got answer:
;; ->>HEADER<<- opcode: QUERY, status: NOERROR, id: 9324
;; flags: qr rd ra; QUERY: 1, ANSWER: 1, AUTHORITY: 1, ADDITIONAL: 2

;; OPT PSEUDOSECTION:
; EDNS: version: 0, flags:; udp: 65355
; COOKIE: 53e8e31b7ccdd2920100000062dc73f8422bc39e19113981 (good)
;; QUESTION SECTION:
;test292.goertzen.              IN      A

;; ANSWER SECTION:
test292.goertzen.       604800  IN      A       42.42.42.42

;; AUTHORITY SECTION:
goertzen.               604641  IN      NS      ns1.goertzen.

;; ADDITIONAL SECTION:
ns1.goertzen.           604641  IN      A       172.20.0.4

;; Query time: 208 msec
;; SERVER: 127.0.0.11#53(127.0.0.11)
;; WHEN: Sat Jul 23 22:19:36 UTC 2022
;; MSG SIZE  rcvd: 123

root@8ea3b352eccf:/#
