
root@8ea3b352eccf:/# dig test304.goertzen

; <<>> DiG 9.16.1-Ubuntu <<>> test304.goertzen
;; global options: +cmd
;; Got answer:
;; ->>HEADER<<- opcode: QUERY, status: NOERROR, id: 18277
;; flags: qr rd ra; QUERY: 1, ANSWER: 1, AUTHORITY: 1, ADDITIONAL: 2

;; OPT PSEUDOSECTION:
; EDNS: version: 0, flags:; udp: 65355
; COOKIE: 1dd9ec3737a9b1fd0100000062dc73fe06c4c90be78897b0 (good)
;; QUESTION SECTION:
;test304.goertzen.              IN      A

;; ANSWER SECTION:
test304.goertzen.       604800  IN      A       42.42.42.42

;; AUTHORITY SECTION:
goertzen.               604635  IN      NS      ns1.goertzen.

;; ADDITIONAL SECTION:
ns1.goertzen.           604635  IN      A       172.20.0.4

;; Query time: 204 msec
;; SERVER: 127.0.0.11#53(127.0.0.11)
;; WHEN: Sat Jul 23 22:19:42 UTC 2022
;; MSG SIZE  rcvd: 123

root@8ea3b352eccf:/#
