
root@8ea3b352eccf:/# dig test668.goertzen

; <<>> DiG 9.16.1-Ubuntu <<>> test668.goertzen
;; global options: +cmd
;; Got answer:
;; ->>HEADER<<- opcode: QUERY, status: NOERROR, id: 48933
;; flags: qr rd ra; QUERY: 1, ANSWER: 1, AUTHORITY: 1, ADDITIONAL: 2

;; OPT PSEUDOSECTION:
; EDNS: version: 0, flags:; udp: 65355
; COOKIE: 2668c4b2297a1e4e0100000062dc74cc7f3fe3a42d8dd137 (good)
;; QUESTION SECTION:
;test668.goertzen.              IN      A

;; ANSWER SECTION:
test668.goertzen.       604800  IN      A       42.42.42.42

;; AUTHORITY SECTION:
goertzen.               604429  IN      NS      ns1.goertzen.

;; ADDITIONAL SECTION:
ns1.goertzen.           604429  IN      A       172.20.0.4

;; Query time: 208 msec
;; SERVER: 127.0.0.11#53(127.0.0.11)
;; WHEN: Sat Jul 23 22:23:08 UTC 2022
;; MSG SIZE  rcvd: 123

root@8ea3b352eccf:/#
