
root@8ea3b352eccf:/# dig test970.goertzen

; <<>> DiG 9.16.1-Ubuntu <<>> test970.goertzen
;; global options: +cmd
;; Got answer:
;; ->>HEADER<<- opcode: QUERY, status: NOERROR, id: 3810
;; flags: qr rd ra; QUERY: 1, ANSWER: 1, AUTHORITY: 1, ADDITIONAL: 2

;; OPT PSEUDOSECTION:
; EDNS: version: 0, flags:; udp: 65355
; COOKIE: eec99543b0fcaacb0100000062dc7588182f8a54c3dd0858 (good)
;; QUESTION SECTION:
;test970.goertzen.              IN      A

;; ANSWER SECTION:
test970.goertzen.       604800  IN      A       42.42.42.42

;; AUTHORITY SECTION:
goertzen.               604241  IN      NS      ns1.goertzen.

;; ADDITIONAL SECTION:
ns1.goertzen.           604241  IN      A       172.20.0.4

;; Query time: 208 msec
;; SERVER: 127.0.0.11#53(127.0.0.11)
;; WHEN: Sat Jul 23 22:26:16 UTC 2022
;; MSG SIZE  rcvd: 123

root@8ea3b352eccf:/#
