
root@8ea3b352eccf:/# dig test980.goertzen

; <<>> DiG 9.16.1-Ubuntu <<>> test980.goertzen
;; global options: +cmd
;; Got answer:
;; ->>HEADER<<- opcode: QUERY, status: NOERROR, id: 59708
;; flags: qr rd ra; QUERY: 1, ANSWER: 1, AUTHORITY: 1, ADDITIONAL: 2

;; OPT PSEUDOSECTION:
; EDNS: version: 0, flags:; udp: 65355
; COOKIE: f739453a318577470100000062dc758d6d9112a01ac0623a (good)
;; QUESTION SECTION:
;test980.goertzen.              IN      A

;; ANSWER SECTION:
test980.goertzen.       604800  IN      A       42.42.42.42

;; AUTHORITY SECTION:
goertzen.               604236  IN      NS      ns1.goertzen.

;; ADDITIONAL SECTION:
ns1.goertzen.           604236  IN      A       172.20.0.4

;; Query time: 208 msec
;; SERVER: 127.0.0.11#53(127.0.0.11)
;; WHEN: Sat Jul 23 22:26:21 UTC 2022
;; MSG SIZE  rcvd: 123

root@8ea3b352eccf:/#
