
root@8ea3b352eccf:/# dig test540.goertzen

; <<>> DiG 9.16.1-Ubuntu <<>> test540.goertzen
;; global options: +cmd
;; Got answer:
;; ->>HEADER<<- opcode: QUERY, status: NOERROR, id: 44291
;; flags: qr rd ra; QUERY: 1, ANSWER: 1, AUTHORITY: 1, ADDITIONAL: 2

;; OPT PSEUDOSECTION:
; EDNS: version: 0, flags:; udp: 65355
; COOKIE: b489185ee6bb08780100000062dc7485b864b11757633a41 (good)
;; QUESTION SECTION:
;test540.goertzen.              IN      A

;; ANSWER SECTION:
test540.goertzen.       604800  IN      A       42.42.42.42

;; AUTHORITY SECTION:
goertzen.               604500  IN      NS      ns1.goertzen.

;; ADDITIONAL SECTION:
ns1.goertzen.           604500  IN      A       172.20.0.4

;; Query time: 208 msec
;; SERVER: 127.0.0.11#53(127.0.0.11)
;; WHEN: Sat Jul 23 22:21:57 UTC 2022
;; MSG SIZE  rcvd: 123

root@8ea3b352eccf:/#
