
root@ac8f45b5e08f:/# dig test364.goertzen

; <<>> DiG 9.16.1-Ubuntu <<>> test364.goertzen
;; global options: +cmd
;; Got answer:
;; ->>HEADER<<- opcode: QUERY, status: NOERROR, id: 2334
;; flags: qr rd ra; QUERY: 1, ANSWER: 1, AUTHORITY: 1, ADDITIONAL: 2

;; OPT PSEUDOSECTION:
; EDNS: version: 0, flags:; udp: 65355
; COOKIE: 6480e7a2aa3392740100000062dc669933ed9c8cc808c163 (good)
;; QUESTION SECTION:
;test364.goertzen.              IN      A

;; ANSWER SECTION:
test364.goertzen.       604800  IN      A       42.42.42.42

;; AUTHORITY SECTION:
goertzen.               604565  IN      NS      ns1.goertzen.

;; ADDITIONAL SECTION:
ns1.goertzen.           604565  IN      A       172.20.0.4

;; Query time: 140 msec
;; SERVER: 127.0.0.11#53(127.0.0.11)
;; WHEN: Sat Jul 23 21:22:33 UTC 2022
;; MSG SIZE  rcvd: 123

root@ac8f45b5e08f:/#
