
root@ac8f45b5e08f:/# dig test383.goertzen

; <<>> DiG 9.16.1-Ubuntu <<>> test383.goertzen
;; global options: +cmd
;; Got answer:
;; ->>HEADER<<- opcode: QUERY, status: NOERROR, id: 65318
;; flags: qr rd ra; QUERY: 1, ANSWER: 1, AUTHORITY: 1, ADDITIONAL: 2

;; OPT PSEUDOSECTION:
; EDNS: version: 0, flags:; udp: 65355
; COOKIE: b8b90c3233272cac0100000062dc66a3a290723d5d94c78c (good)
;; QUESTION SECTION:
;test383.goertzen.              IN      A

;; ANSWER SECTION:
test383.goertzen.       604800  IN      A       42.42.42.42

;; AUTHORITY SECTION:
goertzen.               604555  IN      NS      ns1.goertzen.

;; ADDITIONAL SECTION:
ns1.goertzen.           604555  IN      A       172.20.0.4

;; Query time: 140 msec
;; SERVER: 127.0.0.11#53(127.0.0.11)
;; WHEN: Sat Jul 23 21:22:43 UTC 2022
;; MSG SIZE  rcvd: 123

root@ac8f45b5e08f:/#
