
root@ac8f45b5e08f:/# dig test172.goertzen

; <<>> DiG 9.16.1-Ubuntu <<>> test172.goertzen
;; global options: +cmd
;; Got answer:
;; ->>HEADER<<- opcode: QUERY, status: NOERROR, id: 2204
;; flags: qr rd ra; QUERY: 1, ANSWER: 1, AUTHORITY: 1, ADDITIONAL: 2

;; OPT PSEUDOSECTION:
; EDNS: version: 0, flags:; udp: 65355
; COOKIE: db6abba0f4a650450100000062dc662c2b90346ae3c404a6 (good)
;; QUESTION SECTION:
;test172.goertzen.              IN      A

;; ANSWER SECTION:
test172.goertzen.       604800  IN      A       42.42.42.42

;; AUTHORITY SECTION:
goertzen.               604674  IN      NS      ns1.goertzen.

;; ADDITIONAL SECTION:
ns1.goertzen.           604674  IN      A       172.20.0.4

;; Query time: 140 msec
;; SERVER: 127.0.0.11#53(127.0.0.11)
;; WHEN: Sat Jul 23 21:20:44 UTC 2022
;; MSG SIZE  rcvd: 123

root@ac8f45b5e08f:/#
