
root@ac8f45b5e08f:/# dig test505.goertzen

; <<>> DiG 9.16.1-Ubuntu <<>> test505.goertzen
;; global options: +cmd
;; Got answer:
;; ->>HEADER<<- opcode: QUERY, status: NOERROR, id: 24077
;; flags: qr rd ra; QUERY: 1, ANSWER: 1, AUTHORITY: 1, ADDITIONAL: 2

;; OPT PSEUDOSECTION:
; EDNS: version: 0, flags:; udp: 65355
; COOKIE: 5ecdbc6fe4c25ab90100000062dc66ed71ef5d375376555f (good)
;; QUESTION SECTION:
;test505.goertzen.              IN      A

;; ANSWER SECTION:
test505.goertzen.       604800  IN      A       42.42.42.42

;; AUTHORITY SECTION:
goertzen.               604481  IN      NS      ns1.goertzen.

;; ADDITIONAL SECTION:
ns1.goertzen.           604481  IN      A       172.20.0.4

;; Query time: 136 msec
;; SERVER: 127.0.0.11#53(127.0.0.11)
;; WHEN: Sat Jul 23 21:23:57 UTC 2022
;; MSG SIZE  rcvd: 123

root@ac8f45b5e08f:/#
