
root@ac8f45b5e08f:/# dig test376.goertzen

; <<>> DiG 9.16.1-Ubuntu <<>> test376.goertzen
;; global options: +cmd
;; Got answer:
;; ->>HEADER<<- opcode: QUERY, status: NOERROR, id: 52868
;; flags: qr rd ra; QUERY: 1, ANSWER: 1, AUTHORITY: 1, ADDITIONAL: 2

;; OPT PSEUDOSECTION:
; EDNS: version: 0, flags:; udp: 65355
; COOKIE: 617caf02842f8dae0100000062dc669f6f5b81758ef94383 (good)
;; QUESTION SECTION:
;test376.goertzen.              IN      A

;; ANSWER SECTION:
test376.goertzen.       604800  IN      A       42.42.42.42

;; AUTHORITY SECTION:
goertzen.               604559  IN      NS      ns1.goertzen.

;; ADDITIONAL SECTION:
ns1.goertzen.           604559  IN      A       172.20.0.4

;; Query time: 136 msec
;; SERVER: 127.0.0.11#53(127.0.0.11)
;; WHEN: Sat Jul 23 21:22:39 UTC 2022
;; MSG SIZE  rcvd: 123

root@ac8f45b5e08f:/#
