
root@ac8f45b5e08f:/# dig test603.goertzen

; <<>> DiG 9.16.1-Ubuntu <<>> test603.goertzen
;; global options: +cmd
;; Got answer:
;; ->>HEADER<<- opcode: QUERY, status: NOERROR, id: 41964
;; flags: qr rd ra; QUERY: 1, ANSWER: 1, AUTHORITY: 1, ADDITIONAL: 2

;; OPT PSEUDOSECTION:
; EDNS: version: 0, flags:; udp: 65355
; COOKIE: 819be946f6a91a130100000062dc6727456b0385890e061c (good)
;; QUESTION SECTION:
;test603.goertzen.              IN      A

;; ANSWER SECTION:
test603.goertzen.       604800  IN      A       42.42.42.42

;; AUTHORITY SECTION:
goertzen.               604423  IN      NS      ns1.goertzen.

;; ADDITIONAL SECTION:
ns1.goertzen.           604423  IN      A       172.20.0.4

;; Query time: 136 msec
;; SERVER: 127.0.0.11#53(127.0.0.11)
;; WHEN: Sat Jul 23 21:24:55 UTC 2022
;; MSG SIZE  rcvd: 123

root@ac8f45b5e08f:/#
