
root@ac8f45b5e08f:/# dig test41.goertzen

; <<>> DiG 9.16.1-Ubuntu <<>> test41.goertzen
;; global options: +cmd
;; Got answer:
;; ->>HEADER<<- opcode: QUERY, status: NOERROR, id: 2201
;; flags: qr rd ra; QUERY: 1, ANSWER: 1, AUTHORITY: 1, ADDITIONAL: 2

;; OPT PSEUDOSECTION:
; EDNS: version: 0, flags:; udp: 65355
; COOKIE: 417915b8990715ab0100000062dc65e3d3b1bd2b1871e598 (good)
;; QUESTION SECTION:
;test41.goertzen.               IN      A

;; ANSWER SECTION:
test41.goertzen.        604800  IN      A       42.42.42.42

;; AUTHORITY SECTION:
goertzen.               604747  IN      NS      ns1.goertzen.

;; ADDITIONAL SECTION:
ns1.goertzen.           604747  IN      A       172.20.0.4

;; Query time: 140 msec
;; SERVER: 127.0.0.11#53(127.0.0.11)
;; WHEN: Sat Jul 23 21:19:31 UTC 2022
;; MSG SIZE  rcvd: 122

root@ac8f45b5e08f:/#
