
root@ac8f45b5e08f:/# dig test824.goertzen

; <<>> DiG 9.16.1-Ubuntu <<>> test824.goertzen
;; global options: +cmd
;; Got answer:
;; ->>HEADER<<- opcode: QUERY, status: NOERROR, id: 5631
;; flags: qr rd ra; QUERY: 1, ANSWER: 1, AUTHORITY: 1, ADDITIONAL: 2

;; OPT PSEUDOSECTION:
; EDNS: version: 0, flags:; udp: 65355
; COOKIE: a45b728a83f1dc8e0100000062dc67aada9c3c94342e9119 (good)
;; QUESTION SECTION:
;test824.goertzen.              IN      A

;; ANSWER SECTION:
test824.goertzen.       604800  IN      A       42.42.42.42

;; AUTHORITY SECTION:
goertzen.               604292  IN      NS      ns1.goertzen.

;; ADDITIONAL SECTION:
ns1.goertzen.           604292  IN      A       172.20.0.4

;; Query time: 136 msec
;; SERVER: 127.0.0.11#53(127.0.0.11)
;; WHEN: Sat Jul 23 21:27:06 UTC 2022
;; MSG SIZE  rcvd: 123

root@ac8f45b5e08f:/#
