
root@ac8f45b5e08f:/# dig test42.goertzen

; <<>> DiG 9.16.1-Ubuntu <<>> test42.goertzen
;; global options: +cmd
;; Got answer:
;; ->>HEADER<<- opcode: QUERY, status: NOERROR, id: 59073
;; flags: qr rd ra; QUERY: 1, ANSWER: 1, AUTHORITY: 1, ADDITIONAL: 2

;; OPT PSEUDOSECTION:
; EDNS: version: 0, flags:; udp: 65355
; COOKIE: 167e6db22c6a038f0100000062dc65e473dc1ceca95eb14a (good)
;; QUESTION SECTION:
;test42.goertzen.               IN      A

;; ANSWER SECTION:
test42.goertzen.        604800  IN      A       42.42.42.42

;; AUTHORITY SECTION:
goertzen.               604746  IN      NS      ns1.goertzen.

;; ADDITIONAL SECTION:
ns1.goertzen.           604746  IN      A       172.20.0.4

;; Query time: 140 msec
;; SERVER: 127.0.0.11#53(127.0.0.11)
;; WHEN: Sat Jul 23 21:19:32 UTC 2022
;; MSG SIZE  rcvd: 122

root@ac8f45b5e08f:/#
