
root@ac8f45b5e08f:/# dig test403.goertzen

; <<>> DiG 9.16.1-Ubuntu <<>> test403.goertzen
;; global options: +cmd
;; Got answer:
;; ->>HEADER<<- opcode: QUERY, status: NOERROR, id: 29062
;; flags: qr rd ra; QUERY: 1, ANSWER: 1, AUTHORITY: 1, ADDITIONAL: 2

;; OPT PSEUDOSECTION:
; EDNS: version: 0, flags:; udp: 65355
; COOKIE: fe77f384dedfb4b00100000062dc66b44c3766d4c684723e (good)
;; QUESTION SECTION:
;test403.goertzen.              IN      A

;; ANSWER SECTION:
test403.goertzen.       604800  IN      A       42.42.42.42

;; AUTHORITY SECTION:
goertzen.               604538  IN      NS      ns1.goertzen.

;; ADDITIONAL SECTION:
ns1.goertzen.           604538  IN      A       172.20.0.4

;; Query time: 140 msec
;; SERVER: 127.0.0.11#53(127.0.0.11)
;; WHEN: Sat Jul 23 21:23:00 UTC 2022
;; MSG SIZE  rcvd: 123

root@ac8f45b5e08f:/#
