
root@ac8f45b5e08f:/# dig test360.goertzen

; <<>> DiG 9.16.1-Ubuntu <<>> test360.goertzen
;; global options: +cmd
;; Got answer:
;; ->>HEADER<<- opcode: QUERY, status: NOERROR, id: 31522
;; flags: qr rd ra; QUERY: 1, ANSWER: 1, AUTHORITY: 1, ADDITIONAL: 2

;; OPT PSEUDOSECTION:
; EDNS: version: 0, flags:; udp: 65355
; COOKIE: 18e496669ce9ca5f0100000062dc6697f238d071071bf8a4 (good)
;; QUESTION SECTION:
;test360.goertzen.              IN      A

;; ANSWER SECTION:
test360.goertzen.       604800  IN      A       42.42.42.42

;; AUTHORITY SECTION:
goertzen.               604567  IN      NS      ns1.goertzen.

;; ADDITIONAL SECTION:
ns1.goertzen.           604567  IN      A       172.20.0.4

;; Query time: 136 msec
;; SERVER: 127.0.0.11#53(127.0.0.11)
;; WHEN: Sat Jul 23 21:22:31 UTC 2022
;; MSG SIZE  rcvd: 123

root@ac8f45b5e08f:/#
