
root@ac8f45b5e08f:/# dig test248.goertzen

; <<>> DiG 9.16.1-Ubuntu <<>> test248.goertzen
;; global options: +cmd
;; Got answer:
;; ->>HEADER<<- opcode: QUERY, status: NOERROR, id: 44600
;; flags: qr rd ra; QUERY: 1, ANSWER: 1, AUTHORITY: 1, ADDITIONAL: 2

;; OPT PSEUDOSECTION:
; EDNS: version: 0, flags:; udp: 65355
; COOKIE: ada73f5583da3c150100000062dc665743349459b10e9f7b (good)
;; QUESTION SECTION:
;test248.goertzen.              IN      A

;; ANSWER SECTION:
test248.goertzen.       604800  IN      A       42.42.42.42

;; AUTHORITY SECTION:
goertzen.               604631  IN      NS      ns1.goertzen.

;; ADDITIONAL SECTION:
ns1.goertzen.           604631  IN      A       172.20.0.4

;; Query time: 136 msec
;; SERVER: 127.0.0.11#53(127.0.0.11)
;; WHEN: Sat Jul 23 21:21:27 UTC 2022
;; MSG SIZE  rcvd: 123

root@ac8f45b5e08f:/#
