
root@ac8f45b5e08f:/# dig test513.goertzen

; <<>> DiG 9.16.1-Ubuntu <<>> test513.goertzen
;; global options: +cmd
;; Got answer:
;; ->>HEADER<<- opcode: QUERY, status: NOERROR, id: 13641
;; flags: qr rd ra; QUERY: 1, ANSWER: 1, AUTHORITY: 1, ADDITIONAL: 2

;; OPT PSEUDOSECTION:
; EDNS: version: 0, flags:; udp: 65355
; COOKIE: c7c8edac684afafc0100000062dc66f1a3431445820b6088 (good)
;; QUESTION SECTION:
;test513.goertzen.              IN      A

;; ANSWER SECTION:
test513.goertzen.       604800  IN      A       42.42.42.42

;; AUTHORITY SECTION:
goertzen.               604477  IN      NS      ns1.goertzen.

;; ADDITIONAL SECTION:
ns1.goertzen.           604477  IN      A       172.20.0.4

;; Query time: 136 msec
;; SERVER: 127.0.0.11#53(127.0.0.11)
;; WHEN: Sat Jul 23 21:24:01 UTC 2022
;; MSG SIZE  rcvd: 123

root@ac8f45b5e08f:/#
