
root@ac8f45b5e08f:/# dig test347.goertzen

; <<>> DiG 9.16.1-Ubuntu <<>> test347.goertzen
;; global options: +cmd
;; Got answer:
;; ->>HEADER<<- opcode: QUERY, status: NOERROR, id: 719
;; flags: qr rd ra; QUERY: 1, ANSWER: 1, AUTHORITY: 1, ADDITIONAL: 2

;; OPT PSEUDOSECTION:
; EDNS: version: 0, flags:; udp: 65355
; COOKIE: b37e791ddb3746750100000062dc66909b635635c332175a (good)
;; QUESTION SECTION:
;test347.goertzen.              IN      A

;; ANSWER SECTION:
test347.goertzen.       604800  IN      A       42.42.42.42

;; AUTHORITY SECTION:
goertzen.               604574  IN      NS      ns1.goertzen.

;; ADDITIONAL SECTION:
ns1.goertzen.           604574  IN      A       172.20.0.4

;; Query time: 140 msec
;; SERVER: 127.0.0.11#53(127.0.0.11)
;; WHEN: Sat Jul 23 21:22:24 UTC 2022
;; MSG SIZE  rcvd: 123

root@ac8f45b5e08f:/#
