
root@ac8f45b5e08f:/# dig test15.goertzen

; <<>> DiG 9.16.1-Ubuntu <<>> test15.goertzen
;; global options: +cmd
;; Got answer:
;; ->>HEADER<<- opcode: QUERY, status: NOERROR, id: 40154
;; flags: qr rd ra; QUERY: 1, ANSWER: 1, AUTHORITY: 1, ADDITIONAL: 2

;; OPT PSEUDOSECTION:
; EDNS: version: 0, flags:; udp: 65355
; COOKIE: 102369fb60ded6990100000062dc65d61904d5c40dc1bf42 (good)
;; QUESTION SECTION:
;test15.goertzen.               IN      A

;; ANSWER SECTION:
test15.goertzen.        604800  IN      A       42.42.42.42

;; AUTHORITY SECTION:
goertzen.               604760  IN      NS      ns1.goertzen.

;; ADDITIONAL SECTION:
ns1.goertzen.           604760  IN      A       172.20.0.4

;; Query time: 136 msec
;; SERVER: 127.0.0.11#53(127.0.0.11)
;; WHEN: Sat Jul 23 21:19:18 UTC 2022
;; MSG SIZE  rcvd: 122

root@ac8f45b5e08f:/#
