
root@f16ef30bb535:/# dig test71.goertzen

; <<>> DiG 9.16.1-Ubuntu <<>> test71.goertzen
;; global options: +cmd
;; Got answer:
;; ->>HEADER<<- opcode: QUERY, status: NOERROR, id: 32046
;; flags: qr rd ra; QUERY: 1, ANSWER: 1, AUTHORITY: 1, ADDITIONAL: 2

;; OPT PSEUDOSECTION:
; EDNS: version: 0, flags:; udp: 65355
; COOKIE: ddba1ccafd8ad5ec0100000062dc308a78f02289bba03fa5 (good)
;; QUESTION SECTION:
;test71.goertzen.               IN      A

;; ANSWER SECTION:
test71.goertzen.        604800  IN      A       42.42.42.42

;; AUTHORITY SECTION:
goertzen.               604754  IN      NS      ns1.goertzen.

;; ADDITIONAL SECTION:
ns1.goertzen.           604754  IN      A       172.20.0.4

;; Query time: 20 msec
;; SERVER: 127.0.0.11#53(127.0.0.11)
;; WHEN: Sat Jul 23 17:31:54 UTC 2022
;; MSG SIZE  rcvd: 122

root@f16ef30bb535:/#
