
root@f16ef30bb535:/# dig test630.goertzen

; <<>> DiG 9.16.1-Ubuntu <<>> test630.goertzen
;; global options: +cmd
;; Got answer:
;; ->>HEADER<<- opcode: QUERY, status: NOERROR, id: 38180
;; flags: qr rd ra; QUERY: 1, ANSWER: 1, AUTHORITY: 1, ADDITIONAL: 2

;; OPT PSEUDOSECTION:
; EDNS: version: 0, flags:; udp: 65355
; COOKIE: 4ef32acae47d47430100000062dc31ba17fc05d7abe10f8b (good)
;; QUESTION SECTION:
;test630.goertzen.              IN      A

;; ANSWER SECTION:
test630.goertzen.       604800  IN      A       42.42.42.42

;; AUTHORITY SECTION:
goertzen.               604450  IN      NS      ns1.goertzen.

;; ADDITIONAL SECTION:
ns1.goertzen.           604450  IN      A       172.20.0.4

;; Query time: 24 msec
;; SERVER: 127.0.0.11#53(127.0.0.11)
;; WHEN: Sat Jul 23 17:36:58 UTC 2022
;; MSG SIZE  rcvd: 123

root@f16ef30bb535:/#
