
root@f16ef30bb535:/# dig test909.goertzen

; <<>> DiG 9.16.1-Ubuntu <<>> test909.goertzen
;; global options: +cmd
;; Got answer:
;; ->>HEADER<<- opcode: QUERY, status: NOERROR, id: 8813
;; flags: qr rd ra; QUERY: 1, ANSWER: 1, AUTHORITY: 1, ADDITIONAL: 2

;; OPT PSEUDOSECTION:
; EDNS: version: 0, flags:; udp: 65355
; COOKIE: b285693dcf4f9aa70100000062dc32d07509e22719acbda9 (good)
;; QUESTION SECTION:
;test909.goertzen.              IN      A

;; ANSWER SECTION:
test909.goertzen.       604800  IN      A       42.42.42.42

;; AUTHORITY SECTION:
goertzen.               604759  IN      NS      ns1.goertzen.

;; ADDITIONAL SECTION:
ns1.goertzen.           604759  IN      A       172.20.0.4

;; Query time: 20 msec
;; SERVER: 127.0.0.11#53(127.0.0.11)
;; WHEN: Sat Jul 23 17:41:36 UTC 2022
;; MSG SIZE  rcvd: 123

root@f16ef30bb535:/#
