
root@f16ef30bb535:/# dig test287.goertzen

; <<>> DiG 9.16.1-Ubuntu <<>> test287.goertzen
;; global options: +cmd
;; Got answer:
;; ->>HEADER<<- opcode: QUERY, status: NOERROR, id: 33245
;; flags: qr rd ra; QUERY: 1, ANSWER: 1, AUTHORITY: 1, ADDITIONAL: 2

;; OPT PSEUDOSECTION:
; EDNS: version: 0, flags:; udp: 65355
; COOKIE: a043a256349e77c50100000062dc30f97763aeca94362ba9 (good)
;; QUESTION SECTION:
;test287.goertzen.              IN      A

;; ANSWER SECTION:
test287.goertzen.       604800  IN      A       42.42.42.42

;; AUTHORITY SECTION:
goertzen.               604643  IN      NS      ns1.goertzen.

;; ADDITIONAL SECTION:
ns1.goertzen.           604643  IN      A       172.20.0.4

;; Query time: 24 msec
;; SERVER: 127.0.0.11#53(127.0.0.11)
;; WHEN: Sat Jul 23 17:33:45 UTC 2022
;; MSG SIZE  rcvd: 123

root@f16ef30bb535:/#
