
root@f16ef30bb535:/# dig test546.goertzen

; <<>> DiG 9.16.1-Ubuntu <<>> test546.goertzen
;; global options: +cmd
;; Got answer:
;; ->>HEADER<<- opcode: QUERY, status: NOERROR, id: 2620
;; flags: qr rd ra; QUERY: 1, ANSWER: 1, AUTHORITY: 1, ADDITIONAL: 2

;; OPT PSEUDOSECTION:
; EDNS: version: 0, flags:; udp: 65355
; COOKIE: fe934813141db7960100000062dc318aabc152942f392e62 (good)
;; QUESTION SECTION:
;test546.goertzen.              IN      A

;; ANSWER SECTION:
test546.goertzen.       604800  IN      A       42.42.42.42

;; AUTHORITY SECTION:
goertzen.               604498  IN      NS      ns1.goertzen.

;; ADDITIONAL SECTION:
ns1.goertzen.           604498  IN      A       172.20.0.4

;; Query time: 24 msec
;; SERVER: 127.0.0.11#53(127.0.0.11)
;; WHEN: Sat Jul 23 17:36:10 UTC 2022
;; MSG SIZE  rcvd: 123

root@f16ef30bb535:/#
