
root@f16ef30bb535:/# dig test234.goertzen

; <<>> DiG 9.16.1-Ubuntu <<>> test234.goertzen
;; global options: +cmd
;; Got answer:
;; ->>HEADER<<- opcode: QUERY, status: NOERROR, id: 578
;; flags: qr rd ra; QUERY: 1, ANSWER: 1, AUTHORITY: 1, ADDITIONAL: 2

;; OPT PSEUDOSECTION:
; EDNS: version: 0, flags:; udp: 65355
; COOKIE: a97c6de3f99d82bc0100000062dc30deff9c409970e1446c (good)
;; QUESTION SECTION:
;test234.goertzen.              IN      A

;; ANSWER SECTION:
test234.goertzen.       604800  IN      A       42.42.42.42

;; AUTHORITY SECTION:
goertzen.               604670  IN      NS      ns1.goertzen.

;; ADDITIONAL SECTION:
ns1.goertzen.           604670  IN      A       172.20.0.4

;; Query time: 16 msec
;; SERVER: 127.0.0.11#53(127.0.0.11)
;; WHEN: Sat Jul 23 17:33:18 UTC 2022
;; MSG SIZE  rcvd: 123

root@f16ef30bb535:/#
