
root@f16ef30bb535:/# dig test309.goertzen

; <<>> DiG 9.16.1-Ubuntu <<>> test309.goertzen
;; global options: +cmd
;; Got answer:
;; ->>HEADER<<- opcode: QUERY, status: NOERROR, id: 58891
;; flags: qr rd ra; QUERY: 1, ANSWER: 1, AUTHORITY: 1, ADDITIONAL: 2

;; OPT PSEUDOSECTION:
; EDNS: version: 0, flags:; udp: 65355
; COOKIE: fdc877fe158b25840100000062dc3104ab3622fd6a50977e (good)
;; QUESTION SECTION:
;test309.goertzen.              IN      A

;; ANSWER SECTION:
test309.goertzen.       604800  IN      A       42.42.42.42

;; AUTHORITY SECTION:
goertzen.               604632  IN      NS      ns1.goertzen.

;; ADDITIONAL SECTION:
ns1.goertzen.           604632  IN      A       172.20.0.4

;; Query time: 20 msec
;; SERVER: 127.0.0.11#53(127.0.0.11)
;; WHEN: Sat Jul 23 17:33:56 UTC 2022
;; MSG SIZE  rcvd: 123

root@f16ef30bb535:/#
