
root@f16ef30bb535:/# dig test696.goertzen

; <<>> DiG 9.16.1-Ubuntu <<>> test696.goertzen
;; global options: +cmd
;; Got answer:
;; ->>HEADER<<- opcode: QUERY, status: NOERROR, id: 28876
;; flags: qr rd ra; QUERY: 1, ANSWER: 1, AUTHORITY: 1, ADDITIONAL: 2

;; OPT PSEUDOSECTION:
; EDNS: version: 0, flags:; udp: 65355
; COOKIE: b01a6aad2cb442500100000062dc31dc058d5b2a7a194149 (good)
;; QUESTION SECTION:
;test696.goertzen.              IN      A

;; ANSWER SECTION:
test696.goertzen.       604800  IN      A       42.42.42.42

;; AUTHORITY SECTION:
goertzen.               604416  IN      NS      ns1.goertzen.

;; ADDITIONAL SECTION:
ns1.goertzen.           604416  IN      A       172.20.0.4

;; Query time: 20 msec
;; SERVER: 127.0.0.11#53(127.0.0.11)
;; WHEN: Sat Jul 23 17:37:32 UTC 2022
;; MSG SIZE  rcvd: 123

root@f16ef30bb535:/#
