
root@f16ef30bb535:/# dig test671.goertzen

; <<>> DiG 9.16.1-Ubuntu <<>> test671.goertzen
;; global options: +cmd
;; Got answer:
;; ->>HEADER<<- opcode: QUERY, status: NOERROR, id: 18075
;; flags: qr rd ra; QUERY: 1, ANSWER: 1, AUTHORITY: 1, ADDITIONAL: 2

;; OPT PSEUDOSECTION:
; EDNS: version: 0, flags:; udp: 65355
; COOKIE: 102b45087fc7dd690100000062dc31cf1277186353ce41ca (good)
;; QUESTION SECTION:
;test671.goertzen.              IN      A

;; ANSWER SECTION:
test671.goertzen.       604800  IN      A       42.42.42.42

;; AUTHORITY SECTION:
goertzen.               604429  IN      NS      ns1.goertzen.

;; ADDITIONAL SECTION:
ns1.goertzen.           604429  IN      A       172.20.0.4

;; Query time: 36 msec
;; SERVER: 127.0.0.11#53(127.0.0.11)
;; WHEN: Sat Jul 23 17:37:19 UTC 2022
;; MSG SIZE  rcvd: 123

root@f16ef30bb535:/#
