
root@f16ef30bb535:/# dig test627.goertzen

; <<>> DiG 9.16.1-Ubuntu <<>> test627.goertzen
;; global options: +cmd
;; Got answer:
;; ->>HEADER<<- opcode: QUERY, status: NOERROR, id: 26642
;; flags: qr rd ra; QUERY: 1, ANSWER: 1, AUTHORITY: 1, ADDITIONAL: 2

;; OPT PSEUDOSECTION:
; EDNS: version: 0, flags:; udp: 65355
; COOKIE: 5a97bf6942323de30100000062dc31b816c09bddf9b2af24 (good)
;; QUESTION SECTION:
;test627.goertzen.              IN      A

;; ANSWER SECTION:
test627.goertzen.       604800  IN      A       42.42.42.42

;; AUTHORITY SECTION:
goertzen.               604452  IN      NS      ns1.goertzen.

;; ADDITIONAL SECTION:
ns1.goertzen.           604452  IN      A       172.20.0.4

;; Query time: 20 msec
;; SERVER: 127.0.0.11#53(127.0.0.11)
;; WHEN: Sat Jul 23 17:36:56 UTC 2022
;; MSG SIZE  rcvd: 123

root@f16ef30bb535:/#
