
root@f16ef30bb535:/# dig test415.goertzen

; <<>> DiG 9.16.1-Ubuntu <<>> test415.goertzen
;; global options: +cmd
;; Got answer:
;; ->>HEADER<<- opcode: QUERY, status: NOERROR, id: 37773
;; flags: qr rd ra; QUERY: 1, ANSWER: 1, AUTHORITY: 1, ADDITIONAL: 2

;; OPT PSEUDOSECTION:
; EDNS: version: 0, flags:; udp: 65355
; COOKIE: 739a9f2e6ec3dd680100000062dc313be46d30a6ab8fe01d (good)
;; QUESTION SECTION:
;test415.goertzen.              IN      A

;; ANSWER SECTION:
test415.goertzen.       604800  IN      A       42.42.42.42

;; AUTHORITY SECTION:
goertzen.               604577  IN      NS      ns1.goertzen.

;; ADDITIONAL SECTION:
ns1.goertzen.           604577  IN      A       172.20.0.4

;; Query time: 24 msec
;; SERVER: 127.0.0.11#53(127.0.0.11)
;; WHEN: Sat Jul 23 17:34:51 UTC 2022
;; MSG SIZE  rcvd: 123

root@f16ef30bb535:/#
