
root@f16ef30bb535:/# dig test348.goertzen

; <<>> DiG 9.16.1-Ubuntu <<>> test348.goertzen
;; global options: +cmd
;; Got answer:
;; ->>HEADER<<- opcode: QUERY, status: NOERROR, id: 15245
;; flags: qr rd ra; QUERY: 1, ANSWER: 1, AUTHORITY: 1, ADDITIONAL: 2

;; OPT PSEUDOSECTION:
; EDNS: version: 0, flags:; udp: 65355
; COOKIE: 1dc96891c9f68b580100000062dc311869e5a79a6ca14405 (good)
;; QUESTION SECTION:
;test348.goertzen.              IN      A

;; ANSWER SECTION:
test348.goertzen.       604800  IN      A       42.42.42.42

;; AUTHORITY SECTION:
goertzen.               604612  IN      NS      ns1.goertzen.

;; ADDITIONAL SECTION:
ns1.goertzen.           604612  IN      A       172.20.0.4

;; Query time: 16 msec
;; SERVER: 127.0.0.11#53(127.0.0.11)
;; WHEN: Sat Jul 23 17:34:16 UTC 2022
;; MSG SIZE  rcvd: 123

root@f16ef30bb535:/#
