
root@f16ef30bb535:/# dig test861.goertzen

; <<>> DiG 9.16.1-Ubuntu <<>> test861.goertzen
;; global options: +cmd
;; Got answer:
;; ->>HEADER<<- opcode: QUERY, status: NOERROR, id: 28534
;; flags: qr rd ra; QUERY: 1, ANSWER: 1, AUTHORITY: 1, ADDITIONAL: 2

;; OPT PSEUDOSECTION:
; EDNS: version: 0, flags:; udp: 65355
; COOKIE: 9ab39b03fad7ecea0100000062dc323c48259fc138cb5f65 (good)
;; QUESTION SECTION:
;test861.goertzen.              IN      A

;; ANSWER SECTION:
test861.goertzen.       604800  IN      A       42.42.42.42

;; AUTHORITY SECTION:
goertzen.               604320  IN      NS      ns1.goertzen.

;; ADDITIONAL SECTION:
ns1.goertzen.           604320  IN      A       172.20.0.4

;; Query time: 20 msec
;; SERVER: 127.0.0.11#53(127.0.0.11)
;; WHEN: Sat Jul 23 17:39:08 UTC 2022
;; MSG SIZE  rcvd: 123

root@f16ef30bb535:/#
