
root@f16ef30bb535:/# dig test952.goertzen

; <<>> DiG 9.16.1-Ubuntu <<>> test952.goertzen
;; global options: +cmd
;; Got answer:
;; ->>HEADER<<- opcode: QUERY, status: NOERROR, id: 59468
;; flags: qr rd ra; QUERY: 1, ANSWER: 1, AUTHORITY: 1, ADDITIONAL: 2

;; OPT PSEUDOSECTION:
; EDNS: version: 0, flags:; udp: 65355
; COOKIE: 7852ddfb531ed5cb0100000062dc32e7397ce4d41c83f9aa (good)
;; QUESTION SECTION:
;test952.goertzen.              IN      A

;; ANSWER SECTION:
test952.goertzen.       604800  IN      A       42.42.42.42

;; AUTHORITY SECTION:
goertzen.               604736  IN      NS      ns1.goertzen.

;; ADDITIONAL SECTION:
ns1.goertzen.           604736  IN      A       172.20.0.4

;; Query time: 24 msec
;; SERVER: 127.0.0.11#53(127.0.0.11)
;; WHEN: Sat Jul 23 17:41:59 UTC 2022
;; MSG SIZE  rcvd: 123

root@f16ef30bb535:/#
