
root@734210cd7ca9:/# dig test618.goertzen

; <<>> DiG 9.16.1-Ubuntu <<>> test618.goertzen
;; global options: +cmd
;; Got answer:
;; ->>HEADER<<- opcode: QUERY, status: NOERROR, id: 42081
;; flags: qr rd ra; QUERY: 1, ANSWER: 1, AUTHORITY: 1, ADDITIONAL: 2

;; OPT PSEUDOSECTION:
; EDNS: version: 0, flags:; udp: 65355
; COOKIE: 765b616b167db55c0100000062e951698f9ef476a02b2c6d (good)
;; QUESTION SECTION:
;test618.goertzen.              IN      A

;; ANSWER SECTION:
test618.goertzen.       604800  IN      A       42.42.42.42

;; AUTHORITY SECTION:
goertzen.               604154  IN      NS      ns1.goertzen.

;; ADDITIONAL SECTION:
ns1.goertzen.           604154  IN      A       172.20.0.4

;; Query time: 43 msec
;; SERVER: 127.0.0.11#53(127.0.0.11)
;; WHEN: Tue Aug 02 16:31:37 UTC 2022
;; MSG SIZE  rcvd: 123

root@734210cd7ca9:/#
