
root@734210cd7ca9:/# dig test349.goertzen

; <<>> DiG 9.16.1-Ubuntu <<>> test349.goertzen
;; global options: +cmd
;; Got answer:
;; ->>HEADER<<- opcode: QUERY, status: NOERROR, id: 39505
;; flags: qr rd ra; QUERY: 1, ANSWER: 1, AUTHORITY: 1, ADDITIONAL: 2

;; OPT PSEUDOSECTION:
; EDNS: version: 0, flags:; udp: 65355
; COOKIE: 4b45ebc5ae9d91b80100000062e950597e7d91a23e3f84da (good)
;; QUESTION SECTION:
;test349.goertzen.              IN      A

;; ANSWER SECTION:
test349.goertzen.       604800  IN      A       42.42.42.42

;; AUTHORITY SECTION:
goertzen.               604426  IN      NS      ns1.goertzen.

;; ADDITIONAL SECTION:
ns1.goertzen.           604426  IN      A       172.20.0.4

;; Query time: 43 msec
;; SERVER: 127.0.0.11#53(127.0.0.11)
;; WHEN: Tue Aug 02 16:27:05 UTC 2022
;; MSG SIZE  rcvd: 123

root@734210cd7ca9:/#
