
root@2a659f80b474:/# dig test209.goertzen

; <<>> DiG 9.16.1-Ubuntu <<>> test209.goertzen
;; global options: +cmd
;; Got answer:
;; ->>HEADER<<- opcode: QUERY, status: NOERROR, id: 2341
;; flags: qr rd ra; QUERY: 1, ANSWER: 1, AUTHORITY: 1, ADDITIONAL: 2

;; OPT PSEUDOSECTION:
; EDNS: version: 0, flags:; udp: 65355
; COOKIE: e0def55e847f428c0100000062eaab4e3b421fc3f4a9c576 (good)
;; QUESTION SECTION:
;test209.goertzen.              IN      A

;; ANSWER SECTION:
test209.goertzen.       604800  IN      A       42.42.42.42

;; AUTHORITY SECTION:
goertzen.               604620  IN      NS      ns1.goertzen.

;; ADDITIONAL SECTION:
ns1.goertzen.           604620  IN      A       172.20.0.4

;; Query time: 51 msec
;; SERVER: 127.0.0.11#53(127.0.0.11)
;; WHEN: Wed Aug 03 17:07:26 UTC 2022
;; MSG SIZE  rcvd: 123

root@2a659f80b474:/#
