
root@2a659f80b474:/# dig test966.goertzen

; <<>> DiG 9.16.1-Ubuntu <<>> test966.goertzen
;; global options: +cmd
;; Got answer:
;; ->>HEADER<<- opcode: QUERY, status: NOERROR, id: 24406
;; flags: qr rd ra; QUERY: 1, ANSWER: 1, AUTHORITY: 1, ADDITIONAL: 2

;; OPT PSEUDOSECTION:
; EDNS: version: 0, flags:; udp: 65355
; COOKIE: f685a65f0e318ed30100000062eaad90cfdacb2aac1ba5a6 (good)
;; QUESTION SECTION:
;test966.goertzen.              IN      A

;; ANSWER SECTION:
test966.goertzen.       604800  IN      A       42.42.42.42

;; AUTHORITY SECTION:
goertzen.               604042  IN      NS      ns1.goertzen.

;; ADDITIONAL SECTION:
ns1.goertzen.           604042  IN      A       172.20.0.4

;; Query time: 51 msec
;; SERVER: 127.0.0.11#53(127.0.0.11)
;; WHEN: Wed Aug 03 17:17:04 UTC 2022
;; MSG SIZE  rcvd: 123

root@2a659f80b474:/#
