
root@2a659f80b474:/# dig test312.goertzen

; <<>> DiG 9.16.1-Ubuntu <<>> test312.goertzen
;; global options: +cmd
;; Got answer:
;; ->>HEADER<<- opcode: QUERY, status: NOERROR, id: 35085
;; flags: qr rd ra; QUERY: 1, ANSWER: 1, AUTHORITY: 1, ADDITIONAL: 2

;; OPT PSEUDOSECTION:
; EDNS: version: 0, flags:; udp: 65355
; COOKIE: 89216a1b618464fc0100000062eaab9d0ffeaf387716a1bb (good)
;; QUESTION SECTION:
;test312.goertzen.              IN      A

;; ANSWER SECTION:
test312.goertzen.       604800  IN      A       42.42.42.42

;; AUTHORITY SECTION:
goertzen.               604541  IN      NS      ns1.goertzen.

;; ADDITIONAL SECTION:
ns1.goertzen.           604541  IN      A       172.20.0.4

;; Query time: 51 msec
;; SERVER: 127.0.0.11#53(127.0.0.11)
;; WHEN: Wed Aug 03 17:08:45 UTC 2022
;; MSG SIZE  rcvd: 123

root@2a659f80b474:/#
