
root@2a659f80b474:/# dig test52.goertzen

; <<>> DiG 9.16.1-Ubuntu <<>> test52.goertzen
;; global options: +cmd
;; Got answer:
;; ->>HEADER<<- opcode: QUERY, status: NOERROR, id: 50135
;; flags: qr rd ra; QUERY: 1, ANSWER: 1, AUTHORITY: 1, ADDITIONAL: 2

;; OPT PSEUDOSECTION:
; EDNS: version: 0, flags:; udp: 65355
; COOKIE: a265794324a4ff910100000062eaaad7dbc081c5394caa01 (good)
;; QUESTION SECTION:
;test52.goertzen.               IN      A

;; ANSWER SECTION:
test52.goertzen.        604800  IN      A       42.42.42.42

;; AUTHORITY SECTION:
goertzen.               604739  IN      NS      ns1.goertzen.

;; ADDITIONAL SECTION:
ns1.goertzen.           604739  IN      A       172.20.0.4

;; Query time: 51 msec
;; SERVER: 127.0.0.11#53(127.0.0.11)
;; WHEN: Wed Aug 03 17:05:27 UTC 2022
;; MSG SIZE  rcvd: 122

root@2a659f80b474:/#
