
root@734210cd7ca9:/# dig test60.goertzen

; <<>> DiG 9.16.1-Ubuntu <<>> test60.goertzen
;; global options: +cmd
;; Got answer:
;; ->>HEADER<<- opcode: QUERY, status: NOERROR, id: 27365
;; flags: qr rd ra; QUERY: 1, ANSWER: 1, AUTHORITY: 1, ADDITIONAL: 2

;; OPT PSEUDOSECTION:
; EDNS: version: 0, flags:; udp: 65355
; COOKIE: 45fe508b951a633d0100000062e94f349499aacbc1ac444d (good)
;; QUESTION SECTION:
;test60.goertzen.               IN      A

;; ANSWER SECTION:
test60.goertzen.        604800  IN      A       42.42.42.42

;; AUTHORITY SECTION:
goertzen.               604719  IN      NS      ns1.goertzen.

;; ADDITIONAL SECTION:
ns1.goertzen.           604719  IN      A       172.20.0.4

;; Query time: 39 msec
;; SERVER: 127.0.0.11#53(127.0.0.11)
;; WHEN: Tue Aug 02 16:22:12 UTC 2022
;; MSG SIZE  rcvd: 122

root@734210cd7ca9:/#
