
root@734210cd7ca9:/# dig test354.goertzen

; <<>> DiG 9.16.1-Ubuntu <<>> test354.goertzen
;; global options: +cmd
;; Got answer:
;; ->>HEADER<<- opcode: QUERY, status: NOERROR, id: 22308
;; flags: qr rd ra; QUERY: 1, ANSWER: 1, AUTHORITY: 1, ADDITIONAL: 2

;; OPT PSEUDOSECTION:
; EDNS: version: 0, flags:; udp: 65355
; COOKIE: ca7dc5d044e79d960100000062e9505e1729a0374d37c4b3 (good)
;; QUESTION SECTION:
;test354.goertzen.              IN      A

;; ANSWER SECTION:
test354.goertzen.       604800  IN      A       42.42.42.42

;; AUTHORITY SECTION:
goertzen.               604421  IN      NS      ns1.goertzen.

;; ADDITIONAL SECTION:
ns1.goertzen.           604421  IN      A       172.20.0.4

;; Query time: 43 msec
;; SERVER: 127.0.0.11#53(127.0.0.11)
;; WHEN: Tue Aug 02 16:27:10 UTC 2022
;; MSG SIZE  rcvd: 123

root@734210cd7ca9:/#
