
root@2a659f80b474:/# dig test154.goertzen

; <<>> DiG 9.16.1-Ubuntu <<>> test154.goertzen
;; global options: +cmd
;; Got answer:
;; ->>HEADER<<- opcode: QUERY, status: NOERROR, id: 46559
;; flags: qr rd ra; QUERY: 1, ANSWER: 1, AUTHORITY: 1, ADDITIONAL: 2

;; OPT PSEUDOSECTION:
; EDNS: version: 0, flags:; udp: 65355
; COOKIE: f2a49581fddde7850100000062eaab256c308814e8a2d0bb (good)
;; QUESTION SECTION:
;test154.goertzen.              IN      A

;; ANSWER SECTION:
test154.goertzen.       604800  IN      A       42.42.42.42

;; AUTHORITY SECTION:
goertzen.               604661  IN      NS      ns1.goertzen.

;; ADDITIONAL SECTION:
ns1.goertzen.           604661  IN      A       172.20.0.4

;; Query time: 51 msec
;; SERVER: 127.0.0.11#53(127.0.0.11)
;; WHEN: Wed Aug 03 17:06:45 UTC 2022
;; MSG SIZE  rcvd: 123

root@2a659f80b474:/#
