
root@2a659f80b474:/# dig test931.goertzen

; <<>> DiG 9.16.1-Ubuntu <<>> test931.goertzen
;; global options: +cmd
;; Got answer:
;; ->>HEADER<<- opcode: QUERY, status: NOERROR, id: 65004
;; flags: qr rd ra; QUERY: 1, ANSWER: 1, AUTHORITY: 1, ADDITIONAL: 2

;; OPT PSEUDOSECTION:
; EDNS: version: 0, flags:; udp: 65355
; COOKIE: 5696695f193f8fca0100000062eaad75e0da6824bcce2475 (good)
;; QUESTION SECTION:
;test931.goertzen.              IN      A

;; ANSWER SECTION:
test931.goertzen.       604800  IN      A       42.42.42.42

;; AUTHORITY SECTION:
goertzen.               604069  IN      NS      ns1.goertzen.

;; ADDITIONAL SECTION:
ns1.goertzen.           604069  IN      A       172.20.0.4

;; Query time: 47 msec
;; SERVER: 127.0.0.11#53(127.0.0.11)
;; WHEN: Wed Aug 03 17:16:37 UTC 2022
;; MSG SIZE  rcvd: 123

root@2a659f80b474:/#
