
root@734210cd7ca9:/# dig test77.goertzen

; <<>> DiG 9.16.1-Ubuntu <<>> test77.goertzen
;; global options: +cmd
;; Got answer:
;; ->>HEADER<<- opcode: QUERY, status: NOERROR, id: 12493
;; flags: qr rd ra; QUERY: 1, ANSWER: 1, AUTHORITY: 1, ADDITIONAL: 2

;; OPT PSEUDOSECTION:
; EDNS: version: 0, flags:; udp: 65355
; COOKIE: 77a60d22e17206fe0100000062e94f4585c869a94f3aa71f (good)
;; QUESTION SECTION:
;test77.goertzen.               IN      A

;; ANSWER SECTION:
test77.goertzen.        604800  IN      A       42.42.42.42

;; AUTHORITY SECTION:
goertzen.               604702  IN      NS      ns1.goertzen.

;; ADDITIONAL SECTION:
ns1.goertzen.           604702  IN      A       172.20.0.4

;; Query time: 43 msec
;; SERVER: 127.0.0.11#53(127.0.0.11)
;; WHEN: Tue Aug 02 16:22:29 UTC 2022
;; MSG SIZE  rcvd: 122

root@734210cd7ca9:/#
