
root@2a659f80b474:/# dig test278.goertzen

; <<>> DiG 9.16.1-Ubuntu <<>> test278.goertzen
;; global options: +cmd
;; Got answer:
;; ->>HEADER<<- opcode: QUERY, status: NOERROR, id: 31083
;; flags: qr rd ra; QUERY: 1, ANSWER: 1, AUTHORITY: 1, ADDITIONAL: 2

;; OPT PSEUDOSECTION:
; EDNS: version: 0, flags:; udp: 65355
; COOKIE: 275bae24b9d6802a0100000062eaab8390c7588626a3160d (good)
;; QUESTION SECTION:
;test278.goertzen.              IN      A

;; ANSWER SECTION:
test278.goertzen.       604800  IN      A       42.42.42.42

;; AUTHORITY SECTION:
goertzen.               604567  IN      NS      ns1.goertzen.

;; ADDITIONAL SECTION:
ns1.goertzen.           604567  IN      A       172.20.0.4

;; Query time: 51 msec
;; SERVER: 127.0.0.11#53(127.0.0.11)
;; WHEN: Wed Aug 03 17:08:19 UTC 2022
;; MSG SIZE  rcvd: 123

root@2a659f80b474:/#
