
root@734210cd7ca9:/# dig test643.goertzen

; <<>> DiG 9.16.1-Ubuntu <<>> test643.goertzen
;; global options: +cmd
;; Got answer:
;; ->>HEADER<<- opcode: QUERY, status: NOERROR, id: 43141
;; flags: qr rd ra; QUERY: 1, ANSWER: 1, AUTHORITY: 1, ADDITIONAL: 2

;; OPT PSEUDOSECTION:
; EDNS: version: 0, flags:; udp: 65355
; COOKIE: c5f0dad4062e5eb30100000062e951821eccd6f0644818ca (good)
;; QUESTION SECTION:
;test643.goertzen.              IN      A

;; ANSWER SECTION:
test643.goertzen.       604800  IN      A       42.42.42.42

;; AUTHORITY SECTION:
goertzen.               604129  IN      NS      ns1.goertzen.

;; ADDITIONAL SECTION:
ns1.goertzen.           604129  IN      A       172.20.0.4

;; Query time: 39 msec
;; SERVER: 127.0.0.11#53(127.0.0.11)
;; WHEN: Tue Aug 02 16:32:02 UTC 2022
;; MSG SIZE  rcvd: 123

root@734210cd7ca9:/#
