
root@734210cd7ca9:/# dig test885.goertzen

; <<>> DiG 9.16.1-Ubuntu <<>> test885.goertzen
;; global options: +cmd
;; Got answer:
;; ->>HEADER<<- opcode: QUERY, status: NOERROR, id: 10293
;; flags: qr rd ra; QUERY: 1, ANSWER: 1, AUTHORITY: 1, ADDITIONAL: 2

;; OPT PSEUDOSECTION:
; EDNS: version: 0, flags:; udp: 65355
; COOKIE: 6444396810759f630100000062e95278c0ff18e0d79c5992 (good)
;; QUESTION SECTION:
;test885.goertzen.              IN      A

;; ANSWER SECTION:
test885.goertzen.       604800  IN      A       42.42.42.42

;; AUTHORITY SECTION:
goertzen.               603883  IN      NS      ns1.goertzen.

;; ADDITIONAL SECTION:
ns1.goertzen.           603883  IN      A       172.20.0.4

;; Query time: 43 msec
;; SERVER: 127.0.0.11#53(127.0.0.11)
;; WHEN: Tue Aug 02 16:36:08 UTC 2022
;; MSG SIZE  rcvd: 123

root@734210cd7ca9:/#
