
root@734210cd7ca9:/# dig test825.goertzen

; <<>> DiG 9.16.1-Ubuntu <<>> test825.goertzen
;; global options: +cmd
;; Got answer:
;; ->>HEADER<<- opcode: QUERY, status: NOERROR, id: 40387
;; flags: qr rd ra; QUERY: 1, ANSWER: 1, AUTHORITY: 1, ADDITIONAL: 2

;; OPT PSEUDOSECTION:
; EDNS: version: 0, flags:; udp: 65355
; COOKIE: be0c1bfec488fe2a0100000062e9523bcfa9bc9b3c9f9881 (good)
;; QUESTION SECTION:
;test825.goertzen.              IN      A

;; ANSWER SECTION:
test825.goertzen.       604800  IN      A       42.42.42.42

;; AUTHORITY SECTION:
goertzen.               603944  IN      NS      ns1.goertzen.

;; ADDITIONAL SECTION:
ns1.goertzen.           603944  IN      A       172.20.0.4

;; Query time: 43 msec
;; SERVER: 127.0.0.11#53(127.0.0.11)
;; WHEN: Tue Aug 02 16:35:07 UTC 2022
;; MSG SIZE  rcvd: 123

root@734210cd7ca9:/#
