
root@734210cd7ca9:/# dig test107.goertzen

; <<>> DiG 9.16.1-Ubuntu <<>> test107.goertzen
;; global options: +cmd
;; Got answer:
;; ->>HEADER<<- opcode: QUERY, status: NOERROR, id: 44420
;; flags: qr rd ra; QUERY: 1, ANSWER: 1, AUTHORITY: 1, ADDITIONAL: 2

;; OPT PSEUDOSECTION:
; EDNS: version: 0, flags:; udp: 65355
; COOKIE: 7168b206416a47fd0100000062e94f63301f71ea0c514dab (good)
;; QUESTION SECTION:
;test107.goertzen.              IN      A

;; ANSWER SECTION:
test107.goertzen.       604800  IN      A       42.42.42.42

;; AUTHORITY SECTION:
goertzen.               604672  IN      NS      ns1.goertzen.

;; ADDITIONAL SECTION:
ns1.goertzen.           604672  IN      A       172.20.0.4

;; Query time: 43 msec
;; SERVER: 127.0.0.11#53(127.0.0.11)
;; WHEN: Tue Aug 02 16:22:59 UTC 2022
;; MSG SIZE  rcvd: 123

root@734210cd7ca9:/#
