
root@734210cd7ca9:/# dig test579.goertzen

; <<>> DiG 9.16.1-Ubuntu <<>> test579.goertzen
;; global options: +cmd
;; Got answer:
;; ->>HEADER<<- opcode: QUERY, status: NOERROR, id: 6455
;; flags: qr rd ra; QUERY: 1, ANSWER: 1, AUTHORITY: 1, ADDITIONAL: 2

;; OPT PSEUDOSECTION:
; EDNS: version: 0, flags:; udp: 65355
; COOKIE: 7731897dc14858880100000062e951420e3cdae2ac61d90c (good)
;; QUESTION SECTION:
;test579.goertzen.              IN      A

;; ANSWER SECTION:
test579.goertzen.       604800  IN      A       42.42.42.42

;; AUTHORITY SECTION:
goertzen.               604193  IN      NS      ns1.goertzen.

;; ADDITIONAL SECTION:
ns1.goertzen.           604193  IN      A       172.20.0.4

;; Query time: 39 msec
;; SERVER: 127.0.0.11#53(127.0.0.11)
;; WHEN: Tue Aug 02 16:30:58 UTC 2022
;; MSG SIZE  rcvd: 123

root@734210cd7ca9:/#
