
root@2a659f80b474:/# dig test545.goertzen

; <<>> DiG 9.16.1-Ubuntu <<>> test545.goertzen
;; global options: +cmd
;; Got answer:
;; ->>HEADER<<- opcode: QUERY, status: NOERROR, id: 9664
;; flags: qr rd ra; QUERY: 1, ANSWER: 1, AUTHORITY: 1, ADDITIONAL: 2

;; OPT PSEUDOSECTION:
; EDNS: version: 0, flags:; udp: 65355
; COOKIE: 36753a89d6ac90550100000062eaac4fdc9930f8a9c87b63 (good)
;; QUESTION SECTION:
;test545.goertzen.              IN      A

;; ANSWER SECTION:
test545.goertzen.       604800  IN      A       42.42.42.42

;; AUTHORITY SECTION:
goertzen.               604363  IN      NS      ns1.goertzen.

;; ADDITIONAL SECTION:
ns1.goertzen.           604363  IN      A       172.20.0.4

;; Query time: 51 msec
;; SERVER: 127.0.0.11#53(127.0.0.11)
;; WHEN: Wed Aug 03 17:11:43 UTC 2022
;; MSG SIZE  rcvd: 123

root@2a659f80b474:/#
