
root@2a659f80b474:/# dig test921.goertzen

; <<>> DiG 9.16.1-Ubuntu <<>> test921.goertzen
;; global options: +cmd
;; Got answer:
;; ->>HEADER<<- opcode: QUERY, status: NOERROR, id: 14943
;; flags: qr rd ra; QUERY: 1, ANSWER: 1, AUTHORITY: 1, ADDITIONAL: 2

;; OPT PSEUDOSECTION:
; EDNS: version: 0, flags:; udp: 65355
; COOKIE: 4ad25af0b2e49ec20100000062eaad6e089e4bf8e596e1f7 (good)
;; QUESTION SECTION:
;test921.goertzen.              IN      A

;; ANSWER SECTION:
test921.goertzen.       604800  IN      A       42.42.42.42

;; AUTHORITY SECTION:
goertzen.               604076  IN      NS      ns1.goertzen.

;; ADDITIONAL SECTION:
ns1.goertzen.           604076  IN      A       172.20.0.4

;; Query time: 51 msec
;; SERVER: 127.0.0.11#53(127.0.0.11)
;; WHEN: Wed Aug 03 17:16:30 UTC 2022
;; MSG SIZE  rcvd: 123

root@2a659f80b474:/#
