
root@2a659f80b474:/# dig test754.goertzen

; <<>> DiG 9.16.1-Ubuntu <<>> test754.goertzen
;; global options: +cmd
;; Got answer:
;; ->>HEADER<<- opcode: QUERY, status: NOERROR, id: 22444
;; flags: qr rd ra; QUERY: 1, ANSWER: 1, AUTHORITY: 1, ADDITIONAL: 2

;; OPT PSEUDOSECTION:
; EDNS: version: 0, flags:; udp: 65355
; COOKIE: bb1fee28c04747e20100000062eaacee0a67a2464e3ccec7 (good)
;; QUESTION SECTION:
;test754.goertzen.              IN      A

;; ANSWER SECTION:
test754.goertzen.       604800  IN      A       42.42.42.42

;; AUTHORITY SECTION:
goertzen.               604204  IN      NS      ns1.goertzen.

;; ADDITIONAL SECTION:
ns1.goertzen.           604204  IN      A       172.20.0.4

;; Query time: 55 msec
;; SERVER: 127.0.0.11#53(127.0.0.11)
;; WHEN: Wed Aug 03 17:14:22 UTC 2022
;; MSG SIZE  rcvd: 123

root@2a659f80b474:/#
