
root@a750155550c8:/# dig test696.goertzen

; <<>> DiG 9.16.1-Ubuntu <<>> test696.goertzen
;; global options: +cmd
;; Got answer:
;; ->>HEADER<<- opcode: QUERY, status: NOERROR, id: 53435
;; flags: qr rd ra; QUERY: 1, ANSWER: 1, AUTHORITY: 1, ADDITIONAL: 2

;; OPT PSEUDOSECTION:
; EDNS: version: 0, flags:; udp: 65355
; COOKIE: 5cc526c9d04b5a020100000062e034a41a47b4ffc58c7cc0 (good)
;; QUESTION SECTION:
;test696.goertzen.              IN      A

;; ANSWER SECTION:
test696.goertzen.       604800  IN      A       42.42.42.42

;; AUTHORITY SECTION:
goertzen.               604075  IN      NS      ns1.goertzen.

;; ADDITIONAL SECTION:
ns1.goertzen.           604075  IN      A       172.20.0.4

;; Query time: 103 msec
;; SERVER: 127.0.0.11#53(127.0.0.11)
;; WHEN: Tue Jul 26 18:38:28 UTC 2022
;; MSG SIZE  rcvd: 123

root@a750155550c8:/#
