
root@a750155550c8:/# dig test806.goertzen

; <<>> DiG 9.16.1-Ubuntu <<>> test806.goertzen
;; global options: +cmd
;; Got answer:
;; ->>HEADER<<- opcode: QUERY, status: NOERROR, id: 51971
;; flags: qr rd ra; QUERY: 1, ANSWER: 1, AUTHORITY: 1, ADDITIONAL: 2

;; OPT PSEUDOSECTION:
; EDNS: version: 0, flags:; udp: 65355
; COOKIE: b0255a8dce614df10100000062e03513f94b9c7a7334fcac (good)
;; QUESTION SECTION:
;test806.goertzen.              IN      A

;; ANSWER SECTION:
test806.goertzen.       604800  IN      A       42.42.42.42

;; AUTHORITY SECTION:
goertzen.               603964  IN      NS      ns1.goertzen.

;; ADDITIONAL SECTION:
ns1.goertzen.           603964  IN      A       172.20.0.4

;; Query time: 103 msec
;; SERVER: 127.0.0.11#53(127.0.0.11)
;; WHEN: Tue Jul 26 18:40:19 UTC 2022
;; MSG SIZE  rcvd: 123

root@a750155550c8:/#
