
root@a750155550c8:/# dig test460.goertzen

; <<>> DiG 9.16.1-Ubuntu <<>> test460.goertzen
;; global options: +cmd
;; Got answer:
;; ->>HEADER<<- opcode: QUERY, status: NOERROR, id: 490
;; flags: qr rd ra; QUERY: 1, ANSWER: 1, AUTHORITY: 1, ADDITIONAL: 2

;; OPT PSEUDOSECTION:
; EDNS: version: 0, flags:; udp: 65355
; COOKIE: 26ebf92b3c6979050100000062e033b5478e9e9f7b6943f3 (good)
;; QUESTION SECTION:
;test460.goertzen.              IN      A

;; ANSWER SECTION:
test460.goertzen.       604800  IN      A       42.42.42.42

;; AUTHORITY SECTION:
goertzen.               604314  IN      NS      ns1.goertzen.

;; ADDITIONAL SECTION:
ns1.goertzen.           604314  IN      A       172.20.0.4

;; Query time: 103 msec
;; SERVER: 127.0.0.11#53(127.0.0.11)
;; WHEN: Tue Jul 26 18:34:29 UTC 2022
;; MSG SIZE  rcvd: 123

root@a750155550c8:/#
