
root@a750155550c8:/# dig test526.goertzen

; <<>> DiG 9.16.1-Ubuntu <<>> test526.goertzen
;; global options: +cmd
;; Got answer:
;; ->>HEADER<<- opcode: QUERY, status: NOERROR, id: 64407
;; flags: qr rd ra; QUERY: 1, ANSWER: 1, AUTHORITY: 1, ADDITIONAL: 2

;; OPT PSEUDOSECTION:
; EDNS: version: 0, flags:; udp: 65355
; COOKIE: 16a289d5af6777ea0100000062e033f863b3a25f6d75bc2c (good)
;; QUESTION SECTION:
;test526.goertzen.              IN      A

;; ANSWER SECTION:
test526.goertzen.       604800  IN      A       42.42.42.42

;; AUTHORITY SECTION:
goertzen.               604247  IN      NS      ns1.goertzen.

;; ADDITIONAL SECTION:
ns1.goertzen.           604247  IN      A       172.20.0.4

;; Query time: 103 msec
;; SERVER: 127.0.0.11#53(127.0.0.11)
;; WHEN: Tue Jul 26 18:35:36 UTC 2022
;; MSG SIZE  rcvd: 123

root@a750155550c8:/#
