
root@a750155550c8:/# dig test82.goertzen

; <<>> DiG 9.16.1-Ubuntu <<>> test82.goertzen
;; global options: +cmd
;; Got answer:
;; ->>HEADER<<- opcode: QUERY, status: NOERROR, id: 21734
;; flags: qr rd ra; QUERY: 1, ANSWER: 1, AUTHORITY: 1, ADDITIONAL: 2

;; OPT PSEUDOSECTION:
; EDNS: version: 0, flags:; udp: 65355
; COOKIE: e43c9c6101d300690100000062e032364ba8b30508473399 (good)
;; QUESTION SECTION:
;test82.goertzen.               IN      A

;; ANSWER SECTION:
test82.goertzen.        604800  IN      A       42.42.42.42

;; AUTHORITY SECTION:
goertzen.               604697  IN      NS      ns1.goertzen.

;; ADDITIONAL SECTION:
ns1.goertzen.           604697  IN      A       172.20.0.4

;; Query time: 103 msec
;; SERVER: 127.0.0.11#53(127.0.0.11)
;; WHEN: Tue Jul 26 18:28:06 UTC 2022
;; MSG SIZE  rcvd: 122

root@a750155550c8:/#
