
root@a750155550c8:/# dig test818.goertzen

; <<>> DiG 9.16.1-Ubuntu <<>> test818.goertzen
;; global options: +cmd
;; Got answer:
;; ->>HEADER<<- opcode: QUERY, status: NOERROR, id: 62852
;; flags: qr rd ra; QUERY: 1, ANSWER: 1, AUTHORITY: 1, ADDITIONAL: 2

;; OPT PSEUDOSECTION:
; EDNS: version: 0, flags:; udp: 65355
; COOKIE: 6ceb44aa21ea9e610100000062e0351ff8dc7f4853697185 (good)
;; QUESTION SECTION:
;test818.goertzen.              IN      A

;; ANSWER SECTION:
test818.goertzen.       604800  IN      A       42.42.42.42

;; AUTHORITY SECTION:
goertzen.               603952  IN      NS      ns1.goertzen.

;; ADDITIONAL SECTION:
ns1.goertzen.           603952  IN      A       172.20.0.4

;; Query time: 103 msec
;; SERVER: 127.0.0.11#53(127.0.0.11)
;; WHEN: Tue Jul 26 18:40:31 UTC 2022
;; MSG SIZE  rcvd: 123

root@a750155550c8:/#
