
root@a750155550c8:/# dig test456.goertzen

; <<>> DiG 9.16.1-Ubuntu <<>> test456.goertzen
;; global options: +cmd
;; Got answer:
;; ->>HEADER<<- opcode: QUERY, status: NOERROR, id: 49948
;; flags: qr rd ra; QUERY: 1, ANSWER: 1, AUTHORITY: 1, ADDITIONAL: 2

;; OPT PSEUDOSECTION:
; EDNS: version: 0, flags:; udp: 65355
; COOKIE: 7c20b1445ed923930100000062e033b1ad17cedf05421e59 (good)
;; QUESTION SECTION:
;test456.goertzen.              IN      A

;; ANSWER SECTION:
test456.goertzen.       604800  IN      A       42.42.42.42

;; AUTHORITY SECTION:
goertzen.               604318  IN      NS      ns1.goertzen.

;; ADDITIONAL SECTION:
ns1.goertzen.           604318  IN      A       172.20.0.4

;; Query time: 99 msec
;; SERVER: 127.0.0.11#53(127.0.0.11)
;; WHEN: Tue Jul 26 18:34:25 UTC 2022
;; MSG SIZE  rcvd: 123

root@a750155550c8:/#
