
root@e718347a990e:/# dig test655.goertzen

; <<>> DiG 9.16.1-Ubuntu <<>> test655.goertzen
;; global options: +cmd
;; Got answer:
;; ->>HEADER<<- opcode: QUERY, status: NOERROR, id: 18882
;; flags: qr rd ra; QUERY: 1, ANSWER: 1, AUTHORITY: 1, ADDITIONAL: 2

;; OPT PSEUDOSECTION:
; EDNS: version: 0, flags:; udp: 65355
; COOKIE: df4624eb4d3b72380100000062dc274545535d32692430a5 (good)
;; QUESTION SECTION:
;test655.goertzen.              IN      A

;; ANSWER SECTION:
test655.goertzen.       604800  IN      A       42.42.42.42

;; AUTHORITY SECTION:
goertzen.               604455  IN      NS      ns1.goertzen.

;; ADDITIONAL SECTION:
ns1.goertzen.           604455  IN      A       172.20.0.4

;; Query time: 12 msec
;; SERVER: 127.0.0.11#53(127.0.0.11)
;; WHEN: Sat Jul 23 16:52:21 UTC 2022
;; MSG SIZE  rcvd: 123

root@e718347a990e:/#
