
root@e718347a990e:/# dig test383.goertzen

; <<>> DiG 9.16.1-Ubuntu <<>> test383.goertzen
;; global options: +cmd
;; Got answer:
;; ->>HEADER<<- opcode: QUERY, status: NOERROR, id: 44354
;; flags: qr rd ra; QUERY: 1, ANSWER: 1, AUTHORITY: 1, ADDITIONAL: 2

;; OPT PSEUDOSECTION:
; EDNS: version: 0, flags:; udp: 65355
; COOKIE: 0f2b84e26b80a4910100000062dc26b9897094b5e8c1590e (good)
;; QUESTION SECTION:
;test383.goertzen.              IN      A

;; ANSWER SECTION:
test383.goertzen.       604800  IN      A       42.42.42.42

;; AUTHORITY SECTION:
goertzen.               604595  IN      NS      ns1.goertzen.

;; ADDITIONAL SECTION:
ns1.goertzen.           604595  IN      A       172.20.0.4

;; Query time: 28 msec
;; SERVER: 127.0.0.11#53(127.0.0.11)
;; WHEN: Sat Jul 23 16:50:01 UTC 2022
;; MSG SIZE  rcvd: 123

root@e718347a990e:/#
