
root@e718347a990e:/# dig test823.goertzen

; <<>> DiG 9.16.1-Ubuntu <<>> test823.goertzen
;; global options: +cmd
;; Got answer:
;; ->>HEADER<<- opcode: QUERY, status: NOERROR, id: 27108
;; flags: qr rd ra; QUERY: 1, ANSWER: 1, AUTHORITY: 1, ADDITIONAL: 2

;; OPT PSEUDOSECTION:
; EDNS: version: 0, flags:; udp: 65355
; COOKIE: 7880a75df47de2a00100000062dc279bdb5ea45c3d07ba34 (good)
;; QUESTION SECTION:
;test823.goertzen.              IN      A

;; ANSWER SECTION:
test823.goertzen.       604800  IN      A       42.42.42.42

;; AUTHORITY SECTION:
goertzen.               604369  IN      NS      ns1.goertzen.

;; ADDITIONAL SECTION:
ns1.goertzen.           604369  IN      A       172.20.0.4

;; Query time: 12 msec
;; SERVER: 127.0.0.11#53(127.0.0.11)
;; WHEN: Sat Jul 23 16:53:47 UTC 2022
;; MSG SIZE  rcvd: 123

root@e718347a990e:/#
