
root@e718347a990e:/# dig test804.goertzen

; <<>> DiG 9.16.1-Ubuntu <<>> test804.goertzen
;; global options: +cmd
;; Got answer:
;; ->>HEADER<<- opcode: QUERY, status: NOERROR, id: 21804
;; flags: qr rd ra; QUERY: 1, ANSWER: 1, AUTHORITY: 1, ADDITIONAL: 2

;; OPT PSEUDOSECTION:
; EDNS: version: 0, flags:; udp: 65355
; COOKIE: 789b5517311c6fb00100000062dc2791bca71621beed6b85 (good)
;; QUESTION SECTION:
;test804.goertzen.              IN      A

;; ANSWER SECTION:
test804.goertzen.       604800  IN      A       42.42.42.42

;; AUTHORITY SECTION:
goertzen.               604379  IN      NS      ns1.goertzen.

;; ADDITIONAL SECTION:
ns1.goertzen.           604379  IN      A       172.20.0.4

;; Query time: 12 msec
;; SERVER: 127.0.0.11#53(127.0.0.11)
;; WHEN: Sat Jul 23 16:53:37 UTC 2022
;; MSG SIZE  rcvd: 123

root@e718347a990e:/#
