
root@e718347a990e:/# dig test628.goertzen

; <<>> DiG 9.16.1-Ubuntu <<>> test628.goertzen
;; global options: +cmd
;; Got answer:
;; ->>HEADER<<- opcode: QUERY, status: NOERROR, id: 23940
;; flags: qr rd ra; QUERY: 1, ANSWER: 1, AUTHORITY: 1, ADDITIONAL: 2

;; OPT PSEUDOSECTION:
; EDNS: version: 0, flags:; udp: 65355
; COOKIE: cb1cf6c6bbc6d6540100000062dc273748c2256d4213dafb (good)
;; QUESTION SECTION:
;test628.goertzen.              IN      A

;; ANSWER SECTION:
test628.goertzen.       604800  IN      A       42.42.42.42

;; AUTHORITY SECTION:
goertzen.               604469  IN      NS      ns1.goertzen.

;; ADDITIONAL SECTION:
ns1.goertzen.           604469  IN      A       172.20.0.4

;; Query time: 12 msec
;; SERVER: 127.0.0.11#53(127.0.0.11)
;; WHEN: Sat Jul 23 16:52:07 UTC 2022
;; MSG SIZE  rcvd: 123

root@e718347a990e:/#
