
root@e718347a990e:/# dig test647.goertzen

; <<>> DiG 9.16.1-Ubuntu <<>> test647.goertzen
;; global options: +cmd
;; Got answer:
;; ->>HEADER<<- opcode: QUERY, status: NOERROR, id: 2346
;; flags: qr rd ra; QUERY: 1, ANSWER: 1, AUTHORITY: 1, ADDITIONAL: 2

;; OPT PSEUDOSECTION:
; EDNS: version: 0, flags:; udp: 65355
; COOKIE: 300f5ab2e8d1425c0100000062dc27412e361027459c3fdd (good)
;; QUESTION SECTION:
;test647.goertzen.              IN      A

;; ANSWER SECTION:
test647.goertzen.       604800  IN      A       42.42.42.42

;; AUTHORITY SECTION:
goertzen.               604459  IN      NS      ns1.goertzen.

;; ADDITIONAL SECTION:
ns1.goertzen.           604459  IN      A       172.20.0.4

;; Query time: 12 msec
;; SERVER: 127.0.0.11#53(127.0.0.11)
;; WHEN: Sat Jul 23 16:52:17 UTC 2022
;; MSG SIZE  rcvd: 123

root@e718347a990e:/#
