
root@e718347a990e:/# dig test399.goertzen

; <<>> DiG 9.16.1-Ubuntu <<>> test399.goertzen
;; global options: +cmd
;; Got answer:
;; ->>HEADER<<- opcode: QUERY, status: NOERROR, id: 41539
;; flags: qr rd ra; QUERY: 1, ANSWER: 1, AUTHORITY: 1, ADDITIONAL: 2

;; OPT PSEUDOSECTION:
; EDNS: version: 0, flags:; udp: 65355
; COOKIE: dc14651d45f6dbf10100000062dc26c2ff57549da7f88d3a (good)
;; QUESTION SECTION:
;test399.goertzen.              IN      A

;; ANSWER SECTION:
test399.goertzen.       604800  IN      A       42.42.42.42

;; AUTHORITY SECTION:
goertzen.               604586  IN      NS      ns1.goertzen.

;; ADDITIONAL SECTION:
ns1.goertzen.           604586  IN      A       172.20.0.4

;; Query time: 12 msec
;; SERVER: 127.0.0.11#53(127.0.0.11)
;; WHEN: Sat Jul 23 16:50:10 UTC 2022
;; MSG SIZE  rcvd: 123

root@e718347a990e:/#
