
root@e718347a990e:/# dig test13.goertzen

; <<>> DiG 9.16.1-Ubuntu <<>> test13.goertzen
;; global options: +cmd
;; Got answer:
;; ->>HEADER<<- opcode: QUERY, status: NOERROR, id: 36567
;; flags: qr rd ra; QUERY: 1, ANSWER: 1, AUTHORITY: 1, ADDITIONAL: 2

;; OPT PSEUDOSECTION:
; EDNS: version: 0, flags:; udp: 65355
; COOKIE: 1f3aacc2fd6340b50100000062dc25fc14ca8e2aba736bcc (good)
;; QUESTION SECTION:
;test13.goertzen.               IN      A

;; ANSWER SECTION:
test13.goertzen.        604800  IN      A       42.42.42.42

;; AUTHORITY SECTION:
goertzen.               604784  IN      NS      ns1.goertzen.

;; ADDITIONAL SECTION:
ns1.goertzen.           604784  IN      A       172.20.0.4

;; Query time: 12 msec
;; SERVER: 127.0.0.11#53(127.0.0.11)
;; WHEN: Sat Jul 23 16:46:52 UTC 2022
;; MSG SIZE  rcvd: 122

root@e718347a990e:/#
