
root@e718347a990e:/# dig test544.goertzen

; <<>> DiG 9.16.1-Ubuntu <<>> test544.goertzen
;; global options: +cmd
;; Got answer:
;; ->>HEADER<<- opcode: QUERY, status: NOERROR, id: 61835
;; flags: qr rd ra; QUERY: 1, ANSWER: 1, AUTHORITY: 1, ADDITIONAL: 2

;; OPT PSEUDOSECTION:
; EDNS: version: 0, flags:; udp: 65355
; COOKIE: 33a266745f09eeb50100000062dc270cc41f01d40954af24 (good)
;; QUESTION SECTION:
;test544.goertzen.              IN      A

;; ANSWER SECTION:
test544.goertzen.       604800  IN      A       42.42.42.42

;; AUTHORITY SECTION:
goertzen.               604512  IN      NS      ns1.goertzen.

;; ADDITIONAL SECTION:
ns1.goertzen.           604512  IN      A       172.20.0.4

;; Query time: 12 msec
;; SERVER: 127.0.0.11#53(127.0.0.11)
;; WHEN: Sat Jul 23 16:51:24 UTC 2022
;; MSG SIZE  rcvd: 123

root@e718347a990e:/#
