
root@e718347a990e:/# dig test476.goertzen

; <<>> DiG 9.16.1-Ubuntu <<>> test476.goertzen
;; global options: +cmd
;; Got answer:
;; ->>HEADER<<- opcode: QUERY, status: NOERROR, id: 22678
;; flags: qr rd ra; QUERY: 1, ANSWER: 1, AUTHORITY: 1, ADDITIONAL: 2

;; OPT PSEUDOSECTION:
; EDNS: version: 0, flags:; udp: 65355
; COOKIE: 95b2734d5df18ef80100000062dc26e9add2a73f0095ea96 (good)
;; QUESTION SECTION:
;test476.goertzen.              IN      A

;; ANSWER SECTION:
test476.goertzen.       604800  IN      A       42.42.42.42

;; AUTHORITY SECTION:
goertzen.               604547  IN      NS      ns1.goertzen.

;; ADDITIONAL SECTION:
ns1.goertzen.           604547  IN      A       172.20.0.4

;; Query time: 12 msec
;; SERVER: 127.0.0.11#53(127.0.0.11)
;; WHEN: Sat Jul 23 16:50:49 UTC 2022
;; MSG SIZE  rcvd: 123

root@e718347a990e:/#
