
root@e718347a990e:/# dig test471.goertzen

; <<>> DiG 9.16.1-Ubuntu <<>> test471.goertzen
;; global options: +cmd
;; Got answer:
;; ->>HEADER<<- opcode: QUERY, status: NOERROR, id: 59697
;; flags: qr rd ra; QUERY: 1, ANSWER: 1, AUTHORITY: 1, ADDITIONAL: 2

;; OPT PSEUDOSECTION:
; EDNS: version: 0, flags:; udp: 65355
; COOKIE: aab5f4af70adb7690100000062dc26e6f92a2fa3eb12c5f1 (good)
;; QUESTION SECTION:
;test471.goertzen.              IN      A

;; ANSWER SECTION:
test471.goertzen.       604800  IN      A       42.42.42.42

;; AUTHORITY SECTION:
goertzen.               604550  IN      NS      ns1.goertzen.

;; ADDITIONAL SECTION:
ns1.goertzen.           604550  IN      A       172.20.0.4

;; Query time: 12 msec
;; SERVER: 127.0.0.11#53(127.0.0.11)
;; WHEN: Sat Jul 23 16:50:46 UTC 2022
;; MSG SIZE  rcvd: 123

root@e718347a990e:/#
