
root@e718347a990e:/# dig test419.goertzen

; <<>> DiG 9.16.1-Ubuntu <<>> test419.goertzen
;; global options: +cmd
;; Got answer:
;; ->>HEADER<<- opcode: QUERY, status: NOERROR, id: 13748
;; flags: qr rd ra; QUERY: 1, ANSWER: 1, AUTHORITY: 1, ADDITIONAL: 2

;; OPT PSEUDOSECTION:
; EDNS: version: 0, flags:; udp: 65355
; COOKIE: 8e97f3a1998dede10100000062dc26cc75b14b2640df40a8 (good)
;; QUESTION SECTION:
;test419.goertzen.              IN      A

;; ANSWER SECTION:
test419.goertzen.       604800  IN      A       42.42.42.42

;; AUTHORITY SECTION:
goertzen.               604576  IN      NS      ns1.goertzen.

;; ADDITIONAL SECTION:
ns1.goertzen.           604576  IN      A       172.20.0.4

;; Query time: 8 msec
;; SERVER: 127.0.0.11#53(127.0.0.11)
;; WHEN: Sat Jul 23 16:50:20 UTC 2022
;; MSG SIZE  rcvd: 123

root@e718347a990e:/#
