
root@e718347a990e:/# dig test828.goertzen

; <<>> DiG 9.16.1-Ubuntu <<>> test828.goertzen
;; global options: +cmd
;; Got answer:
;; ->>HEADER<<- opcode: QUERY, status: NOERROR, id: 13098
;; flags: qr rd ra; QUERY: 1, ANSWER: 1, AUTHORITY: 1, ADDITIONAL: 2

;; OPT PSEUDOSECTION:
; EDNS: version: 0, flags:; udp: 65355
; COOKIE: 5c01f7c19de9ca5c0100000062dc279d933b73675e3dfd17 (good)
;; QUESTION SECTION:
;test828.goertzen.              IN      A

;; ANSWER SECTION:
test828.goertzen.       604800  IN      A       42.42.42.42

;; AUTHORITY SECTION:
goertzen.               604367  IN      NS      ns1.goertzen.

;; ADDITIONAL SECTION:
ns1.goertzen.           604367  IN      A       172.20.0.4

;; Query time: 16 msec
;; SERVER: 127.0.0.11#53(127.0.0.11)
;; WHEN: Sat Jul 23 16:53:49 UTC 2022
;; MSG SIZE  rcvd: 123

root@e718347a990e:/#
