
root@e718347a990e:/# dig test703.goertzen

; <<>> DiG 9.16.1-Ubuntu <<>> test703.goertzen
;; global options: +cmd
;; Got answer:
;; ->>HEADER<<- opcode: QUERY, status: NOERROR, id: 28516
;; flags: qr rd ra; QUERY: 1, ANSWER: 1, AUTHORITY: 1, ADDITIONAL: 2

;; OPT PSEUDOSECTION:
; EDNS: version: 0, flags:; udp: 65355
; COOKIE: 84f0a844096feb060100000062dc275d040bcc820a6b6b1c (good)
;; QUESTION SECTION:
;test703.goertzen.              IN      A

;; ANSWER SECTION:
test703.goertzen.       604800  IN      A       42.42.42.42

;; AUTHORITY SECTION:
goertzen.               604431  IN      NS      ns1.goertzen.

;; ADDITIONAL SECTION:
ns1.goertzen.           604431  IN      A       172.20.0.4

;; Query time: 12 msec
;; SERVER: 127.0.0.11#53(127.0.0.11)
;; WHEN: Sat Jul 23 16:52:45 UTC 2022
;; MSG SIZE  rcvd: 123

root@e718347a990e:/#
