
root@e718347a990e:/# dig test136.goertzen

; <<>> DiG 9.16.1-Ubuntu <<>> test136.goertzen
;; global options: +cmd
;; Got answer:
;; ->>HEADER<<- opcode: QUERY, status: NOERROR, id: 28209
;; flags: qr rd ra; QUERY: 1, ANSWER: 1, AUTHORITY: 1, ADDITIONAL: 2

;; OPT PSEUDOSECTION:
; EDNS: version: 0, flags:; udp: 65355
; COOKIE: 6e1b41a8efd3ee0a0100000062dc263b7e92a029b92c5bc1 (good)
;; QUESTION SECTION:
;test136.goertzen.              IN      A

;; ANSWER SECTION:
test136.goertzen.       604800  IN      A       42.42.42.42

;; AUTHORITY SECTION:
goertzen.               604721  IN      NS      ns1.goertzen.

;; ADDITIONAL SECTION:
ns1.goertzen.           604721  IN      A       172.20.0.4

;; Query time: 12 msec
;; SERVER: 127.0.0.11#53(127.0.0.11)
;; WHEN: Sat Jul 23 16:47:55 UTC 2022
;; MSG SIZE  rcvd: 123

root@e718347a990e:/#
