
root@5aa7a41b0bec:/# dig test323.goertzen

; <<>> DiG 9.16.1-Ubuntu <<>> test323.goertzen
;; global options: +cmd
;; Got answer:
;; ->>HEADER<<- opcode: QUERY, status: NOERROR, id: 14468
;; flags: qr rd ra; QUERY: 1, ANSWER: 1, AUTHORITY: 1, ADDITION
AL: 2

;; OPT PSEUDOSECTION:
; EDNS: version: 0, flags:; udp: 65355
; COOKIE: 1f460588264413e70100000062e9713ba74b0884cbfaf4eb (goo
d)
;; QUESTION SECTION:
;test323.goertzen.              IN      A

;; ANSWER SECTION:
test323.goertzen.       604800  IN      A       42.42.42.42

;; AUTHORITY SECTION:
goertzen.               604487  IN      NS      ns1.goertzen.

;; ADDITIONAL SECTION:
ns1.goertzen.           604487  IN      A       172.20.0.4

;; Query time: 95 msec
;; SERVER: 127.0.0.11#53(127.0.0.11)
;; WHEN: Tue Aug 02 18:47:23 UTC 2022
;; MSG SIZE  rcvd: 123

root@5aa7a41b0bec:/#
