
root@9bd528386a1f:/# dig test598.goertzen

; <<>> DiG 9.16.1-Ubuntu <<>> test598.goertzen
;; global options: +cmd
;; Got answer:
;; ->>HEADER<<- opcode: QUERY, status: NOERROR, id: 41422
;; flags: qr rd ra; QUERY: 1, ANSWER: 1, AUTHORITY: 1, ADDITIONAL: 2

;; OPT PSEUDOSECTION:
; EDNS: version: 0, flags:; udp: 65355
; COOKIE: 7888080ec09348b70100000062eadb79a10d2c59ed538f33 (good)
;; QUESTION SECTION:
;test598.goertzen.              IN      A

;; ANSWER SECTION:
test598.goertzen.       604800  IN      A       42.42.42.42

;; AUTHORITY SECTION:
goertzen.               604703  IN      NS      ns1.goertzen.

;; ADDITIONAL SECTION:
ns1.goertzen.           604703  IN      A       172.20.0.4

;; Query time: 135 msec
;; SERVER: 127.0.0.11#53(127.0.0.11)
;; WHEN: Wed Aug 03 20:32:57 UTC 2022
;; MSG SIZE  rcvd: 123

root@9bd528386a1f:/#

