
root@5aa7a41b0bec:/# dig test67.goertzen

; <<>> DiG 9.16.1-Ubuntu <<>> test67.goertzen
;; global options: +cmd
;; Got answer:
;; ->>HEADER<<- opcode: QUERY, status: NOERROR, id: 61826
;; flags: qr rd ra; QUERY: 1, ANSWER: 1, AUTHORITY: 1, ADDITION
AL: 2

;; OPT PSEUDOSECTION:
; EDNS: version: 0, flags:; udp: 65355
; COOKIE: b969dbcfeea618fb0100000062e970370d0af9b1415487ce (goo
d)
;; QUESTION SECTION:
;test67.goertzen.               IN      A

;; ANSWER SECTION:
test67.goertzen.        604800  IN      A       42.42.42.42

;; AUTHORITY SECTION:
goertzen.               604747  IN      NS      ns1.goertzen.

;; ADDITIONAL SECTION:
ns1.goertzen.           604747  IN      A       172.20.0.4

;; Query time: 115 msec
;; SERVER: 127.0.0.11#53(127.0.0.11)
;; WHEN: Tue Aug 02 18:43:03 UTC 2022
;; MSG SIZE  rcvd: 122

root@5aa7a41b0bec:/#
