
root@5aa7a41b0bec:/# dig test392.goertzen

; <<>> DiG 9.16.1-Ubuntu <<>> test392.goertzen
;; global options: +cmd
;; Got answer:
;; ->>HEADER<<- opcode: QUERY, status: NOERROR, id: 61504
;; flags: qr rd ra; QUERY: 1, ANSWER: 1, AUTHORITY: 1, ADDITION
AL: 2

;; OPT PSEUDOSECTION:
; EDNS: version: 0, flags:; udp: 65355
; COOKIE: 61d3a0ab9a44af2b0100000062e97180475cbea167754fd8 (goo
d)
;; QUESTION SECTION:
;test392.goertzen.              IN      A

;; ANSWER SECTION:
test392.goertzen.       604800  IN      A       42.42.42.42

;; AUTHORITY SECTION:
goertzen.               604418  IN      NS      ns1.goertzen.

;; ADDITIONAL SECTION:
ns1.goertzen.           604418  IN      A       172.20.0.4

;; Query time: 91 msec
;; SERVER: 127.0.0.11#53(127.0.0.11)
;; WHEN: Tue Aug 02 18:48:32 UTC 2022
;; MSG SIZE  rcvd: 123

root@5aa7a41b0bec:/#
