
root@9bd528386a1f:/# dig test672.goertzen

; <<>> DiG 9.16.1-Ubuntu <<>> test672.goertzen
;; global options: +cmd
;; Got answer:
;; ->>HEADER<<- opcode: QUERY, status: NOERROR, id: 26866
;; flags: qr rd ra; QUERY: 1, ANSWER: 1, AUTHORITY: 1, ADDITIONAL: 2

;; OPT PSEUDOSECTION:
; EDNS: version: 0, flags:; udp: 65355
; COOKIE: e56e7915abd761870100000062eadbb236bc89e269df21db (good)
;; QUESTION SECTION:
;test672.goertzen.              IN      A

;; ANSWER SECTION:
test672.goertzen.       604800  IN      A       42.42.42.42

;; AUTHORITY SECTION:
goertzen.               604646  IN      NS      ns1.goertzen.

;; ADDITIONAL SECTION:
ns1.goertzen.           604646  IN      A       172.20.0.4

;; Query time: 115 msec
;; SERVER: 127.0.0.11#53(127.0.0.11)
;; WHEN: Wed Aug 03 20:33:54 UTC 2022
;; MSG SIZE  rcvd: 123

root@9bd528386a1f:/#

