
root@5aa7a41b0bec:/# dig test333.goertzen

; <<>> DiG 9.16.1-Ubuntu <<>> test333.goertzen
;; global options: +cmd
;; Got answer:
;; ->>HEADER<<- opcode: QUERY, status: NOERROR, id: 27404
;; flags: qr rd ra; QUERY: 1, ANSWER: 1, AUTHORITY: 1, ADDITION
AL: 2

;; OPT PSEUDOSECTION:
; EDNS: version: 0, flags:; udp: 65355
; COOKIE: 005e083d94412bad0100000062e971456689b43b97fd8a8f (goo
d)
;; QUESTION SECTION:
;test333.goertzen.              IN      A

;; ANSWER SECTION:
test333.goertzen.       604800  IN      A       42.42.42.42

;; AUTHORITY SECTION:
goertzen.               604477  IN      NS      ns1.goertzen.

;; ADDITIONAL SECTION:
ns1.goertzen.           604477  IN      A       172.20.0.4

;; Query time: 107 msec
;; SERVER: 127.0.0.11#53(127.0.0.11)
;; WHEN: Tue Aug 02 18:47:33 UTC 2022
;; MSG SIZE  rcvd: 123

root@5aa7a41b0bec:/#
