
root@9bd528386a1f:/# dig test512.goertzen

; <<>> DiG 9.16.1-Ubuntu <<>> test512.goertzen
;; global options: +cmd
;; Got answer:
;; ->>HEADER<<- opcode: QUERY, status: NOERROR, id: 56772
;; flags: qr rd ra; QUERY: 1, ANSWER: 1, AUTHORITY: 1, ADDITIONAL: 2

;; OPT PSEUDOSECTION:
; EDNS: version: 0, flags:; udp: 65355
; COOKIE: deb925629ca1544b0100000062eadb375099d1654137b600 (good)
;; QUESTION SECTION:
;test512.goertzen.              IN      A

;; ANSWER SECTION:
test512.goertzen.       604800  IN      A       42.42.42.42

;; AUTHORITY SECTION:
goertzen.               604769  IN      NS      ns1.goertzen.

;; ADDITIONAL SECTION:
ns1.goertzen.           604769  IN      A       172.20.0.4

;; Query time: 107 msec
;; SERVER: 127.0.0.11#53(127.0.0.11)
;; WHEN: Wed Aug 03 20:31:51 UTC 2022
;; MSG SIZE  rcvd: 123

root@9bd528386a1f:/#

