
root@9bd528386a1f:/# dig test544.goertzen

; <<>> DiG 9.16.1-Ubuntu <<>> test544.goertzen
;; global options: +cmd
;; Got answer:
;; ->>HEADER<<- opcode: QUERY, status: NOERROR, id: 61654
;; flags: qr rd ra; QUERY: 1, ANSWER: 1, AUTHORITY: 1, ADDITIONAL: 2

;; OPT PSEUDOSECTION:
; EDNS: version: 0, flags:; udp: 65355
; COOKIE: 77b0a0aae36903b60100000062eadb5045053f86c9a90cb7 (good)
;; QUESTION SECTION:
;test544.goertzen.              IN      A

;; ANSWER SECTION:
test544.goertzen.       604800  IN      A       42.42.42.42

;; AUTHORITY SECTION:
goertzen.               604744  IN      NS      ns1.goertzen.

;; ADDITIONAL SECTION:
ns1.goertzen.           604744  IN      A       172.20.0.4

;; Query time: 103 msec
;; SERVER: 127.0.0.11#53(127.0.0.11)
;; WHEN: Wed Aug 03 20:32:16 UTC 2022
;; MSG SIZE  rcvd: 123

root@9bd528386a1f:/#

