
root@5aa7a41b0bec:/# dig test637.goertzen

; <<>> DiG 9.16.1-Ubuntu <<>> test637.goertzen
;; global options: +cmd
;; Got answer:
;; ->>HEADER<<- opcode: QUERY, status: NOERROR, id: 3889
;; flags: qr rd ra; QUERY: 1, ANSWER: 1, AUTHORITY: 1, ADDITION
AL: 2

;; OPT PSEUDOSECTION:
; EDNS: version: 0, flags:; udp: 65355
; COOKIE: b3e88d517bb32b1c0100000062e97279b80ba7167fe00137 (goo
d)
;; QUESTION SECTION:
;test637.goertzen.              IN      A

;; ANSWER SECTION:
test637.goertzen.       604800  IN      A       42.42.42.42

;; AUTHORITY SECTION:
goertzen.               604169  IN      NS      ns1.goertzen.

;; ADDITIONAL SECTION:
ns1.goertzen.           604169  IN      A       172.20.0.4

;; Query time: 111 msec
;; SERVER: 127.0.0.11#53(127.0.0.11)
;; WHEN: Tue Aug 02 18:52:41 UTC 2022
;; MSG SIZE  rcvd: 123

root@5aa7a41b0bec:/#
