
root@9bd528386a1f:/# dig test738.goertzen

; <<>> DiG 9.16.1-Ubuntu <<>> test738.goertzen
;; global options: +cmd
;; Got answer:
;; ->>HEADER<<- opcode: QUERY, status: NOERROR, id: 63452
;; flags: qr rd ra; QUERY: 1, ANSWER: 1, AUTHORITY: 1, ADDITIONAL: 2

;; OPT PSEUDOSECTION:
; EDNS: version: 0, flags:; udp: 65355
; COOKIE: 57987d02e18073940100000062eadbe4ee2ae9173cffa478 (good)
;; QUESTION SECTION:
;test738.goertzen.              IN      A

;; ANSWER SECTION:
test738.goertzen.       604800  IN      A       42.42.42.42

;; AUTHORITY SECTION:
goertzen.               604596  IN      NS      ns1.goertzen.

;; ADDITIONAL SECTION:
ns1.goertzen.           604596  IN      A       172.20.0.4

;; Query time: 111 msec
;; SERVER: 127.0.0.11#53(127.0.0.11)
;; WHEN: Wed Aug 03 20:34:44 UTC 2022
;; MSG SIZE  rcvd: 123

root@9bd528386a1f:/#

