
root@5aa7a41b0bec:/# dig test259.goertzen

; <<>> DiG 9.16.1-Ubuntu <<>> test259.goertzen
;; global options: +cmd
;; Got answer:
;; ->>HEADER<<- opcode: QUERY, status: NOERROR, id: 4952
;; flags: qr rd ra; QUERY: 1, ANSWER: 1, AUTHORITY: 1, ADDITION
AL: 2

;; OPT PSEUDOSECTION:
; EDNS: version: 0, flags:; udp: 65355
; COOKIE: 7899654c586961760100000062e970fad4d5154c9cf97486 (goo
d)
;; QUESTION SECTION:
;test259.goertzen.              IN      A

;; ANSWER SECTION:
test259.goertzen.       604800  IN      A       42.42.42.42

;; AUTHORITY SECTION:
goertzen.               604552  IN      NS      ns1.goertzen.

;; ADDITIONAL SECTION:
ns1.goertzen.           604552  IN      A       172.20.0.4

;; Query time: 91 msec
;; SERVER: 127.0.0.11#53(127.0.0.11)
;; WHEN: Tue Aug 02 18:46:18 UTC 2022
;; MSG SIZE  rcvd: 123

root@5aa7a41b0bec:/#
