
root@9bd528386a1f:/# dig test772.goertzen

; <<>> DiG 9.16.1-Ubuntu <<>> test772.goertzen
;; global options: +cmd
;; Got answer:
;; ->>HEADER<<- opcode: QUERY, status: NOERROR, id: 12471
;; flags: qr rd ra; QUERY: 1, ANSWER: 1, AUTHORITY: 1, ADDITIONAL: 2

;; OPT PSEUDOSECTION:
; EDNS: version: 0, flags:; udp: 65355
; COOKIE: bf7bfeb1be524fb90100000062eadbfed60b7c1843c69a35 (good)
;; QUESTION SECTION:
;test772.goertzen.              IN      A

;; ANSWER SECTION:
test772.goertzen.       604800  IN      A       42.42.42.42

;; AUTHORITY SECTION:
goertzen.               604570  IN      NS      ns1.goertzen.

;; ADDITIONAL SECTION:
ns1.goertzen.           604570  IN      A       172.20.0.4

;; Query time: 111 msec
;; SERVER: 127.0.0.11#53(127.0.0.11)
;; WHEN: Wed Aug 03 20:35:10 UTC 2022
;; MSG SIZE  rcvd: 123

root@9bd528386a1f:/#

