
root@8dcc5ba24604:/# dig test968.goertzen

; <<>> DiG 9.16.1-Ubuntu <<>> test968.goertzen
;; global options: +cmd
;; Got answer:
;; ->>HEADER<<- opcode: QUERY, status: NOERROR, id: 45591
;; flags: qr rd ra; QUERY: 1, ANSWER: 1, AUTHORITY: 1, ADDITION
AL: 2

;; OPT PSEUDOSECTION:
; EDNS: version: 0, flags:; udp: 65355
; COOKIE: 51c6de4bbfcf02310100000062e9749d7e9169d5f6b5d53f (goo
d)
;; QUESTION SECTION:
;test968.goertzen.              IN      A

;; ANSWER SECTION:
test968.goertzen.       604800  IN      A       42.42.42.42

;; AUTHORITY SECTION:
goertzen.               604610  IN      NS      ns1.goertzen.

;; ADDITIONAL SECTION:
ns1.goertzen.           604610  IN      A       172.20.0.4

;; Query time: 91 msec
;; SERVER: 127.0.0.11#53(127.0.0.11)
;; WHEN: Tue Aug 02 19:01:49 UTC 2022
;; MSG SIZE  rcvd: 123

root@8dcc5ba24604:/#
