
root@5ad30db3e393:/# dig test326.goertzen

; <<>> DiG 9.16.1-Ubuntu <<>> test326.goertzen
;; global options: +cmd
;; Got answer:
;; ->>HEADER<<- opcode: QUERY, status: NOERROR, id: 2660
;; flags: qr rd ra; QUERY: 1, ANSWER: 1, AUTHORITY: 1, ADDITIONAL: 2

;; OPT PSEUDOSECTION:
; EDNS: version: 0, flags:; udp: 65355
; COOKIE: a8d31f348249119d0100000062eada2fb6929b523c32fccd (good)
;; QUESTION SECTION:
;test326.goertzen.              IN      A

;; ANSWER SECTION:
test326.goertzen.       604800  IN      A       42.42.42.42

;; AUTHORITY SECTION:
goertzen.               604697  IN      NS      ns1.goertzen.

;; ADDITIONAL SECTION:
ns1.goertzen.           604697  IN      A       172.20.0.4

;; Query time: 99 msec
;; SERVER: 127.0.0.11#53(127.0.0.11)
;; WHEN: Wed Aug 03 20:27:27 UTC 2022
;; MSG SIZE  rcvd: 123

root@5ad30db3e393:/#

