
root@60853d2cc3db:/# dig test110.goertzen

; <<>> DiG 9.16.1-Ubuntu <<>> test110.goertzen
;; global options: +cmd
;; Got answer:
;; ->>HEADER<<- opcode: QUERY, status: NOERROR, id: 34143
;; flags: qr rd ra; QUERY: 1, ANSWER: 1, AUTHORITY: 1, ADDITIONAL: 2

;; OPT PSEUDOSECTION:
; EDNS: version: 0, flags:; udp: 65355
; COOKIE: 824c62c6f28a85030100000062ead910d9c920b88f8cc0fb (good)
;; QUESTION SECTION:
;test110.goertzen.              IN      A

;; ANSWER SECTION:
test110.goertzen.       604800  IN      A       42.42.42.42

;; AUTHORITY SECTION:
goertzen.               604705  IN      NS      ns1.goertzen.

;; ADDITIONAL SECTION:
ns1.goertzen.           604705  IN      A       172.20.0.4

;; Query time: 103 msec
;; SERVER: 127.0.0.11#53(127.0.0.11)
;; WHEN: Wed Aug 03 20:22:40 UTC 2022
;; MSG SIZE  rcvd: 123

root@60853d2cc3db:/#

