
root@2173c1e00fbb:/# dig test875.goertzen

; <<>> DiG 9.16.1-Ubuntu <<>> test875.goertzen
;; global options: +cmd
;; Got answer:
;; ->>HEADER<<- opcode: QUERY, status: NOERROR, id: 22
845
;; flags: qr rd ra; QUERY: 1, ANSWER: 1, AUTHORITY: 1,
 ADDITIONAL: 2

;; OPT PSEUDOSECTION:
; EDNS: version: 0, flags:; udp: 65355
; COOKIE: 0e05031a2ceee7150100000062ec26c9e9c671df3993
dcf8 (good)
;; QUESTION SECTION:
;test875.goertzen.              IN      A

;; ANSWER SECTION:
test875.goertzen.       604800  IN      A       42.42.
42.42

;; AUTHORITY SECTION:
goertzen.               603904  IN      NS      ns1.go
ertzen.

;; ADDITIONAL SECTION:
ns1.goertzen.           603904  IN      A       172.20
.0.4

;; Query time: 7 msec
;; SERVER: 127.0.0.11#53(127.0.0.11)
;; WHEN: Thu Aug 04 20:06:33 UTC 2022
;; MSG SIZE  rcvd: 123

root@2173c1e00fbb:/#
