
root@2173c1e00fbb:/# dig test548.goertzen

; <<>> DiG 9.16.1-Ubuntu <<>> test548.goertzen
;; global options: +cmd
;; Got answer:
;; ->>HEADER<<- opcode: QUERY, status: NOERROR, id: 47
364
;; flags: qr rd ra; QUERY: 1, ANSWER: 1, AUTHORITY: 1,
 ADDITIONAL: 2

;; OPT PSEUDOSECTION:
; EDNS: version: 0, flags:; udp: 65355
; COOKIE: dc66dc73850043340100000062ec257e0ad87db477e1
b916 (good)
;; QUESTION SECTION:
;test548.goertzen.              IN      A

;; ANSWER SECTION:
test548.goertzen.       604800  IN      A       42.42.
42.42

;; AUTHORITY SECTION:
goertzen.               604235  IN      NS      ns1.go
ertzen.

;; ADDITIONAL SECTION:
ns1.goertzen.           604235  IN      A       172.20
.0.4

;; Query time: 19 msec
;; SERVER: 127.0.0.11#53(127.0.0.11)
;; WHEN: Thu Aug 04 20:01:02 UTC 2022
;; MSG SIZE  rcvd: 123

root@2173c1e00fbb:/#
