
root@2173c1e00fbb:/# dig test226.goertzen

; <<>> DiG 9.16.1-Ubuntu <<>> test226.goertzen
;; global options: +cmd
;; Got answer:
;; ->>HEADER<<- opcode: QUERY, status: NOERROR, id: 62
113
;; flags: qr rd ra; QUERY: 1, ANSWER: 1, AUTHORITY: 1,
 ADDITIONAL: 2

;; OPT PSEUDOSECTION:
; EDNS: version: 0, flags:; udp: 65355
; COOKIE: e5139f87b90a85850100000062ec24384a51e2dc247c
fe36 (good)
;; QUESTION SECTION:
;test226.goertzen.              IN      A

;; ANSWER SECTION:
test226.goertzen.       604800  IN      A       42.42.
42.42

;; AUTHORITY SECTION:
goertzen.               604561  IN      NS      ns1.go
ertzen.

;; ADDITIONAL SECTION:
ns1.goertzen.           604561  IN      A       172.20
.0.4

;; Query time: 7 msec
;; SERVER: 127.0.0.11#53(127.0.0.11)
;; WHEN: Thu Aug 04 19:55:36 UTC 2022
;; MSG SIZE  rcvd: 123

root@2173c1e00fbb:/#
