
root@2173c1e00fbb:/# dig test910.goertzen

; <<>> DiG 9.16.1-Ubuntu <<>> test910.goertzen
;; global options: +cmd
;; Got answer:
;; ->>HEADER<<- opcode: QUERY, status: NOERROR, id: 53
399
;; flags: qr rd ra; QUERY: 1, ANSWER: 1, AUTHORITY: 1,
 ADDITIONAL: 2

;; OPT PSEUDOSECTION:
; EDNS: version: 0, flags:; udp: 65355
; COOKIE: 4c0a36307bf8edaa0100000062ec26edc27423e42627
8f2c (good)
;; QUESTION SECTION:
;test910.goertzen.              IN      A

;; ANSWER SECTION:
test910.goertzen.       604800  IN      A       42.42.
42.42

;; AUTHORITY SECTION:
goertzen.               603868  IN      NS      ns1.go
ertzen.

;; ADDITIONAL SECTION:
ns1.goertzen.           603868  IN      A       172.20
.0.4

;; Query time: 3 msec
;; SERVER: 127.0.0.11#53(127.0.0.11)
;; WHEN: Thu Aug 04 20:07:09 UTC 2022
;; MSG SIZE  rcvd: 123

root@2173c1e00fbb:/#
