
root@2173c1e00fbb:/# dig test985.goertzen

; <<>> DiG 9.16.1-Ubuntu <<>> test985.goertzen
;; global options: +cmd
;; Got answer:
;; ->>HEADER<<- opcode: QUERY, status: NOERROR, id: 23
701
;; flags: qr rd ra; QUERY: 1, ANSWER: 1, AUTHORITY: 1,
 ADDITIONAL: 2

;; OPT PSEUDOSECTION:
; EDNS: version: 0, flags:; udp: 65355
; COOKIE: 6dd962e433db21490100000062ec273950fd89ced770
d4cf (good)
;; QUESTION SECTION:
;test985.goertzen.              IN      A

;; ANSWER SECTION:
test985.goertzen.       604800  IN      A       42.42.
42.42

;; AUTHORITY SECTION:
goertzen.               603792  IN      NS      ns1.go
ertzen.

;; ADDITIONAL SECTION:
ns1.goertzen.           603792  IN      A       172.20
.0.4

;; Query time: 3 msec
;; SERVER: 127.0.0.11#53(127.0.0.11)
;; WHEN: Thu Aug 04 20:08:25 UTC 2022
;; MSG SIZE  rcvd: 123

root@2173c1e00fbb:/#
