
root@2173c1e00fbb:/# dig test424.goertzen

; <<>> DiG 9.16.1-Ubuntu <<>> test424.goertzen
;; global options: +cmd
;; Got answer:
;; ->>HEADER<<- opcode: QUERY, status: NOERROR, id: 32
163
;; flags: qr rd ra; QUERY: 1, ANSWER: 1, AUTHORITY: 1,
 ADDITIONAL: 2

;; OPT PSEUDOSECTION:
; EDNS: version: 0, flags:; udp: 65355
; COOKIE: b642324bce61540b0100000062ec2500056cbfe04c98
e0e7 (good)
;; QUESTION SECTION:
;test424.goertzen.              IN      A

;; ANSWER SECTION:
test424.goertzen.       604800  IN      A       42.42.
42.42

;; AUTHORITY SECTION:
goertzen.               604361  IN      NS      ns1.go
ertzen.

;; ADDITIONAL SECTION:
ns1.goertzen.           604361  IN      A       172.20
.0.4

;; Query time: 3 msec
;; SERVER: 127.0.0.11#53(127.0.0.11)
;; WHEN: Thu Aug 04 19:58:56 UTC 2022
;; MSG SIZE  rcvd: 123

root@2173c1e00fbb:/#
