
root@2173c1e00fbb:/# dig test23.goertzen

; <<>> DiG 9.16.1-Ubuntu <<>> test23.goertzen
;; global options: +cmd
;; Got answer:
;; ->>HEADER<<- opcode: QUERY, status: NOERROR, id: 42
554
;; flags: qr rd ra; QUERY: 1, ANSWER: 1, AUTHORITY: 1,
 ADDITIONAL: 2

;; OPT PSEUDOSECTION:
; EDNS: version: 0, flags:; udp: 65355
; COOKIE: 413fe91ec3d9a5990100000062ec236aae80d87b614b
9717 (good)
;; QUESTION SECTION:
;test23.goertzen.               IN      A

;; ANSWER SECTION:
test23.goertzen.        604800  IN      A       42.42.
42.42

;; AUTHORITY SECTION:
goertzen.               604767  IN      NS      ns1.go
ertzen.

;; ADDITIONAL SECTION:
ns1.goertzen.           604767  IN      A       172.20
.0.4

;; Query time: 3 msec
;; SERVER: 127.0.0.11#53(127.0.0.11)
;; WHEN: Thu Aug 04 19:52:10 UTC 2022
;; MSG SIZE  rcvd: 122

root@2173c1e00fbb:/#
