
root@696a7772188f:/# dig test604.goertzen

; <<>> DiG 9.16.1-Ubuntu <<>> test604.goertzen
;; global options: +cmd
;; Got answer:
;; ->>HEADER<<- opcode: QUERY, status: NOERROR, id:
17133
;; flags: qr rd ra; QUERY: 1, ANSWER: 1, AUTHORITY:
1, ADDITIONAL: 2

;; OPT PSEUDOSECTION:
; EDNS: version: 0, flags:; udp: 65355
; COOKIE: 002f400b1c5c851a0100000062ebdfc1b8a7ea16cb
719810 (good)
;; QUESTION SECTION:
;test604.goertzen.              IN      A

;; ANSWER SECTION:
test604.goertzen.       604800  IN      A       42.4
2.42.42

;; AUTHORITY SECTION:
goertzen.               604773  IN      NS      ns1.
goertzen.

;; ADDITIONAL SECTION:
ns1.goertzen.           604773  IN      A       172.
20.0.4

;; Query time: 615 msec
;; SERVER: 127.0.0.11#53(127.0.0.11)
;; WHEN: Thu Aug 04 15:03:29 UTC 2022
;; MSG SIZE  rcvd: 123

root@696a7772188f:/#
