
root@b95b3c1a0661:/# dig test267.goertzen

; <<>> DiG 9.16.1-Ubuntu <<>> test267.goertzen
;; global options: +cmd
;; Got answer:
;; ->>HEADER<<- opcode: QUERY, status: NOERROR, id:
42198
;; flags: qr rd ra; QUERY: 1, ANSWER: 1, AUTHORITY:
1, ADDITIONAL: 2

;; OPT PSEUDOSECTION:
; EDNS: version: 0, flags:; udp: 65355
; COOKIE: 9b460f91bab7aa080100000062ebdc32f13e0a9f16
5ced86 (good)
;; QUESTION SECTION:
;test267.goertzen.              IN      A

;; ANSWER SECTION:
test267.goertzen.       604800  IN      A       42.4
2.42.42

;; AUTHORITY SECTION:
goertzen.               604252  IN      NS      ns1.
goertzen.

;; ADDITIONAL SECTION:
ns1.goertzen.           604252  IN      A       172.
20.0.4

;; Query time: 615 msec
;; SERVER: 127.0.0.11#53(127.0.0.11)
;; WHEN: Thu Aug 04 14:48:19 UTC 2022
;; MSG SIZE  rcvd: 123

root@b95b3c1a0661:/#
