
root@da7f192f51b1:/# dig test972.goertzen

; <<>> DiG 9.16.1-Ubuntu <<>> test972.goertzen
;; global options: +cmd
;; Got answer:
;; ->>HEADER<<- opcode: QUERY, status: NOERROR, id:
47980
;; flags: qr rd ra; QUERY: 1, ANSWER: 1, AUTHORITY:
1, ADDITIONAL: 2

;; OPT PSEUDOSECTION:
; EDNS: version: 0, flags:; udp: 65355
; COOKIE: d044dea1df5aa1e60100000062ebe38fdb2542b262
c9c44c (good)
;; QUESTION SECTION:
;test972.goertzen.              IN      A

;; ANSWER SECTION:
test972.goertzen.       604800  IN      A       42.4
2.42.42

;; AUTHORITY SECTION:
goertzen.               604603  IN      NS      ns1.
goertzen.

;; ADDITIONAL SECTION:
ns1.goertzen.           604603  IN      A       172.
20.0.4

;; Query time: 615 msec
;; SERVER: 127.0.0.11#53(127.0.0.11)
;; WHEN: Thu Aug 04 15:19:43 UTC 2022
;; MSG SIZE  rcvd: 123

root@da7f192f51b1:/#
