
root@da7f192f51b1:/# dig test951.goertzen

; <<>> DiG 9.16.1-Ubuntu <<>> test951.goertzen
;; global options: +cmd
;; Got answer:
;; ->>HEADER<<- opcode: QUERY, status: NOERROR, id:
36537
;; flags: qr rd ra; QUERY: 1, ANSWER: 1, AUTHORITY:
1, ADDITIONAL: 2

;; OPT PSEUDOSECTION:
; EDNS: version: 0, flags:; udp: 65355
; COOKIE: 92cfb16b82082dc30100000062ebe36469e1748acb
43c3f4 (good)
;; QUESTION SECTION:
;test951.goertzen.              IN      A

;; ANSWER SECTION:
test951.goertzen.       604800  IN      A       42.4
2.42.42

;; AUTHORITY SECTION:
goertzen.               604646  IN      NS      ns1.
goertzen.

;; ADDITIONAL SECTION:
ns1.goertzen.           604646  IN      A       172.
20.0.4

;; Query time: 619 msec
;; SERVER: 127.0.0.11#53(127.0.0.11)
;; WHEN: Thu Aug 04 15:19:00 UTC 2022
;; MSG SIZE  rcvd: 123

root@da7f192f51b1:/#
