
root@da7f192f51b1:/# dig test882.goertzen

; <<>> DiG 9.16.1-Ubuntu <<>> test882.goertzen
;; global options: +cmd
;; Got answer:
;; ->>HEADER<<- opcode: QUERY, status: NOERROR, id:
51811
;; flags: qr rd ra; QUERY: 1, ANSWER: 1, AUTHORITY:
1, ADDITIONAL: 2

;; OPT PSEUDOSECTION:
; EDNS: version: 0, flags:; udp: 65355
; COOKIE: ad31d6f8d28d27e40100000062ebe2d913bedf7cec
56be90 (good)
;; QUESTION SECTION:
;test882.goertzen.              IN      A

;; ANSWER SECTION:
test882.goertzen.       604800  IN      A       42.4
2.42.42

;; AUTHORITY SECTION:
goertzen.               604785  IN      NS      ns1.
goertzen.

;; ADDITIONAL SECTION:
ns1.goertzen.           604785  IN      A       172.
20.0.4

;; Query time: 611 msec
;; SERVER: 127.0.0.11#53(127.0.0.11)
;; WHEN: Thu Aug 04 15:16:41 UTC 2022
;; MSG SIZE  rcvd: 123

root@da7f192f51b1:/#
