
root@14b21423cf85:/# dig test454.goertzen

; <<>> DiG 9.16.1-Ubuntu <<>> test454.goertzen
;; global options: +cmd
;; Got answer:
;; ->>HEADER<<- opcode: QUERY, status: NOERROR, id:
22470
;; flags: qr rd ra; QUERY: 1, ANSWER: 1, AUTHORITY:
1, ADDITIONAL: 2

;; OPT PSEUDOSECTION:
; EDNS: version: 0, flags:; udp: 65355
; COOKIE: 3fa94e829a95484a0100000062ebde18a25c7492c7
fa444e (good)
;; QUESTION SECTION:
;test454.goertzen.              IN      A

;; ANSWER SECTION:
test454.goertzen.       604800  IN      A       42.4
2.42.42

;; AUTHORITY SECTION:
goertzen.               604654  IN      NS      ns1.
goertzen.

;; ADDITIONAL SECTION:
ns1.goertzen.           604654  IN      A       172.
20.0.4

;; Query time: 611 msec
;; SERVER: 127.0.0.11#53(127.0.0.11)
;; WHEN: Thu Aug 04 14:56:24 UTC 2022
;; MSG SIZE  rcvd: 123

root@14b21423cf85:/#
