
root@696a7772188f:/# dig test664.goertzen

; <<>> DiG 9.16.1-Ubuntu <<>> test664.goertzen
;; global options: +cmd
;; Got answer:
;; ->>HEADER<<- opcode: QUERY, status: NOERROR, id:
33335
;; flags: qr rd ra; QUERY: 1, ANSWER: 1, AUTHORITY:
1, ADDITIONAL: 2

;; OPT PSEUDOSECTION:
; EDNS: version: 0, flags:; udp: 65355
; COOKIE: c14d98ebbf6f20c50100000062ebe03ac6d0881f6f
ef4ee6 (good)
;; QUESTION SECTION:
;test664.goertzen.              IN      A

;; ANSWER SECTION:
test664.goertzen.       604800  IN      A       42.4
2.42.42

;; AUTHORITY SECTION:
goertzen.               604652  IN      NS      ns1.
goertzen.

;; ADDITIONAL SECTION:
ns1.goertzen.           604652  IN      A       172.
20.0.4

;; Query time: 615 msec
;; SERVER: 127.0.0.11#53(127.0.0.11)
;; WHEN: Thu Aug 04 15:05:30 UTC 2022
;; MSG SIZE  rcvd: 123

root@696a7772188f:/#
