
root@696a7772188f:/# dig test626.goertzen

; <<>> DiG 9.16.1-Ubuntu <<>> test626.goertzen
;; global options: +cmd
;; Got answer:
;; ->>HEADER<<- opcode: QUERY, status: NOERROR, id:
63512
;; flags: qr rd ra; QUERY: 1, ANSWER: 1, AUTHORITY:
1, ADDITIONAL: 2

;; OPT PSEUDOSECTION:
; EDNS: version: 0, flags:; udp: 65355
; COOKIE: 495963a40d2a1aee0100000062ebdfeeac35f9a0c3
3834d1 (good)
;; QUESTION SECTION:
;test626.goertzen.              IN      A

;; ANSWER SECTION:
test626.goertzen.       604800  IN      A       42.4
2.42.42

;; AUTHORITY SECTION:
goertzen.               604728  IN      NS      ns1.
goertzen.

;; ADDITIONAL SECTION:
ns1.goertzen.           604728  IN      A       172.
20.0.4

;; Query time: 615 msec
;; SERVER: 127.0.0.11#53(127.0.0.11)
;; WHEN: Thu Aug 04 15:04:14 UTC 2022
;; MSG SIZE  rcvd: 123

root@696a7772188f:/#
