
root@61a6bf2d6941:/# dig test842.goertzen

; <<>> DiG 9.16.1-Ubuntu <<>> test842.goertzen
;; global options: +cmd
;; Got answer:
;; ->>HEADER<<- opcode: QUERY, status: NOERROR, id:
45103
;; flags: qr rd ra; QUERY: 1, ANSWER: 1, AUTHORITY:
1, ADDITIONAL: 2

;; OPT PSEUDOSECTION:
; EDNS: version: 0, flags:; udp: 65355
; COOKIE: 9322ad58f26a57b30100000062ebe21c1e7118ffbc
189782 (good)
;; QUESTION SECTION:
;test842.goertzen.              IN      A

;; ANSWER SECTION:
test842.goertzen.       604800  IN      A       42.4
2.42.42

;; AUTHORITY SECTION:
goertzen.               604781  IN      NS      ns1.
goertzen.

;; ADDITIONAL SECTION:
ns1.goertzen.           604781  IN      A       172.
20.0.4

;; Query time: 611 msec
;; SERVER: 127.0.0.11#53(127.0.0.11)
;; WHEN: Thu Aug 04 15:13:32 UTC 2022
;; MSG SIZE  rcvd: 123

root@61a6bf2d6941:/#
