
root@1ab6f2996571:/# dig test712.goertzen

; <<>> DiG 9.16.1-Ubuntu <<>> test712.goertzen
;; global options: +cmd
;; Got answer:
;; ->>HEADER<<- opcode: QUERY, status: NOERROR, id: 25
385
;; flags: qr rd ra; QUERY: 1, ANSWER: 1, AUTHORITY: 1,
 ADDITIONAL: 2

;; OPT PSEUDOSECTION:
; EDNS: version: 0, flags:; udp: 65355
; COOKIE: 0302c3568a8b76830100000062ec51dc7b06a0478ff8
58ab (good)
;; QUESTION SECTION:
;test712.goertzen.              IN      A

;; ANSWER SECTION:
test712.goertzen.       604800  IN      A       42.42.
42.42

;; AUTHORITY SECTION:
goertzen.               604069  IN      NS      ns1.go
ertzen.

;; ADDITIONAL SECTION:
ns1.goertzen.           604069  IN      A       172.20
.0.4

;; Query time: 59 msec
;; SERVER: 127.0.0.11#53(127.0.0.11)
;; WHEN: Thu Aug 04 23:10:20 UTC 2022
;; MSG SIZE  rcvd: 123

root@1ab6f2996571:/#
