
root@1ab6f2996571:/# dig test287.goertzen

; <<>> DiG 9.16.1-Ubuntu <<>> test287.goertzen
;; global options: +cmd
;; Got answer:
;; ->>HEADER<<- opcode: QUERY, status: NOERROR, id: 29
167
;; flags: qr rd ra; QUERY: 1, ANSWER: 1, AUTHORITY: 1,
 ADDITIONAL: 2

;; OPT PSEUDOSECTION:
; EDNS: version: 0, flags:; udp: 65355
; COOKIE: c1be460dd1e0ab730100000062ec502ed9062a05cdce
0904 (good)
;; QUESTION SECTION:
;test287.goertzen.              IN      A

;; ANSWER SECTION:
test287.goertzen.       604800  IN      A       42.42.
42.42

;; AUTHORITY SECTION:
goertzen.               604499  IN      NS      ns1.go
ertzen.

;; ADDITIONAL SECTION:
ns1.goertzen.           604499  IN      A       172.20
.0.4

;; Query time: 43 msec
;; SERVER: 127.0.0.11#53(127.0.0.11)
;; WHEN: Thu Aug 04 23:03:10 UTC 2022
;; MSG SIZE  rcvd: 123

root@1ab6f2996571:/#
