
root@1ab6f2996571:/# dig test106.goertzen

; <<>> DiG 9.16.1-Ubuntu <<>> test106.goertzen
;; global options: +cmd
;; Got answer:
;; ->>HEADER<<- opcode: QUERY, status: NOERROR, id: 22
391
;; flags: qr rd ra; QUERY: 1, ANSWER: 1, AUTHORITY: 1,
 ADDITIONAL: 2

;; OPT PSEUDOSECTION:
; EDNS: version: 0, flags:; udp: 65355
; COOKIE: cd2d4ee6b5b664090100000062ec4f7648175bcbc6a4
ed4f (good)
;; QUESTION SECTION:
;test106.goertzen.              IN      A

;; ANSWER SECTION:
test106.goertzen.       604800  IN      A       42.42.
42.42

;; AUTHORITY SECTION:
goertzen.               604683  IN      NS      ns1.go
ertzen.

;; ADDITIONAL SECTION:
ns1.goertzen.           604683  IN      A       172.20
.0.4

;; Query time: 63 msec
;; SERVER: 127.0.0.11#53(127.0.0.11)
;; WHEN: Thu Aug 04 23:00:06 UTC 2022
;; MSG SIZE  rcvd: 123

root@1ab6f2996571:/#
