
root@1ab6f2996571:/# dig test825.goertzen

; <<>> DiG 9.16.1-Ubuntu <<>> test825.goertzen
;; global options: +cmd
;; Got answer:
;; ->>HEADER<<- opcode: QUERY, status: NOERROR, id: 30
631
;; flags: qr rd ra; QUERY: 1, ANSWER: 1, AUTHORITY: 1,
 ADDITIONAL: 2

;; OPT PSEUDOSECTION:
; EDNS: version: 0, flags:; udp: 65355
; COOKIE: 8206bbb2260684c70100000062ec524fefa153eb883f
0baf (good)
;; QUESTION SECTION:
;test825.goertzen.              IN      A

;; ANSWER SECTION:
test825.goertzen.       604800  IN      A       42.42.
42.42

;; AUTHORITY SECTION:
goertzen.               603954  IN      NS      ns1.go
ertzen.

;; ADDITIONAL SECTION:
ns1.goertzen.           603954  IN      A       172.20
.0.4

;; Query time: 55 msec
;; SERVER: 127.0.0.11#53(127.0.0.11)
;; WHEN: Thu Aug 04 23:12:15 UTC 2022
;; MSG SIZE  rcvd: 123

root@1ab6f2996571:/#
