
root@1ab6f2996571:/# dig test165.goertzen

; <<>> DiG 9.16.1-Ubuntu <<>> test165.goertzen
;; global options: +cmd
;; Got answer:
;; ->>HEADER<<- opcode: QUERY, status: NOERROR, id: 18
062
;; flags: qr rd ra; QUERY: 1, ANSWER: 1, AUTHORITY: 1,
 ADDITIONAL: 2

;; OPT PSEUDOSECTION:
; EDNS: version: 0, flags:; udp: 65355
; COOKIE: b21abb8ce8d533340100000062ec4fb2bb6f7c431b62
1b50 (good)
;; QUESTION SECTION:
;test165.goertzen.              IN      A

;; ANSWER SECTION:
test165.goertzen.       604800  IN      A       42.42.
42.42

;; AUTHORITY SECTION:
goertzen.               604623  IN      NS      ns1.go
ertzen.

;; ADDITIONAL SECTION:
ns1.goertzen.           604623  IN      A       172.20
.0.4

;; Query time: 63 msec
;; SERVER: 127.0.0.11#53(127.0.0.11)
;; WHEN: Thu Aug 04 23:01:06 UTC 2022
;; MSG SIZE  rcvd: 123

root@1ab6f2996571:/#
