
root@1ab6f2996571:/# dig test589.goertzen

; <<>> DiG 9.16.1-Ubuntu <<>> test589.goertzen
;; global options: +cmd
;; Got answer:
;; ->>HEADER<<- opcode: QUERY, status: NOERROR, id: 36
867
;; flags: qr rd ra; QUERY: 1, ANSWER: 1, AUTHORITY: 1,
 ADDITIONAL: 2

;; OPT PSEUDOSECTION:
; EDNS: version: 0, flags:; udp: 65355
; COOKIE: b71c4032c13ad9a60100000062ec5160a14ceded5af8
b39b (good)
;; QUESTION SECTION:
;test589.goertzen.              IN      A

;; ANSWER SECTION:
test589.goertzen.       604800  IN      A       42.42.
42.42

;; AUTHORITY SECTION:
goertzen.               604193  IN      NS      ns1.go
ertzen.

;; ADDITIONAL SECTION:
ns1.goertzen.           604193  IN      A       172.20
.0.4

;; Query time: 47 msec
;; SERVER: 127.0.0.11#53(127.0.0.11)
;; WHEN: Thu Aug 04 23:08:16 UTC 2022
;; MSG SIZE  rcvd: 123

root@1ab6f2996571:/#
