
root@1ab6f2996571:/# dig test977.goertzen

; <<>> DiG 9.16.1-Ubuntu <<>> test977.goertzen
;; global options: +cmd
;; Got answer:
;; ->>HEADER<<- opcode: QUERY, status: NOERROR, id: 11
162
;; flags: qr rd ra; QUERY: 1, ANSWER: 1, AUTHORITY: 1,
 ADDITIONAL: 2

;; OPT PSEUDOSECTION:
; EDNS: version: 0, flags:; udp: 65355
; COOKIE: 1da9eae2f44e64510100000062ec52e9a75c16b50cb1
4493 (good)
;; QUESTION SECTION:
;test977.goertzen.              IN      A

;; ANSWER SECTION:
test977.goertzen.       604800  IN      A       42.42.
42.42

;; AUTHORITY SECTION:
goertzen.               603800  IN      NS      ns1.go
ertzen.

;; ADDITIONAL SECTION:
ns1.goertzen.           603800  IN      A       172.20
.0.4

;; Query time: 43 msec
;; SERVER: 127.0.0.11#53(127.0.0.11)
;; WHEN: Thu Aug 04 23:14:49 UTC 2022
;; MSG SIZE  rcvd: 123

root@1ab6f2996571:/#
