
root@1ab6f2996571:/# dig test535.goertzen

; <<>> DiG 9.16.1-Ubuntu <<>> test535.goertzen
;; global options: +cmd
;; Got answer:
;; ->>HEADER<<- opcode: QUERY, status: NOERROR, id: 42
414
;; flags: qr rd ra; QUERY: 1, ANSWER: 1, AUTHORITY: 1,
 ADDITIONAL: 2

;; OPT PSEUDOSECTION:
; EDNS: version: 0, flags:; udp: 65355
; COOKIE: b42926f1946403880100000062ec51297eaa66c23d5e
ba2a (good)
;; QUESTION SECTION:
;test535.goertzen.              IN      A

;; ANSWER SECTION:
test535.goertzen.       604800  IN      A       42.42.
42.42

;; AUTHORITY SECTION:
goertzen.               604248  IN      NS      ns1.go
ertzen.

;; ADDITIONAL SECTION:
ns1.goertzen.           604248  IN      A       172.20
.0.4

;; Query time: 39 msec
;; SERVER: 127.0.0.11#53(127.0.0.11)
;; WHEN: Thu Aug 04 23:07:21 UTC 2022
;; MSG SIZE  rcvd: 123

root@1ab6f2996571:/#
