
root@1ab6f2996571:/# dig test711.goertzen

; <<>> DiG 9.16.1-Ubuntu <<>> test711.goertzen
;; global options: +cmd
;; Got answer:
;; ->>HEADER<<- opcode: QUERY, status: NOERROR, id: 18
057
;; flags: qr rd ra; QUERY: 1, ANSWER: 1, AUTHORITY: 1,
 ADDITIONAL: 2

;; OPT PSEUDOSECTION:
; EDNS: version: 0, flags:; udp: 65355
; COOKIE: 1a0403e111d1fb450100000062ec51db388dfef02b81
4890 (good)
;; QUESTION SECTION:
;test711.goertzen.              IN      A

;; ANSWER SECTION:
test711.goertzen.       604800  IN      A       42.42.
42.42

;; AUTHORITY SECTION:
goertzen.               604070  IN      NS      ns1.go
ertzen.

;; ADDITIONAL SECTION:
ns1.goertzen.           604070  IN      A       172.20
.0.4

;; Query time: 35 msec
;; SERVER: 127.0.0.11#53(127.0.0.11)
;; WHEN: Thu Aug 04 23:10:19 UTC 2022
;; MSG SIZE  rcvd: 123

root@1ab6f2996571:/#
