
root@1ab6f2996571:/# dig test671.goertzen

; <<>> DiG 9.16.1-Ubuntu <<>> test671.goertzen
;; global options: +cmd
;; Got answer:
;; ->>HEADER<<- opcode: QUERY, status: NOERROR, id: 22
834
;; flags: qr rd ra; QUERY: 1, ANSWER: 1, AUTHORITY: 1,
 ADDITIONAL: 2

;; OPT PSEUDOSECTION:
; EDNS: version: 0, flags:; udp: 65355
; COOKIE: f5a741a73e32d8f10100000062ec51b3844733a77a9d
4fe2 (good)
;; QUESTION SECTION:
;test671.goertzen.              IN      A

;; ANSWER SECTION:
test671.goertzen.       604800  IN      A       42.42.
42.42

;; AUTHORITY SECTION:
goertzen.               604110  IN      NS      ns1.go
ertzen.

;; ADDITIONAL SECTION:
ns1.goertzen.           604110  IN      A       172.20
.0.4

;; Query time: 47 msec
;; SERVER: 127.0.0.11#53(127.0.0.11)
;; WHEN: Thu Aug 04 23:09:39 UTC 2022
;; MSG SIZE  rcvd: 123

root@1ab6f2996571:/#
