
root@1ab6f2996571:/# dig test35.goertzen

; <<>> DiG 9.16.1-Ubuntu <<>> test35.goertzen
;; global options: +cmd
;; Got answer:
;; ->>HEADER<<- opcode: QUERY, status: NOERROR, id: 57
817
;; flags: qr rd ra; QUERY: 1, ANSWER: 1, AUTHORITY: 1,
 ADDITIONAL: 2

;; OPT PSEUDOSECTION:
; EDNS: version: 0, flags:; udp: 65355
; COOKIE: 75af836c954a59b80100000062ec4f2e52c14f798ef3
cc0e (good)
;; QUESTION SECTION:
;test35.goertzen.               IN      A

;; ANSWER SECTION:
test35.goertzen.        604800  IN      A       42.42.
42.42

;; AUTHORITY SECTION:
goertzen.               604755  IN      NS      ns1.go
ertzen.

;; ADDITIONAL SECTION:
ns1.goertzen.           604755  IN      A       172.20
.0.4

;; Query time: 55 msec
;; SERVER: 127.0.0.11#53(127.0.0.11)
;; WHEN: Thu Aug 04 22:58:54 UTC 2022
;; MSG SIZE  rcvd: 122

root@1ab6f2996571:/#
