
root@1ab6f2996571:/# dig test733.goertzen

; <<>> DiG 9.16.1-Ubuntu <<>> test733.goertzen
;; global options: +cmd
;; Got answer:
;; ->>HEADER<<- opcode: QUERY, status: NOERROR, id: 65
300
;; flags: qr rd ra; QUERY: 1, ANSWER: 1, AUTHORITY: 1,
 ADDITIONAL: 2

;; OPT PSEUDOSECTION:
; EDNS: version: 0, flags:; udp: 65355
; COOKIE: 642da2d928ed507e0100000062ec51f178f9ca371626
5679 (good)
;; QUESTION SECTION:
;test733.goertzen.              IN      A

;; ANSWER SECTION:
test733.goertzen.       604800  IN      A       42.42.
42.42

;; AUTHORITY SECTION:
goertzen.               604048  IN      NS      ns1.go
ertzen.

;; ADDITIONAL SECTION:
ns1.goertzen.           604048  IN      A       172.20
.0.4

;; Query time: 63 msec
;; SERVER: 127.0.0.11#53(127.0.0.11)
;; WHEN: Thu Aug 04 23:10:41 UTC 2022
;; MSG SIZE  rcvd: 123

root@1ab6f2996571:/#
