
root@1ab6f2996571:/# dig test757.goertzen

; <<>> DiG 9.16.1-Ubuntu <<>> test757.goertzen
;; global options: +cmd
;; Got answer:
;; ->>HEADER<<- opcode: QUERY, status: NOERROR, id: 35
583
;; flags: qr rd ra; QUERY: 1, ANSWER: 1, AUTHORITY: 1,
 ADDITIONAL: 2

;; OPT PSEUDOSECTION:
; EDNS: version: 0, flags:; udp: 65355
; COOKIE: e7d02b58fc0e7b1a0100000062ec520a889745d42880
d046 (good)
;; QUESTION SECTION:
;test757.goertzen.              IN      A

;; ANSWER SECTION:
test757.goertzen.       604800  IN      A       42.42.
42.42

;; AUTHORITY SECTION:
goertzen.               604023  IN      NS      ns1.go
ertzen.

;; ADDITIONAL SECTION:
ns1.goertzen.           604023  IN      A       172.20
.0.4

;; Query time: 71 msec
;; SERVER: 127.0.0.11#53(127.0.0.11)
;; WHEN: Thu Aug 04 23:11:06 UTC 2022
;; MSG SIZE  rcvd: 123

root@1ab6f2996571:/#
