
root@1ff2348d8a5a:/# dig test457.goertzen

; <<>> DiG 9.16.1-Ubuntu <<>> test457.goertzen
;; global options: +cmd
;; Got answer:
;; ->>HEADER<<- opcode: QUERY, status: NOERROR, id: 22623
;; flags: qr rd ra; QUERY: 1, ANSWER: 1, AUTHORITY: 1, ADDITI
ONAL: 2

;; OPT PSEUDOSECTION:
; EDNS: version: 0, flags:; udp: 65355
; COOKIE: 18eb4393b7df95ee0100000062eb1287c01804fe99bbc6ab (g
ood)
;; QUESTION SECTION:
;test457.goertzen.              IN      A

;; ANSWER SECTION:
test457.goertzen.       604800  IN      A       42.42.42.42

;; AUTHORITY SECTION:
goertzen.               604597  IN      NS      ns1.goertzen.

;; ADDITIONAL SECTION:
ns1.goertzen.           604597  IN      A       172.20.0.4

;; Query time: 307 msec
;; SERVER: 127.0.0.11#53(127.0.0.11)
;; WHEN: Thu Aug 04 00:27:51 UTC 2022
;; MSG SIZE  rcvd: 123

root@1ff2348d8a5a:/#
