
root@22908a9afbf2:/# dig test415.goertzen

; <<>> DiG 9.16.1-Ubuntu <<>> test415.goertzen
;; global options: +cmd
;; Got answer:
;; ->>HEADER<<- opcode: QUERY, status: NOERROR, id: 55918
;; flags: qr rd ra; QUERY: 1, ANSWER: 1, AUTHORITY: 1, ADDITIONAL: 2

;; OPT PSEUDOSECTION:
; EDNS: version: 0, flags:; udp: 65355
; COOKIE: cfab61d5527de21e0100000062e84bf7c0043515b0cc5a32 (good)
;; QUESTION SECTION:
;test415.goertzen.              IN      A

;; ANSWER SECTION:
test415.goertzen.       604800  IN      A       42.42.42.42

;; AUTHORITY SECTION:
goertzen.               604635  IN      NS      ns1.goertzen.

;; ADDITIONAL SECTION:
ns1.goertzen.           604635  IN      A       172.20.0.4

;; Query time: 296 msec
;; SERVER: 127.0.0.11#53(127.0.0.11)
;; WHEN: Mon Aug 01 21:56:07 UTC 2022
;; MSG SIZE  rcvd: 123

root@22908a9afbf2:/#
