
root@43161928d714:/# dig test969.goertzen

; <<>> DiG 9.16.1-Ubuntu <<>> test969.goertzen
;; global options: +cmd
;; Got answer:
;; ->>HEADER<<- opcode: QUERY, status: NOERROR, id: 7423
;; flags: qr rd ra; QUERY: 1, ANSWER: 1, AUTHORITY: 1, ADDITIONAL: 2

;; OPT PSEUDOSECTION:
; EDNS: version: 0, flags:; udp: 65355
; COOKIE: 2ad634be7bb7107c0100000062e85343ad5e55c963d7d4b0 (good)
;; QUESTION SECTION:
;test969.goertzen.              IN      A

;; ANSWER SECTION:
test969.goertzen.       604800  IN      A       42.42.42.42

;; AUTHORITY SECTION:
goertzen.               604668  IN      NS      ns1.goertzen.

;; ADDITIONAL SECTION:
ns1.goertzen.           604668  IN      A       172.20.0.4

;; Query time: 308 msec
;; SERVER: 127.0.0.11#53(127.0.0.11)
;; WHEN: Mon Aug 01 22:27:16 UTC 2022
;; MSG SIZE  rcvd: 123

root@43161928d714:/#
