
root@b5e9812d9471:/# dig test631.goertzen

; <<>> DiG 9.16.1-Ubuntu <<>> test631.goertzen
;; global options: +cmd
;; Got answer:
;; ->>HEADER<<- opcode: QUERY, status: NOERROR, id: 43643
;; flags: qr rd ra; QUERY: 1, ANSWER: 1, AUTHORITY: 1, ADDITI
ONAL: 2

;; OPT PSEUDOSECTION:
; EDNS: version: 0, flags:; udp: 65355
; COOKIE: 54ba2dc6e5b94a2c0100000062eb1387fd28427442b8ad7b (g
ood)
;; QUESTION SECTION:
;test631.goertzen.              IN      A

;; ANSWER SECTION:
test631.goertzen.       604800  IN      A       42.42.42.42

;; AUTHORITY SECTION:
goertzen.               604677  IN      NS      ns1.goertzen.

;; ADDITIONAL SECTION:
ns1.goertzen.           604677  IN      A       172.20.0.4

;; Query time: 315 msec
;; SERVER: 127.0.0.11#53(127.0.0.11)
;; WHEN: Thu Aug 04 00:32:07 UTC 2022
;; MSG SIZE  rcvd: 123

root@b5e9812d9471:/#
