
root@22908a9afbf2:/# dig test622.goertzen

; <<>> DiG 9.16.1-Ubuntu <<>> test622.goertzen
;; global options: +cmd
;; Got answer:
;; ->>HEADER<<- opcode: QUERY, status: NOERROR, id: 3046
;; flags: qr rd ra; QUERY: 1, ANSWER: 1, AUTHORITY: 1, ADDITIONAL: 2

;; OPT PSEUDOSECTION:
; EDNS: version: 0, flags:; udp: 65355
; COOKIE: ecab13d86c4ef9930100000062e84e6754207f601b634471 (good)
;; QUESTION SECTION:
;test622.goertzen.              IN      A

;; ANSWER SECTION:
test622.goertzen.       604800  IN      A       42.42.42.42

;; AUTHORITY SECTION:
goertzen.               604011  IN      NS      ns1.goertzen.

;; ADDITIONAL SECTION:
ns1.goertzen.           604011  IN      A       172.20.0.4

;; Query time: 292 msec
;; SERVER: 127.0.0.11#53(127.0.0.11)
;; WHEN: Mon Aug 01 22:06:31 UTC 2022
;; MSG SIZE  rcvd: 123

root@22908a9afbf2:/#
