
root@5f8315611b25:/# dig test934.goertzen

; <<>> DiG 9.16.1-Ubuntu <<>> test934.goertzen
;; global options: +cmd
;; Got answer:
;; ->>HEADER<<- opcode: QUERY, status: NOERROR, id: 16003
;; flags: qr rd ra; QUERY: 1, ANSWER: 1, AUTHORITY: 1, ADDITI
ONAL: 2

;; OPT PSEUDOSECTION:
; EDNS: version: 0, flags:; udp: 65355
; COOKIE: 67e0be6f93eee5f40100000062eb14e885d4510fc3397842 (g
ood)
;; QUESTION SECTION:
;test934.goertzen.              IN      A

;; ANSWER SECTION:
test934.goertzen.       604800  IN      A       42.42.42.42

;; AUTHORITY SECTION:
goertzen.               604773  IN      NS      ns1.goertzen.

;; ADDITIONAL SECTION:
ns1.goertzen.           604773  IN      A       172.20.0.4

;; Query time: 327 msec
;; SERVER: 127.0.0.11#53(127.0.0.11)
;; WHEN: Thu Aug 04 00:38:00 UTC 2022
;; MSG SIZE  rcvd: 123

root@5f8315611b25:/#
