
root@22908a9afbf2:/# dig test857.goertzen

; <<>> DiG 9.16.1-Ubuntu <<>> test857.goertzen
;; global options: +cmd
;; Got answer:
;; ->>HEADER<<- opcode: QUERY, status: NOERROR, id: 19214
;; flags: qr rd ra; QUERY: 1, ANSWER: 1, AUTHORITY: 1, ADDITIONAL: 2

;; OPT PSEUDOSECTION:
; EDNS: version: 0, flags:; udp: 65355
; COOKIE: 07502ca5e31202e60100000062e8512a3b1658e9c79ab85e (good)
;; QUESTION SECTION:
;test857.goertzen.              IN      A

;; ANSWER SECTION:
test857.goertzen.       604800  IN      A       42.42.42.42

;; AUTHORITY SECTION:
goertzen.               603304  IN      NS      ns1.goertzen.

;; ADDITIONAL SECTION:
ns1.goertzen.           603304  IN      A       172.20.0.4

;; Query time: 300 msec
;; SERVER: 127.0.0.11#53(127.0.0.11)
;; WHEN: Mon Aug 01 22:18:18 UTC 2022
;; MSG SIZE  rcvd: 123

root@22908a9afbf2:/#
