
root@1ff2348d8a5a:/# dig test396.goertzen

; <<>> DiG 9.16.1-Ubuntu <<>> test396.goertzen
;; global options: +cmd
;; Got answer:
;; ->>HEADER<<- opcode: QUERY, status: NOERROR, id: 25498
;; flags: qr rd ra; QUERY: 1, ANSWER: 1, AUTHORITY: 1, ADDITI
ONAL: 2

;; OPT PSEUDOSECTION:
; EDNS: version: 0, flags:; udp: 65355
; COOKIE: 4879d771566c33950100000062eb1259d6c97f99abda9901 (g
ood)
;; QUESTION SECTION:
;test396.goertzen.              IN      A

;; ANSWER SECTION:
test396.goertzen.       604800  IN      A       42.42.42.42

;; AUTHORITY SECTION:
goertzen.               604643  IN      NS      ns1.goertzen.

;; ADDITIONAL SECTION:
ns1.goertzen.           604643  IN      A       172.20.0.4

;; Query time: 307 msec
;; SERVER: 127.0.0.11#53(127.0.0.11)
;; WHEN: Thu Aug 04 00:27:05 UTC 2022
;; MSG SIZE  rcvd: 123

root@1ff2348d8a5a:/#
