
root@b5e9812d9471:/# dig test888.goertzen

; <<>> DiG 9.16.1-Ubuntu <<>> test888.goertzen
;; global options: +cmd
;; Got answer:
;; ->>HEADER<<- opcode: QUERY, status: NOERROR, id: 36933
;; flags: qr rd ra; QUERY: 1, ANSWER: 1, AUTHORITY: 1, ADDITI
ONAL: 2

;; OPT PSEUDOSECTION:
; EDNS: version: 0, flags:; udp: 65355
; COOKIE: 063cd7d9cce98c5c0100000062eb144bbf93b3b75022c2cf (g
ood)
;; QUESTION SECTION:
;test888.goertzen.              IN      A

;; ANSWER SECTION:
test888.goertzen.       604800  IN      A       42.42.42.42

;; AUTHORITY SECTION:
goertzen.               604481  IN      NS      ns1.goertzen.

;; ADDITIONAL SECTION:
ns1.goertzen.           604481  IN      A       172.20.0.4

;; Query time: 311 msec
;; SERVER: 127.0.0.11#53(127.0.0.11)
;; WHEN: Thu Aug 04 00:35:23 UTC 2022
;; MSG SIZE  rcvd: 123

root@b5e9812d9471:/#
