
root@b5e9812d9471:/# dig test673.goertzen

; <<>> DiG 9.16.1-Ubuntu <<>> test673.goertzen
;; global options: +cmd
;; Got answer:
;; ->>HEADER<<- opcode: QUERY, status: NOERROR, id: 60927
;; flags: qr rd ra; QUERY: 1, ANSWER: 1, AUTHORITY: 1, ADDITI
ONAL: 2

;; OPT PSEUDOSECTION:
; EDNS: version: 0, flags:; udp: 65355
; COOKIE: ca49d6462a583ccc0100000062eb13a70d29afa7dab33f3d (g
ood)
;; QUESTION SECTION:
;test673.goertzen.              IN      A

;; ANSWER SECTION:
test673.goertzen.       604800  IN      A       42.42.42.42

;; AUTHORITY SECTION:
goertzen.               604645  IN      NS      ns1.goertzen.

;; ADDITIONAL SECTION:
ns1.goertzen.           604645  IN      A       172.20.0.4

;; Query time: 299 msec
;; SERVER: 127.0.0.11#53(127.0.0.11)
;; WHEN: Thu Aug 04 00:32:39 UTC 2022
;; MSG SIZE  rcvd: 123

root@b5e9812d9471:/#
