
root@22908a9afbf2:/# dig test911.goertzen

; <<>> DiG 9.16.1-Ubuntu <<>> test911.goertzen
;; global options: +cmd
;; Got answer:
;; ->>HEADER<<- opcode: QUERY, status: NOERROR, id: 56564
;; flags: qr rd ra; QUERY: 1, ANSWER: 1, AUTHORITY: 1, ADDITIONAL: 2

;; OPT PSEUDOSECTION:
; EDNS: version: 0, flags:; udp: 65355
; COOKIE: 2268dd1f934ec7c10100000062e851cd038d243623ad213e (good)
;; QUESTION SECTION:
;test911.goertzen.              IN      A

;; ANSWER SECTION:
test911.goertzen.       604800  IN      A       42.42.42.42

;; AUTHORITY SECTION:
goertzen.               603141  IN      NS      ns1.goertzen.

;; ADDITIONAL SECTION:
ns1.goertzen.           603141  IN      A       172.20.0.4

;; Query time: 292 msec
;; SERVER: 127.0.0.11#53(127.0.0.11)
;; WHEN: Mon Aug 01 22:21:01 UTC 2022
;; MSG SIZE  rcvd: 123

root@22908a9afbf2:/#
