
root@22908a9afbf2:/# dig test814.goertzen

; <<>> DiG 9.16.1-Ubuntu <<>> test814.goertzen
;; global options: +cmd
;; Got answer:
;; ->>HEADER<<- opcode: QUERY, status: NOERROR, id: 41706
;; flags: qr rd ra; QUERY: 1, ANSWER: 1, AUTHORITY: 1, ADDITIONAL: 2

;; OPT PSEUDOSECTION:
; EDNS: version: 0, flags:; udp: 65355
; COOKIE: a6cfe229fb79ec360100000062e850a9f7c3f3d5723b4509 (good)
;; QUESTION SECTION:
;test814.goertzen.              IN      A

;; ANSWER SECTION:
test814.goertzen.       604800  IN      A       42.42.42.42

;; AUTHORITY SECTION:
goertzen.               603433  IN      NS      ns1.goertzen.

;; ADDITIONAL SECTION:
ns1.goertzen.           603433  IN      A       172.20.0.4

;; Query time: 292 msec
;; SERVER: 127.0.0.11#53(127.0.0.11)
;; WHEN: Mon Aug 01 22:16:09 UTC 2022
;; MSG SIZE  rcvd: 123

root@22908a9afbf2:/#
