
root@b5e9812d9471:/# dig test856.goertzen

; <<>> DiG 9.16.1-Ubuntu <<>> test856.goertzen
;; global options: +cmd
;; Got answer:
;; ->>HEADER<<- opcode: QUERY, status: NOERROR, id: 40826
;; flags: qr rd ra; QUERY: 1, ANSWER: 1, AUTHORITY: 1, ADDITI
ONAL: 2

;; OPT PSEUDOSECTION:
; EDNS: version: 0, flags:; udp: 65355
; COOKIE: b1a621b82ad211ba0100000062eb14323e505838521405e0 (g
ood)
;; QUESTION SECTION:
;test856.goertzen.              IN      A

;; ANSWER SECTION:
test856.goertzen.       604800  IN      A       42.42.42.42

;; AUTHORITY SECTION:
goertzen.               604506  IN      NS      ns1.goertzen.

;; ADDITIONAL SECTION:
ns1.goertzen.           604506  IN      A       172.20.0.4

;; Query time: 319 msec
;; SERVER: 127.0.0.11#53(127.0.0.11)
;; WHEN: Thu Aug 04 00:34:58 UTC 2022
;; MSG SIZE  rcvd: 123

root@b5e9812d9471:/#
