
root@1ff2348d8a5a:/# dig test463.goertzen

; <<>> DiG 9.16.1-Ubuntu <<>> test463.goertzen
;; global options: +cmd
;; Got answer:
;; ->>HEADER<<- opcode: QUERY, status: NOERROR, id: 6047
;; flags: qr rd ra; QUERY: 1, ANSWER: 1, AUTHORITY: 1, ADDITI
ONAL: 2

;; OPT PSEUDOSECTION:
; EDNS: version: 0, flags:; udp: 65355
; COOKIE: 83809bdf3d29b37a0100000062eb128c7af41c351179d0fc (g
ood)
;; QUESTION SECTION:
;test463.goertzen.              IN      A

;; ANSWER SECTION:
test463.goertzen.       604800  IN      A       42.42.42.42

;; AUTHORITY SECTION:
goertzen.               604592  IN      NS      ns1.goertzen.

;; ADDITIONAL SECTION:
ns1.goertzen.           604592  IN      A       172.20.0.4

;; Query time: 303 msec
;; SERVER: 127.0.0.11#53(127.0.0.11)
;; WHEN: Thu Aug 04 00:27:56 UTC 2022
;; MSG SIZE  rcvd: 123

root@1ff2348d8a5a:/#
