
root@7dbf528480e0:/# dig test331.goertzen

; <<>> DiG 9.16.1-Ubuntu <<>> test331.goertzen
;; global options: +cmd
;; Got answer:
;; ->>HEADER<<- opcode: QUERY, status: NOERROR, id: 17698
;; flags: qr rd ra; QUERY: 1, ANSWER: 1, AUTHORITY: 1, ADDITIONAL: 2

;; OPT PSEUDOSECTION:
; EDNS: version: 0, flags:; udp: 65355
; COOKIE: 90775e66f0c1cbe40100000062dc5178ddc731358f73bd09 (good)
;; QUESTION SECTION:
;test331.goertzen.              IN      A

;; ANSWER SECTION:
test331.goertzen.       604800  IN      A       42.42.42.42

;; AUTHORITY SECTION:
goertzen.               604625  IN      NS      ns1.goertzen.

;; ADDITIONAL SECTION:
ns1.goertzen.           604625  IN      A       172.20.0.4

;; Query time: 24 msec
;; SERVER: 127.0.0.11#53(127.0.0.11)
;; WHEN: Sat Jul 23 19:52:24 UTC 2022
;; MSG SIZE  rcvd: 123

root@7dbf528480e0:/#
