
root@7dbf528480e0:/# dig test292.goertzen

; <<>> DiG 9.16.1-Ubuntu <<>> test292.goertzen
;; global options: +cmd
;; Got answer:
;; ->>HEADER<<- opcode: QUERY, status: NOERROR, id: 38439
;; flags: qr rd ra; QUERY: 1, ANSWER: 1, AUTHORITY: 1, ADDITIONAL: 2

;; OPT PSEUDOSECTION:
; EDNS: version: 0, flags:; udp: 65355
; COOKIE: 36df94d73c68cd9e0100000062dc5164cc16df92fd12afa2 (good)
;; QUESTION SECTION:
;test292.goertzen.              IN      A

;; ANSWER SECTION:
test292.goertzen.       604800  IN      A       42.42.42.42

;; AUTHORITY SECTION:
goertzen.               604645  IN      NS      ns1.goertzen.

;; ADDITIONAL SECTION:
ns1.goertzen.           604645  IN      A       172.20.0.4

;; Query time: 16 msec
;; SERVER: 127.0.0.11#53(127.0.0.11)
;; WHEN: Sat Jul 23 19:52:04 UTC 2022
;; MSG SIZE  rcvd: 123

root@7dbf528480e0:/#
