
root@7dbf528480e0:/# dig test219.goertzen

; <<>> DiG 9.16.1-Ubuntu <<>> test219.goertzen
;; global options: +cmd
;; Got answer:
;; ->>HEADER<<- opcode: QUERY, status: NOERROR, id: 45486
;; flags: qr rd ra; QUERY: 1, ANSWER: 1, AUTHORITY: 1, ADDITIONAL: 2

;; OPT PSEUDOSECTION:
; EDNS: version: 0, flags:; udp: 65355
; COOKIE: 777766b31e7c3adb0100000062dc513ff93c2c03d62a9d5e (good)
;; QUESTION SECTION:
;test219.goertzen.              IN      A

;; ANSWER SECTION:
test219.goertzen.       604800  IN      A       42.42.42.42

;; AUTHORITY SECTION:
goertzen.               604682  IN      NS      ns1.goertzen.

;; ADDITIONAL SECTION:
ns1.goertzen.           604682  IN      A       172.20.0.4

;; Query time: 8 msec
;; SERVER: 127.0.0.11#53(127.0.0.11)
;; WHEN: Sat Jul 23 19:51:27 UTC 2022
;; MSG SIZE  rcvd: 123

root@7dbf528480e0:/#
