
root@7dbf528480e0:/# dig test767.goertzen

; <<>> DiG 9.16.1-Ubuntu <<>> test767.goertzen
;; global options: +cmd
;; Got answer:
;; ->>HEADER<<- opcode: QUERY, status: NOERROR, id: 44161
;; flags: qr rd ra; QUERY: 1, ANSWER: 1, AUTHORITY: 1, ADDITIONAL: 2

;; OPT PSEUDOSECTION:
; EDNS: version: 0, flags:; udp: 65355
; COOKIE: 97a0da57cd7431e30100000062dc5286d5b1e9964d299d58 (good)
;; QUESTION SECTION:
;test767.goertzen.              IN      A

;; ANSWER SECTION:
test767.goertzen.       604800  IN      A       42.42.42.42

;; AUTHORITY SECTION:
goertzen.               604355  IN      NS      ns1.goertzen.

;; ADDITIONAL SECTION:
ns1.goertzen.           604355  IN      A       172.20.0.4

;; Query time: 24 msec
;; SERVER: 127.0.0.11#53(127.0.0.11)
;; WHEN: Sat Jul 23 19:56:54 UTC 2022
;; MSG SIZE  rcvd: 123

root@7dbf528480e0:/#
