
root@7dbf528480e0:/# dig test814.goertzen

; <<>> DiG 9.16.1-Ubuntu <<>> test814.goertzen
;; global options: +cmd
;; Got answer:
;; ->>HEADER<<- opcode: QUERY, status: NOERROR, id: 31589
;; flags: qr rd ra; QUERY: 1, ANSWER: 1, AUTHORITY: 1, ADDITIONAL: 2

;; OPT PSEUDOSECTION:
; EDNS: version: 0, flags:; udp: 65355
; COOKIE: ffbe46323a131d660100000062dc52a53d101144c23c5de9 (good)
;; QUESTION SECTION:
;test814.goertzen.              IN      A

;; ANSWER SECTION:
test814.goertzen.       604800  IN      A       42.42.42.42

;; AUTHORITY SECTION:
goertzen.               604324  IN      NS      ns1.goertzen.

;; ADDITIONAL SECTION:
ns1.goertzen.           604324  IN      A       172.20.0.4

;; Query time: 20 msec
;; SERVER: 127.0.0.11#53(127.0.0.11)
;; WHEN: Sat Jul 23 19:57:25 UTC 2022
;; MSG SIZE  rcvd: 123

root@7dbf528480e0:/#
