
root@7dbf528480e0:/# dig test300.goertzen

; <<>> DiG 9.16.1-Ubuntu <<>> test300.goertzen
;; global options: +cmd
;; Got answer:
;; ->>HEADER<<- opcode: QUERY, status: NOERROR, id: 55906
;; flags: qr rd ra; QUERY: 1, ANSWER: 1, AUTHORITY: 1, ADDITIONAL: 2

;; OPT PSEUDOSECTION:
; EDNS: version: 0, flags:; udp: 65355
; COOKIE: 5b2b8034ef0df5890100000062dc51681ca5fde6c66fab11 (good)
;; QUESTION SECTION:
;test300.goertzen.              IN      A

;; ANSWER SECTION:
test300.goertzen.       604800  IN      A       42.42.42.42

;; AUTHORITY SECTION:
goertzen.               604641  IN      NS      ns1.goertzen.

;; ADDITIONAL SECTION:
ns1.goertzen.           604641  IN      A       172.20.0.4

;; Query time: 12 msec
;; SERVER: 127.0.0.11#53(127.0.0.11)
;; WHEN: Sat Jul 23 19:52:08 UTC 2022
;; MSG SIZE  rcvd: 123

root@7dbf528480e0:/#
