
root@7dbf528480e0:/# dig test631.goertzen

; <<>> DiG 9.16.1-Ubuntu <<>> test631.goertzen
;; global options: +cmd
;; Got answer:
;; ->>HEADER<<- opcode: QUERY, status: NOERROR, id: 52885
;; flags: qr rd ra; QUERY: 1, ANSWER: 1, AUTHORITY: 1, ADDITIONAL: 2

;; OPT PSEUDOSECTION:
; EDNS: version: 0, flags:; udp: 65355
; COOKIE: 4bc8a7a32053f75c0100000062dc523a3d61cc3fd5081171 (good)
;; QUESTION SECTION:
;test631.goertzen.              IN      A

;; ANSWER SECTION:
test631.goertzen.       604800  IN      A       42.42.42.42

;; AUTHORITY SECTION:
goertzen.               604431  IN      NS      ns1.goertzen.

;; ADDITIONAL SECTION:
ns1.goertzen.           604431  IN      A       172.20.0.4

;; Query time: 16 msec
;; SERVER: 127.0.0.11#53(127.0.0.11)
;; WHEN: Sat Jul 23 19:55:38 UTC 2022
;; MSG SIZE  rcvd: 123

root@7dbf528480e0:/#
