
root@7dbf528480e0:/# dig test353.goertzen

; <<>> DiG 9.16.1-Ubuntu <<>> test353.goertzen
;; global options: +cmd
;; Got answer:
;; ->>HEADER<<- opcode: QUERY, status: NOERROR, id: 47907
;; flags: qr rd ra; QUERY: 1, ANSWER: 1, AUTHORITY: 1, ADDITIONAL: 2

;; OPT PSEUDOSECTION:
; EDNS: version: 0, flags:; udp: 65355
; COOKIE: ab473ed5c59ff6370100000062dc5184cceee0a5da04df0b (good)
;; QUESTION SECTION:
;test353.goertzen.              IN      A

;; ANSWER SECTION:
test353.goertzen.       604800  IN      A       42.42.42.42

;; AUTHORITY SECTION:
goertzen.               604613  IN      NS      ns1.goertzen.

;; ADDITIONAL SECTION:
ns1.goertzen.           604613  IN      A       172.20.0.4

;; Query time: 40 msec
;; SERVER: 127.0.0.11#53(127.0.0.11)
;; WHEN: Sat Jul 23 19:52:36 UTC 2022
;; MSG SIZE  rcvd: 123

root@7dbf528480e0:/#
