
root@7dbf528480e0:/# dig test857.goertzen

; <<>> DiG 9.16.1-Ubuntu <<>> test857.goertzen
;; global options: +cmd
;; Got answer:
;; ->>HEADER<<- opcode: QUERY, status: NOERROR, id: 6605
;; flags: qr rd ra; QUERY: 1, ANSWER: 1, AUTHORITY: 1, ADDITIONAL: 2

;; OPT PSEUDOSECTION:
; EDNS: version: 0, flags:; udp: 65355
; COOKIE: 71d635a3892a65c60100000062dc52bb11f1b11031b70b43 (good)
;; QUESTION SECTION:
;test857.goertzen.              IN      A

;; ANSWER SECTION:
test857.goertzen.       604800  IN      A       42.42.42.42

;; AUTHORITY SECTION:
goertzen.               604302  IN      NS      ns1.goertzen.

;; ADDITIONAL SECTION:
ns1.goertzen.           604302  IN      A       172.20.0.4

;; Query time: 8 msec
;; SERVER: 127.0.0.11#53(127.0.0.11)
;; WHEN: Sat Jul 23 19:57:47 UTC 2022
;; MSG SIZE  rcvd: 123

root@7dbf528480e0:/#
