
root@f1805f751c27:/# dig test853.goertzen

; <<>> DiG 9.16.1-Ubuntu <<>> test853.goertzen
;; global options: +cmd
;; Got answer:
;; ->>HEADER<<- opcode: QUERY, status: NOERROR, id: 18073
;; flags: qr rd ra; QUERY: 1, ANSWER: 1, AUTHORITY: 1, ADDITIONAL: 2

;; OPT PSEUDOSECTION:
; EDNS: version: 0, flags:; udp: 65355
; COOKIE: b8f11324577f064d0100000062dc647e62fdc0211bc8c131 (good)
;; QUESTION SECTION:
;test853.goertzen.              IN      A

;; ANSWER SECTION:
test853.goertzen.       604800  IN      A       42.42.42.42

;; AUTHORITY SECTION:
goertzen.               604354  IN      NS      ns1.goertzen.

;; ADDITIONAL SECTION:
ns1.goertzen.           604354  IN      A       172.20.0.4

;; Query time: 80 msec
;; SERVER: 127.0.0.11#53(127.0.0.11)
;; WHEN: Sat Jul 23 21:13:34 UTC 2022
;; MSG SIZE  rcvd: 123

root@f1805f751c27:/#
