
root@f1805f751c27:/# dig test152.goertzen

; <<>> DiG 9.16.1-Ubuntu <<>> test152.goertzen
;; global options: +cmd
;; Got answer:
;; ->>HEADER<<- opcode: QUERY, status: NOERROR, id: 55166
;; flags: qr rd ra; QUERY: 1, ANSWER: 1, AUTHORITY: 1, ADDITIONAL: 2

;; OPT PSEUDOSECTION:
; EDNS: version: 0, flags:; udp: 65355
; COOKIE: d14cfbfa3018eb090100000062dc63161b153d3626c42d1a (good)
;; QUESTION SECTION:
;test152.goertzen.              IN      A

;; ANSWER SECTION:
test152.goertzen.       604800  IN      A       42.42.42.42

;; AUTHORITY SECTION:
goertzen.               604714  IN      NS      ns1.goertzen.

;; ADDITIONAL SECTION:
ns1.goertzen.           604714  IN      A       172.20.0.4

;; Query time: 76 msec
;; SERVER: 127.0.0.11#53(127.0.0.11)
;; WHEN: Sat Jul 23 21:07:34 UTC 2022
;; MSG SIZE  rcvd: 123

root@f1805f751c27:/#
