
root@f1805f751c27:/# dig test278.goertzen

; <<>> DiG 9.16.1-Ubuntu <<>> test278.goertzen
;; global options: +cmd
;; Got answer:
;; ->>HEADER<<- opcode: QUERY, status: NOERROR, id: 20770
;; flags: qr rd ra; QUERY: 1, ANSWER: 1, AUTHORITY: 1, ADDITIONAL: 2

;; OPT PSEUDOSECTION:
; EDNS: version: 0, flags:; udp: 65355
; COOKIE: a2f6e1e37f3103ac0100000062dc635784361a7a31e4d17f (good)
;; QUESTION SECTION:
;test278.goertzen.              IN      A

;; ANSWER SECTION:
test278.goertzen.       604800  IN      A       42.42.42.42

;; AUTHORITY SECTION:
goertzen.               604649  IN      NS      ns1.goertzen.

;; ADDITIONAL SECTION:
ns1.goertzen.           604649  IN      A       172.20.0.4

;; Query time: 80 msec
;; SERVER: 127.0.0.11#53(127.0.0.11)
;; WHEN: Sat Jul 23 21:08:39 UTC 2022
;; MSG SIZE  rcvd: 123

root@f1805f751c27:/#
