
root@f1805f751c27:/# dig test341.goertzen

; <<>> DiG 9.16.1-Ubuntu <<>> test341.goertzen
;; global options: +cmd
;; Got answer:
;; ->>HEADER<<- opcode: QUERY, status: NOERROR, id: 11125
;; flags: qr rd ra; QUERY: 1, ANSWER: 1, AUTHORITY: 1, ADDITIONAL: 2

;; OPT PSEUDOSECTION:
; EDNS: version: 0, flags:; udp: 65355
; COOKIE: b0eeb394a85f38300100000062dc6377ec7d50a9a9628772 (good)
;; QUESTION SECTION:
;test341.goertzen.              IN      A

;; ANSWER SECTION:
test341.goertzen.       604800  IN      A       42.42.42.42

;; AUTHORITY SECTION:
goertzen.               604617  IN      NS      ns1.goertzen.

;; ADDITIONAL SECTION:
ns1.goertzen.           604617  IN      A       172.20.0.4

;; Query time: 80 msec
;; SERVER: 127.0.0.11#53(127.0.0.11)
;; WHEN: Sat Jul 23 21:09:11 UTC 2022
;; MSG SIZE  rcvd: 123

root@f1805f751c27:/#
