
root@f1805f751c27:/# dig test898.goertzen

; <<>> DiG 9.16.1-Ubuntu <<>> test898.goertzen
;; global options: +cmd
;; Got answer:
;; ->>HEADER<<- opcode: QUERY, status: NOERROR, id: 62257
;; flags: qr rd ra; QUERY: 1, ANSWER: 1, AUTHORITY: 1, ADDITIONAL: 2

;; OPT PSEUDOSECTION:
; EDNS: version: 0, flags:; udp: 65355
; COOKIE: 235a7e9269261d190100000062dc6495e6d84fc6be141ec6 (good)
;; QUESTION SECTION:
;test898.goertzen.              IN      A

;; ANSWER SECTION:
test898.goertzen.       604800  IN      A       42.42.42.42

;; AUTHORITY SECTION:
goertzen.               604331  IN      NS      ns1.goertzen.

;; ADDITIONAL SECTION:
ns1.goertzen.           604331  IN      A       172.20.0.4

;; Query time: 76 msec
;; SERVER: 127.0.0.11#53(127.0.0.11)
;; WHEN: Sat Jul 23 21:13:57 UTC 2022
;; MSG SIZE  rcvd: 123

root@f1805f751c27:/#
