
root@f1805f751c27:/# dig test694.goertzen

; <<>> DiG 9.16.1-Ubuntu <<>> test694.goertzen
;; global options: +cmd
;; Got answer:
;; ->>HEADER<<- opcode: QUERY, status: NOERROR, id: 54925
;; flags: qr rd ra; QUERY: 1, ANSWER: 1, AUTHORITY: 1, ADDITIONAL: 2

;; OPT PSEUDOSECTION:
; EDNS: version: 0, flags:; udp: 65355
; COOKIE: 688e665dcd3de45d0100000062dc642c4815defe87148fa9 (good)
;; QUESTION SECTION:
;test694.goertzen.              IN      A

;; ANSWER SECTION:
test694.goertzen.       604800  IN      A       42.42.42.42

;; AUTHORITY SECTION:
goertzen.               604436  IN      NS      ns1.goertzen.

;; ADDITIONAL SECTION:
ns1.goertzen.           604436  IN      A       172.20.0.4

;; Query time: 76 msec
;; SERVER: 127.0.0.11#53(127.0.0.11)
;; WHEN: Sat Jul 23 21:12:12 UTC 2022
;; MSG SIZE  rcvd: 123

root@f1805f751c27:/#
