
root@b1a17432ede4:/# dig test889.goertzen

; <<>> DiG 9.16.1-Ubuntu <<>> test889.goertzen
;; global options: +cmd
;; Got answer:
;; ->>HEADER<<- opcode: QUERY, status: NOERROR, id: 46697
;; flags: qr rd ra; QUERY: 1, ANSWER: 1, AUTHORITY: 1, ADDITIONAL: 2

;; OPT PSEUDOSECTION:
; EDNS: version: 0, flags:; udp: 65355
; COOKIE: 9d824f8d63fe3f0f0100000062dc5e4b5707d1bd206be57a (good)
;; QUESTION SECTION:
;test889.goertzen.              IN      A

;; ANSWER SECTION:
test889.goertzen.       604800  IN      A       42.42.42.42

;; AUTHORITY SECTION:
goertzen.               604336  IN      NS      ns1.goertzen.

;; ADDITIONAL SECTION:
ns1.goertzen.           604336  IN      A       172.20.0.4

;; Query time: 36 msec
;; SERVER: 127.0.0.11#53(127.0.0.11)
;; WHEN: Sat Jul 23 20:47:07 UTC 2022
;; MSG SIZE  rcvd: 123

root@b1a17432ede4:/#
