
root@b1a17432ede4:/# dig test510.goertzen

; <<>> DiG 9.16.1-Ubuntu <<>> test510.goertzen
;; global options: +cmd
;; Got answer:
;; ->>HEADER<<- opcode: QUERY, status: NOERROR, id: 13519
;; flags: qr rd ra; QUERY: 1, ANSWER: 1, AUTHORITY: 1, ADDITIONAL: 2

;; OPT PSEUDOSECTION:
; EDNS: version: 0, flags:; udp: 65355
; COOKIE: d766a7f0db5d384b0100000062dc5d88f41be877f5904293 (good)
;; QUESTION SECTION:
;test510.goertzen.              IN      A

;; ANSWER SECTION:
test510.goertzen.       604800  IN      A       42.42.42.42

;; AUTHORITY SECTION:
goertzen.               604531  IN      NS      ns1.goertzen.

;; ADDITIONAL SECTION:
ns1.goertzen.           604531  IN      A       172.20.0.4

;; Query time: 36 msec
;; SERVER: 127.0.0.11#53(127.0.0.11)
;; WHEN: Sat Jul 23 20:43:52 UTC 2022
;; MSG SIZE  rcvd: 123

root@b1a17432ede4:/#
