
root@b1a17432ede4:/# dig test565.goertzen

; <<>> DiG 9.16.1-Ubuntu <<>> test565.goertzen
;; global options: +cmd
;; Got answer:
;; ->>HEADER<<- opcode: QUERY, status: NOERROR, id: 65121
;; flags: qr rd ra; QUERY: 1, ANSWER: 1, AUTHORITY: 1, ADDITIONAL: 2

;; OPT PSEUDOSECTION:
; EDNS: version: 0, flags:; udp: 65355
; COOKIE: 95630cd477ab139a0100000062dc5da4f1a10a7c31a8f312 (good)
;; QUESTION SECTION:
;test565.goertzen.              IN      A

;; ANSWER SECTION:
test565.goertzen.       604800  IN      A       42.42.42.42

;; AUTHORITY SECTION:
goertzen.               604503  IN      NS      ns1.goertzen.

;; ADDITIONAL SECTION:
ns1.goertzen.           604503  IN      A       172.20.0.4

;; Query time: 36 msec
;; SERVER: 127.0.0.11#53(127.0.0.11)
;; WHEN: Sat Jul 23 20:44:20 UTC 2022
;; MSG SIZE  rcvd: 123

root@b1a17432ede4:/#
