
root@b1a17432ede4:/# dig test75.goertzen

; <<>> DiG 9.16.1-Ubuntu <<>> test75.goertzen
;; global options: +cmd
;; Got answer:
;; ->>HEADER<<- opcode: QUERY, status: NOERROR, id: 29185
;; flags: qr rd ra; QUERY: 1, ANSWER: 1, AUTHORITY: 1, ADDITIONAL: 2

;; OPT PSEUDOSECTION:
; EDNS: version: 0, flags:; udp: 65355
; COOKIE: 33686f1f652587fc0100000062dc5ca9926cd5478a6233fd (good)
;; QUESTION SECTION:
;test75.goertzen.               IN      A

;; ANSWER SECTION:
test75.goertzen.        604800  IN      A       42.42.42.42

;; AUTHORITY SECTION:
goertzen.               604754  IN      NS      ns1.goertzen.

;; ADDITIONAL SECTION:
ns1.goertzen.           604754  IN      A       172.20.0.4

;; Query time: 36 msec
;; SERVER: 127.0.0.11#53(127.0.0.11)
;; WHEN: Sat Jul 23 20:40:09 UTC 2022
;; MSG SIZE  rcvd: 122

root@b1a17432ede4:/#
