
root@b1a17432ede4:/# dig test714.goertzen

; <<>> DiG 9.16.1-Ubuntu <<>> test714.goertzen
;; global options: +cmd
;; Got answer:
;; ->>HEADER<<- opcode: QUERY, status: NOERROR, id: 375
;; flags: qr rd ra; QUERY: 1, ANSWER: 1, AUTHORITY: 1, ADDITIONAL: 2

;; OPT PSEUDOSECTION:
; EDNS: version: 0, flags:; udp: 65355
; COOKIE: feb8d158371d5bd10100000062dc5df1fb1dc6fa0dcfe976 (good)
;; QUESTION SECTION:
;test714.goertzen.              IN      A

;; ANSWER SECTION:
test714.goertzen.       604800  IN      A       42.42.42.42

;; AUTHORITY SECTION:
goertzen.               604426  IN      NS      ns1.goertzen.

;; ADDITIONAL SECTION:
ns1.goertzen.           604426  IN      A       172.20.0.4

;; Query time: 36 msec
;; SERVER: 127.0.0.11#53(127.0.0.11)
;; WHEN: Sat Jul 23 20:45:37 UTC 2022
;; MSG SIZE  rcvd: 123

root@b1a17432ede4:/#
