
root@b1a17432ede4:/# dig test758.goertzen

; <<>> DiG 9.16.1-Ubuntu <<>> test758.goertzen
;; global options: +cmd
;; Got answer:
;; ->>HEADER<<- opcode: QUERY, status: NOERROR, id: 30503
;; flags: qr rd ra; QUERY: 1, ANSWER: 1, AUTHORITY: 1, ADDITIONAL: 2

;; OPT PSEUDOSECTION:
; EDNS: version: 0, flags:; udp: 65355
; COOKIE: ead5339381a785640100000062dc5e07e07e803fba009452 (good)
;; QUESTION SECTION:
;test758.goertzen.              IN      A

;; ANSWER SECTION:
test758.goertzen.       604800  IN      A       42.42.42.42

;; AUTHORITY SECTION:
goertzen.               604404  IN      NS      ns1.goertzen.

;; ADDITIONAL SECTION:
ns1.goertzen.           604404  IN      A       172.20.0.4

;; Query time: 36 msec
;; SERVER: 127.0.0.11#53(127.0.0.11)
;; WHEN: Sat Jul 23 20:45:59 UTC 2022
;; MSG SIZE  rcvd: 123

root@b1a17432ede4:/#
