
root@b1a17432ede4:/# dig test476.goertzen

; <<>> DiG 9.16.1-Ubuntu <<>> test476.goertzen
;; global options: +cmd
;; Got answer:
;; ->>HEADER<<- opcode: QUERY, status: NOERROR, id: 29329
;; flags: qr rd ra; QUERY: 1, ANSWER: 1, AUTHORITY: 1, ADDITIONAL: 2

;; OPT PSEUDOSECTION:
; EDNS: version: 0, flags:; udp: 65355
; COOKIE: 3c03bc943a469ce40100000062dc5d778342aa4cfd00e1c5 (good)
;; QUESTION SECTION:
;test476.goertzen.              IN      A

;; ANSWER SECTION:
test476.goertzen.       604800  IN      A       42.42.42.42

;; AUTHORITY SECTION:
goertzen.               604548  IN      NS      ns1.goertzen.

;; ADDITIONAL SECTION:
ns1.goertzen.           604548  IN      A       172.20.0.4

;; Query time: 32 msec
;; SERVER: 127.0.0.11#53(127.0.0.11)
;; WHEN: Sat Jul 23 20:43:35 UTC 2022
;; MSG SIZE  rcvd: 123

root@b1a17432ede4:/#
