
root@b1a17432ede4:/# dig test748.goertzen

; <<>> DiG 9.16.1-Ubuntu <<>> test748.goertzen
;; global options: +cmd
;; Got answer:
;; ->>HEADER<<- opcode: QUERY, status: NOERROR, id: 15982
;; flags: qr rd ra; QUERY: 1, ANSWER: 1, AUTHORITY: 1, ADDITIONAL: 2

;; OPT PSEUDOSECTION:
; EDNS: version: 0, flags:; udp: 65355
; COOKIE: 89f7a81c233a00bb0100000062dc5e0285b6fb783eb50567 (good)
;; QUESTION SECTION:
;test748.goertzen.              IN      A

;; ANSWER SECTION:
test748.goertzen.       604800  IN      A       42.42.42.42

;; AUTHORITY SECTION:
goertzen.               604409  IN      NS      ns1.goertzen.

;; ADDITIONAL SECTION:
ns1.goertzen.           604409  IN      A       172.20.0.4

;; Query time: 36 msec
;; SERVER: 127.0.0.11#53(127.0.0.11)
;; WHEN: Sat Jul 23 20:45:54 UTC 2022
;; MSG SIZE  rcvd: 123

root@b1a17432ede4:/#
