
root@7b6791074b9b:/# dig test423.goertzen

; <<>> DiG 9.16.1-Ubuntu <<>> test423.goertzen
;; global options: +cmd
;; Got answer:
;; ->>HEADER<<- opcode: QUERY, status: NOERROR, id: 15344
;; flags: qr rd ra ad; QUERY: 1, ANSWER: 1, AUTHORITY: 1, ADDITIONAL: 2

;; OPT PSEUDOSECTION:
; EDNS: version: 0, flags:; udp: 65355
; COOKIE: 327525b53d91189b0100000062ddb7138bab35a13502c366 (good)
;; QUESTION SECTION:
;test423.goertzen.              IN      A

;; ANSWER SECTION:
test423.goertzen.       604800  IN      A       42.42.42.42

;; AUTHORITY SECTION:
goertzen.               604486  IN      NS      ns1.goertzen.

;; ADDITIONAL SECTION:
ns1.goertzen.           604486  IN      A       172.20.0.4

;; Query time: 296 msec
;; SERVER: 127.0.0.11#53(127.0.0.11)
;; WHEN: Sun Jul 24 21:18:11 UTC 2022
;; MSG SIZE  rcvd: 123

root@7b6791074b9b:/#
