
root@1807f0a78351:/# dig test787.goertzen

; <<>> DiG 9.16.1-Ubuntu <<>> test787.goertzen
;; global options: +cmd
;; Got answer:
;; ->>HEADER<<- opcode: QUERY, status: NOERROR, id: 52353
;; flags: qr rd ra ad; QUERY: 1, ANSWER: 1, AUTHORITY: 1, ADDITIONAL: 2

;; OPT PSEUDOSECTION:
; EDNS: version: 0, flags:; udp: 65355
; COOKIE: c3343f600f18a22c0100000062ddb8ae809d7a6a3dc98770 (good)
;; QUESTION SECTION:
;test787.goertzen.              IN      A

;; ANSWER SECTION:
test787.goertzen.       604800  IN      A       42.42.42.42

;; AUTHORITY SECTION:
goertzen.               604462  IN      NS      ns1.goertzen.

;; ADDITIONAL SECTION:
ns1.goertzen.           604462  IN      A       172.20.0.4

;; Query time: 292 msec
;; SERVER: 127.0.0.11#53(127.0.0.11)
;; WHEN: Sun Jul 24 21:25:02 UTC 2022
;; MSG SIZE  rcvd: 123

root@1807f0a78351:/#
