
root@1807f0a78351:/# dig test810.goertzen

; <<>> DiG 9.16.1-Ubuntu <<>> test810.goertzen
;; global options: +cmd
;; Got answer:
;; ->>HEADER<<- opcode: QUERY, status: NOERROR, id: 11972
;; flags: qr rd ra ad; QUERY: 1, ANSWER: 1, AUTHORITY: 1, ADDITIONAL: 2

;; OPT PSEUDOSECTION:
; EDNS: version: 0, flags:; udp: 65355
; COOKIE: b81581ab551963fd0100000062ddb8c54880e39fb6472d1d (good)
;; QUESTION SECTION:
;test810.goertzen.              IN      A

;; ANSWER SECTION:
test810.goertzen.       604800  IN      A       42.42.42.42

;; AUTHORITY SECTION:
goertzen.               604439  IN      NS      ns1.goertzen.

;; ADDITIONAL SECTION:
ns1.goertzen.           604439  IN      A       172.20.0.4

;; Query time: 292 msec
;; SERVER: 127.0.0.11#53(127.0.0.11)
;; WHEN: Sun Jul 24 21:25:25 UTC 2022
;; MSG SIZE  rcvd: 123

root@1807f0a78351:/#
