
root@7b6791074b9b:/# dig test390.goertzen

; <<>> DiG 9.16.1-Ubuntu <<>> test390.goertzen
;; global options: +cmd
;; Got answer:
;; ->>HEADER<<- opcode: QUERY, status: NOERROR, id: 39105
;; flags: qr rd ra ad; QUERY: 1, ANSWER: 1, AUTHORITY: 1, ADDITIONAL: 2

;; OPT PSEUDOSECTION:
; EDNS: version: 0, flags:; udp: 65355
; COOKIE: d950dd6303609b050100000062ddb6f2847b269a0a15175f (good)
;; QUESTION SECTION:
;test390.goertzen.              IN      A

;; ANSWER SECTION:
test390.goertzen.       604800  IN      A       42.42.42.42

;; AUTHORITY SECTION:
goertzen.               604519  IN      NS      ns1.goertzen.

;; ADDITIONAL SECTION:
ns1.goertzen.           604519  IN      A       172.20.0.4

;; Query time: 292 msec
;; SERVER: 127.0.0.11#53(127.0.0.11)
;; WHEN: Sun Jul 24 21:17:38 UTC 2022
;; MSG SIZE  rcvd: 123

root@7b6791074b9b:/#
