
root@7b6791074b9b:/# dig test316.goertzen

; <<>> DiG 9.16.1-Ubuntu <<>> test316.goertzen
;; global options: +cmd
;; Got answer:
;; ->>HEADER<<- opcode: QUERY, status: NOERROR, id: 60517
;; flags: qr rd ra ad; QUERY: 1, ANSWER: 1, AUTHORITY: 1, ADDITIONAL: 2

;; OPT PSEUDOSECTION:
; EDNS: version: 0, flags:; udp: 65355
; COOKIE: 4b0a8fa7f98bf4570100000062ddb6a7a495ba5f855e24e6 (good)
;; QUESTION SECTION:
;test316.goertzen.              IN      A

;; ANSWER SECTION:
test316.goertzen.       604800  IN      A       42.42.42.42

;; AUTHORITY SECTION:
goertzen.               604594  IN      NS      ns1.goertzen.

;; ADDITIONAL SECTION:
ns1.goertzen.           604594  IN      A       172.20.0.4

;; Query time: 296 msec
;; SERVER: 127.0.0.11#53(127.0.0.11)
;; WHEN: Sun Jul 24 21:16:23 UTC 2022
;; MSG SIZE  rcvd: 123

root@7b6791074b9b:/#
