
root@1807f0a78351:/# dig test783.goertzen

; <<>> DiG 9.16.1-Ubuntu <<>> test783.goertzen
;; global options: +cmd
;; Got answer:
;; ->>HEADER<<- opcode: QUERY, status: NOERROR, id: 36508
;; flags: qr rd ra ad; QUERY: 1, ANSWER: 1, AUTHORITY: 1, ADDITIONAL: 2

;; OPT PSEUDOSECTION:
; EDNS: version: 0, flags:; udp: 65355
; COOKIE: bf0c4c72fb0f76090100000062ddb8aa31d2669a2e05e750 (good)
;; QUESTION SECTION:
;test783.goertzen.              IN      A

;; ANSWER SECTION:
test783.goertzen.       604800  IN      A       42.42.42.42

;; AUTHORITY SECTION:
goertzen.               604466  IN      NS      ns1.goertzen.

;; ADDITIONAL SECTION:
ns1.goertzen.           604466  IN      A       172.20.0.4

;; Query time: 292 msec
;; SERVER: 127.0.0.11#53(127.0.0.11)
;; WHEN: Sun Jul 24 21:24:58 UTC 2022
;; MSG SIZE  rcvd: 123

root@1807f0a78351:/#
