
root@1807f0a78351:/# dig test479.goertzen

; <<>> DiG 9.16.1-Ubuntu <<>> test479.goertzen
;; global options: +cmd
;; Got answer:
;; ->>HEADER<<- opcode: QUERY, status: NOERROR, id: 3585
;; flags: qr rd ra ad; QUERY: 1, ANSWER: 1, AUTHORITY: 1, ADDITIONAL: 2

;; OPT PSEUDOSECTION:
; EDNS: version: 0, flags:; udp: 65355
; COOKIE: 20e9f7119134252d0100000062ddb77696fb6e163c93f173 (good)
;; QUESTION SECTION:
;test479.goertzen.              IN      A

;; ANSWER SECTION:
test479.goertzen.       604800  IN      A       42.42.42.42

;; AUTHORITY SECTION:
goertzen.               604774  IN      NS      ns1.goertzen.

;; ADDITIONAL SECTION:
ns1.goertzen.           604774  IN      A       172.20.0.4

;; Query time: 296 msec
;; SERVER: 127.0.0.11#53(127.0.0.11)
;; WHEN: Sun Jul 24 21:19:50 UTC 2022
;; MSG SIZE  rcvd: 123

root@1807f0a78351:/#
