
root@7b6791074b9b:/# dig test169.goertzen

; <<>> DiG 9.16.1-Ubuntu <<>> test169.goertzen
;; global options: +cmd
;; Got answer:
;; ->>HEADER<<- opcode: QUERY, status: NOERROR, id: 9251
;; flags: qr rd ra ad; QUERY: 1, ANSWER: 1, AUTHORITY: 1, ADDITIONAL: 2

;; OPT PSEUDOSECTION:
; EDNS: version: 0, flags:; udp: 65355
; COOKIE: ab06f6bf359a816b0100000062ddb612eaa4b232128bce2e (good)
;; QUESTION SECTION:
;test169.goertzen.              IN      A

;; ANSWER SECTION:
test169.goertzen.       604800  IN      A       42.42.42.42

;; AUTHORITY SECTION:
goertzen.               604743  IN      NS      ns1.goertzen.

;; ADDITIONAL SECTION:
ns1.goertzen.           604743  IN      A       172.20.0.4

;; Query time: 292 msec
;; SERVER: 127.0.0.11#53(127.0.0.11)
;; WHEN: Sun Jul 24 21:13:54 UTC 2022
;; MSG SIZE  rcvd: 123

root@7b6791074b9b:/#
