
root@1807f0a78351:/# dig test518.goertzen

; <<>> DiG 9.16.1-Ubuntu <<>> test518.goertzen
;; global options: +cmd
;; Got answer:
;; ->>HEADER<<- opcode: QUERY, status: NOERROR, id: 12462
;; flags: qr rd ra ad; QUERY: 1, ANSWER: 1, AUTHORITY: 1, ADDITIONAL: 2

;; OPT PSEUDOSECTION:
; EDNS: version: 0, flags:; udp: 65355
; COOKIE: 15e89763810dd48d0100000062ddb79e38aba5dfcbae7bda (good)
;; QUESTION SECTION:
;test518.goertzen.              IN      A

;; ANSWER SECTION:
test518.goertzen.       604800  IN      A       42.42.42.42

;; AUTHORITY SECTION:
goertzen.               604734  IN      NS      ns1.goertzen.

;; ADDITIONAL SECTION:
ns1.goertzen.           604734  IN      A       172.20.0.4

;; Query time: 296 msec
;; SERVER: 127.0.0.11#53(127.0.0.11)
;; WHEN: Sun Jul 24 21:20:30 UTC 2022
;; MSG SIZE  rcvd: 123

root@1807f0a78351:/#
