
root@c2a210c1881e:/# dig test299.goertzen

; <<>> DiG 9.16.1-Ubuntu <<>> test299.goertzen
;; global options: +cmd
;; Got answer:
;; ->>HEADER<<- opcode: QUERY, status: NOERROR, id:
48976
;; flags: qr rd ra; QUERY: 1, ANSWER: 1, AUTHORITY:
1, ADDITIONAL: 2

;; OPT PSEUDOSECTION:
; EDNS: version: 0, flags:; udp: 65355
; COOKIE: 62146cdb1e41c8e00100000062eb8c34a45bd2d7b2
31f57d (good)
;; QUESTION SECTION:
;test299.goertzen.              IN      A

;; ANSWER SECTION:
test299.goertzen.       604800  IN      A       42.4
2.42.42

;; AUTHORITY SECTION:
goertzen.               601796  IN      NS      ns1.
goertzen.

;; ADDITIONAL SECTION:
ns1.goertzen.           601796  IN      A       172.
20.0.4

;; Query time: 607 msec
;; SERVER: 127.0.0.11#53(127.0.0.11)
;; WHEN: Thu Aug 04 09:07:01 UTC 2022
;; MSG SIZE  rcvd: 123

root@c2a210c1881e:/#
