
root@0cb70646f62b:/# dig test503.goertzen

; <<>> DiG 9.16.1-Ubuntu <<>> test503.goertzen
;; global options: +cmd
;; Got answer:
;; ->>HEADER<<- opcode: QUERY, status: NOERROR, id:
20632
;; flags: qr rd ra; QUERY: 1, ANSWER: 1, AUTHORITY:
1, ADDITIONAL: 2

;; OPT PSEUDOSECTION:
; EDNS: version: 0, flags:; udp: 65355
; COOKIE: 491b8e16a4a619da0100000062eb94b332de419501
c2506e (good)
;; QUESTION SECTION:
;test503.goertzen.              IN      A

;; ANSWER SECTION:
test503.goertzen.       604800  IN      A       42.4
2.42.42

;; AUTHORITY SECTION:
goertzen.               603107  IN      NS      ns1.
goertzen.

;; ADDITIONAL SECTION:
ns1.goertzen.           603107  IN      A       172.
20.0.4

;; Query time: 607 msec
;; SERVER: 127.0.0.11#53(127.0.0.11)
;; WHEN: Thu Aug 04 09:43:15 UTC 2022
;; MSG SIZE  rcvd: 123

root@0cb70646f62b:/#
