
root@f74cd6c321e5:/# dig test944.goertzen

; <<>> DiG 9.16.1-Ubuntu <<>> test944.goertzen
;; global options: +cmd
;; Got answer:
;; ->>HEADER<<- opcode: QUERY, status: NOERROR, id:
26206
;; flags: qr rd ra; QUERY: 1, ANSWER: 1, AUTHORITY:
1, ADDITIONAL: 2

;; OPT PSEUDOSECTION:
; EDNS: version: 0, flags:; udp: 65355
; COOKIE: 29553569d0b627da0100000062eba677c25b15c538
e8e745 (good)
;; QUESTION SECTION:
;test944.goertzen.              IN      A

;; ANSWER SECTION:
test944.goertzen.       604800  IN      A       42.4
2.42.42

;; AUTHORITY SECTION:
goertzen.               604558  IN      NS      ns1.
goertzen.

;; ADDITIONAL SECTION:
ns1.goertzen.           604558  IN      A       172.
20.0.4

;; Query time: 607 msec
;; SERVER: 127.0.0.11#53(127.0.0.11)
;; WHEN: Thu Aug 04 10:59:03 UTC 2022
;; MSG SIZE  rcvd: 123

root@f74cd6c321e5:/#
