
root@c2a210c1881e:/# dig test183.goertzen

; <<>> DiG 9.16.1-Ubuntu <<>> test183.goertzen
;; global options: +cmd
;; Got answer:
;; ->>HEADER<<- opcode: QUERY, status: NOERROR, id:
13004
;; flags: qr rd ra; QUERY: 1, ANSWER: 1, AUTHORITY:
1, ADDITIONAL: 2

;; OPT PSEUDOSECTION:
; EDNS: version: 0, flags:; udp: 65355
; COOKIE: b34a68d7b8a2b36b0100000062eb87ab2ac5d909e2
d1606b (good)
;; QUESTION SECTION:
;test183.goertzen.              IN      A

;; ANSWER SECTION:
test183.goertzen.       604800  IN      A       42.4
2.42.42

;; AUTHORITY SECTION:
goertzen.               602957  IN      NS      ns1.
goertzen.

;; ADDITIONAL SECTION:
ns1.goertzen.           602957  IN      A       172.
20.0.4

;; Query time: 607 msec
;; SERVER: 127.0.0.11#53(127.0.0.11)
;; WHEN: Thu Aug 04 08:47:39 UTC 2022
;; MSG SIZE  rcvd: 123

root@c2a210c1881e:/#
