
root@c2a210c1881e:/# dig test112.goertzen

; <<>> DiG 9.16.1-Ubuntu <<>> test112.goertzen
;; global options: +cmd
;; Got answer:
;; ->>HEADER<<- opcode: QUERY, status: NOERROR, id:
13754
;; flags: qr rd ra; QUERY: 1, ANSWER: 1, AUTHORITY:
1, ADDITIONAL: 2

;; OPT PSEUDOSECTION:
; EDNS: version: 0, flags:; udp: 65355
; COOKIE: bc1f96cd0654e0db0100000062eb84e459f7b2c620
f6c760 (good)
;; QUESTION SECTION:
;test112.goertzen.              IN      A

;; ANSWER SECTION:
test112.goertzen.       604800  IN      A       42.4
2.42.42

;; AUTHORITY SECTION:
goertzen.               603668  IN      NS      ns1.
goertzen.

;; ADDITIONAL SECTION:
ns1.goertzen.           603668  IN      A       172.
20.0.4

;; Query time: 607 msec
;; SERVER: 127.0.0.11#53(127.0.0.11)
;; WHEN: Thu Aug 04 08:35:48 UTC 2022
;; MSG SIZE  rcvd: 123

root@c2a210c1881e:/#
