
root@0cb70646f62b:/# dig test797.goertzen

; <<>> DiG 9.16.1-Ubuntu <<>> test797.goertzen
;; global options: +cmd
;; Got answer:
;; ->>HEADER<<- opcode: QUERY, status: NOERROR, id:
17825
;; flags: qr rd ra; QUERY: 1, ANSWER: 1, AUTHORITY:
1, ADDITIONAL: 2

;; OPT PSEUDOSECTION:
; EDNS: version: 0, flags:; udp: 65355
; COOKIE: 5c1ba4f4d38726710100000062eba033b5c3d86ce4
cc1c04 (good)
;; QUESTION SECTION:
;test797.goertzen.              IN      A

;; ANSWER SECTION:
test797.goertzen.       604800  IN      A       42.4
2.42.42

;; AUTHORITY SECTION:
goertzen.               600163  IN      NS      ns1.
goertzen.

;; ADDITIONAL SECTION:
ns1.goertzen.           600163  IN      A       172.
20.0.4

;; Query time: 607 msec
;; SERVER: 127.0.0.11#53(127.0.0.11)
;; WHEN: Thu Aug 04 10:32:19 UTC 2022
;; MSG SIZE  rcvd: 123

root@0cb70646f62b:/#
