
root@c2a210c1881e:/# dig test313.goertzen

; <<>> DiG 9.16.1-Ubuntu <<>> test313.goertzen
;; global options: +cmd
;; Got answer:
;; ->>HEADER<<- opcode: QUERY, status: NOERROR, id:
33332
;; flags: qr rd ra; QUERY: 1, ANSWER: 1, AUTHORITY:
1, ADDITIONAL: 2

;; OPT PSEUDOSECTION:
; EDNS: version: 0, flags:; udp: 65355
; COOKIE: ab9ae2bab91f1be10100000062eb8cc11546ff0df1
4ee61d (good)
;; QUESTION SECTION:
;test313.goertzen.              IN      A

;; ANSWER SECTION:
test313.goertzen.       604800  IN      A       42.4
2.42.42

;; AUTHORITY SECTION:
goertzen.               601655  IN      NS      ns1.
goertzen.

;; ADDITIONAL SECTION:
ns1.goertzen.           601655  IN      A       172.
20.0.4

;; Query time: 611 msec
;; SERVER: 127.0.0.11#53(127.0.0.11)
;; WHEN: Thu Aug 04 09:09:21 UTC 2022
;; MSG SIZE  rcvd: 123

root@c2a210c1881e:/#
