
root@0cb70646f62b:/# dig test638.goertzen

; <<>> DiG 9.16.1-Ubuntu <<>> test638.goertzen
;; global options: +cmd
;; Got answer:
;; ->>HEADER<<- opcode: QUERY, status: NOERROR, id:
64520
;; flags: qr rd ra; QUERY: 1, ANSWER: 1, AUTHORITY:
1, ADDITIONAL: 2

;; OPT PSEUDOSECTION:
; EDNS: version: 0, flags:; udp: 65355
; COOKIE: 525f96f1e8736d730100000062eb99fbab78cf5cf3
12f78a (good)
;; QUESTION SECTION:
;test638.goertzen.              IN      A

;; ANSWER SECTION:
test638.goertzen.       604800  IN      A       42.4
2.42.42

;; AUTHORITY SECTION:
goertzen.               601755  IN      NS      ns1.
goertzen.

;; ADDITIONAL SECTION:
ns1.goertzen.           601755  IN      A       172.
20.0.4

;; Query time: 607 msec
;; SERVER: 127.0.0.11#53(127.0.0.11)
;; WHEN: Thu Aug 04 10:05:47 UTC 2022
;; MSG SIZE  rcvd: 123

root@0cb70646f62b:/#
