
root@0cb70646f62b:/# dig test780.goertzen

; <<>> DiG 9.16.1-Ubuntu <<>> test780.goertzen
;; global options: +cmd
;; Got answer:
;; ->>HEADER<<- opcode: QUERY, status: NOERROR, id:
29066
;; flags: qr rd ra; QUERY: 1, ANSWER: 1, AUTHORITY:
1, ADDITIONAL: 2

;; OPT PSEUDOSECTION:
; EDNS: version: 0, flags:; udp: 65355
; COOKIE: 9118fa75135010450100000062eb9f897a0b90347e
92af5d (good)
;; QUESTION SECTION:
;test780.goertzen.              IN      A

;; ANSWER SECTION:
test780.goertzen.       604800  IN      A       42.4
2.42.42

;; AUTHORITY SECTION:
goertzen.               600333  IN      NS      ns1.
goertzen.

;; ADDITIONAL SECTION:
ns1.goertzen.           600333  IN      A       172.
20.0.4

;; Query time: 607 msec
;; SERVER: 127.0.0.11#53(127.0.0.11)
;; WHEN: Thu Aug 04 10:29:29 UTC 2022
;; MSG SIZE  rcvd: 123

root@0cb70646f62b:/#
