
root@0cb70646f62b:/# dig test534.goertzen

; <<>> DiG 9.16.1-Ubuntu <<>> test534.goertzen
;; global options: +cmd
;; Got answer:
;; ->>HEADER<<- opcode: QUERY, status: NOERROR, id:
28888
;; flags: qr rd ra; QUERY: 1, ANSWER: 1, AUTHORITY:
1, ADDITIONAL: 2

;; OPT PSEUDOSECTION:
; EDNS: version: 0, flags:; udp: 65355
; COOKIE: 30d1727d9f6a15480100000062eb95e9942aac743e
6cdbaa (good)
;; QUESTION SECTION:
;test534.goertzen.              IN      A

;; ANSWER SECTION:
test534.goertzen.       604800  IN      A       42.4
2.42.42

;; AUTHORITY SECTION:
goertzen.               602797  IN      NS      ns1.
goertzen.

;; ADDITIONAL SECTION:
ns1.goertzen.           602797  IN      A       172.
20.0.4

;; Query time: 607 msec
;; SERVER: 127.0.0.11#53(127.0.0.11)
;; WHEN: Thu Aug 04 09:48:25 UTC 2022
;; MSG SIZE  rcvd: 123

root@0cb70646f62b:/#
