
root@0cb70646f62b:/# dig test686.goertzen

; <<>> DiG 9.16.1-Ubuntu <<>> test686.goertzen
;; global options: +cmd
;; Got answer:
;; ->>HEADER<<- opcode: QUERY, status: NOERROR, id:
46331
;; flags: qr rd ra; QUERY: 1, ANSWER: 1, AUTHORITY:
1, ADDITIONAL: 2

;; OPT PSEUDOSECTION:
; EDNS: version: 0, flags:; udp: 65355
; COOKIE: ebe00736cc4a95940100000062eb9bdb89114d5ca8
d45cd3 (good)
;; QUESTION SECTION:
;test686.goertzen.              IN      A

;; ANSWER SECTION:
test686.goertzen.       604800  IN      A       42.4
2.42.42

;; AUTHORITY SECTION:
goertzen.               601275  IN      NS      ns1.
goertzen.

;; ADDITIONAL SECTION:
ns1.goertzen.           601275  IN      A       172.
20.0.4

;; Query time: 607 msec
;; SERVER: 127.0.0.11#53(127.0.0.11)
;; WHEN: Thu Aug 04 10:13:47 UTC 2022
;; MSG SIZE  rcvd: 123

root@0cb70646f62b:/#
