
root@0cb70646f62b:/# dig test817.goertzen

; <<>> DiG 9.16.1-Ubuntu <<>> test817.goertzen
;; global options: +cmd
;; Got answer:
;; ->>HEADER<<- opcode: QUERY, status: NOERROR, id:
18917
;; flags: qr rd ra; QUERY: 1, ANSWER: 1, AUTHORITY:
1, ADDITIONAL: 2

;; OPT PSEUDOSECTION:
; EDNS: version: 0, flags:; udp: 65355
; COOKIE: 4b82f76a283431bc0100000062eba0fb7b9d9a65a7
ff9492 (good)
;; QUESTION SECTION:
;test817.goertzen.              IN      A

;; ANSWER SECTION:
test817.goertzen.       604800  IN      A       42.4
2.42.42

;; AUTHORITY SECTION:
goertzen.               599963  IN      NS      ns1.
goertzen.

;; ADDITIONAL SECTION:
ns1.goertzen.           599963  IN      A       172.
20.0.4

;; Query time: 611 msec
;; SERVER: 127.0.0.11#53(127.0.0.11)
;; WHEN: Thu Aug 04 10:35:39 UTC 2022
;; MSG SIZE  rcvd: 123

root@0cb70646f62b:/#
