
root@0cb70646f62b:/# dig test808.goertzen

; <<>> DiG 9.16.1-Ubuntu <<>> test808.goertzen
;; global options: +cmd
;; Got answer:
;; ->>HEADER<<- opcode: QUERY, status: NOERROR, id:
40792
;; flags: qr rd ra; QUERY: 1, ANSWER: 1, AUTHORITY:
1, ADDITIONAL: 2

;; OPT PSEUDOSECTION:
; EDNS: version: 0, flags:; udp: 65355
; COOKIE: 0505fc759450c5e80100000062eba0a1898d51c4dd
5f3859 (good)
;; QUESTION SECTION:
;test808.goertzen.              IN      A

;; ANSWER SECTION:
test808.goertzen.       604800  IN      A       42.4
2.42.42

;; AUTHORITY SECTION:
goertzen.               600053  IN      NS      ns1.
goertzen.

;; ADDITIONAL SECTION:
ns1.goertzen.           600053  IN      A       172.
20.0.4

;; Query time: 607 msec
;; SERVER: 127.0.0.11#53(127.0.0.11)
;; WHEN: Thu Aug 04 10:34:09 UTC 2022
;; MSG SIZE  rcvd: 123

root@0cb70646f62b:/#
