
root@c2a210c1881e:/# dig test237.goertzen

; <<>> DiG 9.16.1-Ubuntu <<>> test237.goertzen
;; global options: +cmd
;; Got answer:
;; ->>HEADER<<- opcode: QUERY, status: NOERROR, id:
39011
;; flags: qr rd ra; QUERY: 1, ANSWER: 1, AUTHORITY:
1, ADDITIONAL: 2

;; OPT PSEUDOSECTION:
; EDNS: version: 0, flags:; udp: 65355
; COOKIE: 82d5e91d46e6790b0100000062eb89c8d214373e96
eb753a (good)
;; QUESTION SECTION:
;test237.goertzen.              IN      A

;; ANSWER SECTION:
test237.goertzen.       604800  IN      A       42.4
2.42.42

;; AUTHORITY SECTION:
goertzen.               602416  IN      NS      ns1.
goertzen.

;; ADDITIONAL SECTION:
ns1.goertzen.           602416  IN      A       172.
20.0.4

;; Query time: 611 msec
;; SERVER: 127.0.0.11#53(127.0.0.11)
;; WHEN: Thu Aug 04 08:56:40 UTC 2022
;; MSG SIZE  rcvd: 123

root@c2a210c1881e:/#
