
root@6a8dd4943653:/# dig test174.goertzen

; <<>> DiG 9.16.1-Ubuntu <<>> test174.goertzen
;; global options: +cmd
;; Got answer:
;; ->>HEADER<<- opcode: QUERY, status: NOERROR, id: 53
489
;; flags: qr rd ra; QUERY: 1, ANSWER: 1, AUTHORITY: 1,
 ADDITIONAL: 2

;; OPT PSEUDOSECTION:
; EDNS: version: 0, flags:; udp: 65355
; COOKIE: 2c31e3a92f18e8900100000062ec385284d5b63a93cc
8333 (good)
;; QUESTION SECTION:
;test174.goertzen.              IN      A

;; ANSWER SECTION:
test174.goertzen.       604800  IN      A       42.42.
42.42

;; AUTHORITY SECTION:
goertzen.               604614  IN      NS      ns1.go
ertzen.

;; ADDITIONAL SECTION:
ns1.goertzen.           604614  IN      A       172.20
.0.4

;; Query time: 15 msec
;; SERVER: 127.0.0.11#53(127.0.0.11)
;; WHEN: Thu Aug 04 21:21:22 UTC 2022
;; MSG SIZE  rcvd: 123

root@6a8dd4943653:/#
