
root@6a8dd4943653:/# dig test74.goertzen

; <<>> DiG 9.16.1-Ubuntu <<>> test74.goertzen
;; global options: +cmd
;; Got answer:
;; ->>HEADER<<- opcode: QUERY, status: NOERROR, id: 46
091
;; flags: qr rd ra; QUERY: 1, ANSWER: 1, AUTHORITY: 1,
 ADDITIONAL: 2

;; OPT PSEUDOSECTION:
; EDNS: version: 0, flags:; udp: 65355
; COOKIE: bf35d89d2c012b500100000062ec37ed8a3ddc7dd0ca
7de3 (good)
;; QUESTION SECTION:
;test74.goertzen.               IN      A

;; ANSWER SECTION:
test74.goertzen.        604800  IN      A       42.42.
42.42

;; AUTHORITY SECTION:
goertzen.               604715  IN      NS      ns1.go
ertzen.

;; ADDITIONAL SECTION:
ns1.goertzen.           604715  IN      A       172.20
.0.4

;; Query time: 19 msec
;; SERVER: 127.0.0.11#53(127.0.0.11)
;; WHEN: Thu Aug 04 21:19:41 UTC 2022
;; MSG SIZE  rcvd: 122

root@6a8dd4943653:/#
