
root@6a8dd4943653:/# dig test678.goertzen

; <<>> DiG 9.16.1-Ubuntu <<>> test678.goertzen
;; global options: +cmd
;; Got answer:
;; ->>HEADER<<- opcode: QUERY, status: NOERROR, id: 56
842
;; flags: qr rd ra; QUERY: 1, ANSWER: 1, AUTHORITY: 1,
 ADDITIONAL: 2

;; OPT PSEUDOSECTION:
; EDNS: version: 0, flags:; udp: 65355
; COOKIE: 23616fef9e27ee8f0100000062ec3a51318662ee2cf9
f974 (good)
;; QUESTION SECTION:
;test678.goertzen.              IN      A

;; ANSWER SECTION:
test678.goertzen.       604800  IN      A       42.42.
42.42

;; AUTHORITY SECTION:
goertzen.               604103  IN      NS      ns1.go
ertzen.

;; ADDITIONAL SECTION:
ns1.goertzen.           604103  IN      A       172.20
.0.4

;; Query time: 11 msec
;; SERVER: 127.0.0.11#53(127.0.0.11)
;; WHEN: Thu Aug 04 21:29:53 UTC 2022
;; MSG SIZE  rcvd: 123

root@6a8dd4943653:/#
