
root@6a8dd4943653:/# dig test3.goertzen

; <<>> DiG 9.16.1-Ubuntu <<>> test3.goertzen
;; global options: +cmd
;; Got answer:
;; ->>HEADER<<- opcode: QUERY, status: NOERROR, id: 28
206
;; flags: qr rd ra; QUERY: 1, ANSWER: 1, AUTHORITY: 1,
 ADDITIONAL: 2

;; OPT PSEUDOSECTION:
; EDNS: version: 0, flags:; udp: 65355
; COOKIE: da54059e56e93b7e0100000062ec37a5bd38abef6e34
f70e (good)
;; QUESTION SECTION:
;test3.goertzen.                        IN      A

;; ANSWER SECTION:
test3.goertzen.         604800  IN      A       42.42.
42.42

;; AUTHORITY SECTION:
goertzen.               604787  IN      NS      ns1.go
ertzen.

;; ADDITIONAL SECTION:
ns1.goertzen.           604787  IN      A       172.20
.0.4

;; Query time: 11 msec
;; SERVER: 127.0.0.11#53(127.0.0.11)
;; WHEN: Thu Aug 04 21:18:29 UTC 2022
;; MSG SIZE  rcvd: 121

root@6a8dd4943653:/#
