
root@6a8dd4943653:/# dig test454.goertzen

; <<>> DiG 9.16.1-Ubuntu <<>> test454.goertzen
;; global options: +cmd
;; Got answer:
;; ->>HEADER<<- opcode: QUERY, status: NOERROR, id: 97
70
;; flags: qr rd ra; QUERY: 1, ANSWER: 1, AUTHORITY: 1,
 ADDITIONAL: 2

;; OPT PSEUDOSECTION:
; EDNS: version: 0, flags:; udp: 65355
; COOKIE: d6fa7f5128d0deee0100000062ec396ea668e0bb8e26
5f3e (good)
;; QUESTION SECTION:
;test454.goertzen.              IN      A

;; ANSWER SECTION:
test454.goertzen.       604800  IN      A       42.42.
42.42

;; AUTHORITY SECTION:
goertzen.               604330  IN      NS      ns1.go
ertzen.

;; ADDITIONAL SECTION:
ns1.goertzen.           604330  IN      A       172.20
.0.4

;; Query time: 11 msec
;; SERVER: 127.0.0.11#53(127.0.0.11)
;; WHEN: Thu Aug 04 21:26:06 UTC 2022
;; MSG SIZE  rcvd: 123

root@6a8dd4943653:/#
