
root@6a8dd4943653:/# dig test189.goertzen

; <<>> DiG 9.16.1-Ubuntu <<>> test189.goertzen
;; global options: +cmd
;; Got answer:
;; ->>HEADER<<- opcode: QUERY, status: NOERROR, id: 34
343
;; flags: qr rd ra; QUERY: 1, ANSWER: 1, AUTHORITY: 1,
 ADDITIONAL: 2

;; OPT PSEUDOSECTION:
; EDNS: version: 0, flags:; udp: 65355
; COOKIE: 007b6b98b57592ee0100000062ec38629a8e7868a548
1106 (good)
;; QUESTION SECTION:
;test189.goertzen.              IN      A

;; ANSWER SECTION:
test189.goertzen.       604800  IN      A       42.42.
42.42

;; AUTHORITY SECTION:
goertzen.               604598  IN      NS      ns1.go
ertzen.

;; ADDITIONAL SECTION:
ns1.goertzen.           604598  IN      A       172.20
.0.4

;; Query time: 35 msec
;; SERVER: 127.0.0.11#53(127.0.0.11)
;; WHEN: Thu Aug 04 21:21:38 UTC 2022
;; MSG SIZE  rcvd: 123

root@6a8dd4943653:/#
