
root@6a8dd4943653:/# dig test178.goertzen

; <<>> DiG 9.16.1-Ubuntu <<>> test178.goertzen
;; global options: +cmd
;; Got answer:
;; ->>HEADER<<- opcode: QUERY, status: NOERROR, id: 64
540
;; flags: qr rd ra; QUERY: 1, ANSWER: 1, AUTHORITY: 1,
 ADDITIONAL: 2

;; OPT PSEUDOSECTION:
; EDNS: version: 0, flags:; udp: 65355
; COOKIE: 64c83f8e235083590100000062ec38572d6be6b09c6c
8d78 (good)
;; QUESTION SECTION:
;test178.goertzen.              IN      A

;; ANSWER SECTION:
test178.goertzen.       604800  IN      A       42.42.
42.42

;; AUTHORITY SECTION:
goertzen.               604609  IN      NS      ns1.go
ertzen.

;; ADDITIONAL SECTION:
ns1.goertzen.           604609  IN      A       172.20
.0.4

;; Query time: 11 msec
;; SERVER: 127.0.0.11#53(127.0.0.11)
;; WHEN: Thu Aug 04 21:21:27 UTC 2022
;; MSG SIZE  rcvd: 123

root@6a8dd4943653:/#
