
root@6a8dd4943653:/# dig test163.goertzen

; <<>> DiG 9.16.1-Ubuntu <<>> test163.goertzen
;; global options: +cmd
;; Got answer:
;; ->>HEADER<<- opcode: QUERY, status: NOERROR, id: 64
373
;; flags: qr rd ra; QUERY: 1, ANSWER: 1, AUTHORITY: 1,
 ADDITIONAL: 2

;; OPT PSEUDOSECTION:
; EDNS: version: 0, flags:; udp: 65355
; COOKIE: 56a9e0dd4e2cd1410100000062ec3847a0d1cd75b6b4
07e9 (good)
;; QUESTION SECTION:
;test163.goertzen.              IN      A

;; ANSWER SECTION:
test163.goertzen.       604800  IN      A       42.42.
42.42

;; AUTHORITY SECTION:
goertzen.               604625  IN      NS      ns1.go
ertzen.

;; ADDITIONAL SECTION:
ns1.goertzen.           604625  IN      A       172.20
.0.4

;; Query time: 11 msec
;; SERVER: 127.0.0.11#53(127.0.0.11)
;; WHEN: Thu Aug 04 21:21:11 UTC 2022
;; MSG SIZE  rcvd: 123

root@6a8dd4943653:/#
