
root@6a8dd4943653:/# dig test788.goertzen

; <<>> DiG 9.16.1-Ubuntu <<>> test788.goertzen
;; global options: +cmd
;; Got answer:
;; ->>HEADER<<- opcode: QUERY, status: NOERROR, id: 35
226
;; flags: qr rd ra; QUERY: 1, ANSWER: 1, AUTHORITY: 1,
 ADDITIONAL: 2

;; OPT PSEUDOSECTION:
; EDNS: version: 0, flags:; udp: 65355
; COOKIE: d232d4dce18981960100000062ec3ac1b1edb550763c
a3e8 (good)
;; QUESTION SECTION:
;test788.goertzen.              IN      A

;; ANSWER SECTION:
test788.goertzen.       604800  IN      A       42.42.
42.42

;; AUTHORITY SECTION:
goertzen.               603991  IN      NS      ns1.go
ertzen.

;; ADDITIONAL SECTION:
ns1.goertzen.           603991  IN      A       172.20
.0.4

;; Query time: 11 msec
;; SERVER: 127.0.0.11#53(127.0.0.11)
;; WHEN: Thu Aug 04 21:31:45 UTC 2022
;; MSG SIZE  rcvd: 123

root@6a8dd4943653:/#
