
root@6a8dd4943653:/# dig test981.goertzen

; <<>> DiG 9.16.1-Ubuntu <<>> test981.goertzen
;; global options: +cmd
;; Got answer:
;; ->>HEADER<<- opcode: QUERY, status: NOERROR, id: 14
587
;; flags: qr rd ra; QUERY: 1, ANSWER: 1, AUTHORITY: 1,
 ADDITIONAL: 2

;; OPT PSEUDOSECTION:
; EDNS: version: 0, flags:; udp: 65355
; COOKIE: c198de1d952cb7460100000062ec3b8439e2551266c9
3514 (good)
;; QUESTION SECTION:
;test981.goertzen.              IN      A

;; ANSWER SECTION:
test981.goertzen.       604800  IN      A       42.42.
42.42

;; AUTHORITY SECTION:
goertzen.               603796  IN      NS      ns1.go
ertzen.

;; ADDITIONAL SECTION:
ns1.goertzen.           603796  IN      A       172.20
.0.4

;; Query time: 11 msec
;; SERVER: 127.0.0.11#53(127.0.0.11)
;; WHEN: Thu Aug 04 21:35:00 UTC 2022
;; MSG SIZE  rcvd: 123

root@6a8dd4943653:/#
