
root@6a8dd4943653:/# dig test517.goertzen

; <<>> DiG 9.16.1-Ubuntu <<>> test517.goertzen
;; global options: +cmd
;; Got answer:
;; ->>HEADER<<- opcode: QUERY, status: NOERROR, id: 14
506
;; flags: qr rd ra; QUERY: 1, ANSWER: 1, AUTHORITY: 1,
 ADDITIONAL: 2

;; OPT PSEUDOSECTION:
; EDNS: version: 0, flags:; udp: 65355
; COOKIE: 39190494d00b3d0f0100000062ec39ae75e072ebccbe
2b06 (good)
;; QUESTION SECTION:
;test517.goertzen.              IN      A

;; ANSWER SECTION:
test517.goertzen.       604800  IN      A       42.42.
42.42

;; AUTHORITY SECTION:
goertzen.               604266  IN      NS      ns1.go
ertzen.

;; ADDITIONAL SECTION:
ns1.goertzen.           604266  IN      A       172.20
.0.4

;; Query time: 31 msec
;; SERVER: 127.0.0.11#53(127.0.0.11)
;; WHEN: Thu Aug 04 21:27:10 UTC 2022
;; MSG SIZE  rcvd: 123

root@6a8dd4943653:/#
