
root@6a8dd4943653:/# dig test642.goertzen

; <<>> DiG 9.16.1-Ubuntu <<>> test642.goertzen
;; global options: +cmd
;; Got answer:
;; ->>HEADER<<- opcode: QUERY, status: NOERROR, id: 89
74
;; flags: qr rd ra; QUERY: 1, ANSWER: 1, AUTHORITY: 1,
 ADDITIONAL: 2

;; OPT PSEUDOSECTION:
; EDNS: version: 0, flags:; udp: 65355
; COOKIE: 33cfd0cc6ed3b85b0100000062ec3a2d8b83feb6dff7
0e7d (good)
;; QUESTION SECTION:
;test642.goertzen.              IN      A

;; ANSWER SECTION:
test642.goertzen.       604800  IN      A       42.42.
42.42

;; AUTHORITY SECTION:
goertzen.               604139  IN      NS      ns1.go
ertzen.

;; ADDITIONAL SECTION:
ns1.goertzen.           604139  IN      A       172.20
.0.4

;; Query time: 11 msec
;; SERVER: 127.0.0.11#53(127.0.0.11)
;; WHEN: Thu Aug 04 21:29:17 UTC 2022
;; MSG SIZE  rcvd: 123

root@6a8dd4943653:/#
