
root@3eafad2c1665:/# dig test60.goertzen

; <<>> DiG 9.16.1-Ubuntu <<>> test60.goertzen
;; global options: +cmd
;; Got answer:
;; ->>HEADER<<- opcode: QUERY, status: NOERROR, id: 64
549
;; flags: qr rd ra; QUERY: 1, ANSWER: 1, AUTHORITY: 1,
 ADDITIONAL: 2

;; OPT PSEUDOSECTION:
; EDNS: version: 0, flags:; udp: 65355
; COOKIE: fbada91af7486ee40100000062ec01a1c2ec1467df4b
aa19 (good)
;; QUESTION SECTION:
;test60.goertzen.               IN      A

;; ANSWER SECTION:
test60.goertzen.        604800  IN      A       42.42.
42.42

;; AUTHORITY SECTION:
goertzen.               604668  IN      NS      ns1.go
ertzen.

;; ADDITIONAL SECTION:
ns1.goertzen.           604668  IN      A       172.20
.0.4

;; Query time: 651 msec
;; SERVER: 127.0.0.11#53(127.0.0.11)
;; WHEN: Thu Aug 04 17:28:01 UTC 2022
;; MSG SIZE  rcvd: 122

root@3eafad2c1665:/#
