
root@0994e3eb9eda:/# dig test790.goertzen

; <<>> DiG 9.16.1-Ubuntu <<>> test790.goertzen
;; global options: +cmd
;; Got answer:
;; ->>HEADER<<- opcode: QUERY, status: NOERROR, id: 56
985
;; flags: qr rd ra; QUERY: 1, ANSWER: 1, AUTHORITY: 1,
 ADDITIONAL: 2

;; OPT PSEUDOSECTION:
; EDNS: version: 0, flags:; udp: 65355
; COOKIE: da910abe685818db0100000062ec0847fc400853c270
8e40 (good)
;; QUESTION SECTION:
;test790.goertzen.              IN      A

;; ANSWER SECTION:
test790.goertzen.       604800  IN      A       42.42.
42.42

;; AUTHORITY SECTION:
goertzen.               604668  IN      NS      ns1.go
ertzen.

;; ADDITIONAL SECTION:
ns1.goertzen.           604668  IN      A       172.20
.0.4

;; Query time: 651 msec
;; SERVER: 127.0.0.11#53(127.0.0.11)
;; WHEN: Thu Aug 04 17:56:23 UTC 2022
;; MSG SIZE  rcvd: 123

root@0994e3eb9eda:/#
