
root@6943b27a83f6:/# dig test663.goertzen

; <<>> DiG 9.16.1-Ubuntu <<>> test663.goertzen
;; global options: +cmd
;; Got answer:
;; ->>HEADER<<- opcode: QUERY, status: NOERROR, id: 75
23
;; flags: qr rd ra; QUERY: 1, ANSWER: 1, AUTHORITY: 1,
 ADDITIONAL: 2

;; OPT PSEUDOSECTION:
; EDNS: version: 0, flags:; udp: 65355
; COOKIE: f4597b4e2221afea0100000062ec06dad90f89dcb9a0
989a (good)
;; QUESTION SECTION:
;test663.goertzen.              IN      A

;; ANSWER SECTION:
test663.goertzen.       604800  IN      A       42.42.
42.42

;; AUTHORITY SECTION:
goertzen.               604123  IN      NS      ns1.go
ertzen.

;; ADDITIONAL SECTION:
ns1.goertzen.           604123  IN      A       172.20
.0.4

;; Query time: 659 msec
;; SERVER: 127.0.0.11#53(127.0.0.11)
;; WHEN: Thu Aug 04 17:50:18 UTC 2022
;; MSG SIZE  rcvd: 123

root@6943b27a83f6:/#
