
root@6943b27a83f6:/# dig test447.goertzen

; <<>> DiG 9.16.1-Ubuntu <<>> test447.goertzen
;; global options: +cmd
;; Got answer:
;; ->>HEADER<<- opcode: QUERY, status: NOERROR, id: 86
84
;; flags: qr rd ra; QUERY: 1, ANSWER: 1, AUTHORITY: 1,
 ADDITIONAL: 2

;; OPT PSEUDOSECTION:
; EDNS: version: 0, flags:; udp: 65355
; COOKIE: 3e9c8598cdcebe750100000062ec052717463273c31c
e20f (good)
;; QUESTION SECTION:
;test447.goertzen.              IN      A

;; ANSWER SECTION:
test447.goertzen.       604800  IN      A       42.42.
42.42

;; AUTHORITY SECTION:
goertzen.               604558  IN      NS      ns1.go
ertzen.

;; ADDITIONAL SECTION:
ns1.goertzen.           604558  IN      A       172.20
.0.4

;; Query time: 643 msec
;; SERVER: 127.0.0.11#53(127.0.0.11)
;; WHEN: Thu Aug 04 17:43:04 UTC 2022
;; MSG SIZE  rcvd: 123

root@6943b27a83f6:/#
