
root@3eafad2c1665:/# dig test156.goertzen

; <<>> DiG 9.16.1-Ubuntu <<>> test156.goertzen
;; global options: +cmd
;; Got answer:
;; ->>HEADER<<- opcode: QUERY, status: NOERROR, id: 59
833
;; flags: qr rd ra; QUERY: 1, ANSWER: 1, AUTHORITY: 1,
 ADDITIONAL: 2

;; OPT PSEUDOSECTION:
; EDNS: version: 0, flags:; udp: 65355
; COOKIE: d0eb9f1db9ef7d370100000062ec0262d1e0b3e2a1d3
40b0 (good)
;; QUESTION SECTION:
;test156.goertzen.              IN      A

;; ANSWER SECTION:
test156.goertzen.       604800  IN      A       42.42.
42.42

;; AUTHORITY SECTION:
goertzen.               604475  IN      NS      ns1.go
ertzen.

;; ADDITIONAL SECTION:
ns1.goertzen.           604475  IN      A       172.20
.0.4

;; Query time: 655 msec
;; SERVER: 127.0.0.11#53(127.0.0.11)
;; WHEN: Thu Aug 04 17:31:14 UTC 2022
;; MSG SIZE  rcvd: 123

root@3eafad2c1665:/#
