
root@6943b27a83f6:/# dig test573.goertzen

; <<>> DiG 9.16.1-Ubuntu <<>> test573.goertzen
;; global options: +cmd
;; Got answer:
;; ->>HEADER<<- opcode: QUERY, status: NOERROR, id: 57
984
;; flags: qr rd ra; QUERY: 1, ANSWER: 1, AUTHORITY: 1,
 ADDITIONAL: 2

;; OPT PSEUDOSECTION:
; EDNS: version: 0, flags:; udp: 65355
; COOKIE: f2f31d9881ad94550100000062ec062538c9d5cabe9e
709a (good)
;; QUESTION SECTION:
;test573.goertzen.              IN      A

;; ANSWER SECTION:
test573.goertzen.       604800  IN      A       42.42.
42.42

;; AUTHORITY SECTION:
goertzen.               604304  IN      NS      ns1.go
ertzen.

;; ADDITIONAL SECTION:
ns1.goertzen.           604304  IN      A       172.20
.0.4

;; Query time: 651 msec
;; SERVER: 127.0.0.11#53(127.0.0.11)
;; WHEN: Thu Aug 04 17:47:17 UTC 2022
;; MSG SIZE  rcvd: 123

root@6943b27a83f6:/#
