
root@6943b27a83f6:/# dig test505.goertzen

; <<>> DiG 9.16.1-Ubuntu <<>> test505.goertzen
;; global options: +cmd
;; Got answer:
;; ->>HEADER<<- opcode: QUERY, status: NOERROR, id: 36
027
;; flags: qr rd ra; QUERY: 1, ANSWER: 1, AUTHORITY: 1,
 ADDITIONAL: 2

;; OPT PSEUDOSECTION:
; EDNS: version: 0, flags:; udp: 65355
; COOKIE: e1b314a967c466b00100000062ec059c0eeb3f5c76da
c0aa (good)
;; QUESTION SECTION:
;test505.goertzen.              IN      A

;; ANSWER SECTION:
test505.goertzen.       604800  IN      A       42.42.
42.42

;; AUTHORITY SECTION:
goertzen.               604441  IN      NS      ns1.go
ertzen.

;; ADDITIONAL SECTION:
ns1.goertzen.           604441  IN      A       172.20
.0.4

;; Query time: 651 msec
;; SERVER: 127.0.0.11#53(127.0.0.11)
;; WHEN: Thu Aug 04 17:45:00 UTC 2022
;; MSG SIZE  rcvd: 123

root@6943b27a83f6:/#
