
root@0994e3eb9eda:/# dig test747.goertzen

; <<>> DiG 9.16.1-Ubuntu <<>> test747.goertzen
;; global options: +cmd
;; Got answer:
;; ->>HEADER<<- opcode: QUERY, status: NOERROR, id: 21
323
;; flags: qr rd ra; QUERY: 1, ANSWER: 1, AUTHORITY: 1,
 ADDITIONAL: 2

;; OPT PSEUDOSECTION:
; EDNS: version: 0, flags:; udp: 65355
; COOKIE: 59ae2ce8e87087c60100000062ec07f08ddeb309261f
f34e (good)
;; QUESTION SECTION:
;test747.goertzen.              IN      A

;; ANSWER SECTION:
test747.goertzen.       604800  IN      A       42.42.
42.42

;; AUTHORITY SECTION:
goertzen.               604755  IN      NS      ns1.go
ertzen.

;; ADDITIONAL SECTION:
ns1.goertzen.           604755  IN      A       172.20
.0.4

;; Query time: 651 msec
;; SERVER: 127.0.0.11#53(127.0.0.11)
;; WHEN: Thu Aug 04 17:54:56 UTC 2022
;; MSG SIZE  rcvd: 123

root@0994e3eb9eda:/#
