
root@0994e3eb9eda:/# dig test815.goertzen

; <<>> DiG 9.16.1-Ubuntu <<>> test815.goertzen
;; global options: +cmd
;; Got answer:
;; ->>HEADER<<- opcode: QUERY, status: NOERROR, id: 48
735
;; flags: qr rd ra; QUERY: 1, ANSWER: 1, AUTHORITY: 1,
 ADDITIONAL: 2

;; OPT PSEUDOSECTION:
; EDNS: version: 0, flags:; udp: 65355
; COOKIE: fdb2f0485c66d20a0100000062ec08799bf75521a925
e1b6 (good)
;; QUESTION SECTION:
;test815.goertzen.              IN      A

;; ANSWER SECTION:
test815.goertzen.       604800  IN      A       42.42.
42.42

;; AUTHORITY SECTION:
goertzen.               604618  IN      NS      ns1.go
ertzen.

;; ADDITIONAL SECTION:
ns1.goertzen.           604618  IN      A       172.20
.0.4

;; Query time: 651 msec
;; SERVER: 127.0.0.11#53(127.0.0.11)
;; WHEN: Thu Aug 04 17:57:13 UTC 2022
;; MSG SIZE  rcvd: 123

root@0994e3eb9eda:/#
