
root@087dc1486e16:/# dig test861.goertzen

; <<>> DiG 9.16.1-Ubuntu <<>> test861.goertzen
;; global options: +cmd
;; Got answer:
;; ->>HEADER<<- opcode: QUERY, status: NOERROR, id: 57
159
;; flags: qr rd ra; QUERY: 1, ANSWER: 1, AUTHORITY: 1,
 ADDITIONAL: 2

;; OPT PSEUDOSECTION:
; EDNS: version: 0, flags:; udp: 65355
; COOKIE: c0f3405be6f9df490100000062ec2b99d9d3c9050713
7c4a (good)
;; QUESTION SECTION:
;test861.goertzen.              IN      A

;; ANSWER SECTION:
test861.goertzen.       604800  IN      A       42.42.
42.42

;; AUTHORITY SECTION:
goertzen.               604258  IN      NS      ns1.go
ertzen.

;; ADDITIONAL SECTION:
ns1.goertzen.           604258  IN      A       172.20
.0.4

;; Query time: 7 msec
;; SERVER: 127.0.0.11#53(127.0.0.11)
;; WHEN: Thu Aug 04 20:27:05 UTC 2022
;; MSG SIZE  rcvd: 123

root@087dc1486e16:/#
