
root@e0b174a228c0:/# dig test10.goertzen

; <<>> DiG 9.16.1-Ubuntu <<>> test10.goertzen
;; global options: +cmd
;; Got answer:
;; ->>HEADER<<- opcode: QUERY, status: NOERROR, id: 59
533
;; flags: qr rd ra; QUERY: 1, ANSWER: 1, AUTHORITY: 1,
 ADDITIONAL: 2

;; OPT PSEUDOSECTION:
; EDNS: version: 0, flags:; udp: 65355
; COOKIE: 0da8763b879987750100000062ec27d0377b998b0eed
75b6 (good)
;; QUESTION SECTION:
;test10.goertzen.               IN      A

;; ANSWER SECTION:
test10.goertzen.        604800  IN      A       42.42.
42.42

;; AUTHORITY SECTION:
goertzen.               604780  IN      NS      ns1.go
ertzen.

;; ADDITIONAL SECTION:
ns1.goertzen.           604780  IN      A       172.20
.0.4

;; Query time: 7 msec
;; SERVER: 127.0.0.11#53(127.0.0.11)
;; WHEN: Thu Aug 04 20:10:56 UTC 2022
;; MSG SIZE  rcvd: 122

root@e0b174a228c0:/#
