
root@e0b174a228c0:/# dig test33.goertzen

; <<>> DiG 9.16.1-Ubuntu <<>> test33.goertzen
;; global options: +cmd
;; Got answer:
;; ->>HEADER<<- opcode: QUERY, status: NOERROR, id: 46
681
;; flags: qr rd ra; QUERY: 1, ANSWER: 1, AUTHORITY: 1,
 ADDITIONAL: 2

;; OPT PSEUDOSECTION:
; EDNS: version: 0, flags:; udp: 65355
; COOKIE: 1d24b1c4f50f9bd80100000062ec27e7cd99333069d7
6229 (good)
;; QUESTION SECTION:
;test33.goertzen.               IN      A

;; ANSWER SECTION:
test33.goertzen.        604800  IN      A       42.42.
42.42

;; AUTHORITY SECTION:
goertzen.               604757  IN      NS      ns1.go
ertzen.

;; ADDITIONAL SECTION:
ns1.goertzen.           604757  IN      A       172.20
.0.4

;; Query time: 11 msec
;; SERVER: 127.0.0.11#53(127.0.0.11)
;; WHEN: Thu Aug 04 20:11:19 UTC 2022
;; MSG SIZE  rcvd: 122

root@e0b174a228c0:/#
