
root@2bb9e3ba10be:/# dig test960.goertzen

; <<>> DiG 9.16.1-Ubuntu <<>> test960.goertzen
;; global options: +cmd
;; Got answer:
;; ->>HEADER<<- opcode: QUERY, status: NOERROR, id: 19
467
;; flags: qr rd ra; QUERY: 1, ANSWER: 1, AUTHORITY: 1,
 ADDITIONAL: 2

;; OPT PSEUDOSECTION:
; EDNS: version: 0, flags:; udp: 65355
; COOKIE: 900334e0ea0b29e00100000062ec2c781574736c7572
aa30 (good)
;; QUESTION SECTION:
;test960.goertzen.              IN      A

;; ANSWER SECTION:
test960.goertzen.       604800  IN      A       42.42.
42.42

;; AUTHORITY SECTION:
goertzen.               604750  IN      NS      ns1.go
ertzen.

;; ADDITIONAL SECTION:
ns1.goertzen.           604750  IN      A       172.20
.0.4

;; Query time: 11 msec
;; SERVER: 127.0.0.11#53(127.0.0.11)
;; WHEN: Thu Aug 04 20:30:48 UTC 2022
;; MSG SIZE  rcvd: 123

root@2bb9e3ba10be:/#
