
root@087dc1486e16:/# dig test774.goertzen

; <<>> DiG 9.16.1-Ubuntu <<>> test774.goertzen
;; global options: +cmd
;; Got answer:
;; ->>HEADER<<- opcode: QUERY, status: NOERROR, id: 11
316
;; flags: qr rd ra; QUERY: 1, ANSWER: 1, AUTHORITY: 1,
 ADDITIONAL: 2

;; OPT PSEUDOSECTION:
; EDNS: version: 0, flags:; udp: 65355
; COOKIE: f2e134f3f74e88a90100000062ec2b4163265b1ed5b3
53dc (good)
;; QUESTION SECTION:
;test774.goertzen.              IN      A

;; ANSWER SECTION:
test774.goertzen.       604800  IN      A       42.42.
42.42

;; AUTHORITY SECTION:
goertzen.               604346  IN      NS      ns1.go
ertzen.

;; ADDITIONAL SECTION:
ns1.goertzen.           604346  IN      A       172.20
.0.4

;; Query time: 7 msec
;; SERVER: 127.0.0.11#53(127.0.0.11)
;; WHEN: Thu Aug 04 20:25:37 UTC 2022
;; MSG SIZE  rcvd: 123

root@087dc1486e16:/#
