
root@e0b174a228c0:/# dig test211.goertzen

; <<>> DiG 9.16.1-Ubuntu <<>> test211.goertzen
;; global options: +cmd
;; Got answer:
;; ->>HEADER<<- opcode: QUERY, status: NOERROR, id: 16
954
;; flags: qr rd ra; QUERY: 1, ANSWER: 1, AUTHORITY: 1,
 ADDITIONAL: 2

;; OPT PSEUDOSECTION:
; EDNS: version: 0, flags:; udp: 65355
; COOKIE: 35a2ee27625672690100000062ec289cc9c391e917fc
7b27 (good)
;; QUESTION SECTION:
;test211.goertzen.              IN      A

;; ANSWER SECTION:
test211.goertzen.       604800  IN      A       42.42.
42.42

;; AUTHORITY SECTION:
goertzen.               604576  IN      NS      ns1.go
ertzen.

;; ADDITIONAL SECTION:
ns1.goertzen.           604576  IN      A       172.20
.0.4

;; Query time: 11 msec
;; SERVER: 127.0.0.11#53(127.0.0.11)
;; WHEN: Thu Aug 04 20:14:20 UTC 2022
;; MSG SIZE  rcvd: 123

root@e0b174a228c0:/#
