
root@087dc1486e16:/# dig test414.goertzen

; <<>> DiG 9.16.1-Ubuntu <<>> test414.goertzen
;; global options: +cmd
;; Got answer:
;; ->>HEADER<<- opcode: QUERY, status: NOERROR, id: 37
705
;; flags: qr rd ra; QUERY: 1, ANSWER: 1, AUTHORITY: 1,
 ADDITIONAL: 2

;; OPT PSEUDOSECTION:
; EDNS: version: 0, flags:; udp: 65355
; COOKIE: aa9ec00cdd9fce630100000062ec29d5c2850491f230
714c (good)
;; QUESTION SECTION:
;test414.goertzen.              IN      A

;; ANSWER SECTION:
test414.goertzen.       604800  IN      A       42.42.
42.42

;; AUTHORITY SECTION:
goertzen.               604710  IN      NS      ns1.go
ertzen.

;; ADDITIONAL SECTION:
ns1.goertzen.           604710  IN      A       172.20
.0.4

;; Query time: 7 msec
;; SERVER: 127.0.0.11#53(127.0.0.11)
;; WHEN: Thu Aug 04 20:19:33 UTC 2022
;; MSG SIZE  rcvd: 123

root@087dc1486e16:/#
