
root@087dc1486e16:/# dig test643.goertzen

; <<>> DiG 9.16.1-Ubuntu <<>> test643.goertzen
;; global options: +cmd
;; Got answer:
;; ->>HEADER<<- opcode: QUERY, status: NOERROR, id: 50
872
;; flags: qr rd ra; QUERY: 1, ANSWER: 1, AUTHORITY: 1,
 ADDITIONAL: 2

;; OPT PSEUDOSECTION:
; EDNS: version: 0, flags:; udp: 65355
; COOKIE: 6ba42fcc1f768be00100000062ec2abdd27b2dce1422
72df (good)
;; QUESTION SECTION:
;test643.goertzen.              IN      A

;; ANSWER SECTION:
test643.goertzen.       604800  IN      A       42.42.
42.42

;; AUTHORITY SECTION:
goertzen.               604478  IN      NS      ns1.go
ertzen.

;; ADDITIONAL SECTION:
ns1.goertzen.           604478  IN      A       172.20
.0.4

;; Query time: 11 msec
;; SERVER: 127.0.0.11#53(127.0.0.11)
;; WHEN: Thu Aug 04 20:23:25 UTC 2022
;; MSG SIZE  rcvd: 123

root@087dc1486e16:/#
