
root@85d6cf9f9135:/# dig test72.goertzen

; <<>> DiG 9.16.1-Ubuntu <<>> test72.goertzen
;; global options: +cmd
;; Got answer:
;; ->>HEADER<<- opcode: QUERY, status: NOERROR, id: 22412
;; flags: qr rd ra; QUERY: 1, ANSWER: 1, AUTHORITY: 1, ADDITION
AL: 2

;; OPT PSEUDOSECTION:
; EDNS: version: 0, flags:; udp: 65355
; COOKIE: 6c4ccdf48387a74e0100000062e976a4d71e651717bf2f02 (goo
d)
;; QUESTION SECTION:
;test72.goertzen.               IN      A

;; ANSWER SECTION:
test72.goertzen.        604800  IN      A       42.42.42.42

;; AUTHORITY SECTION:
goertzen.               604742  IN      NS      ns1.goertzen.

;; ADDITIONAL SECTION:
ns1.goertzen.           604742  IN      A       172.20.0.4

;; Query time: 99 msec
;; SERVER: 127.0.0.11#53(127.0.0.11)
;; WHEN: Tue Aug 02 19:10:28 UTC 2022
;; MSG SIZE  rcvd: 122

root@85d6cf9f9135:/#
