
root@85d6cf9f9135:/# dig test542.goertzen

; <<>> DiG 9.16.1-Ubuntu <<>> test542.goertzen
;; global options: +cmd
;; Got answer:
;; ->>HEADER<<- opcode: QUERY, status: NOERROR, id: 29906
;; flags: qr rd ra; QUERY: 1, ANSWER: 1, AUTHORITY: 1, ADDITION
AL: 2

;; OPT PSEUDOSECTION:
; EDNS: version: 0, flags:; udp: 65355
; COOKIE: 5bbeb68938bb08470100000062e97880554976c04a4841ce (goo
d)
;; QUESTION SECTION:
;test542.goertzen.              IN      A

;; ANSWER SECTION:
test542.goertzen.       604800  IN      A       42.42.42.42

;; AUTHORITY SECTION:
goertzen.               604266  IN      NS      ns1.goertzen.

;; ADDITIONAL SECTION:
ns1.goertzen.           604266  IN      A       172.20.0.4

;; Query time: 127 msec
;; SERVER: 127.0.0.11#53(127.0.0.11)
;; WHEN: Tue Aug 02 19:18:24 UTC 2022
;; MSG SIZE  rcvd: 123

root@85d6cf9f9135:/#
