
root@a8ffb534be9e:/# dig test884.goertzen

; <<>> DiG 9.16.1-Ubuntu <<>> test884.goertzen
;; global options: +cmd
;; Got answer:
;; ->>HEADER<<- opcode: QUERY, status: NOERROR, id: 49554
;; flags: qr rd ra; QUERY: 1, ANSWER: 1, AUTHORITY: 1, ADDITIONAL: 2

;; OPT PSEUDOSECTION:
; EDNS: version: 0, flags:; udp: 65355
; COOKIE: 28fd0dd79fe8dbe60100000062eae11f74a804b564cbeff1 (good)
;; QUESTION SECTION:
;test884.goertzen.              IN      A

;; ANSWER SECTION:
test884.goertzen.       604800  IN      A       42.42.42.42

;; AUTHORITY SECTION:
goertzen.               604485  IN      NS      ns1.goertzen.

;; ADDITIONAL SECTION:
ns1.goertzen.           604485  IN      A       172.20.0.4

;; Query time: 127 msec
;; SERVER: 127.0.0.11#53(127.0.0.11)
;; WHEN: Wed Aug 03 20:57:03 UTC 2022
;; MSG SIZE  rcvd: 123

root@a8ffb534be9e:/#

