
root@85d6cf9f9135:/# dig test327.goertzen

; <<>> DiG 9.16.1-Ubuntu <<>> test327.goertzen
;; global options: +cmd
;; Got answer:
;; ->>HEADER<<- opcode: QUERY, status: NOERROR, id: 53834
;; flags: qr rd ra; QUERY: 1, ANSWER: 1, AUTHORITY: 1, ADDITION
AL: 2

;; OPT PSEUDOSECTION:
; EDNS: version: 0, flags:; udp: 65355
; COOKIE: b00fe1bd6d4db2110100000062e977a61948f7645f055caa (goo
d)
;; QUESTION SECTION:
;test327.goertzen.              IN      A

;; ANSWER SECTION:
test327.goertzen.       604800  IN      A       42.42.42.42

;; AUTHORITY SECTION:
goertzen.               604484  IN      NS      ns1.goertzen.

;; ADDITIONAL SECTION:
ns1.goertzen.           604484  IN      A       172.20.0.4

;; Query time: 111 msec
;; SERVER: 127.0.0.11#53(127.0.0.11)
;; WHEN: Tue Aug 02 19:14:46 UTC 2022
;; MSG SIZE  rcvd: 123

root@85d6cf9f9135:/#
