
root@851c499ffd57:/# dig test824.goertzen

; <<>> DiG 9.16.1-Ubuntu <<>> test824.goertzen
;; global options: +cmd
;; Got answer:
;; ->>HEADER<<- opcode: QUERY, status: NOERROR, id: 935
;; flags: qr rd ra; QUERY: 1, ANSWER: 1, AUTHORITY: 1, ADDITION
AL: 2

;; OPT PSEUDOSECTION:
; EDNS: version: 0, flags:; udp: 65355
; COOKIE: 7ee348cf0cb9eba70100000062e97a730fa847f2aa768c8d (goo
d)
;; QUESTION SECTION:
;test824.goertzen.              IN      A

;; ANSWER SECTION:
test824.goertzen.       604800  IN      A       42.42.42.42

;; AUTHORITY SECTION:
goertzen.               604756  IN      NS      ns1.goertzen.

;; ADDITIONAL SECTION:
ns1.goertzen.           604756  IN      A       172.20.0.4

;; Query time: 99 msec
;; SERVER: 127.0.0.11#53(127.0.0.11)
;; WHEN: Tue Aug 02 19:26:43 UTC 2022
;; MSG SIZE  rcvd: 123

root@851c499ffd57:/#
