
root@85d6cf9f9135:/# dig test237.goertzen

; <<>> DiG 9.16.1-Ubuntu <<>> test237.goertzen
;; global options: +cmd
;; Got answer:
;; ->>HEADER<<- opcode: QUERY, status: NOERROR, id: 59218
;; flags: qr rd ra; QUERY: 1, ANSWER: 1, AUTHORITY: 1, ADDITION
AL: 2

;; OPT PSEUDOSECTION:
; EDNS: version: 0, flags:; udp: 65355
; COOKIE: 2de3276a98ec6e1d0100000062e9774be0e50b4e3c75d934 (goo
d)
;; QUESTION SECTION:
;test237.goertzen.              IN      A

;; ANSWER SECTION:
test237.goertzen.       604800  IN      A       42.42.42.42

;; AUTHORITY SECTION:
goertzen.               604575  IN      NS      ns1.goertzen.

;; ADDITIONAL SECTION:
ns1.goertzen.           604575  IN      A       172.20.0.4

;; Query time: 99 msec
;; SERVER: 127.0.0.11#53(127.0.0.11)
;; WHEN: Tue Aug 02 19:13:15 UTC 2022
;; MSG SIZE  rcvd: 123

root@85d6cf9f9135:/#
