
root@851c499ffd57:/# dig test937.goertzen

; <<>> DiG 9.16.1-Ubuntu <<>> test937.goertzen
;; global options: +cmd
;; Got answer:
;; ->>HEADER<<- opcode: QUERY, status: NOERROR, id: 16709
;; flags: qr rd ra; QUERY: 1, ANSWER: 1, AUTHORITY: 1, ADDITION
AL: 2

;; OPT PSEUDOSECTION:
; EDNS: version: 0, flags:; udp: 65355
; COOKIE: f7e80dbb15c490f80100000062e97ae50c07173a89f80a6a (goo
d)
;; QUESTION SECTION:
;test937.goertzen.              IN      A

;; ANSWER SECTION:
test937.goertzen.       604800  IN      A       42.42.42.42

;; AUTHORITY SECTION:
goertzen.               604642  IN      NS      ns1.goertzen.

;; ADDITIONAL SECTION:
ns1.goertzen.           604642  IN      A       172.20.0.4

;; Query time: 131 msec
;; SERVER: 127.0.0.11#53(127.0.0.11)
;; WHEN: Tue Aug 02 19:28:37 UTC 2022
;; MSG SIZE  rcvd: 123

root@851c499ffd57:/#
