
root@a8ffb534be9e:/# dig test869.goertzen

; <<>> DiG 9.16.1-Ubuntu <<>> test869.goertzen
;; global options: +cmd
;; Got answer:
;; ->>HEADER<<- opcode: QUERY, status: NOERROR, id: 59399
;; flags: qr rd ra; QUERY: 1, ANSWER: 1, AUTHORITY: 1, ADDITIONAL: 2

;; OPT PSEUDOSECTION:
; EDNS: version: 0, flags:; udp: 65355
; COOKIE: e2e5b0d89e8f2f180100000062eae113ac11d8a38a479575 (good)
;; QUESTION SECTION:
;test869.goertzen.              IN      A

;; ANSWER SECTION:
test869.goertzen.       604800  IN      A       42.42.42.42

;; AUTHORITY SECTION:
goertzen.               604497  IN      NS      ns1.goertzen.

;; ADDITIONAL SECTION:
ns1.goertzen.           604497  IN      A       172.20.0.4

;; Query time: 107 msec
;; SERVER: 127.0.0.11#53(127.0.0.11)
;; WHEN: Wed Aug 03 20:56:51 UTC 2022
;; MSG SIZE  rcvd: 123

root@a8ffb534be9e:/#

