
root@85d6cf9f9135:/# dig test458.goertzen

; <<>> DiG 9.16.1-Ubuntu <<>> test458.goertzen
;; global options: +cmd
;; Got answer:
;; ->>HEADER<<- opcode: QUERY, status: NOERROR, id: 32784
;; flags: qr rd ra; QUERY: 1, ANSWER: 1, AUTHORITY: 1, ADDITION
AL: 2

;; OPT PSEUDOSECTION:
; EDNS: version: 0, flags:; udp: 65355
; COOKIE: a7b0483d880d1be10100000062e9782ba83d7eb3d258d700 (goo
d)
;; QUESTION SECTION:
;test458.goertzen.              IN      A

;; ANSWER SECTION:
test458.goertzen.       604800  IN      A       42.42.42.42

;; AUTHORITY SECTION:
goertzen.               604351  IN      NS      ns1.goertzen.

;; ADDITIONAL SECTION:
ns1.goertzen.           604351  IN      A       172.20.0.4

;; Query time: 99 msec
;; SERVER: 127.0.0.11#53(127.0.0.11)
;; WHEN: Tue Aug 02 19:16:59 UTC 2022
;; MSG SIZE  rcvd: 123

root@85d6cf9f9135:/#
