
root@85d6cf9f9135:/# dig test231.goertzen

; <<>> DiG 9.16.1-Ubuntu <<>> test231.goertzen
;; global options: +cmd
;; Got answer:
;; ->>HEADER<<- opcode: QUERY, status: NOERROR, id: 3880
;; flags: qr rd ra; QUERY: 1, ANSWER: 1, AUTHORITY: 1, ADDITION
AL: 2

;; OPT PSEUDOSECTION:
; EDNS: version: 0, flags:; udp: 65355
; COOKIE: 394af917cdcb13b80100000062e97745e5cb1217d32d71ef (goo
d)
;; QUESTION SECTION:
;test231.goertzen.              IN      A

;; ANSWER SECTION:
test231.goertzen.       604800  IN      A       42.42.42.42

;; AUTHORITY SECTION:
goertzen.               604581  IN      NS      ns1.goertzen.

;; ADDITIONAL SECTION:
ns1.goertzen.           604581  IN      A       172.20.0.4

;; Query time: 103 msec
;; SERVER: 127.0.0.11#53(127.0.0.11)
;; WHEN: Tue Aug 02 19:13:09 UTC 2022
;; MSG SIZE  rcvd: 123

root@85d6cf9f9135:/#
