
root@85d6cf9f9135:/# dig test201.goertzen

; <<>> DiG 9.16.1-Ubuntu <<>> test201.goertzen
;; global options: +cmd
;; Got answer:
;; ->>HEADER<<- opcode: QUERY, status: NOERROR, id: 9862
;; flags: qr rd ra; QUERY: 1, ANSWER: 1, AUTHORITY: 1, ADDITION
AL: 2

;; OPT PSEUDOSECTION:
; EDNS: version: 0, flags:; udp: 65355
; COOKIE: 221e6f7b275c2d190100000062e9772751ff7b27ffc1bb17 (goo
d)
;; QUESTION SECTION:
;test201.goertzen.              IN      A

;; ANSWER SECTION:
test201.goertzen.       604800  IN      A       42.42.42.42

;; AUTHORITY SECTION:
goertzen.               604611  IN      NS      ns1.goertzen.

;; ADDITIONAL SECTION:
ns1.goertzen.           604611  IN      A       172.20.0.4

;; Query time: 119 msec
;; SERVER: 127.0.0.11#53(127.0.0.11)
;; WHEN: Tue Aug 02 19:12:39 UTC 2022
;; MSG SIZE  rcvd: 123

root@85d6cf9f9135:/#
