
root@2c8fbb8606e7:/# dig test947.goertzen

; <<>> DiG 9.16.1-Ubuntu <<>> test947.goertzen
;; global options: +cmd
;; Got answer:
;; ->>HEADER<<- opcode: QUERY, status: NOERROR, id: 34497
;; flags: qr rd ra; QUERY: 1, ANSWER: 1, AUTHORITY: 1, ADDITIONAL: 2

;; OPT PSEUDOSECTION:
; EDNS: version: 0, flags:; udp: 65355
; COOKIE: 7f7577b843c17e140100000062eae1ba2cc0820005c231cd (good)
;; QUESTION SECTION:
;test947.goertzen.              IN      A

;; ANSWER SECTION:
test947.goertzen.       604800  IN      A       42.42.42.42

;; AUTHORITY SECTION:
goertzen.               604763  IN      NS      ns1.goertzen.

;; ADDITIONAL SECTION:
ns1.goertzen.           604763  IN      A       172.20.0.4

;; Query time: 131 msec
;; SERVER: 127.0.0.11#53(127.0.0.11)
;; WHEN: Wed Aug 03 20:59:38 UTC 2022
;; MSG SIZE  rcvd: 123

root@2c8fbb8606e7:/#

