
root@2fc365cc622c:/# dig test30.goertzen

; <<>> DiG 9.16.1-Ubuntu <<>> test30.goertzen
;; global options: +cmd
;; Got answer:
;; ->>HEADER<<- opcode: QUERY, status: NOERROR, id: 6962
;; flags: qr rd ra; QUERY: 1, ANSWER: 1, AUTHORITY: 1, ADDITIONAL: 2

;; OPT PSEUDOSECTION:
; EDNS: version: 0, flags:; udp: 65355
; COOKIE: 94b0482435657eb80100000062eaddad49d89f2fde1d1955 (good)
;; QUESTION SECTION:
;test30.goertzen.               IN      A

;; ANSWER SECTION:
test30.goertzen.        604800  IN      A       42.42.42.42

;; AUTHORITY SECTION:
goertzen.               604766  IN      NS      ns1.goertzen.

;; ADDITIONAL SECTION:
ns1.goertzen.           604766  IN      A       172.20.0.4

;; Query time: 111 msec
;; SERVER: 127.0.0.11#53(127.0.0.11)
;; WHEN: Wed Aug 03 20:42:21 UTC 2022
;; MSG SIZE  rcvd: 122

root@2fc365cc622c:/#

