
root@85d6cf9f9135:/# dig test591.goertzen

; <<>> DiG 9.16.1-Ubuntu <<>> test591.goertzen
;; global options: +cmd
;; Got answer:
;; ->>HEADER<<- opcode: QUERY, status: NOERROR, id: 20554
;; flags: qr rd ra; QUERY: 1, ANSWER: 1, AUTHORITY: 1, ADDITION
AL: 2

;; OPT PSEUDOSECTION:
; EDNS: version: 0, flags:; udp: 65355
; COOKIE: 04376779a00ceeeb0100000062e978b2baf88e1f54840d60 (goo
d)
;; QUESTION SECTION:
;test591.goertzen.              IN      A

;; ANSWER SECTION:
test591.goertzen.       604800  IN      A       42.42.42.42

;; AUTHORITY SECTION:
goertzen.               604216  IN      NS      ns1.goertzen.

;; ADDITIONAL SECTION:
ns1.goertzen.           604216  IN      A       172.20.0.4

;; Query time: 103 msec
;; SERVER: 127.0.0.11#53(127.0.0.11)
;; WHEN: Tue Aug 02 19:19:14 UTC 2022
;; MSG SIZE  rcvd: 123

root@85d6cf9f9135:/#
