
root@85d6cf9f9135:/# dig test179.goertzen

; <<>> DiG 9.16.1-Ubuntu <<>> test179.goertzen
;; global options: +cmd
;; Got answer:
;; ->>HEADER<<- opcode: QUERY, status: NOERROR, id: 38303
;; flags: qr rd ra; QUERY: 1, ANSWER: 1, AUTHORITY: 1, ADDITION
AL: 2

;; OPT PSEUDOSECTION:
; EDNS: version: 0, flags:; udp: 65355
; COOKIE: 8dcbeb6a91aefe3a0100000062e97710cf6a9896bc876376 (goo
d)
;; QUESTION SECTION:
;test179.goertzen.              IN      A

;; ANSWER SECTION:
test179.goertzen.       604800  IN      A       42.42.42.42

;; AUTHORITY SECTION:
goertzen.               604634  IN      NS      ns1.goertzen.

;; ADDITIONAL SECTION:
ns1.goertzen.           604634  IN      A       172.20.0.4

;; Query time: 107 msec
;; SERVER: 127.0.0.11#53(127.0.0.11)
;; WHEN: Tue Aug 02 19:12:16 UTC 2022
;; MSG SIZE  rcvd: 123

root@85d6cf9f9135:/#
