
root@851c499ffd57:/# dig test802.goertzen

; <<>> DiG 9.16.1-Ubuntu <<>> test802.goertzen
;; global options: +cmd
;; Got answer:
;; ->>HEADER<<- opcode: QUERY, status: NOERROR, id: 41252
;; flags: qr rd ra; QUERY: 1, ANSWER: 1, AUTHORITY: 1, ADDITION
AL: 2

;; OPT PSEUDOSECTION:
; EDNS: version: 0, flags:; udp: 65355
; COOKIE: 6eff6cc3b435d6ec0100000062e97a5c35f7a5f594fa552a (goo
d)
;; QUESTION SECTION:
;test802.goertzen.              IN      A

;; ANSWER SECTION:
test802.goertzen.       604800  IN      A       42.42.42.42

;; AUTHORITY SECTION:
goertzen.               604779  IN      NS      ns1.goertzen.

;; ADDITIONAL SECTION:
ns1.goertzen.           604779  IN      A       172.20.0.4

;; Query time: 127 msec
;; SERVER: 127.0.0.11#53(127.0.0.11)
;; WHEN: Tue Aug 02 19:26:20 UTC 2022
;; MSG SIZE  rcvd: 123

root@851c499ffd57:/#
