
root@85d6cf9f9135:/# dig test445.goertzen

; <<>> DiG 9.16.1-Ubuntu <<>> test445.goertzen
;; global options: +cmd
;; Got answer:
;; ->>HEADER<<- opcode: QUERY, status: NOERROR, id: 38468
;; flags: qr rd ra; QUERY: 1, ANSWER: 1, AUTHORITY: 1, ADDITION
AL: 2

;; OPT PSEUDOSECTION:
; EDNS: version: 0, flags:; udp: 65355
; COOKIE: 36305a2adba660f20100000062e9781eeb62b7f4298edd76 (goo
d)
;; QUESTION SECTION:
;test445.goertzen.              IN      A

;; ANSWER SECTION:
test445.goertzen.       604800  IN      A       42.42.42.42

;; AUTHORITY SECTION:
goertzen.               604364  IN      NS      ns1.goertzen.

;; ADDITIONAL SECTION:
ns1.goertzen.           604364  IN      A       172.20.0.4

;; Query time: 123 msec
;; SERVER: 127.0.0.11#53(127.0.0.11)
;; WHEN: Tue Aug 02 19:16:46 UTC 2022
;; MSG SIZE  rcvd: 123

root@85d6cf9f9135:/#
