
root@a8ffb534be9e:/# dig test721.goertzen

; <<>> DiG 9.16.1-Ubuntu <<>> test721.goertzen
;; global options: +cmd
;; Got answer:
;; ->>HEADER<<- opcode: QUERY, status: NOERROR, id: 24530
;; flags: qr rd ra; QUERY: 1, ANSWER: 1, AUTHORITY: 1, ADDITIONAL: 2

;; OPT PSEUDOSECTION:
; EDNS: version: 0, flags:; udp: 65355
; COOKIE: 6d23dbfd63a3f7f90100000062eae0a26b81b655084e2dd0 (good)
;; QUESTION SECTION:
;test721.goertzen.              IN      A

;; ANSWER SECTION:
test721.goertzen.       604800  IN      A       42.42.42.42

;; AUTHORITY SECTION:
goertzen.               604610  IN      NS      ns1.goertzen.

;; ADDITIONAL SECTION:
ns1.goertzen.           604610  IN      A       172.20.0.4

;; Query time: 115 msec
;; SERVER: 127.0.0.11#53(127.0.0.11)
;; WHEN: Wed Aug 03 20:54:58 UTC 2022
;; MSG SIZE  rcvd: 123

root@a8ffb534be9e:/#

