
root@a8ffb534be9e:/# dig test528.goertzen

; <<>> DiG 9.16.1-Ubuntu <<>> test528.goertzen
;; global options: +cmd
;; Got answer:
;; ->>HEADER<<- opcode: QUERY, status: NOERROR, id: 51716
;; flags: qr rd ra; QUERY: 1, ANSWER: 1, AUTHORITY: 1, ADDITIONAL: 2

;; OPT PSEUDOSECTION:
; EDNS: version: 0, flags:; udp: 65355
; COOKIE: a61393c60a0224e80100000062eae00f46b83776d094d85a (good)
;; QUESTION SECTION:
;test528.goertzen.              IN      A

;; ANSWER SECTION:
test528.goertzen.       604800  IN      A       42.42.42.42

;; AUTHORITY SECTION:
goertzen.               604757  IN      NS      ns1.goertzen.

;; ADDITIONAL SECTION:
ns1.goertzen.           604757  IN      A       172.20.0.4

;; Query time: 139 msec
;; SERVER: 127.0.0.11#53(127.0.0.11)
;; WHEN: Wed Aug 03 20:52:31 UTC 2022
;; MSG SIZE  rcvd: 123

root@a8ffb534be9e:/#

