
root@a8ffb534be9e:/# dig test498.goertzen

; <<>> DiG 9.16.1-Ubuntu <<>> test498.goertzen
;; global options: +cmd
;; Got answer:
;; ->>HEADER<<- opcode: QUERY, status: NOERROR, id: 60420
;; flags: qr rd ra; QUERY: 1, ANSWER: 1, AUTHORITY: 1, ADDITIONAL: 2

;; OPT PSEUDOSECTION:
; EDNS: version: 0, flags:; udp: 65355
; COOKIE: 5ae7441abc2acee10100000062eadff81d126da5cf37df71 (good)
;; QUESTION SECTION:
;test498.goertzen.              IN      A

;; ANSWER SECTION:
test498.goertzen.       604800  IN      A       42.42.42.42

;; AUTHORITY SECTION:
goertzen.               604780  IN      NS      ns1.goertzen.

;; ADDITIONAL SECTION:
ns1.goertzen.           604780  IN      A       172.20.0.4

;; Query time: 107 msec
;; SERVER: 127.0.0.11#53(127.0.0.11)
;; WHEN: Wed Aug 03 20:52:08 UTC 2022
;; MSG SIZE  rcvd: 123

root@a8ffb534be9e:/#

