
root@85d6cf9f9135:/# dig test449.goertzen

; <<>> DiG 9.16.1-Ubuntu <<>> test449.goertzen
;; global options: +cmd
;; Got answer:
;; ->>HEADER<<- opcode: QUERY, status: NOERROR, id: 28295
;; flags: qr rd ra; QUERY: 1, ANSWER: 1, AUTHORITY: 1, ADDITION
AL: 2

;; OPT PSEUDOSECTION:
; EDNS: version: 0, flags:; udp: 65355
; COOKIE: 9571c8f34050bff00100000062e9782294e63e34c5f19898 (goo
d)
;; QUESTION SECTION:
;test449.goertzen.              IN      A

;; ANSWER SECTION:
test449.goertzen.       604800  IN      A       42.42.42.42

;; AUTHORITY SECTION:
goertzen.               604360  IN      NS      ns1.goertzen.

;; ADDITIONAL SECTION:
ns1.goertzen.           604360  IN      A       172.20.0.4

;; Query time: 99 msec
;; SERVER: 127.0.0.11#53(127.0.0.11)
;; WHEN: Tue Aug 02 19:16:50 UTC 2022
;; MSG SIZE  rcvd: 123

root@85d6cf9f9135:/#
