
root@85d6cf9f9135:/# dig test216.goertzen

; <<>> DiG 9.16.1-Ubuntu <<>> test216.goertzen
;; global options: +cmd
;; Got answer:
;; ->>HEADER<<- opcode: QUERY, status: NOERROR, id: 29571
;; flags: qr rd ra; QUERY: 1, ANSWER: 1, AUTHORITY: 1, ADDITION
AL: 2

;; OPT PSEUDOSECTION:
; EDNS: version: 0, flags:; udp: 65355
; COOKIE: 4b3b7b77935c9ee70100000062e97736fb4090256af23496 (goo
d)
;; QUESTION SECTION:
;test216.goertzen.              IN      A

;; ANSWER SECTION:
test216.goertzen.       604800  IN      A       42.42.42.42

;; AUTHORITY SECTION:
goertzen.               604596  IN      NS      ns1.goertzen.

;; ADDITIONAL SECTION:
ns1.goertzen.           604596  IN      A       172.20.0.4

;; Query time: 99 msec
;; SERVER: 127.0.0.11#53(127.0.0.11)
;; WHEN: Tue Aug 02 19:12:54 UTC 2022
;; MSG SIZE  rcvd: 123

root@85d6cf9f9135:/#
