
root@1a0140370f47:/# dig test404.goertzen

; <<>> DiG 9.16.1-Ubuntu <<>> test404.goertzen
;; global options: +cmd
;; Got answer:
;; ->>HEADER<<- opcode: QUERY, status: NOERROR, id: 28660
;; flags: qr rd ra; QUERY: 1, ANSWER: 1, AUTHORITY: 1, ADDITIONAL: 2

;; OPT PSEUDOSECTION:
; EDNS: version: 0, flags:; udp: 65355
; COOKIE: 2ca56818b7da85b60100000062eadf45f16597e86c995ae6 (good)
;; QUESTION SECTION:
;test404.goertzen.              IN      A

;; ANSWER SECTION:
test404.goertzen.       604800  IN      A       42.42.42.42

;; AUTHORITY SECTION:
goertzen.               604637  IN      NS      ns1.goertzen.

;; ADDITIONAL SECTION:
ns1.goertzen.           604637  IN      A       172.20.0.4

;; Query time: 115 msec
;; SERVER: 127.0.0.11#53(127.0.0.11)
;; WHEN: Wed Aug 03 20:49:09 UTC 2022
;; MSG SIZE  rcvd: 123

root@1a0140370f47:/#

