
root@85d6cf9f9135:/# dig test536.goertzen

; <<>> DiG 9.16.1-Ubuntu <<>> test536.goertzen
;; global options: +cmd
;; Got answer:
;; ->>HEADER<<- opcode: QUERY, status: NOERROR, id: 46662
;; flags: qr rd ra; QUERY: 1, ANSWER: 1, AUTHORITY: 1, ADDITION
AL: 2

;; OPT PSEUDOSECTION:
; EDNS: version: 0, flags:; udp: 65355
; COOKIE: 74a581014ae1f00a0100000062e9787aae381ea5a3bacd88 (goo
d)
;; QUESTION SECTION:
;test536.goertzen.              IN      A

;; ANSWER SECTION:
test536.goertzen.       604800  IN      A       42.42.42.42

;; AUTHORITY SECTION:
goertzen.               604272  IN      NS      ns1.goertzen.

;; ADDITIONAL SECTION:
ns1.goertzen.           604272  IN      A       172.20.0.4

;; Query time: 103 msec
;; SERVER: 127.0.0.11#53(127.0.0.11)
;; WHEN: Tue Aug 02 19:18:18 UTC 2022
;; MSG SIZE  rcvd: 123

root@85d6cf9f9135:/#
