
root@85d6cf9f9135:/# dig test745.goertzen

; <<>> DiG 9.16.1-Ubuntu <<>> test745.goertzen
;; global options: +cmd
;; Got answer:
;; ->>HEADER<<- opcode: QUERY, status: NOERROR, id: 45491
;; flags: qr rd ra; QUERY: 1, ANSWER: 1, AUTHORITY: 1, ADDITION
AL: 2

;; OPT PSEUDOSECTION:
; EDNS: version: 0, flags:; udp: 65355
; COOKIE: ff40112288ea17c10100000062e9794ee28ba0b94bb946b5 (goo
d)
;; QUESTION SECTION:
;test745.goertzen.              IN      A

;; ANSWER SECTION:
test745.goertzen.       604800  IN      A       42.42.42.42

;; AUTHORITY SECTION:
goertzen.               604060  IN      NS      ns1.goertzen.

;; ADDITIONAL SECTION:
ns1.goertzen.           604060  IN      A       172.20.0.4

;; Query time: 111 msec
;; SERVER: 127.0.0.11#53(127.0.0.11)
;; WHEN: Tue Aug 02 19:21:50 UTC 2022
;; MSG SIZE  rcvd: 123

root@85d6cf9f9135:/#
