
root@851c499ffd57:/# dig test989.goertzen

; <<>> DiG 9.16.1-Ubuntu <<>> test989.goertzen
;; global options: +cmd
;; Got answer:
;; ->>HEADER<<- opcode: QUERY, status: NOERROR, id: 29928
;; flags: qr rd ra; QUERY: 1, ANSWER: 1, AUTHORITY: 1, ADDITION
AL: 2

;; OPT PSEUDOSECTION:
; EDNS: version: 0, flags:; udp: 65355
; COOKIE: ab5bc25439d73bb80100000062e97b1aca1af283aac02d00 (goo
d)
;; QUESTION SECTION:
;test989.goertzen.              IN      A

;; ANSWER SECTION:
test989.goertzen.       604800  IN      A       42.42.42.42

;; AUTHORITY SECTION:
goertzen.               604589  IN      NS      ns1.goertzen.

;; ADDITIONAL SECTION:
ns1.goertzen.           604589  IN      A       172.20.0.4

;; Query time: 115 msec
;; SERVER: 127.0.0.11#53(127.0.0.11)
;; WHEN: Tue Aug 02 19:29:30 UTC 2022
;; MSG SIZE  rcvd: 123

root@851c499ffd57:/#
