
root@85d6cf9f9135:/# dig test244.goertzen

; <<>> DiG 9.16.1-Ubuntu <<>> test244.goertzen
;; global options: +cmd
;; Got answer:
;; ->>HEADER<<- opcode: QUERY, status: NOERROR, id: 19953
;; flags: qr rd ra; QUERY: 1, ANSWER: 1, AUTHORITY: 1, ADDITION
AL: 2

;; OPT PSEUDOSECTION:
; EDNS: version: 0, flags:; udp: 65355
; COOKIE: 4e0489afc4b55e070100000062e97752a75acfc7219054ef (goo
d)
;; QUESTION SECTION:
;test244.goertzen.              IN      A

;; ANSWER SECTION:
test244.goertzen.       604800  IN      A       42.42.42.42

;; AUTHORITY SECTION:
goertzen.               604568  IN      NS      ns1.goertzen.

;; ADDITIONAL SECTION:
ns1.goertzen.           604568  IN      A       172.20.0.4

;; Query time: 107 msec
;; SERVER: 127.0.0.11#53(127.0.0.11)
;; WHEN: Tue Aug 02 19:13:22 UTC 2022
;; MSG SIZE  rcvd: 123

root@85d6cf9f9135:/#
