
root@851c499ffd57:/# dig test994.goertzen

; <<>> DiG 9.16.1-Ubuntu <<>> test994.goertzen
;; global options: +cmd
;; Got answer:
;; ->>HEADER<<- opcode: QUERY, status: NOERROR, id: 30708
;; flags: qr rd ra; QUERY: 1, ANSWER: 1, AUTHORITY: 1, ADDITION
AL: 2

;; OPT PSEUDOSECTION:
; EDNS: version: 0, flags:; udp: 65355
; COOKIE: 5c5ec775a933d32b0100000062e97b1f2a608925216fe9e9 (goo
d)
;; QUESTION SECTION:
;test994.goertzen.              IN      A

;; ANSWER SECTION:
test994.goertzen.       604800  IN      A       42.42.42.42

;; AUTHORITY SECTION:
goertzen.               604584  IN      NS      ns1.goertzen.

;; ADDITIONAL SECTION:
ns1.goertzen.           604584  IN      A       172.20.0.4

;; Query time: 99 msec
;; SERVER: 127.0.0.11#53(127.0.0.11)
;; WHEN: Tue Aug 02 19:29:35 UTC 2022
;; MSG SIZE  rcvd: 123

root@851c499ffd57:/#
