
root@935830ec8347:/# dig test63.goertzen

; <<>> DiG 9.16.1-Ubuntu <<>> test63.goertzen
;; global options: +cmd
;; Got answer:
;; ->>HEADER<<- opcode: QUERY, status: NOERROR, id: 13422
;; flags: qr rd ra; QUERY: 1, ANSWER: 1, AUTHORITY: 1, ADDITIONAL: 2

;; OPT PSEUDOSECTION:
; EDNS: version: 0, flags:; udp: 65355
; COOKIE: d8baafb700533cbf0100000062dc7640c399c44ff23e22ca (good)
;; QUESTION SECTION:
;test63.goertzen.               IN      A

;; ANSWER SECTION:
test63.goertzen.        604800  IN      A       42.42.42.42

;; AUTHORITY SECTION:
goertzen.               604759  IN      NS      ns1.goertzen.

;; ADDITIONAL SECTION:
ns1.goertzen.           604759  IN      A       172.20.0.4

;; Query time: 388 msec
;; SERVER: 127.0.0.11#53(127.0.0.11)
;; WHEN: Sat Jul 23 22:29:20 UTC 2022
;; MSG SIZE  rcvd: 122

root@935830ec8347:/#
