
root@935830ec8347:/# dig test962.goertzen

; <<>> DiG 9.16.1-Ubuntu <<>> test962.goertzen
;; global options: +cmd
;; Got answer:
;; ->>HEADER<<- opcode: QUERY, status: NOERROR, id: 55070
;; flags: qr rd ra; QUERY: 1, ANSWER: 1, AUTHORITY: 1, ADDITIONAL: 2

;; OPT PSEUDOSECTION:
; EDNS: version: 0, flags:; udp: 65355
; COOKIE: aa53de85fa1cdb570100000062dc78d315877c877123b5e0 (good)
;; QUESTION SECTION:
;test962.goertzen.              IN      A

;; ANSWER SECTION:
test962.goertzen.       604800  IN      A       42.42.42.42

;; AUTHORITY SECTION:
goertzen.               604730  IN      NS      ns1.goertzen.

;; ADDITIONAL SECTION:
ns1.goertzen.           604730  IN      A       172.20.0.4

;; Query time: 388 msec
;; SERVER: 127.0.0.11#53(127.0.0.11)
;; WHEN: Sat Jul 23 22:40:19 UTC 2022
;; MSG SIZE  rcvd: 123

root@935830ec8347:/#
