
root@935830ec8347:/# dig test682.goertzen

; <<>> DiG 9.16.1-Ubuntu <<>> test682.goertzen
;; global options: +cmd
;; Got answer:
;; ->>HEADER<<- opcode: QUERY, status: NOERROR, id: 50248
;; flags: qr rd ra; QUERY: 1, ANSWER: 1, AUTHORITY: 1, ADDITIONAL: 2

;; OPT PSEUDOSECTION:
; EDNS: version: 0, flags:; udp: 65355
; COOKIE: 2360725845afc0bb0100000062dc7794caa23ed9b4dd4580 (good)
;; QUESTION SECTION:
;test682.goertzen.              IN      A

;; ANSWER SECTION:
test682.goertzen.       604800  IN      A       42.42.42.42

;; AUTHORITY SECTION:
goertzen.               604419  IN      NS      ns1.goertzen.

;; ADDITIONAL SECTION:
ns1.goertzen.           604419  IN      A       172.20.0.4

;; Query time: 392 msec
;; SERVER: 127.0.0.11#53(127.0.0.11)
;; WHEN: Sat Jul 23 22:35:00 UTC 2022
;; MSG SIZE  rcvd: 123

root@935830ec8347:/#
