
root@935830ec8347:/# dig test456.goertzen

; <<>> DiG 9.16.1-Ubuntu <<>> test456.goertzen
;; global options: +cmd
;; Got answer:
;; ->>HEADER<<- opcode: QUERY, status: NOERROR, id: 51017
;; flags: qr rd ra; QUERY: 1, ANSWER: 1, AUTHORITY: 1, ADDITIONAL: 2

;; OPT PSEUDOSECTION:
; EDNS: version: 0, flags:; udp: 65355
; COOKIE: cc2761f442e9a1f10100000062dc7712a4cece01640ad242 (good)
;; QUESTION SECTION:
;test456.goertzen.              IN      A

;; ANSWER SECTION:
test456.goertzen.       604800  IN      A       42.42.42.42

;; AUTHORITY SECTION:
goertzen.               604549  IN      NS      ns1.goertzen.

;; ADDITIONAL SECTION:
ns1.goertzen.           604549  IN      A       172.20.0.4

;; Query time: 388 msec
;; SERVER: 127.0.0.11#53(127.0.0.11)
;; WHEN: Sat Jul 23 22:32:50 UTC 2022
;; MSG SIZE  rcvd: 123

root@935830ec8347:/#
