
root@935830ec8347:/# dig test296.goertzen

; <<>> DiG 9.16.1-Ubuntu <<>> test296.goertzen
;; global options: +cmd
;; Got answer:
;; ->>HEADER<<- opcode: QUERY, status: NOERROR, id: 53932
;; flags: qr rd ra; QUERY: 1, ANSWER: 1, AUTHORITY: 1, ADDITIONAL: 2

;; OPT PSEUDOSECTION:
; EDNS: version: 0, flags:; udp: 65355
; COOKIE: 01c6d1c9ddc126950100000062dc76c0a62a1b1d5ef77526 (good)
;; QUESTION SECTION:
;test296.goertzen.              IN      A

;; ANSWER SECTION:
test296.goertzen.       604800  IN      A       42.42.42.42

;; AUTHORITY SECTION:
goertzen.               604631  IN      NS      ns1.goertzen.

;; ADDITIONAL SECTION:
ns1.goertzen.           604631  IN      A       172.20.0.4

;; Query time: 392 msec
;; SERVER: 127.0.0.11#53(127.0.0.11)
;; WHEN: Sat Jul 23 22:31:28 UTC 2022
;; MSG SIZE  rcvd: 123

root@935830ec8347:/#
