
root@935830ec8347:/# dig test694.goertzen

; <<>> DiG 9.16.1-Ubuntu <<>> test694.goertzen
;; global options: +cmd
;; Got answer:
;; ->>HEADER<<- opcode: QUERY, status: NOERROR, id: 47930
;; flags: qr rd ra; QUERY: 1, ANSWER: 1, AUTHORITY: 1, ADDITIONAL: 2

;; OPT PSEUDOSECTION:
; EDNS: version: 0, flags:; udp: 65355
; COOKIE: a53055cafa90b3670100000062dc779a9f62e8d9a6588dfc (good)
;; QUESTION SECTION:
;test694.goertzen.              IN      A

;; ANSWER SECTION:
test694.goertzen.       604800  IN      A       42.42.42.42

;; AUTHORITY SECTION:
goertzen.               604413  IN      NS      ns1.goertzen.

;; ADDITIONAL SECTION:
ns1.goertzen.           604413  IN      A       172.20.0.4

;; Query time: 392 msec
;; SERVER: 127.0.0.11#53(127.0.0.11)
;; WHEN: Sat Jul 23 22:35:06 UTC 2022
;; MSG SIZE  rcvd: 123

root@935830ec8347:/#
