
root@935830ec8347:/# dig test791.goertzen

; <<>> DiG 9.16.1-Ubuntu <<>> test791.goertzen
;; global options: +cmd
;; Got answer:
;; ->>HEADER<<- opcode: QUERY, status: NOERROR, id: 45460
;; flags: qr rd ra; QUERY: 1, ANSWER: 1, AUTHORITY: 1, ADDITIONAL: 2

;; OPT PSEUDOSECTION:
; EDNS: version: 0, flags:; udp: 65355
; COOKIE: 31c41a06049c9e440100000062dc77d1511d79c40b6657e4 (good)
;; QUESTION SECTION:
;test791.goertzen.              IN      A

;; ANSWER SECTION:
test791.goertzen.       604800  IN      A       42.42.42.42

;; AUTHORITY SECTION:
goertzen.               604358  IN      NS      ns1.goertzen.

;; ADDITIONAL SECTION:
ns1.goertzen.           604358  IN      A       172.20.0.4

;; Query time: 400 msec
;; SERVER: 127.0.0.11#53(127.0.0.11)
;; WHEN: Sat Jul 23 22:36:01 UTC 2022
;; MSG SIZE  rcvd: 123

root@935830ec8347:/#
