
root@935830ec8347:/# dig test237.goertzen

; <<>> DiG 9.16.1-Ubuntu <<>> test237.goertzen
;; global options: +cmd
;; Got answer:
;; ->>HEADER<<- opcode: QUERY, status: NOERROR, id: 3343
;; flags: qr rd ra; QUERY: 1, ANSWER: 1, AUTHORITY: 1, ADDITIONAL: 2

;; OPT PSEUDOSECTION:
; EDNS: version: 0, flags:; udp: 65355
; COOKIE: b3ad04da536c70960100000062dc76a2032ba2933f0177da (good)
;; QUESTION SECTION:
;test237.goertzen.              IN      A

;; ANSWER SECTION:
test237.goertzen.       604800  IN      A       42.42.42.42

;; AUTHORITY SECTION:
goertzen.               604661  IN      NS      ns1.goertzen.

;; ADDITIONAL SECTION:
ns1.goertzen.           604661  IN      A       172.20.0.4

;; Query time: 392 msec
;; SERVER: 127.0.0.11#53(127.0.0.11)
;; WHEN: Sat Jul 23 22:30:58 UTC 2022
;; MSG SIZE  rcvd: 123

root@935830ec8347:/#
