
root@935830ec8347:/# dig test615.goertzen

; <<>> DiG 9.16.1-Ubuntu <<>> test615.goertzen
;; global options: +cmd
;; Got answer:
;; ->>HEADER<<- opcode: QUERY, status: NOERROR, id: 20875
;; flags: qr rd ra; QUERY: 1, ANSWER: 1, AUTHORITY: 1, ADDITIONAL: 2

;; OPT PSEUDOSECTION:
; EDNS: version: 0, flags:; udp: 65355
; COOKIE: bed20c97b1242df10100000062dc777223b8c142b0e7dfed (good)
;; QUESTION SECTION:
;test615.goertzen.              IN      A

;; ANSWER SECTION:
test615.goertzen.       604800  IN      A       42.42.42.42

;; AUTHORITY SECTION:
goertzen.               604453  IN      NS      ns1.goertzen.

;; ADDITIONAL SECTION:
ns1.goertzen.           604453  IN      A       172.20.0.4

;; Query time: 404 msec
;; SERVER: 127.0.0.11#53(127.0.0.11)
;; WHEN: Sat Jul 23 22:34:26 UTC 2022
;; MSG SIZE  rcvd: 123

root@935830ec8347:/#
