
root@935830ec8347:/# dig test562.goertzen

; <<>> DiG 9.16.1-Ubuntu <<>> test562.goertzen
;; global options: +cmd
;; Got answer:
;; ->>HEADER<<- opcode: QUERY, status: NOERROR, id: 43328
;; flags: qr rd ra; QUERY: 1, ANSWER: 1, AUTHORITY: 1, ADDITIONAL: 2

;; OPT PSEUDOSECTION:
; EDNS: version: 0, flags:; udp: 65355
; COOKIE: 8dd10f943385899d0100000062dc774f22ed7f5be896f98f (good)
;; QUESTION SECTION:
;test562.goertzen.              IN      A

;; ANSWER SECTION:
test562.goertzen.       604800  IN      A       42.42.42.42

;; AUTHORITY SECTION:
goertzen.               604488  IN      NS      ns1.goertzen.

;; ADDITIONAL SECTION:
ns1.goertzen.           604488  IN      A       172.20.0.4

;; Query time: 388 msec
;; SERVER: 127.0.0.11#53(127.0.0.11)
;; WHEN: Sat Jul 23 22:33:51 UTC 2022
;; MSG SIZE  rcvd: 123

root@935830ec8347:/#
