
root@935830ec8347:/# dig test9.goertzen

; <<>> DiG 9.16.1-Ubuntu <<>> test9.goertzen
;; global options: +cmd
;; Got answer:
;; ->>HEADER<<- opcode: QUERY, status: NOERROR, id: 42367
;; flags: qr rd ra; QUERY: 1, ANSWER: 1, AUTHORITY: 1, ADDITIONAL: 2

;; OPT PSEUDOSECTION:
; EDNS: version: 0, flags:; udp: 65355
; COOKIE: 82e577c5386faa510100000062dc762462043227cec74e39 (good)
;; QUESTION SECTION:
;test9.goertzen.                        IN      A

;; ANSWER SECTION:
test9.goertzen.         604800  IN      A       42.42.42.42

;; AUTHORITY SECTION:
goertzen.               604787  IN      NS      ns1.goertzen.

;; ADDITIONAL SECTION:
ns1.goertzen.           604787  IN      A       172.20.0.4

;; Query time: 388 msec
;; SERVER: 127.0.0.11#53(127.0.0.11)
;; WHEN: Sat Jul 23 22:28:52 UTC 2022
;; MSG SIZE  rcvd: 121

root@935830ec8347:/#
