
root@935830ec8347:/# dig test608.goertzen

; <<>> DiG 9.16.1-Ubuntu <<>> test608.goertzen
;; global options: +cmd
;; Got answer:
;; ->>HEADER<<- opcode: QUERY, status: NOERROR, id: 26944
;; flags: qr rd ra; QUERY: 1, ANSWER: 1, AUTHORITY: 1, ADDITIONAL: 2

;; OPT PSEUDOSECTION:
; EDNS: version: 0, flags:; udp: 65355
; COOKIE: ad69ddab74f2ebc40100000062dc776ec2cfc0b130ddc427 (good)
;; QUESTION SECTION:
;test608.goertzen.              IN      A

;; ANSWER SECTION:
test608.goertzen.       604800  IN      A       42.42.42.42

;; AUTHORITY SECTION:
goertzen.               604457  IN      NS      ns1.goertzen.

;; ADDITIONAL SECTION:
ns1.goertzen.           604457  IN      A       172.20.0.4

;; Query time: 392 msec
;; SERVER: 127.0.0.11#53(127.0.0.11)
;; WHEN: Sat Jul 23 22:34:22 UTC 2022
;; MSG SIZE  rcvd: 123

root@935830ec8347:/#
