
root@fe180773134c:/# dig test221.goertzen

; <<>> DiG 9.16.1-Ubuntu <<>> test221.goertzen
;; global options: +cmd
;; Got answer:
;; ->>HEADER<<- opcode: QUERY, status: NOERROR, id: 21290
;; flags: qr rd ra ad; QUERY: 1, ANSWER: 1, AUTHORITY: 1, ADDITIONAL: 2

;; OPT PSEUDOSECTION:
; EDNS: version: 0, flags:; udp: 65355
; COOKIE: 12db18408422c4560100000062dddf257c70c3a5466386e6 (good)
;; QUESTION SECTION:
;test221.goertzen.              IN      A

;; ANSWER SECTION:
test221.goertzen.       604800  IN      A       42.42.42.42

;; AUTHORITY SECTION:
goertzen.               603997  IN      NS      ns1.goertzen.

;; ADDITIONAL SECTION:
ns1.goertzen.           603997  IN      A       172.20.0.4

;; Query time: 816 msec
;; SERVER: 127.0.0.11#53(127.0.0.11)
;; WHEN: Mon Jul 25 00:09:09 UTC 2022
;; MSG SIZE  rcvd: 123

root@fe180773134c:/#
