
root@609b290522d1:/# dig test45.goertzen

; <<>> DiG 9.16.1-Ubuntu <<>> test45.goertzen
;; global options: +cmd
;; Got answer:
;; ->>HEADER<<- opcode: QUERY, status: NOERROR, id: 39244
;; flags: qr rd ra ad; QUERY: 1, ANSWER: 1, AUTHORITY: 1, ADDITIONAL: 2

;; OPT PSEUDOSECTION:
; EDNS: version: 0, flags:; udp: 65355
; COOKIE: 36cea5d6e96f36900100000062dddb84d13b9767b63564f7 (good)
;; QUESTION SECTION:
;test45.goertzen.               IN      A

;; ANSWER SECTION:
test45.goertzen.        604800  IN      A       42.42.42.42

;; AUTHORITY SECTION:
goertzen.               604564  IN      NS      ns1.goertzen.

;; ADDITIONAL SECTION:
ns1.goertzen.           604564  IN      A       172.20.0.4

;; Query time: 816 msec
;; SERVER: 127.0.0.11#53(127.0.0.11)
;; WHEN: Sun Jul 24 23:53:40 UTC 2022
;; MSG SIZE  rcvd: 122

root@609b290522d1:/#
