
root@6359e91308c0:/# dig test851.goertzen

; <<>> DiG 9.16.1-Ubuntu <<>> test851.goertzen
;; global options: +cmd
;; Got answer:
;; ->>HEADER<<- opcode: QUERY, status: NOERROR, id: 34540
;; flags: qr rd ra ad; QUERY: 1, ANSWER: 1, AUTHORITY: 1, ADDITIONAL: 2

;; OPT PSEUDOSECTION:
; EDNS: version: 0, flags:; udp: 65355
; COOKIE: d7ee77adfd9f3db80100000062ddebd76d3c3f1121e7afed (good)
;; QUESTION SECTION:
;test851.goertzen.              IN      A

;; ANSWER SECTION:
test851.goertzen.       604800  IN      A       42.42.42.42

;; AUTHORITY SECTION:
goertzen.               604579  IN      NS      ns1.goertzen.

;; ADDITIONAL SECTION:
ns1.goertzen.           604579  IN      A       172.20.0.4

;; Query time: 812 msec
;; SERVER: 127.0.0.11#53(127.0.0.11)
;; WHEN: Mon Jul 25 01:03:19 UTC 2022
;; MSG SIZE  rcvd: 123

root@6359e91308c0:/#
