
root@fe180773134c:/# dig test305.goertzen

; <<>> DiG 9.16.1-Ubuntu <<>> test305.goertzen
;; global options: +cmd
;; Got answer:
;; ->>HEADER<<- opcode: QUERY, status: NOERROR, id: 7831
;; flags: qr rd ra ad; QUERY: 1, ANSWER: 1, AUTHORITY: 1, ADDITIONAL: 2

;; OPT PSEUDOSECTION:
; EDNS: version: 0, flags:; udp: 65355
; COOKIE: f2548f6a472c2c4c0100000062dde0ca9cb07d2e2d8a5cad (good)
;; QUESTION SECTION:
;test305.goertzen.              IN      A

;; ANSWER SECTION:
test305.goertzen.       604800  IN      A       42.42.42.42

;; AUTHORITY SECTION:
goertzen.               603576  IN      NS      ns1.goertzen.

;; ADDITIONAL SECTION:
ns1.goertzen.           603576  IN      A       172.20.0.4

;; Query time: 812 msec
;; SERVER: 127.0.0.11#53(127.0.0.11)
;; WHEN: Mon Jul 25 00:16:10 UTC 2022
;; MSG SIZE  rcvd: 123

root@fe180773134c:/#
