
root@b287c5a933f0:/# dig test570.goertzen

; <<>> DiG 9.16.1-Ubuntu <<>> test570.goertzen
;; global options: +cmd
;; Got answer:
;; ->>HEADER<<- opcode: QUERY, status: NOERROR, id: 57525
;; flags: qr rd ra ad; QUERY: 1, ANSWER: 1, AUTHORITY: 1, ADDITIONAL: 2

;; OPT PSEUDOSECTION:
; EDNS: version: 0, flags:; udp: 65355
; COOKIE: eda69b919118a2200100000062dde62875c179d80a75c878 (good)
;; QUESTION SECTION:
;test570.goertzen.              IN      A

;; ANSWER SECTION:
test570.goertzen.       604800  IN      A       42.42.42.42

;; AUTHORITY SECTION:
goertzen.               603687  IN      NS      ns1.goertzen.

;; ADDITIONAL SECTION:
ns1.goertzen.           603687  IN      A       172.20.0.4

;; Query time: 816 msec
;; SERVER: 127.0.0.11#53(127.0.0.11)
;; WHEN: Mon Jul 25 00:39:04 UTC 2022
;; MSG SIZE  rcvd: 123

root@b287c5a933f0:/#
