
root@fe180773134c:/# dig test131.goertzen

; <<>> DiG 9.16.1-Ubuntu <<>> test131.goertzen
;; global options: +cmd
;; Got answer:
;; ->>HEADER<<- opcode: QUERY, status: NOERROR, id: 11642
;; flags: qr rd ra ad; QUERY: 1, ANSWER: 1, AUTHORITY: 1, ADDITIONAL: 2

;; OPT PSEUDOSECTION:
; EDNS: version: 0, flags:; udp: 65355
; COOKIE: be6885701cea221c0100000062dddd628389b42599caa611 (good)
;; QUESTION SECTION:
;test131.goertzen.              IN      A

;; ANSWER SECTION:
test131.goertzen.       604800  IN      A       42.42.42.42

;; AUTHORITY SECTION:
goertzen.               604448  IN      NS      ns1.goertzen.

;; ADDITIONAL SECTION:
ns1.goertzen.           604448  IN      A       172.20.0.4

;; Query time: 816 msec
;; SERVER: 127.0.0.11#53(127.0.0.11)
;; WHEN: Mon Jul 25 00:01:38 UTC 2022
;; MSG SIZE  rcvd: 123

root@fe180773134c:/#
