
root@fe180773134c:/# dig test123.goertzen

; <<>> DiG 9.16.1-Ubuntu <<>> test123.goertzen
;; global options: +cmd
;; Got answer:
;; ->>HEADER<<- opcode: QUERY, status: NOERROR, id: 56869
;; flags: qr rd ra ad; QUERY: 1, ANSWER: 1, AUTHORITY: 1, ADDITIONAL: 2

;; OPT PSEUDOSECTION:
; EDNS: version: 0, flags:; udp: 65355
; COOKIE: 2d60b51d65fe15830100000062dddd3afdaff81bbad44f86 (good)
;; QUESTION SECTION:
;test123.goertzen.              IN      A

;; ANSWER SECTION:
test123.goertzen.       604800  IN      A       42.42.42.42

;; AUTHORITY SECTION:
goertzen.               604488  IN      NS      ns1.goertzen.

;; ADDITIONAL SECTION:
ns1.goertzen.           604488  IN      A       172.20.0.4

;; Query time: 816 msec
;; SERVER: 127.0.0.11#53(127.0.0.11)
;; WHEN: Mon Jul 25 00:00:58 UTC 2022
;; MSG SIZE  rcvd: 123

root@fe180773134c:/#
