
root@b287c5a933f0:/# dig test636.goertzen

; <<>> DiG 9.16.1-Ubuntu <<>> test636.goertzen
;; global options: +cmd
;; Got answer:
;; ->>HEADER<<- opcode: QUERY, status: NOERROR, id: 33275
;; flags: qr rd ra ad; QUERY: 1, ANSWER: 1, AUTHORITY: 1, ADDITIONAL: 2

;; OPT PSEUDOSECTION:
; EDNS: version: 0, flags:; udp: 65355
; COOKIE: 240b470149dc41a30100000062dde7730ea5e76dfaa78237 (good)
;; QUESTION SECTION:
;test636.goertzen.              IN      A

;; ANSWER SECTION:
test636.goertzen.       604800  IN      A       42.42.42.42

;; AUTHORITY SECTION:
goertzen.               603356  IN      NS      ns1.goertzen.

;; ADDITIONAL SECTION:
ns1.goertzen.           603356  IN      A       172.20.0.4

;; Query time: 812 msec
;; SERVER: 127.0.0.11#53(127.0.0.11)
;; WHEN: Mon Jul 25 00:44:35 UTC 2022
;; MSG SIZE  rcvd: 123

root@b287c5a933f0:/#
