
root@b287c5a933f0:/# dig test588.goertzen

; <<>> DiG 9.16.1-Ubuntu <<>> test588.goertzen
;; global options: +cmd
;; Got answer:
;; ->>HEADER<<- opcode: QUERY, status: NOERROR, id: 62215
;; flags: qr rd ra ad; QUERY: 1, ANSWER: 1, AUTHORITY: 1, ADDITIONAL: 2

;; OPT PSEUDOSECTION:
; EDNS: version: 0, flags:; udp: 65355
; COOKIE: d6829211ed4d6cea0100000062dde683c89e3e7a7d5cbec7 (good)
;; QUESTION SECTION:
;test588.goertzen.              IN      A

;; ANSWER SECTION:
test588.goertzen.       604800  IN      A       42.42.42.42

;; AUTHORITY SECTION:
goertzen.               603596  IN      NS      ns1.goertzen.

;; ADDITIONAL SECTION:
ns1.goertzen.           603596  IN      A       172.20.0.4

;; Query time: 812 msec
;; SERVER: 127.0.0.11#53(127.0.0.11)
;; WHEN: Mon Jul 25 00:40:35 UTC 2022
;; MSG SIZE  rcvd: 123

root@b287c5a933f0:/#
