
root@6359e91308c0:/# dig test876.goertzen

; <<>> DiG 9.16.1-Ubuntu <<>> test876.goertzen
;; global options: +cmd
;; Got answer:
;; ->>HEADER<<- opcode: QUERY, status: NOERROR, id: 29853
;; flags: qr rd ra ad; QUERY: 1, ANSWER: 1, AUTHORITY: 1, ADDITIONAL: 2

;; OPT PSEUDOSECTION:
; EDNS: version: 0, flags:; udp: 65355
; COOKIE: 019da3561c04d2bd0100000062ddec55798f956588f7f174 (good)
;; QUESTION SECTION:
;test876.goertzen.              IN      A

;; ANSWER SECTION:
test876.goertzen.       604800  IN      A       42.42.42.42

;; AUTHORITY SECTION:
goertzen.               604453  IN      NS      ns1.goertzen.

;; ADDITIONAL SECTION:
ns1.goertzen.           604453  IN      A       172.20.0.4

;; Query time: 816 msec
;; SERVER: 127.0.0.11#53(127.0.0.11)
;; WHEN: Mon Jul 25 01:05:25 UTC 2022
;; MSG SIZE  rcvd: 123

root@6359e91308c0:/#
