
root@fe180773134c:/# dig test208.goertzen

; <<>> DiG 9.16.1-Ubuntu <<>> test208.goertzen
;; global options: +cmd
;; Got answer:
;; ->>HEADER<<- opcode: QUERY, status: NOERROR, id: 2978
;; flags: qr rd ra ad; QUERY: 1, ANSWER: 1, AUTHORITY: 1, ADDITIONAL: 2

;; OPT PSEUDOSECTION:
; EDNS: version: 0, flags:; udp: 65355
; COOKIE: 7b6ee6bfa1bd994e0100000062dddee476edc9dd87f09b69 (good)
;; QUESTION SECTION:
;test208.goertzen.              IN      A

;; ANSWER SECTION:
test208.goertzen.       604800  IN      A       42.42.42.42

;; AUTHORITY SECTION:
goertzen.               604062  IN      NS      ns1.goertzen.

;; ADDITIONAL SECTION:
ns1.goertzen.           604062  IN      A       172.20.0.4

;; Query time: 816 msec
;; SERVER: 127.0.0.11#53(127.0.0.11)
;; WHEN: Mon Jul 25 00:08:04 UTC 2022
;; MSG SIZE  rcvd: 123

root@fe180773134c:/#
