
root@fe180773134c:/# dig test297.goertzen

; <<>> DiG 9.16.1-Ubuntu <<>> test297.goertzen
;; global options: +cmd
;; Got answer:
;; ->>HEADER<<- opcode: QUERY, status: NOERROR, id: 36908
;; flags: qr rd ra ad; QUERY: 1, ANSWER: 1, AUTHORITY: 1, ADDITIONAL: 2

;; OPT PSEUDOSECTION:
; EDNS: version: 0, flags:; udp: 65355
; COOKIE: d08906405d6d17670100000062dde0a2fbd001f9fcd8f61e (good)
;; QUESTION SECTION:
;test297.goertzen.              IN      A

;; ANSWER SECTION:
test297.goertzen.       604800  IN      A       42.42.42.42

;; AUTHORITY SECTION:
goertzen.               603616  IN      NS      ns1.goertzen.

;; ADDITIONAL SECTION:
ns1.goertzen.           603616  IN      A       172.20.0.4

;; Query time: 812 msec
;; SERVER: 127.0.0.11#53(127.0.0.11)
;; WHEN: Mon Jul 25 00:15:30 UTC 2022
;; MSG SIZE  rcvd: 123

root@fe180773134c:/#
