
root@36ed881db613:/# dig test686.goertzen

; <<>> DiG 9.16.1-Ubuntu <<>> test686.goertzen
;; global options: +cmd
;; Got answer:
;; ->>HEADER<<- opcode: QUERY, status: NOERROR, id: 3883
;; flags: qr rd ra; QUERY: 1, ANSWER: 1, AUTHORITY: 1, ADDITIONAL: 2

;; OPT PSEUDOSECTION:
; EDNS: version: 0, flags:; udp: 65355
; COOKIE: 1e3094f60414c4290100000062dc6a41adfc5cb6a118202a (good)
;; QUESTION SECTION:
;test686.goertzen.              IN      A

;; ANSWER SECTION:
test686.goertzen.       604800  IN      A       42.42.42.42

;; AUTHORITY SECTION:
goertzen.               604416  IN      NS      ns1.goertzen.

;; ADDITIONAL SECTION:
ns1.goertzen.           604416  IN      A       172.20.0.4

;; Query time: 260 msec
;; SERVER: 127.0.0.11#53(127.0.0.11)
;; WHEN: Sat Jul 23 21:38:09 UTC 2022
;; MSG SIZE  rcvd: 123

root@36ed881db613:/#
