
root@36ed881db613:/# dig test212.goertzen

; <<>> DiG 9.16.1-Ubuntu <<>> test212.goertzen
;; global options: +cmd
;; Got answer:
;; ->>HEADER<<- opcode: QUERY, status: NOERROR, id: 483
;; flags: qr rd ra; QUERY: 1, ANSWER: 1, AUTHORITY: 1, ADDITIONAL: 2

;; OPT PSEUDOSECTION:
; EDNS: version: 0, flags:; udp: 65355
; COOKIE: 449e2e031c95d3f80100000062dc69391a1331441e7f401b (good)
;; QUESTION SECTION:
;test212.goertzen.              IN      A

;; ANSWER SECTION:
test212.goertzen.       604800  IN      A       42.42.42.42

;; AUTHORITY SECTION:
goertzen.               604680  IN      NS      ns1.goertzen.

;; ADDITIONAL SECTION:
ns1.goertzen.           604680  IN      A       172.20.0.4

;; Query time: 260 msec
;; SERVER: 127.0.0.11#53(127.0.0.11)
;; WHEN: Sat Jul 23 21:33:45 UTC 2022
;; MSG SIZE  rcvd: 123

root@36ed881db613:/#
