
root@36ed881db613:/# dig test895.goertzen

; <<>> DiG 9.16.1-Ubuntu <<>> test895.goertzen
;; global options: +cmd
;; Got answer:
;; ->>HEADER<<- opcode: QUERY, status: NOERROR, id: 58586
;; flags: qr rd ra; QUERY: 1, ANSWER: 1, AUTHORITY: 1, ADDITIONAL: 2

;; OPT PSEUDOSECTION:
; EDNS: version: 0, flags:; udp: 65355
; COOKIE: b238f1e15c0f5b8a0100000062dc6ab2976940ab905975bf (good)
;; QUESTION SECTION:
;test895.goertzen.              IN      A

;; ANSWER SECTION:
test895.goertzen.       604800  IN      A       42.42.42.42

;; AUTHORITY SECTION:
goertzen.               604303  IN      NS      ns1.goertzen.

;; ADDITIONAL SECTION:
ns1.goertzen.           604303  IN      A       172.20.0.4

;; Query time: 260 msec
;; SERVER: 127.0.0.11#53(127.0.0.11)
;; WHEN: Sat Jul 23 21:40:02 UTC 2022
;; MSG SIZE  rcvd: 123

root@36ed881db613:/#
