
root@36ed881db613:/# dig test570.goertzen

; <<>> DiG 9.16.1-Ubuntu <<>> test570.goertzen
;; global options: +cmd
;; Got answer:
;; ->>HEADER<<- opcode: QUERY, status: NOERROR, id: 20527
;; flags: qr rd ra; QUERY: 1, ANSWER: 1, AUTHORITY: 1, ADDITIONAL: 2

;; OPT PSEUDOSECTION:
; EDNS: version: 0, flags:; udp: 65355
; COOKIE: 3e09bc1bbf3d75260100000062dc6a05e4999dc16d998465 (good)
;; QUESTION SECTION:
;test570.goertzen.              IN      A

;; ANSWER SECTION:
test570.goertzen.       604800  IN      A       42.42.42.42

;; AUTHORITY SECTION:
goertzen.               604476  IN      NS      ns1.goertzen.

;; ADDITIONAL SECTION:
ns1.goertzen.           604476  IN      A       172.20.0.4

;; Query time: 260 msec
;; SERVER: 127.0.0.11#53(127.0.0.11)
;; WHEN: Sat Jul 23 21:37:09 UTC 2022
;; MSG SIZE  rcvd: 123

root@36ed881db613:/#
