
root@36ed881db613:/# dig test592.goertzen

; <<>> DiG 9.16.1-Ubuntu <<>> test592.goertzen
;; global options: +cmd
;; Got answer:
;; ->>HEADER<<- opcode: QUERY, status: NOERROR, id: 10827
;; flags: qr rd ra; QUERY: 1, ANSWER: 1, AUTHORITY: 1, ADDITIONAL: 2

;; OPT PSEUDOSECTION:
; EDNS: version: 0, flags:; udp: 65355
; COOKIE: b59b9d0fd6cf72400100000062dc6a11b81709318ad1a5f8 (good)
;; QUESTION SECTION:
;test592.goertzen.              IN      A

;; ANSWER SECTION:
test592.goertzen.       604800  IN      A       42.42.42.42

;; AUTHORITY SECTION:
goertzen.               604464  IN      NS      ns1.goertzen.

;; ADDITIONAL SECTION:
ns1.goertzen.           604464  IN      A       172.20.0.4

;; Query time: 260 msec
;; SERVER: 127.0.0.11#53(127.0.0.11)
;; WHEN: Sat Jul 23 21:37:21 UTC 2022
;; MSG SIZE  rcvd: 123

root@36ed881db613:/#
