
root@36ed881db613:/# dig test250.goertzen

; <<>> DiG 9.16.1-Ubuntu <<>> test250.goertzen
;; global options: +cmd
;; Got answer:
;; ->>HEADER<<- opcode: QUERY, status: NOERROR, id: 12466
;; flags: qr rd ra; QUERY: 1, ANSWER: 1, AUTHORITY: 1, ADDITIONAL: 2

;; OPT PSEUDOSECTION:
; EDNS: version: 0, flags:; udp: 65355
; COOKIE: 1fc0d222bc3466ae0100000062dc694ca46a22fb62b90550 (good)
;; QUESTION SECTION:
;test250.goertzen.              IN      A

;; ANSWER SECTION:
test250.goertzen.       604800  IN      A       42.42.42.42

;; AUTHORITY SECTION:
goertzen.               604661  IN      NS      ns1.goertzen.

;; ADDITIONAL SECTION:
ns1.goertzen.           604661  IN      A       172.20.0.4

;; Query time: 260 msec
;; SERVER: 127.0.0.11#53(127.0.0.11)
;; WHEN: Sat Jul 23 21:34:04 UTC 2022
;; MSG SIZE  rcvd: 123

root@36ed881db613:/#
