
root@36ed881db613:/# dig test387.goertzen

; <<>> DiG 9.16.1-Ubuntu <<>> test387.goertzen
;; global options: +cmd
;; Got answer:
;; ->>HEADER<<- opcode: QUERY, status: NOERROR, id: 16592
;; flags: qr rd ra; QUERY: 1, ANSWER: 1, AUTHORITY: 1, ADDITIONAL: 2

;; OPT PSEUDOSECTION:
; EDNS: version: 0, flags:; udp: 65355
; COOKIE: 4aa5b401a6dcc4180100000062dc6993967b522fc0cd96e1 (good)
;; QUESTION SECTION:
;test387.goertzen.              IN      A

;; ANSWER SECTION:
test387.goertzen.       604800  IN      A       42.42.42.42

;; AUTHORITY SECTION:
goertzen.               604590  IN      NS      ns1.goertzen.

;; ADDITIONAL SECTION:
ns1.goertzen.           604590  IN      A       172.20.0.4

;; Query time: 260 msec
;; SERVER: 127.0.0.11#53(127.0.0.11)
;; WHEN: Sat Jul 23 21:35:15 UTC 2022
;; MSG SIZE  rcvd: 123

root@36ed881db613:/#
