
root@2bfe4e0128a6:/# dig test650.goertzen

; <<>> DiG 9.16.1-Ubuntu <<>> test650.goertzen
;; global options: +cmd
;; Got answer:
;; ->>HEADER<<- opcode: QUERY, status: NOERROR, id: 64065
;; flags: qr rd ra; QUERY: 1, ANSWER: 1, AUTHORITY: 1, ADDITIONAL: 2

;; OPT PSEUDOSECTION:
; EDNS: version: 0, flags:; udp: 65355
; COOKIE: c610546c7b7017680100000062dc4425bf5cd224e9e54eb7 (good)
;; QUESTION SECTION:
;test650.goertzen.              IN      A

;; ANSWER SECTION:
test650.goertzen.       604800  IN      A       42.42.42.42

;; AUTHORITY SECTION:
goertzen.               604412  IN      NS      ns1.goertzen.

;; ADDITIONAL SECTION:
ns1.goertzen.           604412  IN      A       172.20.0.4

;; Query time: 32 msec
;; SERVER: 127.0.0.11#53(127.0.0.11)
;; WHEN: Sat Jul 23 18:55:33 UTC 2022
;; MSG SIZE  rcvd: 123

root@2bfe4e0128a6:/#
