
root@2bfe4e0128a6:/# dig test272.goertzen

; <<>> DiG 9.16.1-Ubuntu <<>> test272.goertzen
;; global options: +cmd
;; Got answer:
;; ->>HEADER<<- opcode: QUERY, status: NOERROR, id: 2738
;; flags: qr rd ra; QUERY: 1, ANSWER: 1, AUTHORITY: 1, ADDITIONAL: 2

;; OPT PSEUDOSECTION:
; EDNS: version: 0, flags:; udp: 65355
; COOKIE: ac6c91c0976a8f9d0100000062dc434611c1cdb9861bc80a (good)
;; QUESTION SECTION:
;test272.goertzen.              IN      A

;; ANSWER SECTION:
test272.goertzen.       604800  IN      A       42.42.42.42

;; AUTHORITY SECTION:
goertzen.               604635  IN      NS      ns1.goertzen.

;; ADDITIONAL SECTION:
ns1.goertzen.           604635  IN      A       172.20.0.4

;; Query time: 48 msec
;; SERVER: 127.0.0.11#53(127.0.0.11)
;; WHEN: Sat Jul 23 18:51:50 UTC 2022
;; MSG SIZE  rcvd: 123

root@2bfe4e0128a6:/#
