
root@2bfe4e0128a6:/# dig test452.goertzen

; <<>> DiG 9.16.1-Ubuntu <<>> test452.goertzen
;; global options: +cmd
;; Got answer:
;; ->>HEADER<<- opcode: QUERY, status: NOERROR, id: 6922
;; flags: qr rd ra; QUERY: 1, ANSWER: 1, AUTHORITY: 1, ADDITIONAL: 2

;; OPT PSEUDOSECTION:
; EDNS: version: 0, flags:; udp: 65355
; COOKIE: 7a0d72a1e4555c5c0100000062dc43ac41d2b73fa8b0814f (good)
;; QUESTION SECTION:
;test452.goertzen.              IN      A

;; ANSWER SECTION:
test452.goertzen.       604800  IN      A       42.42.42.42

;; AUTHORITY SECTION:
goertzen.               604533  IN      NS      ns1.goertzen.

;; ADDITIONAL SECTION:
ns1.goertzen.           604533  IN      A       172.20.0.4

;; Query time: 56 msec
;; SERVER: 127.0.0.11#53(127.0.0.11)
;; WHEN: Sat Jul 23 18:53:32 UTC 2022
;; MSG SIZE  rcvd: 123

root@2bfe4e0128a6:/#
