
root@2bfe4e0128a6:/# dig test825.goertzen

; <<>> DiG 9.16.1-Ubuntu <<>> test825.goertzen
;; global options: +cmd
;; Got answer:
;; ->>HEADER<<- opcode: QUERY, status: NOERROR, id: 22814
;; flags: qr rd ra; QUERY: 1, ANSWER: 1, AUTHORITY: 1, ADDITIONAL: 2

;; OPT PSEUDOSECTION:
; EDNS: version: 0, flags:; udp: 65355
; COOKIE: d1737703aa3318e70100000062dc448a2429fed3adaa899b (good)
;; QUESTION SECTION:
;test825.goertzen.              IN      A

;; ANSWER SECTION:
test825.goertzen.       604800  IN      A       42.42.42.42

;; AUTHORITY SECTION:
goertzen.               604311  IN      NS      ns1.goertzen.

;; ADDITIONAL SECTION:
ns1.goertzen.           604311  IN      A       172.20.0.4

;; Query time: 52 msec
;; SERVER: 127.0.0.11#53(127.0.0.11)
;; WHEN: Sat Jul 23 18:57:14 UTC 2022
;; MSG SIZE  rcvd: 123

root@2bfe4e0128a6:/#
