
root@2bfe4e0128a6:/# dig test569.goertzen

; <<>> DiG 9.16.1-Ubuntu <<>> test569.goertzen
;; global options: +cmd
;; Got answer:
;; ->>HEADER<<- opcode: QUERY, status: NOERROR, id: 11717
;; flags: qr rd ra; QUERY: 1, ANSWER: 1, AUTHORITY: 1, ADDITIONAL: 2

;; OPT PSEUDOSECTION:
; EDNS: version: 0, flags:; udp: 65355
; COOKIE: 7f727fc1602384340100000062dc43f577c2baac96857822 (good)
;; QUESTION SECTION:
;test569.goertzen.              IN      A

;; ANSWER SECTION:
test569.goertzen.       604800  IN      A       42.42.42.42

;; AUTHORITY SECTION:
goertzen.               604460  IN      NS      ns1.goertzen.

;; ADDITIONAL SECTION:
ns1.goertzen.           604460  IN      A       172.20.0.4

;; Query time: 40 msec
;; SERVER: 127.0.0.11#53(127.0.0.11)
;; WHEN: Sat Jul 23 18:54:45 UTC 2022
;; MSG SIZE  rcvd: 123

root@2bfe4e0128a6:/#
