
root@2bfe4e0128a6:/# dig test804.goertzen

; <<>> DiG 9.16.1-Ubuntu <<>> test804.goertzen
;; global options: +cmd
;; Got answer:
;; ->>HEADER<<- opcode: QUERY, status: NOERROR, id: 11314
;; flags: qr rd ra; QUERY: 1, ANSWER: 1, AUTHORITY: 1, ADDITIONAL: 2

;; OPT PSEUDOSECTION:
; EDNS: version: 0, flags:; udp: 65355
; COOKIE: c486c24f0aa28f7b0100000062dc447f13976d7540bcba38 (good)
;; QUESTION SECTION:
;test804.goertzen.              IN      A

;; ANSWER SECTION:
test804.goertzen.       604800  IN      A       42.42.42.42

;; AUTHORITY SECTION:
goertzen.               604322  IN      NS      ns1.goertzen.

;; ADDITIONAL SECTION:
ns1.goertzen.           604322  IN      A       172.20.0.4

;; Query time: 48 msec
;; SERVER: 127.0.0.11#53(127.0.0.11)
;; WHEN: Sat Jul 23 18:57:03 UTC 2022
;; MSG SIZE  rcvd: 123

root@2bfe4e0128a6:/#
