
root@2bfe4e0128a6:/# dig test203.goertzen

; <<>> DiG 9.16.1-Ubuntu <<>> test203.goertzen
;; global options: +cmd
;; Got answer:
;; ->>HEADER<<- opcode: QUERY, status: NOERROR, id: 54554
;; flags: qr rd ra; QUERY: 1, ANSWER: 1, AUTHORITY: 1, ADDITIONAL: 2

;; OPT PSEUDOSECTION:
; EDNS: version: 0, flags:; udp: 65355
; COOKIE: f31d1e7f344a29d10100000062dc43237b068c1edf90fcef (good)
;; QUESTION SECTION:
;test203.goertzen.              IN      A

;; ANSWER SECTION:
test203.goertzen.       604800  IN      A       42.42.42.42

;; AUTHORITY SECTION:
goertzen.               604670  IN      NS      ns1.goertzen.

;; ADDITIONAL SECTION:
ns1.goertzen.           604670  IN      A       172.20.0.4

;; Query time: 32 msec
;; SERVER: 127.0.0.11#53(127.0.0.11)
;; WHEN: Sat Jul 23 18:51:15 UTC 2022
;; MSG SIZE  rcvd: 123

root@2bfe4e0128a6:/#
