
root@d1738324c16e:/# dig test851.goertzen

; <<>> DiG 9.16.1-Ubuntu <<>> test851.goertzen
;; global options: +cmd
;; Got answer:
;; ->>HEADER<<- opcode: QUERY, status: NOERROR, id: 22077
;; flags: qr rd ra; QUERY: 1, ANSWER: 1, AUTHORITY: 1, ADDITIONAL: 2

;; OPT PSEUDOSECTION:
; EDNS: version: 0, flags:; udp: 65355
; COOKIE: f67af7720cf316b60100000062e842eca4e2d7240c59f275 (good)
;; QUESTION SECTION:
;test851.goertzen.              IN      A

;; ANSWER SECTION:
test851.goertzen.       604800  IN      A       42.42.42.42

;; AUTHORITY SECTION:
goertzen.               602216  IN      NS      ns1.goertzen.

;; ADDITIONAL SECTION:
ns1.goertzen.           602216  IN      A       172.20.0.4

;; Query time: 256 msec
;; SERVER: 127.0.0.11#53(127.0.0.11)
;; WHEN: Mon Aug 01 21:17:32 UTC 2022
;; MSG SIZE  rcvd: 123

root@d1738324c16e:/#
