
root@d1738324c16e:/# dig test283.goertzen

; <<>> DiG 9.16.1-Ubuntu <<>> test283.goertzen
;; global options: +cmd
;; Got answer:
;; ->>HEADER<<- opcode: QUERY, status: NOERROR, id: 38352
;; flags: qr rd ra; QUERY: 1, ANSWER: 1, AUTHORITY: 1, ADDITIONAL: 2

;; OPT PSEUDOSECTION:
; EDNS: version: 0, flags:; udp: 65355
; COOKIE: 4c55f5c8b2bb11b30100000062e83c3d440be954d08c2463 (good)
;; QUESTION SECTION:
;test283.goertzen.              IN      A

;; ANSWER SECTION:
test283.goertzen.       604800  IN      A       42.42.42.42

;; AUTHORITY SECTION:
goertzen.               603927  IN      NS      ns1.goertzen.

;; ADDITIONAL SECTION:
ns1.goertzen.           603927  IN      A       172.20.0.4

;; Query time: 260 msec
;; SERVER: 127.0.0.11#53(127.0.0.11)
;; WHEN: Mon Aug 01 20:49:01 UTC 2022
;; MSG SIZE  rcvd: 123

root@d1738324c16e:/#
