
root@d1738324c16e:/# dig test850.goertzen

; <<>> DiG 9.16.1-Ubuntu <<>> test850.goertzen
;; global options: +cmd
;; Got answer:
;; ->>HEADER<<- opcode: QUERY, status: NOERROR, id: 53856
;; flags: qr rd ra; QUERY: 1, ANSWER: 1, AUTHORITY: 1, ADDITIONAL: 2

;; OPT PSEUDOSECTION:
; EDNS: version: 0, flags:; udp: 65355
; COOKIE: ae9439cfc505e09d0100000062e842e97919c19807525b54 (good)
;; QUESTION SECTION:
;test850.goertzen.              IN      A

;; ANSWER SECTION:
test850.goertzen.       604800  IN      A       42.42.42.42

;; AUTHORITY SECTION:
goertzen.               602219  IN      NS      ns1.goertzen.

;; ADDITIONAL SECTION:
ns1.goertzen.           602219  IN      A       172.20.0.4

;; Query time: 256 msec
;; SERVER: 127.0.0.11#53(127.0.0.11)
;; WHEN: Mon Aug 01 21:17:29 UTC 2022
;; MSG SIZE  rcvd: 123

root@d1738324c16e:/#
