
root@b1ac3ed801f7:/# dig test463.goertzen

; <<>> DiG 9.16.1-Ubuntu <<>> test463.goertzen
;; global options: +cmd
;; Got answer:
;; ->>HEADER<<- opcode: QUERY, status: NOERROR, id: 63542
;; flags: qr rd ra; QUERY: 1, ANSWER: 1, AUTHORITY: 1, ADDITI
ONAL: 2

;; OPT PSEUDOSECTION:
; EDNS: version: 0, flags:; udp: 65355
; COOKIE: cf4473360352f5cf0100000062eb0e97d30e4eba73cf940c (g
ood)
;; QUESTION SECTION:
;test463.goertzen.              IN      A

;; ANSWER SECTION:
test463.goertzen.       604800  IN      A       42.42.42.42

;; AUTHORITY SECTION:
goertzen.               604436  IN      NS      ns1.goertzen.

;; ADDITIONAL SECTION:
ns1.goertzen.           604436  IN      A       172.20.0.4

;; Query time: 279 msec
;; SERVER: 127.0.0.11#53(127.0.0.11)
;; WHEN: Thu Aug 04 00:11:03 UTC 2022
;; MSG SIZE  rcvd: 123

root@b1ac3ed801f7:/#
