
root@d1738324c16e:/# dig test83.goertzen

; <<>> DiG 9.16.1-Ubuntu <<>> test83.goertzen
;; global options: +cmd
;; Got answer:
;; ->>HEADER<<- opcode: QUERY, status: NOERROR, id: 10189
;; flags: qr rd ra; QUERY: 1, ANSWER: 1, AUTHORITY: 1, ADDITIONAL: 2

;; OPT PSEUDOSECTION:
; EDNS: version: 0, flags:; udp: 65355
; COOKIE: 0b0a071d04380e6d0100000062e839e3eefb724473ecf2a1 (good)
;; QUESTION SECTION:
;test83.goertzen.               IN      A

;; ANSWER SECTION:
test83.goertzen.        604800  IN      A       42.42.42.42

;; AUTHORITY SECTION:
goertzen.               604529  IN      NS      ns1.goertzen.

;; ADDITIONAL SECTION:
ns1.goertzen.           604529  IN      A       172.20.0.4

;; Query time: 256 msec
;; SERVER: 127.0.0.11#53(127.0.0.11)
;; WHEN: Mon Aug 01 20:38:59 UTC 2022
;; MSG SIZE  rcvd: 122

root@d1738324c16e:/#
