
root@d1738324c16e:/# dig test533.goertzen

; <<>> DiG 9.16.1-Ubuntu <<>> test533.goertzen
;; global options: +cmd
;; Got answer:
;; ->>HEADER<<- opcode: QUERY, status: NOERROR, id: 59263
;; flags: qr rd ra; QUERY: 1, ANSWER: 1, AUTHORITY: 1, ADDITIONAL: 2

;; OPT PSEUDOSECTION:
; EDNS: version: 0, flags:; udp: 65355
; COOKIE: fb016782165fa65d0100000062e83f2eb26a53fa8d84a844 (good)
;; QUESTION SECTION:
;test533.goertzen.              IN      A

;; ANSWER SECTION:
test533.goertzen.       604800  IN      A       42.42.42.42

;; AUTHORITY SECTION:
goertzen.               603174  IN      NS      ns1.goertzen.

;; ADDITIONAL SECTION:
ns1.goertzen.           603174  IN      A       172.20.0.4

;; Query time: 252 msec
;; SERVER: 127.0.0.11#53(127.0.0.11)
;; WHEN: Mon Aug 01 21:01:34 UTC 2022
;; MSG SIZE  rcvd: 123

root@d1738324c16e:/#
