
root@b1ac3ed801f7:/# dig test867.goertzen

; <<>> DiG 9.16.1-Ubuntu <<>> test867.goertzen
;; global options: +cmd
;; Got answer:
;; ->>HEADER<<- opcode: QUERY, status: NOERROR, id: 23082
;; flags: qr rd ra; QUERY: 1, ANSWER: 1, AUTHORITY: 1, ADDITI
ONAL: 2

;; OPT PSEUDOSECTION:
; EDNS: version: 0, flags:; udp: 65355
; COOKIE: b10ee8aa966f2d930100000062eb0fccb8a92832239bd3e5 (g
ood)
;; QUESTION SECTION:
;test867.goertzen.              IN      A

;; ANSWER SECTION:
test867.goertzen.       604800  IN      A       42.42.42.42

;; AUTHORITY SECTION:
goertzen.               604127  IN      NS      ns1.goertzen.

;; ADDITIONAL SECTION:
ns1.goertzen.           604127  IN      A       172.20.0.4

;; Query time: 291 msec
;; SERVER: 127.0.0.11#53(127.0.0.11)
;; WHEN: Thu Aug 04 00:16:12 UTC 2022
;; MSG SIZE  rcvd: 123

root@b1ac3ed801f7:/#
