
root@d1738324c16e:/# dig test402.goertzen

; <<>> DiG 9.16.1-Ubuntu <<>> test402.goertzen
;; global options: +cmd
;; Got answer:
;; ->>HEADER<<- opcode: QUERY, status: NOERROR, id: 62119
;; flags: qr rd ra; QUERY: 1, ANSWER: 1, AUTHORITY: 1, ADDITIONAL: 2

;; OPT PSEUDOSECTION:
; EDNS: version: 0, flags:; udp: 65355
; COOKIE: cef52e807a0232610100000062e83da436cf2443baa9281d (good)
;; QUESTION SECTION:
;test402.goertzen.              IN      A

;; ANSWER SECTION:
test402.goertzen.       604800  IN      A       42.42.42.42

;; AUTHORITY SECTION:
goertzen.               603568  IN      NS      ns1.goertzen.

;; ADDITIONAL SECTION:
ns1.goertzen.           603568  IN      A       172.20.0.4

;; Query time: 268 msec
;; SERVER: 127.0.0.11#53(127.0.0.11)
;; WHEN: Mon Aug 01 20:55:00 UTC 2022
;; MSG SIZE  rcvd: 123

root@d1738324c16e:/#
