
root@d1738324c16e:/# dig test581.goertzen

; <<>> DiG 9.16.1-Ubuntu <<>> test581.goertzen
;; global options: +cmd
;; Got answer:
;; ->>HEADER<<- opcode: QUERY, status: NOERROR, id: 1437
;; flags: qr rd ra; QUERY: 1, ANSWER: 1, AUTHORITY: 1, ADDITIONAL: 2

;; OPT PSEUDOSECTION:
; EDNS: version: 0, flags:; udp: 65355
; COOKIE: 2a694a99ed1bfc800100000062e83fbf05d4d021f052a050 (good)
;; QUESTION SECTION:
;test581.goertzen.              IN      A

;; ANSWER SECTION:
test581.goertzen.       604800  IN      A       42.42.42.42

;; AUTHORITY SECTION:
goertzen.               603029  IN      NS      ns1.goertzen.

;; ADDITIONAL SECTION:
ns1.goertzen.           603029  IN      A       172.20.0.4

;; Query time: 256 msec
;; SERVER: 127.0.0.11#53(127.0.0.11)
;; WHEN: Mon Aug 01 21:03:59 UTC 2022
;; MSG SIZE  rcvd: 123

root@d1738324c16e:/#
