
root@b1ac3ed801f7:/# dig test993.goertzen

; <<>> DiG 9.16.1-Ubuntu <<>> test993.goertzen
;; global options: +cmd
;; Got answer:
;; ->>HEADER<<- opcode: QUERY, status: NOERROR, id: 56979
;; flags: qr rd ra; QUERY: 1, ANSWER: 1, AUTHORITY: 1, ADDITI
ONAL: 2

;; OPT PSEUDOSECTION:
; EDNS: version: 0, flags:; udp: 65355
; COOKIE: a015382c75330b7f0100000062eb102c1012cb9ebb54335d (g
ood)
;; QUESTION SECTION:
;test993.goertzen.              IN      A

;; ANSWER SECTION:
test993.goertzen.       604800  IN      A       42.42.42.42

;; AUTHORITY SECTION:
goertzen.               604031  IN      NS      ns1.goertzen.

;; ADDITIONAL SECTION:
ns1.goertzen.           604031  IN      A       172.20.0.4

;; Query time: 267 msec
;; SERVER: 127.0.0.11#53(127.0.0.11)
;; WHEN: Thu Aug 04 00:17:48 UTC 2022
;; MSG SIZE  rcvd: 123

root@b1ac3ed801f7:/#
