
root@d1738324c16e:/# dig test426.goertzen

; <<>> DiG 9.16.1-Ubuntu <<>> test426.goertzen
;; global options: +cmd
;; Got answer:
;; ->>HEADER<<- opcode: QUERY, status: NOERROR, id: 47511
;; flags: qr rd ra; QUERY: 1, ANSWER: 1, AUTHORITY: 1, ADDITIONAL: 2

;; OPT PSEUDOSECTION:
; EDNS: version: 0, flags:; udp: 65355
; COOKIE: 5d85dce4d5e2e96f0100000062e83decddbb88912d2a52d7 (good)
;; QUESTION SECTION:
;test426.goertzen.              IN      A

;; ANSWER SECTION:
test426.goertzen.       604800  IN      A       42.42.42.42

;; AUTHORITY SECTION:
goertzen.               603496  IN      NS      ns1.goertzen.

;; ADDITIONAL SECTION:
ns1.goertzen.           603496  IN      A       172.20.0.4

;; Query time: 260 msec
;; SERVER: 127.0.0.11#53(127.0.0.11)
;; WHEN: Mon Aug 01 20:56:12 UTC 2022
;; MSG SIZE  rcvd: 123

root@d1738324c16e:/#
