
root@d1738324c16e:/# dig test442.goertzen

; <<>> DiG 9.16.1-Ubuntu <<>> test442.goertzen
;; global options: +cmd
;; Got answer:
;; ->>HEADER<<- opcode: QUERY, status: NOERROR, id: 56985
;; flags: qr rd ra; QUERY: 1, ANSWER: 1, AUTHORITY: 1, ADDITIONAL: 2

;; OPT PSEUDOSECTION:
; EDNS: version: 0, flags:; udp: 65355
; COOKIE: 3242c307b20f5e4d0100000062e83e1c573fd1bf9aa0a1f2 (good)
;; QUESTION SECTION:
;test442.goertzen.              IN      A

;; ANSWER SECTION:
test442.goertzen.       604800  IN      A       42.42.42.42

;; AUTHORITY SECTION:
goertzen.               603448  IN      NS      ns1.goertzen.

;; ADDITIONAL SECTION:
ns1.goertzen.           603448  IN      A       172.20.0.4

;; Query time: 260 msec
;; SERVER: 127.0.0.11#53(127.0.0.11)
;; WHEN: Mon Aug 01 20:57:00 UTC 2022
;; MSG SIZE  rcvd: 123

root@d1738324c16e:/#
