
root@d1738324c16e:/# dig test421.goertzen

; <<>> DiG 9.16.1-Ubuntu <<>> test421.goertzen
;; global options: +cmd
;; Got answer:
;; ->>HEADER<<- opcode: QUERY, status: NOERROR, id: 14315
;; flags: qr rd ra; QUERY: 1, ANSWER: 1, AUTHORITY: 1, ADDITIONAL: 2

;; OPT PSEUDOSECTION:
; EDNS: version: 0, flags:; udp: 65355
; COOKIE: ce2bc4431a076f810100000062e83ddd72bc659b2caf3865 (good)
;; QUESTION SECTION:
;test421.goertzen.              IN      A

;; ANSWER SECTION:
test421.goertzen.       604800  IN      A       42.42.42.42

;; AUTHORITY SECTION:
goertzen.               603511  IN      NS      ns1.goertzen.

;; ADDITIONAL SECTION:
ns1.goertzen.           603511  IN      A       172.20.0.4

;; Query time: 248 msec
;; SERVER: 127.0.0.11#53(127.0.0.11)
;; WHEN: Mon Aug 01 20:55:57 UTC 2022
;; MSG SIZE  rcvd: 123

root@d1738324c16e:/#
