
root@d1738324c16e:/# dig test735.goertzen

; <<>> DiG 9.16.1-Ubuntu <<>> test735.goertzen
;; global options: +cmd
;; Got answer:
;; ->>HEADER<<- opcode: QUERY, status: NOERROR, id: 7865
;; flags: qr rd ra; QUERY: 1, ANSWER: 1, AUTHORITY: 1, ADDITIONAL: 2

;; OPT PSEUDOSECTION:
; EDNS: version: 0, flags:; udp: 65355
; COOKIE: 145e4bfbc446d7170100000062e8418feb0260abd3279c4a (good)
;; QUESTION SECTION:
;test735.goertzen.              IN      A

;; ANSWER SECTION:
test735.goertzen.       604800  IN      A       42.42.42.42

;; AUTHORITY SECTION:
goertzen.               602565  IN      NS      ns1.goertzen.

;; ADDITIONAL SECTION:
ns1.goertzen.           602565  IN      A       172.20.0.4

;; Query time: 260 msec
;; SERVER: 127.0.0.11#53(127.0.0.11)
;; WHEN: Mon Aug 01 21:11:43 UTC 2022
;; MSG SIZE  rcvd: 123

root@d1738324c16e:/#
