
root@d1738324c16e:/# dig test495.goertzen

; <<>> DiG 9.16.1-Ubuntu <<>> test495.goertzen
;; global options: +cmd
;; Got answer:
;; ->>HEADER<<- opcode: QUERY, status: NOERROR, id: 48069
;; flags: qr rd ra; QUERY: 1, ANSWER: 1, AUTHORITY: 1, ADDITIONAL: 2

;; OPT PSEUDOSECTION:
; EDNS: version: 0, flags:; udp: 65355
; COOKIE: 5670aadf197257510100000062e83ebc1720c1e9a606638a (good)
;; QUESTION SECTION:
;test495.goertzen.              IN      A

;; ANSWER SECTION:
test495.goertzen.       604800  IN      A       42.42.42.42

;; AUTHORITY SECTION:
goertzen.               603288  IN      NS      ns1.goertzen.

;; ADDITIONAL SECTION:
ns1.goertzen.           603288  IN      A       172.20.0.4

;; Query time: 260 msec
;; SERVER: 127.0.0.11#53(127.0.0.11)
;; WHEN: Mon Aug 01 20:59:40 UTC 2022
;; MSG SIZE  rcvd: 123

root@d1738324c16e:/#
