
root@d1738324c16e:/# dig test236.goertzen

; <<>> DiG 9.16.1-Ubuntu <<>> test236.goertzen
;; global options: +cmd
;; Got answer:
;; ->>HEADER<<- opcode: QUERY, status: NOERROR, id: 11933
;; flags: qr rd ra; QUERY: 1, ANSWER: 1, AUTHORITY: 1, ADDITIONAL: 2

;; OPT PSEUDOSECTION:
; EDNS: version: 0, flags:; udp: 65355
; COOKIE: af382fcb283a4ade0100000062e83bb0e3fd23292863427d (good)
;; QUESTION SECTION:
;test236.goertzen.              IN      A

;; ANSWER SECTION:
test236.goertzen.       604800  IN      A       42.42.42.42

;; AUTHORITY SECTION:
goertzen.               604068  IN      NS      ns1.goertzen.

;; ADDITIONAL SECTION:
ns1.goertzen.           604068  IN      A       172.20.0.4

;; Query time: 252 msec
;; SERVER: 127.0.0.11#53(127.0.0.11)
;; WHEN: Mon Aug 01 20:46:40 UTC 2022
;; MSG SIZE  rcvd: 123

root@d1738324c16e:/#
