
root@d1738324c16e:/# dig test676.goertzen

; <<>> DiG 9.16.1-Ubuntu <<>> test676.goertzen
;; global options: +cmd
;; Got answer:
;; ->>HEADER<<- opcode: QUERY, status: NOERROR, id: 34348
;; flags: qr rd ra; QUERY: 1, ANSWER: 1, AUTHORITY: 1, ADDITIONAL: 2

;; OPT PSEUDOSECTION:
; EDNS: version: 0, flags:; udp: 65355
; COOKIE: b43432d6ddcb8d4b0100000062e840dde88fad9536b5e300 (good)
;; QUESTION SECTION:
;test676.goertzen.              IN      A

;; ANSWER SECTION:
test676.goertzen.       604800  IN      A       42.42.42.42

;; AUTHORITY SECTION:
goertzen.               602743  IN      NS      ns1.goertzen.

;; ADDITIONAL SECTION:
ns1.goertzen.           602743  IN      A       172.20.0.4

;; Query time: 251 msec
;; SERVER: 127.0.0.11#53(127.0.0.11)
;; WHEN: Mon Aug 01 21:08:45 UTC 2022
;; MSG SIZE  rcvd: 123

root@d1738324c16e:/#
