
root@d1738324c16e:/# dig test212.goertzen

; <<>> DiG 9.16.1-Ubuntu <<>> test212.goertzen
;; global options: +cmd
;; Got answer:
;; ->>HEADER<<- opcode: QUERY, status: NOERROR, id: 22789
;; flags: qr rd ra; QUERY: 1, ANSWER: 1, AUTHORITY: 1, ADDITIONAL: 2

;; OPT PSEUDOSECTION:
; EDNS: version: 0, flags:; udp: 65355
; COOKIE: fe98e3a4d3ef5e930100000062e83b67e378f330e7865463 (good)
;; QUESTION SECTION:
;test212.goertzen.              IN      A

;; ANSWER SECTION:
test212.goertzen.       604800  IN      A       42.42.42.42

;; AUTHORITY SECTION:
goertzen.               604141  IN      NS      ns1.goertzen.

;; ADDITIONAL SECTION:
ns1.goertzen.           604141  IN      A       172.20.0.4

;; Query time: 256 msec
;; SERVER: 127.0.0.11#53(127.0.0.11)
;; WHEN: Mon Aug 01 20:45:27 UTC 2022
;; MSG SIZE  rcvd: 123

root@d1738324c16e:/#
