
root@b1ac3ed801f7:/# dig test970.goertzen

; <<>> DiG 9.16.1-Ubuntu <<>> test970.goertzen
;; global options: +cmd
;; Got answer:
;; ->>HEADER<<- opcode: QUERY, status: NOERROR, id: 10265
;; flags: qr rd ra; QUERY: 1, ANSWER: 1, AUTHORITY: 1, ADDITI
ONAL: 2

;; OPT PSEUDOSECTION:
; EDNS: version: 0, flags:; udp: 65355
; COOKIE: 66ac51616f94e2c10100000062eb101ad999c598ebbcddc0 (g
ood)
;; QUESTION SECTION:
;test970.goertzen.              IN      A

;; ANSWER SECTION:
test970.goertzen.       604800  IN      A       42.42.42.42

;; AUTHORITY SECTION:
goertzen.               604049  IN      NS      ns1.goertzen.

;; ADDITIONAL SECTION:
ns1.goertzen.           604049  IN      A       172.20.0.4

;; Query time: 263 msec
;; SERVER: 127.0.0.11#53(127.0.0.11)
;; WHEN: Thu Aug 04 00:17:30 UTC 2022
;; MSG SIZE  rcvd: 123

root@b1ac3ed801f7:/#
