
root@61b0135fa1f0:/# dig test100.goertzen

; <<>> DiG 9.16.1-Ubuntu <<>> test100.goertzen
;; global options: +cmd
;; Got answer:
;; ->>HEADER<<- opcode: QUERY, status: NOERROR, id:
46395
;; flags: qr rd ra; QUERY: 1, ANSWER: 1, AUTHORITY:
1, ADDITIONAL: 2

;; OPT PSEUDOSECTION:
; EDNS: version: 0, flags:; udp: 65355
; COOKIE: c706686d947f46100100000062eb342d9f75001863
36a80a (good)
;; QUESTION SECTION:
;test100.goertzen.              IN      A

;; ANSWER SECTION:
test100.goertzen.       604800  IN      A       42.4
2.42.42

;; AUTHORITY SECTION:
goertzen.               603788  IN      NS      ns1.
goertzen.

;; ADDITIONAL SECTION:
ns1.goertzen.           603788  IN      A       172.
20.0.4

;; Query time: 403 msec
;; SERVER: 127.0.0.11#53(127.0.0.11)
;; WHEN: Thu Aug 04 02:51:25 UTC 2022
;; MSG SIZE  rcvd: 123

root@61b0135fa1f0:/#
