
root@61b0135fa1f0:/# dig test678.goertzen

; <<>> DiG 9.16.1-Ubuntu <<>> test678.goertzen
;; global options: +cmd
;; Got answer:
;; ->>HEADER<<- opcode: QUERY, status: NOERROR, id:
34747
;; flags: qr rd ra; QUERY: 1, ANSWER: 1, AUTHORITY:
1, ADDITIONAL: 2

;; OPT PSEUDOSECTION:
; EDNS: version: 0, flags:; udp: 65355
; COOKIE: 381b7486cd779bba0100000062eb4ac8a532ac2f5a
5a485d (good)
;; QUESTION SECTION:
;test678.goertzen.              IN      A

;; ANSWER SECTION:
test678.goertzen.       604800  IN      A       42.4
2.42.42

;; AUTHORITY SECTION:
goertzen.               598001  IN      NS      ns1.
goertzen.

;; ADDITIONAL SECTION:
ns1.goertzen.           598001  IN      A       172.
20.0.4

;; Query time: 403 msec
;; SERVER: 127.0.0.11#53(127.0.0.11)
;; WHEN: Thu Aug 04 04:27:52 UTC 2022
;; MSG SIZE  rcvd: 123

root@61b0135fa1f0:/#
