
root@61b0135fa1f0:/# dig test564.goertzen

; <<>> DiG 9.16.1-Ubuntu <<>> test564.goertzen
;; global options: +cmd
;; Got answer:
;; ->>HEADER<<- opcode: QUERY, status: NOERROR, id:
57979
;; flags: qr rd ra; QUERY: 1, ANSWER: 1, AUTHORITY:
1, ADDITIONAL: 2

;; OPT PSEUDOSECTION:
; EDNS: version: 0, flags:; udp: 65355
; COOKIE: 0a1f8adad6f070d60100000062eb4653f5fda020f4
9b7205 (good)
;; QUESTION SECTION:
;test564.goertzen.              IN      A

;; ANSWER SECTION:
test564.goertzen.       604800  IN      A       42.4
2.42.42

;; AUTHORITY SECTION:
goertzen.               599142  IN      NS      ns1.
goertzen.

;; ADDITIONAL SECTION:
ns1.goertzen.           599142  IN      A       172.
20.0.4

;; Query time: 407 msec
;; SERVER: 127.0.0.11#53(127.0.0.11)
;; WHEN: Thu Aug 04 04:08:51 UTC 2022
;; MSG SIZE  rcvd: 123

root@61b0135fa1f0:/#
