
root@61b0135fa1f0:/# dig test189.goertzen

; <<>> DiG 9.16.1-Ubuntu <<>> test189.goertzen
;; global options: +cmd
;; Got answer:
;; ->>HEADER<<- opcode: QUERY, status: NOERROR, id:
30595
;; flags: qr rd ra; QUERY: 1, ANSWER: 1, AUTHORITY:
1, ADDITIONAL: 2

;; OPT PSEUDOSECTION:
; EDNS: version: 0, flags:; udp: 65355
; COOKIE: f4681d858ce533780100000062eb37a81708759c89
1291f1 (good)
;; QUESTION SECTION:
;test189.goertzen.              IN      A

;; ANSWER SECTION:
test189.goertzen.       604800  IN      A       42.4
2.42.42

;; AUTHORITY SECTION:
goertzen.               602897  IN      NS      ns1.
goertzen.

;; ADDITIONAL SECTION:
ns1.goertzen.           602897  IN      A       172.
20.0.4

;; Query time: 407 msec
;; SERVER: 127.0.0.11#53(127.0.0.11)
;; WHEN: Thu Aug 04 03:06:16 UTC 2022
;; MSG SIZE  rcvd: 123

root@61b0135fa1f0:/#
