
root@61b0135fa1f0:/# dig test670.goertzen

; <<>> DiG 9.16.1-Ubuntu <<>> test670.goertzen
;; global options: +cmd
;; Got answer:
;; ->>HEADER<<- opcode: QUERY, status: NOERROR, id:
60650
;; flags: qr rd ra; QUERY: 1, ANSWER: 1, AUTHORITY:
1, ADDITIONAL: 2

;; OPT PSEUDOSECTION:
; EDNS: version: 0, flags:; udp: 65355
; COOKIE: 7bd0d372ac119da00100000062eb4a782bdba2200d
d9be18 (good)
;; QUESTION SECTION:
;test670.goertzen.              IN      A

;; ANSWER SECTION:
test670.goertzen.       604800  IN      A       42.4
2.42.42

;; AUTHORITY SECTION:
goertzen.               598081  IN      NS      ns1.
goertzen.

;; ADDITIONAL SECTION:
ns1.goertzen.           598081  IN      A       172.
20.0.4

;; Query time: 403 msec
;; SERVER: 127.0.0.11#53(127.0.0.11)
;; WHEN: Thu Aug 04 04:26:32 UTC 2022
;; MSG SIZE  rcvd: 123

root@61b0135fa1f0:/#
