
root@61b0135fa1f0:/# dig test174.goertzen

; <<>> DiG 9.16.1-Ubuntu <<>> test174.goertzen
;; global options: +cmd
;; Got answer:
;; ->>HEADER<<- opcode: QUERY, status: NOERROR, id:
44195
;; flags: qr rd ra; QUERY: 1, ANSWER: 1, AUTHORITY:
1, ADDITIONAL: 2

;; OPT PSEUDOSECTION:
; EDNS: version: 0, flags:; udp: 65355
; COOKIE: 472d76873e6c33a20100000062eb3712b7ff789997
d389b8 (good)
;; QUESTION SECTION:
;test174.goertzen.              IN      A

;; ANSWER SECTION:
test174.goertzen.       604800  IN      A       42.4
2.42.42

;; AUTHORITY SECTION:
goertzen.               603047  IN      NS      ns1.
goertzen.

;; ADDITIONAL SECTION:
ns1.goertzen.           603047  IN      A       172.
20.0.4

;; Query time: 407 msec
;; SERVER: 127.0.0.11#53(127.0.0.11)
;; WHEN: Thu Aug 04 03:03:46 UTC 2022
;; MSG SIZE  rcvd: 123

root@61b0135fa1f0:/#
