
root@61b0135fa1f0:/# dig test790.goertzen

; <<>> DiG 9.16.1-Ubuntu <<>> test790.goertzen
;; global options: +cmd
;; Got answer:
;; ->>HEADER<<- opcode: QUERY, status: NOERROR, id:
28505
;; flags: qr rd ra; QUERY: 1, ANSWER: 1, AUTHORITY:
1, ADDITIONAL: 2

;; OPT PSEUDOSECTION:
; EDNS: version: 0, flags:; udp: 65355
; COOKIE: 61307a0f0537ded70100000062eb4f2a062ca1525d
4d61b5 (good)
;; QUESTION SECTION:
;test790.goertzen.              IN      A

;; ANSWER SECTION:
test790.goertzen.       604800  IN      A       42.4
2.42.42

;; AUTHORITY SECTION:
goertzen.               596879  IN      NS      ns1.
goertzen.

;; ADDITIONAL SECTION:
ns1.goertzen.           596879  IN      A       172.
20.0.4

;; Query time: 407 msec
;; SERVER: 127.0.0.11#53(127.0.0.11)
;; WHEN: Thu Aug 04 04:46:34 UTC 2022
;; MSG SIZE  rcvd: 123

root@61b0135fa1f0:/#
