
root@61b0135fa1f0:/# dig test552.goertzen

; <<>> DiG 9.16.1-Ubuntu <<>> test552.goertzen
;; global options: +cmd
;; Got answer:
;; ->>HEADER<<- opcode: QUERY, status: NOERROR, id:
53256
;; flags: qr rd ra; QUERY: 1, ANSWER: 1, AUTHORITY:
1, ADDITIONAL: 2

;; OPT PSEUDOSECTION:
; EDNS: version: 0, flags:; udp: 65355
; COOKIE: b029d997edb2fdac0100000062eb45db41e55d7fd0
940c0e (good)
;; QUESTION SECTION:
;test552.goertzen.              IN      A

;; ANSWER SECTION:
test552.goertzen.       604800  IN      A       42.4
2.42.42

;; AUTHORITY SECTION:
goertzen.               599262  IN      NS      ns1.
goertzen.

;; ADDITIONAL SECTION:
ns1.goertzen.           599262  IN      A       172.
20.0.4

;; Query time: 403 msec
;; SERVER: 127.0.0.11#53(127.0.0.11)
;; WHEN: Thu Aug 04 04:06:51 UTC 2022
;; MSG SIZE  rcvd: 123

root@61b0135fa1f0:/#
