
root@61b0135fa1f0:/# dig test805.goertzen

; <<>> DiG 9.16.1-Ubuntu <<>> test805.goertzen
;; global options: +cmd
;; Got answer:
;; ->>HEADER<<- opcode: QUERY, status: NOERROR, id:
24138
;; flags: qr rd ra; QUERY: 1, ANSWER: 1, AUTHORITY:
1, ADDITIONAL: 2

;; OPT PSEUDOSECTION:
; EDNS: version: 0, flags:; udp: 65355
; COOKIE: 83bd4148c3fdf6430100000062eb4fc0c5c2ba53b8
8b291d (good)
;; QUESTION SECTION:
;test805.goertzen.              IN      A

;; ANSWER SECTION:
test805.goertzen.       604800  IN      A       42.4
2.42.42

;; AUTHORITY SECTION:
goertzen.               596729  IN      NS      ns1.
goertzen.

;; ADDITIONAL SECTION:
ns1.goertzen.           596729  IN      A       172.
20.0.4

;; Query time: 403 msec
;; SERVER: 127.0.0.11#53(127.0.0.11)
;; WHEN: Thu Aug 04 04:49:04 UTC 2022
;; MSG SIZE  rcvd: 123

root@61b0135fa1f0:/#
