
root@61b0135fa1f0:/# dig test363.goertzen

; <<>> DiG 9.16.1-Ubuntu <<>> test363.goertzen
;; global options: +cmd
;; Got answer:
;; ->>HEADER<<- opcode: QUERY, status: NOERROR, id:
61262
;; flags: qr rd ra; QUERY: 1, ANSWER: 1, AUTHORITY:
1, ADDITIONAL: 2

;; OPT PSEUDOSECTION:
; EDNS: version: 0, flags:; udp: 65355
; COOKIE: 85e26d41b0b224280100000062eb3e7648da3bdc6a
ce0ff2 (good)
;; QUESTION SECTION:
;test363.goertzen.              IN      A

;; ANSWER SECTION:
test363.goertzen.       604800  IN      A       42.4
2.42.42

;; AUTHORITY SECTION:
goertzen.               601155  IN      NS      ns1.
goertzen.

;; ADDITIONAL SECTION:
ns1.goertzen.           601155  IN      A       172.
20.0.4

;; Query time: 403 msec
;; SERVER: 127.0.0.11#53(127.0.0.11)
;; WHEN: Thu Aug 04 03:35:18 UTC 2022
;; MSG SIZE  rcvd: 123

root@61b0135fa1f0:/#
