
root@61b0135fa1f0:/# dig test969.goertzen

; <<>> DiG 9.16.1-Ubuntu <<>> test969.goertzen
;; global options: +cmd
;; Got answer:
;; ->>HEADER<<- opcode: QUERY, status: NOERROR, id:
50634
;; flags: qr rd ra; QUERY: 1, ANSWER: 1, AUTHORITY:
1, ADDITIONAL: 2

;; OPT PSEUDOSECTION:
; EDNS: version: 0, flags:; udp: 65355
; COOKIE: 7c1f1c43bc83d8d70100000062eb562a473cdbec78
789aaf (good)
;; QUESTION SECTION:
;test969.goertzen.              IN      A

;; ANSWER SECTION:
test969.goertzen.       604800  IN      A       42.4
2.42.42

;; AUTHORITY SECTION:
goertzen.               595087  IN      NS      ns1.
goertzen.

;; ADDITIONAL SECTION:
ns1.goertzen.           595087  IN      A       172.
20.0.4

;; Query time: 403 msec
;; SERVER: 127.0.0.11#53(127.0.0.11)
;; WHEN: Thu Aug 04 05:16:26 UTC 2022
;; MSG SIZE  rcvd: 123

root@61b0135fa1f0:/#
