
root@61b0135fa1f0:/# dig test567.goertzen

; <<>> DiG 9.16.1-Ubuntu <<>> test567.goertzen
;; global options: +cmd
;; Got answer:
;; ->>HEADER<<- opcode: QUERY, status: NOERROR, id:
61614
;; flags: qr rd ra; QUERY: 1, ANSWER: 1, AUTHORITY:
1, ADDITIONAL: 2

;; OPT PSEUDOSECTION:
; EDNS: version: 0, flags:; udp: 65355
; COOKIE: 4c67d07cfe6239160100000062eb467189ac5f98fc
07a153 (good)
;; QUESTION SECTION:
;test567.goertzen.              IN      A

;; ANSWER SECTION:
test567.goertzen.       604800  IN      A       42.4
2.42.42

;; AUTHORITY SECTION:
goertzen.               599112  IN      NS      ns1.
goertzen.

;; ADDITIONAL SECTION:
ns1.goertzen.           599112  IN      A       172.
20.0.4

;; Query time: 403 msec
;; SERVER: 127.0.0.11#53(127.0.0.11)
;; WHEN: Thu Aug 04 04:09:21 UTC 2022
;; MSG SIZE  rcvd: 123

root@61b0135fa1f0:/#
