
root@61b0135fa1f0:/# dig test314.goertzen

; <<>> DiG 9.16.1-Ubuntu <<>> test314.goertzen
;; global options: +cmd
;; Got answer:
;; ->>HEADER<<- opcode: QUERY, status: NOERROR, id:
26246
;; flags: qr rd ra; QUERY: 1, ANSWER: 1, AUTHORITY:
1, ADDITIONAL: 2

;; OPT PSEUDOSECTION:
; EDNS: version: 0, flags:; udp: 65355
; COOKIE: cb61a919cc141af00100000062eb3c8cd73c295bb2
fa5120 (good)
;; QUESTION SECTION:
;test314.goertzen.              IN      A

;; ANSWER SECTION:
test314.goertzen.       604800  IN      A       42.4
2.42.42

;; AUTHORITY SECTION:
goertzen.               601645  IN      NS      ns1.
goertzen.

;; ADDITIONAL SECTION:
ns1.goertzen.           601645  IN      A       172.
20.0.4

;; Query time: 407 msec
;; SERVER: 127.0.0.11#53(127.0.0.11)
;; WHEN: Thu Aug 04 03:27:08 UTC 2022
;; MSG SIZE  rcvd: 123

root@61b0135fa1f0:/#
