
root@61b0135fa1f0:/# dig test786.goertzen

; <<>> DiG 9.16.1-Ubuntu <<>> test786.goertzen
;; global options: +cmd
;; Got answer:
;; ->>HEADER<<- opcode: QUERY, status: NOERROR, id:
30131
;; flags: qr rd ra; QUERY: 1, ANSWER: 1, AUTHORITY:
1, ADDITIONAL: 2

;; OPT PSEUDOSECTION:
; EDNS: version: 0, flags:; udp: 65355
; COOKIE: 7e0a51c23dfcf1900100000062eb4f02148e364feb
f56492 (good)
;; QUESTION SECTION:
;test786.goertzen.              IN      A

;; ANSWER SECTION:
test786.goertzen.       604800  IN      A       42.4
2.42.42

;; AUTHORITY SECTION:
goertzen.               596919  IN      NS      ns1.
goertzen.

;; ADDITIONAL SECTION:
ns1.goertzen.           596919  IN      A       172.
20.0.4

;; Query time: 403 msec
;; SERVER: 127.0.0.11#53(127.0.0.11)
;; WHEN: Thu Aug 04 04:45:54 UTC 2022
;; MSG SIZE  rcvd: 123

root@61b0135fa1f0:/#
