
root@61b0135fa1f0:/# dig test86.goertzen

; <<>> DiG 9.16.1-Ubuntu <<>> test86.goertzen
;; global options: +cmd
;; Got answer:
;; ->>HEADER<<- opcode: QUERY, status: NOERROR, id:
25497
;; flags: qr rd ra; QUERY: 1, ANSWER: 1, AUTHORITY:
1, ADDITIONAL: 2

;; OPT PSEUDOSECTION:
; EDNS: version: 0, flags:; udp: 65355
; COOKIE: e4c61a0fabf0943c0100000062eb33a1436e6c717f
c0a6c5 (good)
;; QUESTION SECTION:
;test86.goertzen.               IN      A

;; ANSWER SECTION:
test86.goertzen.        604800  IN      A       42.4
2.42.42

;; AUTHORITY SECTION:
goertzen.               603928  IN      NS      ns1.
goertzen.

;; ADDITIONAL SECTION:
ns1.goertzen.           603928  IN      A       172.
20.0.4

;; Query time: 407 msec
;; SERVER: 127.0.0.11#53(127.0.0.11)
;; WHEN: Thu Aug 04 02:49:05 UTC 2022
;; MSG SIZE  rcvd: 122

root@61b0135fa1f0:/#
