
root@61b0135fa1f0:/# dig test766.goertzen

; <<>> DiG 9.16.1-Ubuntu <<>> test766.goertzen
;; global options: +cmd
;; Got answer:
;; ->>HEADER<<- opcode: QUERY, status: NOERROR, id:
29515
;; flags: qr rd ra; QUERY: 1, ANSWER: 1, AUTHORITY:
1, ADDITIONAL: 2

;; OPT PSEUDOSECTION:
; EDNS: version: 0, flags:; udp: 65355
; COOKIE: e0838e520c22f3c60100000062eb4e39fd4c16024a
67ec83 (good)
;; QUESTION SECTION:
;test766.goertzen.              IN      A

;; ANSWER SECTION:
test766.goertzen.       604800  IN      A       42.4
2.42.42

;; AUTHORITY SECTION:
goertzen.               597120  IN      NS      ns1.
goertzen.

;; ADDITIONAL SECTION:
ns1.goertzen.           597120  IN      A       172.
20.0.4

;; Query time: 403 msec
;; SERVER: 127.0.0.11#53(127.0.0.11)
;; WHEN: Thu Aug 04 04:42:34 UTC 2022
;; MSG SIZE  rcvd: 123

root@61b0135fa1f0:/#
