
root@30953f62986d:/# dig test514.goertzen

; <<>> DiG 9.16.1-Ubuntu <<>> test514.goertzen
;; global options: +cmd
;; Got answer:
;; ->>HEADER<<- opcode: QUERY, status: NOERROR, id: 27850
;; flags: qr rd ra; QUERY: 1, ANSWER: 1, AUTHORITY: 1, ADDITIONAL: 2

;; OPT PSEUDOSECTION:
; EDNS: version: 0, flags:; udp: 65355
; COOKIE: a2560ed3fd5704fd0100000062dc46a6403167d78e81cd57 (good)
;; QUESTION SECTION:
;test514.goertzen.              IN      A

;; ANSWER SECTION:
test514.goertzen.       604800  IN      A       42.42.42.42

;; AUTHORITY SECTION:
goertzen.               604507  IN      NS      ns1.goertzen.

;; ADDITIONAL SECTION:
ns1.goertzen.           604507  IN      A       172.20.0.4

;; Query time: 52 msec
;; SERVER: 127.0.0.11#53(127.0.0.11)
;; WHEN: Sat Jul 23 19:06:14 UTC 2022
;; MSG SIZE  rcvd: 123

root@30953f62986d:/#
