
root@30953f62986d:/# dig test155.goertzen

; <<>> DiG 9.16.1-Ubuntu <<>> test155.goertzen
;; global options: +cmd
;; Got answer:
;; ->>HEADER<<- opcode: QUERY, status: NOERROR, id: 11506
;; flags: qr rd ra; QUERY: 1, ANSWER: 1, AUTHORITY: 1, ADDITIONAL: 2

;; OPT PSEUDOSECTION:
; EDNS: version: 0, flags:; udp: 65355
; COOKIE: 0816753e59f98ee60100000062dc45dcc3fafe8714ef1653 (good)
;; QUESTION SECTION:
;test155.goertzen.              IN      A

;; ANSWER SECTION:
test155.goertzen.       604800  IN      A       42.42.42.42

;; AUTHORITY SECTION:
goertzen.               604709  IN      NS      ns1.goertzen.

;; ADDITIONAL SECTION:
ns1.goertzen.           604709  IN      A       172.20.0.4

;; Query time: 48 msec
;; SERVER: 127.0.0.11#53(127.0.0.11)
;; WHEN: Sat Jul 23 19:02:52 UTC 2022
;; MSG SIZE  rcvd: 123

root@30953f62986d:/#
