
root@30953f62986d:/# dig test104.goertzen

; <<>> DiG 9.16.1-Ubuntu <<>> test104.goertzen
;; global options: +cmd
;; Got answer:
;; ->>HEADER<<- opcode: QUERY, status: NOERROR, id: 53274
;; flags: qr rd ra; QUERY: 1, ANSWER: 1, AUTHORITY: 1, ADDITIONAL: 2

;; OPT PSEUDOSECTION:
; EDNS: version: 0, flags:; udp: 65355
; COOKIE: 7cc56736e0ba02140100000062dc45c213e908db116080c0 (good)
;; QUESTION SECTION:
;test104.goertzen.              IN      A

;; ANSWER SECTION:
test104.goertzen.       604800  IN      A       42.42.42.42

;; AUTHORITY SECTION:
goertzen.               604735  IN      NS      ns1.goertzen.

;; ADDITIONAL SECTION:
ns1.goertzen.           604735  IN      A       172.20.0.4

;; Query time: 64 msec
;; SERVER: 127.0.0.11#53(127.0.0.11)
;; WHEN: Sat Jul 23 19:02:26 UTC 2022
;; MSG SIZE  rcvd: 123

root@30953f62986d:/#
