
root@30953f62986d:/# dig test478.goertzen

; <<>> DiG 9.16.1-Ubuntu <<>> test478.goertzen
;; global options: +cmd
;; Got answer:
;; ->>HEADER<<- opcode: QUERY, status: NOERROR, id: 47526
;; flags: qr rd ra; QUERY: 1, ANSWER: 1, AUTHORITY: 1, ADDITIONAL: 2

;; OPT PSEUDOSECTION:
; EDNS: version: 0, flags:; udp: 65355
; COOKIE: e4455952173b29800100000062dc468ebb3eb6f33af0645d (good)
;; QUESTION SECTION:
;test478.goertzen.              IN      A

;; ANSWER SECTION:
test478.goertzen.       604800  IN      A       42.42.42.42

;; AUTHORITY SECTION:
goertzen.               604531  IN      NS      ns1.goertzen.

;; ADDITIONAL SECTION:
ns1.goertzen.           604531  IN      A       172.20.0.4

;; Query time: 48 msec
;; SERVER: 127.0.0.11#53(127.0.0.11)
;; WHEN: Sat Jul 23 19:05:50 UTC 2022
;; MSG SIZE  rcvd: 123

root@30953f62986d:/#
