
root@30953f62986d:/# dig test730.goertzen

; <<>> DiG 9.16.1-Ubuntu <<>> test730.goertzen
;; global options: +cmd
;; Got answer:
;; ->>HEADER<<- opcode: QUERY, status: NOERROR, id: 12303
;; flags: qr rd ra; QUERY: 1, ANSWER: 1, AUTHORITY: 1, ADDITIONAL: 2

;; OPT PSEUDOSECTION:
; EDNS: version: 0, flags:; udp: 65355
; COOKIE: dedc4ca0cb7223660100000062dc471db7ba11fee6c9da6c (good)
;; QUESTION SECTION:
;test730.goertzen.              IN      A

;; ANSWER SECTION:
test730.goertzen.       604800  IN      A       42.42.42.42

;; AUTHORITY SECTION:
goertzen.               604388  IN      NS      ns1.goertzen.

;; ADDITIONAL SECTION:
ns1.goertzen.           604388  IN      A       172.20.0.4

;; Query time: 44 msec
;; SERVER: 127.0.0.11#53(127.0.0.11)
;; WHEN: Sat Jul 23 19:08:13 UTC 2022
;; MSG SIZE  rcvd: 123

root@30953f62986d:/#
