
root@30953f62986d:/# dig test414.goertzen

; <<>> DiG 9.16.1-Ubuntu <<>> test414.goertzen
;; global options: +cmd
;; Got answer:
;; ->>HEADER<<- opcode: QUERY, status: NOERROR, id: 16683
;; flags: qr rd ra; QUERY: 1, ANSWER: 1, AUTHORITY: 1, ADDITIONAL: 2

;; OPT PSEUDOSECTION:
; EDNS: version: 0, flags:; udp: 65355
; COOKIE: d1438722096630b30100000062dc466d4a024a6547ed1c89 (good)
;; QUESTION SECTION:
;test414.goertzen.              IN      A

;; ANSWER SECTION:
test414.goertzen.       604800  IN      A       42.42.42.42

;; AUTHORITY SECTION:
goertzen.               604564  IN      NS      ns1.goertzen.

;; ADDITIONAL SECTION:
ns1.goertzen.           604564  IN      A       172.20.0.4

;; Query time: 44 msec
;; SERVER: 127.0.0.11#53(127.0.0.11)
;; WHEN: Sat Jul 23 19:05:17 UTC 2022
;; MSG SIZE  rcvd: 123

root@30953f62986d:/#
