
root@30953f62986d:/# dig test163.goertzen

; <<>> DiG 9.16.1-Ubuntu <<>> test163.goertzen
;; global options: +cmd
;; Got answer:
;; ->>HEADER<<- opcode: QUERY, status: NOERROR, id: 56839
;; flags: qr rd ra; QUERY: 1, ANSWER: 1, AUTHORITY: 1, ADDITIONAL: 2

;; OPT PSEUDOSECTION:
; EDNS: version: 0, flags:; udp: 65355
; COOKIE: 55083e5d9f84f49a0100000062dc45e04685a6724fc23145 (good)
;; QUESTION SECTION:
;test163.goertzen.              IN      A

;; ANSWER SECTION:
test163.goertzen.       604800  IN      A       42.42.42.42

;; AUTHORITY SECTION:
goertzen.               604705  IN      NS      ns1.goertzen.

;; ADDITIONAL SECTION:
ns1.goertzen.           604705  IN      A       172.20.0.4

;; Query time: 56 msec
;; SERVER: 127.0.0.11#53(127.0.0.11)
;; WHEN: Sat Jul 23 19:02:56 UTC 2022
;; MSG SIZE  rcvd: 123

root@30953f62986d:/#
