
root@30953f62986d:/# dig test587.goertzen

; <<>> DiG 9.16.1-Ubuntu <<>> test587.goertzen
;; global options: +cmd
;; Got answer:
;; ->>HEADER<<- opcode: QUERY, status: NOERROR, id: 278
;; flags: qr rd ra; QUERY: 1, ANSWER: 1, AUTHORITY: 1, ADDITIONAL: 2

;; OPT PSEUDOSECTION:
; EDNS: version: 0, flags:; udp: 65355
; COOKIE: daa413db47cf421d0100000062dc46cb419ef98bf7fa9e22 (good)
;; QUESTION SECTION:
;test587.goertzen.              IN      A

;; ANSWER SECTION:
test587.goertzen.       604800  IN      A       42.42.42.42

;; AUTHORITY SECTION:
goertzen.               604470  IN      NS      ns1.goertzen.

;; ADDITIONAL SECTION:
ns1.goertzen.           604470  IN      A       172.20.0.4

;; Query time: 56 msec
;; SERVER: 127.0.0.11#53(127.0.0.11)
;; WHEN: Sat Jul 23 19:06:51 UTC 2022
;; MSG SIZE  rcvd: 123

root@30953f62986d:/#
