
root@30953f62986d:/# dig test150.goertzen

; <<>> DiG 9.16.1-Ubuntu <<>> test150.goertzen
;; global options: +cmd
;; Got answer:
;; ->>HEADER<<- opcode: QUERY, status: NOERROR, id: 38740
;; flags: qr rd ra; QUERY: 1, ANSWER: 1, AUTHORITY: 1, ADDITIONAL: 2

;; OPT PSEUDOSECTION:
; EDNS: version: 0, flags:; udp: 65355
; COOKIE: 5860ecdd5d06622e0100000062dc45da09806534b82426c6 (good)
;; QUESTION SECTION:
;test150.goertzen.              IN      A

;; ANSWER SECTION:
test150.goertzen.       604800  IN      A       42.42.42.42

;; AUTHORITY SECTION:
goertzen.               604711  IN      NS      ns1.goertzen.

;; ADDITIONAL SECTION:
ns1.goertzen.           604711  IN      A       172.20.0.4

;; Query time: 52 msec
;; SERVER: 127.0.0.11#53(127.0.0.11)
;; WHEN: Sat Jul 23 19:02:50 UTC 2022
;; MSG SIZE  rcvd: 123

root@30953f62986d:/#
