
root@30953f62986d:/# dig test77.goertzen

; <<>> DiG 9.16.1-Ubuntu <<>> test77.goertzen
;; global options: +cmd
;; Got answer:
;; ->>HEADER<<- opcode: QUERY, status: NOERROR, id: 18458
;; flags: qr rd ra; QUERY: 1, ANSWER: 1, AUTHORITY: 1, ADDITIONAL: 2

;; OPT PSEUDOSECTION:
; EDNS: version: 0, flags:; udp: 65355
; COOKIE: e4bd8c8b770103860100000062dc45aeca10c2bc2526bb7f (good)
;; QUESTION SECTION:
;test77.goertzen.               IN      A

;; ANSWER SECTION:
test77.goertzen.        604800  IN      A       42.42.42.42

;; AUTHORITY SECTION:
goertzen.               604755  IN      NS      ns1.goertzen.

;; ADDITIONAL SECTION:
ns1.goertzen.           604755  IN      A       172.20.0.4

;; Query time: 40 msec
;; SERVER: 127.0.0.11#53(127.0.0.11)
;; WHEN: Sat Jul 23 19:02:06 UTC 2022
;; MSG SIZE  rcvd: 122

root@30953f62986d:/#
