
root@30953f62986d:/# dig test339.goertzen

; <<>> DiG 9.16.1-Ubuntu <<>> test339.goertzen
;; global options: +cmd
;; Got answer:
;; ->>HEADER<<- opcode: QUERY, status: NOERROR, id: 25290
;; flags: qr rd ra; QUERY: 1, ANSWER: 1, AUTHORITY: 1, ADDITIONAL: 2

;; OPT PSEUDOSECTION:
; EDNS: version: 0, flags:; udp: 65355
; COOKIE: 9b897cc5944200c90100000062dc4643bbdf98a6b41e45b6 (good)
;; QUESTION SECTION:
;test339.goertzen.              IN      A

;; ANSWER SECTION:
test339.goertzen.       604800  IN      A       42.42.42.42

;; AUTHORITY SECTION:
goertzen.               604606  IN      NS      ns1.goertzen.

;; ADDITIONAL SECTION:
ns1.goertzen.           604606  IN      A       172.20.0.4

;; Query time: 60 msec
;; SERVER: 127.0.0.11#53(127.0.0.11)
;; WHEN: Sat Jul 23 19:04:35 UTC 2022
;; MSG SIZE  rcvd: 123

root@30953f62986d:/#
