
root@30953f62986d:/# dig test528.goertzen

; <<>> DiG 9.16.1-Ubuntu <<>> test528.goertzen
;; global options: +cmd
;; Got answer:
;; ->>HEADER<<- opcode: QUERY, status: NOERROR, id: 21470
;; flags: qr rd ra; QUERY: 1, ANSWER: 1, AUTHORITY: 1, ADDITIONAL: 2

;; OPT PSEUDOSECTION:
; EDNS: version: 0, flags:; udp: 65355
; COOKIE: d1950339fb90f96c0100000062dc46adcc42fac6ed2f0a86 (good)
;; QUESTION SECTION:
;test528.goertzen.              IN      A

;; ANSWER SECTION:
test528.goertzen.       604800  IN      A       42.42.42.42

;; AUTHORITY SECTION:
goertzen.               604500  IN      NS      ns1.goertzen.

;; ADDITIONAL SECTION:
ns1.goertzen.           604500  IN      A       172.20.0.4

;; Query time: 56 msec
;; SERVER: 127.0.0.11#53(127.0.0.11)
;; WHEN: Sat Jul 23 19:06:21 UTC 2022
;; MSG SIZE  rcvd: 123

root@30953f62986d:/#
