
root@30953f62986d:/# dig test974.goertzen

; <<>> DiG 9.16.1-Ubuntu <<>> test974.goertzen
;; global options: +cmd
;; Got answer:
;; ->>HEADER<<- opcode: QUERY, status: NOERROR, id: 1913
;; flags: qr rd ra; QUERY: 1, ANSWER: 1, AUTHORITY: 1, ADDITIONAL: 2

;; OPT PSEUDOSECTION:
; EDNS: version: 0, flags:; udp: 65355
; COOKIE: ca31d694fd91f33e0100000062dc47a5ddcdf72f19de9507 (good)
;; QUESTION SECTION:
;test974.goertzen.              IN      A

;; ANSWER SECTION:
test974.goertzen.       604800  IN      A       42.42.42.42

;; AUTHORITY SECTION:
goertzen.               604252  IN      NS      ns1.goertzen.

;; ADDITIONAL SECTION:
ns1.goertzen.           604252  IN      A       172.20.0.4

;; Query time: 52 msec
;; SERVER: 127.0.0.11#53(127.0.0.11)
;; WHEN: Sat Jul 23 19:10:29 UTC 2022
;; MSG SIZE  rcvd: 123

root@30953f62986d:/#
