
root@30953f62986d:/# dig test174.goertzen

; <<>> DiG 9.16.1-Ubuntu <<>> test174.goertzen
;; global options: +cmd
;; Got answer:
;; ->>HEADER<<- opcode: QUERY, status: NOERROR, id: 58131
;; flags: qr rd ra; QUERY: 1, ANSWER: 1, AUTHORITY: 1, ADDITIONAL: 2

;; OPT PSEUDOSECTION:
; EDNS: version: 0, flags:; udp: 65355
; COOKIE: d491025ea77106ef0100000062dc45e6d77635c56e7f9eaf (good)
;; QUESTION SECTION:
;test174.goertzen.              IN      A

;; ANSWER SECTION:
test174.goertzen.       604800  IN      A       42.42.42.42

;; AUTHORITY SECTION:
goertzen.               604699  IN      NS      ns1.goertzen.

;; ADDITIONAL SECTION:
ns1.goertzen.           604699  IN      A       172.20.0.4

;; Query time: 44 msec
;; SERVER: 127.0.0.11#53(127.0.0.11)
;; WHEN: Sat Jul 23 19:03:02 UTC 2022
;; MSG SIZE  rcvd: 123

root@30953f62986d:/#
