
root@30953f62986d:/# dig test356.goertzen

; <<>> DiG 9.16.1-Ubuntu <<>> test356.goertzen
;; global options: +cmd
;; Got answer:
;; ->>HEADER<<- opcode: QUERY, status: NOERROR, id: 19707
;; flags: qr rd ra; QUERY: 1, ANSWER: 1, AUTHORITY: 1, ADDITIONAL: 2

;; OPT PSEUDOSECTION:
; EDNS: version: 0, flags:; udp: 65355
; COOKIE: 0f6bf8c5d7c9f1ec0100000062dc464caa7872771855cd3b (good)
;; QUESTION SECTION:
;test356.goertzen.              IN      A

;; ANSWER SECTION:
test356.goertzen.       604800  IN      A       42.42.42.42

;; AUTHORITY SECTION:
goertzen.               604597  IN      NS      ns1.goertzen.

;; ADDITIONAL SECTION:
ns1.goertzen.           604597  IN      A       172.20.0.4

;; Query time: 48 msec
;; SERVER: 127.0.0.11#53(127.0.0.11)
;; WHEN: Sat Jul 23 19:04:44 UTC 2022
;; MSG SIZE  rcvd: 123

root@30953f62986d:/#
