
root@30953f62986d:/# dig test566.goertzen

; <<>> DiG 9.16.1-Ubuntu <<>> test566.goertzen
;; global options: +cmd
;; Got answer:
;; ->>HEADER<<- opcode: QUERY, status: NOERROR, id: 59392
;; flags: qr rd ra; QUERY: 1, ANSWER: 1, AUTHORITY: 1, ADDITIONAL: 2

;; OPT PSEUDOSECTION:
; EDNS: version: 0, flags:; udp: 65355
; COOKIE: 61785fcf1c1a8fdf0100000062dc46c172b7e6e952906450 (good)
;; QUESTION SECTION:
;test566.goertzen.              IN      A

;; ANSWER SECTION:
test566.goertzen.       604800  IN      A       42.42.42.42

;; AUTHORITY SECTION:
goertzen.               604480  IN      NS      ns1.goertzen.

;; ADDITIONAL SECTION:
ns1.goertzen.           604480  IN      A       172.20.0.4

;; Query time: 60 msec
;; SERVER: 127.0.0.11#53(127.0.0.11)
;; WHEN: Sat Jul 23 19:06:41 UTC 2022
;; MSG SIZE  rcvd: 123

root@30953f62986d:/#
