
root@30953f62986d:/# dig test455.goertzen

; <<>> DiG 9.16.1-Ubuntu <<>> test455.goertzen
;; global options: +cmd
;; Got answer:
;; ->>HEADER<<- opcode: QUERY, status: NOERROR, id: 11973
;; flags: qr rd ra; QUERY: 1, ANSWER: 1, AUTHORITY: 1, ADDITIONAL: 2

;; OPT PSEUDOSECTION:
; EDNS: version: 0, flags:; udp: 65355
; COOKIE: 12d0dce4cf7992480100000062dc46823c81dff9e0e1ea44 (good)
;; QUESTION SECTION:
;test455.goertzen.              IN      A

;; ANSWER SECTION:
test455.goertzen.       604800  IN      A       42.42.42.42

;; AUTHORITY SECTION:
goertzen.               604543  IN      NS      ns1.goertzen.

;; ADDITIONAL SECTION:
ns1.goertzen.           604543  IN      A       172.20.0.4

;; Query time: 44 msec
;; SERVER: 127.0.0.11#53(127.0.0.11)
;; WHEN: Sat Jul 23 19:05:38 UTC 2022
;; MSG SIZE  rcvd: 123

root@30953f62986d:/#
