
root@30953f62986d:/# dig test363.goertzen

; <<>> DiG 9.16.1-Ubuntu <<>> test363.goertzen
;; global options: +cmd
;; Got answer:
;; ->>HEADER<<- opcode: QUERY, status: NOERROR, id: 8963
;; flags: qr rd ra; QUERY: 1, ANSWER: 1, AUTHORITY: 1, ADDITIONAL: 2

;; OPT PSEUDOSECTION:
; EDNS: version: 0, flags:; udp: 65355
; COOKIE: 51b1dcf2e63193890100000062dc464fdf1389cf77db3fb1 (good)
;; QUESTION SECTION:
;test363.goertzen.              IN      A

;; ANSWER SECTION:
test363.goertzen.       604800  IN      A       42.42.42.42

;; AUTHORITY SECTION:
goertzen.               604594  IN      NS      ns1.goertzen.

;; ADDITIONAL SECTION:
ns1.goertzen.           604594  IN      A       172.20.0.4

;; Query time: 44 msec
;; SERVER: 127.0.0.11#53(127.0.0.11)
;; WHEN: Sat Jul 23 19:04:47 UTC 2022
;; MSG SIZE  rcvd: 123

root@30953f62986d:/#
