
root@30953f62986d:/# dig test450.goertzen

; <<>> DiG 9.16.1-Ubuntu <<>> test450.goertzen
;; global options: +cmd
;; Got answer:
;; ->>HEADER<<- opcode: QUERY, status: NOERROR, id: 19054
;; flags: qr rd ra; QUERY: 1, ANSWER: 1, AUTHORITY: 1, ADDITIONAL: 2

;; OPT PSEUDOSECTION:
; EDNS: version: 0, flags:; udp: 65355
; COOKIE: d69b40a632e418850100000062dc4680f74cfcb5c9312d34 (good)
;; QUESTION SECTION:
;test450.goertzen.              IN      A

;; ANSWER SECTION:
test450.goertzen.       604800  IN      A       42.42.42.42

;; AUTHORITY SECTION:
goertzen.               604545  IN      NS      ns1.goertzen.

;; ADDITIONAL SECTION:
ns1.goertzen.           604545  IN      A       172.20.0.4

;; Query time: 44 msec
;; SERVER: 127.0.0.11#53(127.0.0.11)
;; WHEN: Sat Jul 23 19:05:36 UTC 2022
;; MSG SIZE  rcvd: 123

root@30953f62986d:/#
