
root@0f181521fe63:/# dig test856.goertzen

; <<>> DiG 9.16.1-Ubuntu <<>> test856.goertzen
;; global options: +cmd
;; Got answer:
;; ->>HEADER<<- opcode: QUERY, status: NOERROR, id: 8955
;; flags: qr rd ra; QUERY: 1, ANSWER: 1, AUTHORITY: 1, ADDITIONAL: 2

;; OPT PSEUDOSECTION:
; EDNS: version: 0, flags:; udp: 65355
; COOKIE: 7ce1f2492b5431ec0100000062dc190dd76c92019659f0e9 (good)
;; QUESTION SECTION:
;test856.goertzen.              IN      A

;; ANSWER SECTION:
test856.goertzen.       604800  IN      A       42.42.42.42

;; AUTHORITY SECTION:
goertzen.               604285  IN      NS      ns1.goertzen.

;; ADDITIONAL SECTION:
ns1.goertzen.           604285  IN      A       172.20.0.4

;; Query time: 12 msec
;; SERVER: 127.0.0.11#53(127.0.0.11)
;; WHEN: Sat Jul 23 15:51:41 UTC 2022
;; MSG SIZE  rcvd: 123

root@0f181521fe63:/#
