
root@0f181521fe63:/# dig test673.goertzen

; <<>> DiG 9.16.1-Ubuntu <<>> test673.goertzen
;; global options: +cmd
;; Got answer:
;; ->>HEADER<<- opcode: QUERY, status: NOERROR, id: 29572
;; flags: qr rd ra; QUERY: 1, ANSWER: 1, AUTHORITY: 1, ADDITIONAL: 2

;; OPT PSEUDOSECTION:
; EDNS: version: 0, flags:; udp: 65355
; COOKIE: dfb4f9ce6eaf2f950100000062dc189ba085710735913f5a (good)
;; QUESTION SECTION:
;test673.goertzen.              IN      A

;; ANSWER SECTION:
test673.goertzen.       604800  IN      A       42.42.42.42

;; AUTHORITY SECTION:
goertzen.               604399  IN      NS      ns1.goertzen.

;; ADDITIONAL SECTION:
ns1.goertzen.           604399  IN      A       172.20.0.4

;; Query time: 8 msec
;; SERVER: 127.0.0.11#53(127.0.0.11)
;; WHEN: Sat Jul 23 15:49:47 UTC 2022
;; MSG SIZE  rcvd: 123

root@0f181521fe63:/#
