
root@0f181521fe63:/# dig test901.goertzen

; <<>> DiG 9.16.1-Ubuntu <<>> test901.goertzen
;; global options: +cmd
;; Got answer:
;; ->>HEADER<<- opcode: QUERY, status: NOERROR, id: 13420
;; flags: qr rd ra; QUERY: 1, ANSWER: 1, AUTHORITY: 1, ADDITIONAL: 2

;; OPT PSEUDOSECTION:
; EDNS: version: 0, flags:; udp: 65355
; COOKIE: 3e436a84d18d184e0100000062dc19303362e8f5dedab233 (good)
;; QUESTION SECTION:
;test901.goertzen.              IN      A

;; ANSWER SECTION:
test901.goertzen.       604800  IN      A       42.42.42.42

;; AUTHORITY SECTION:
goertzen.               604250  IN      NS      ns1.goertzen.

;; ADDITIONAL SECTION:
ns1.goertzen.           604250  IN      A       172.20.0.4

;; Query time: 8 msec
;; SERVER: 127.0.0.11#53(127.0.0.11)
;; WHEN: Sat Jul 23 15:52:16 UTC 2022
;; MSG SIZE  rcvd: 123

root@0f181521fe63:/#
