
root@0f181521fe63:/# dig test744.goertzen

; <<>> DiG 9.16.1-Ubuntu <<>> test744.goertzen
;; global options: +cmd
;; Got answer:
;; ->>HEADER<<- opcode: QUERY, status: NOERROR, id: 65386
;; flags: qr rd ra; QUERY: 1, ANSWER: 1, AUTHORITY: 1, ADDITIONAL: 2

;; OPT PSEUDOSECTION:
; EDNS: version: 0, flags:; udp: 65355
; COOKIE: 480419c6aad9d6080100000062dc18c4053aaf08383ea99d (good)
;; QUESTION SECTION:
;test744.goertzen.              IN      A

;; ANSWER SECTION:
test744.goertzen.       604800  IN      A       42.42.42.42

;; AUTHORITY SECTION:
goertzen.               604358  IN      NS      ns1.goertzen.

;; ADDITIONAL SECTION:
ns1.goertzen.           604358  IN      A       172.20.0.4

;; Query time: 8 msec
;; SERVER: 127.0.0.11#53(127.0.0.11)
;; WHEN: Sat Jul 23 15:50:28 UTC 2022
;; MSG SIZE  rcvd: 123

root@0f181521fe63:/#
