
root@0f181521fe63:/# dig test375.goertzen

; <<>> DiG 9.16.1-Ubuntu <<>> test375.goertzen
;; global options: +cmd
;; Got answer:
;; ->>HEADER<<- opcode: QUERY, status: NOERROR, id: 33157
;; flags: qr rd ra; QUERY: 1, ANSWER: 1, AUTHORITY: 1, ADDITIONAL: 2

;; OPT PSEUDOSECTION:
; EDNS: version: 0, flags:; udp: 65355
; COOKIE: ec34f5b59945f5200100000062dc17d597616c6d27417ebb (good)
;; QUESTION SECTION:
;test375.goertzen.              IN      A

;; ANSWER SECTION:
test375.goertzen.       604800  IN      A       42.42.42.42

;; AUTHORITY SECTION:
goertzen.               604597  IN      NS      ns1.goertzen.

;; ADDITIONAL SECTION:
ns1.goertzen.           604597  IN      A       172.20.0.4

;; Query time: 12 msec
;; SERVER: 127.0.0.11#53(127.0.0.11)
;; WHEN: Sat Jul 23 15:46:29 UTC 2022
;; MSG SIZE  rcvd: 123

root@0f181521fe63:/#
