
root@0f181521fe63:/# dig test229.goertzen

; <<>> DiG 9.16.1-Ubuntu <<>> test229.goertzen
;; global options: +cmd
;; Got answer:
;; ->>HEADER<<- opcode: QUERY, status: NOERROR, id: 30026
;; flags: qr rd ra; QUERY: 1, ANSWER: 1, AUTHORITY: 1, ADDITIONAL: 2

;; OPT PSEUDOSECTION:
; EDNS: version: 0, flags:; udp: 65355
; COOKIE: 073c8f77a72cbdb90100000062dc178ba3abe891095954f2 (good)
;; QUESTION SECTION:
;test229.goertzen.              IN      A

;; ANSWER SECTION:
test229.goertzen.       604800  IN      A       42.42.42.42

;; AUTHORITY SECTION:
goertzen.               604671  IN      NS      ns1.goertzen.

;; ADDITIONAL SECTION:
ns1.goertzen.           604671  IN      A       172.20.0.4

;; Query time: 12 msec
;; SERVER: 127.0.0.11#53(127.0.0.11)
;; WHEN: Sat Jul 23 15:45:15 UTC 2022
;; MSG SIZE  rcvd: 123

root@0f181521fe63:/#
