
root@a2f5aa84fc17:/# dig test37.goertzen

; <<>> DiG 9.16.1-Ubuntu <<>> test37.goertzen
;; global options: +cmd
;; Got answer:
;; ->>HEADER<<- opcode: QUERY, status: NOERROR, id: 18581
;; flags: qr rd ra; QUERY: 1, ANSWER: 1, AUTHORITY: 1, ADDITIONAL: 2

;; OPT PSEUDOSECTION:
; EDNS: version: 0, flags:; udp: 65355
; COOKIE: 4e7f9ac5cabec8210100000062eabb23691edd4cc95591a7 (good)
;; QUESTION SECTION:
;test37.goertzen.               IN      A

;; ANSWER SECTION:
test37.goertzen.        604800  IN      A       42.42.42.42

;; AUTHORITY SECTION:
goertzen.               604752  IN      NS      ns1.goertzen.

;; ADDITIONAL SECTION:
ns1.goertzen.           604752  IN      A       172.20.0.4

;; Query time: 83 msec
;; SERVER: 127.0.0.11#53(127.0.0.11)
;; WHEN: Wed Aug 03 18:14:59 UTC 2022
;; MSG SIZE  rcvd: 122

root@a2f5aa84fc17:/#
