
root@2cba06010348:/# dig test364.goertzen

; <<>> DiG 9.16.1-Ubuntu <<>> test364.goertzen
;; global options: +cmd
;; Got answer:
;; ->>HEADER<<- opcode: QUERY, status: NOERROR, id: 40390
;; flags: qr rd ra; QUERY: 1, ANSWER: 1, AUTHORITY: 1, ADDITIONAL: 2

;; OPT PSEUDOSECTION:
; EDNS: version: 0, flags:; udp: 65355
; COOKIE: 6648cc61ad16fe160100000062eabda88084c7eb1f4e20b6 (good)
;; QUESTION SECTION:
;test364.goertzen.              IN      A

;; ANSWER SECTION:
test364.goertzen.       604800  IN      A       42.42.42.42

;; AUTHORITY SECTION:
goertzen.               604745  IN      NS      ns1.goertzen.

;; ADDITIONAL SECTION:
ns1.goertzen.           604745  IN      A       172.20.0.4

;; Query time: 79 msec
;; SERVER: 127.0.0.11#53(127.0.0.11)
;; WHEN: Wed Aug 03 18:25:44 UTC 2022
;; MSG SIZE  rcvd: 123

root@2cba06010348:/#
