
root@0e80d50af89e:/# dig test200.goertzen

; <<>> DiG 9.16.1-Ubuntu <<>> test200.goertzen
;; global options: +cmd
;; Got answer:
;; ->>HEADER<<- opcode: QUERY, status: NOERROR, id: 50025
;; flags: qr rd ra; QUERY: 1, ANSWER: 1, AUTHORITY: 1, ADDITIONAL: 2

;; OPT PSEUDOSECTION:
; EDNS: version: 0, flags:; udp: 65355
; COOKIE: c15d71a9be53b39f0100000062e963178e4dc0f24a1a7d73 (good)
;; QUESTION SECTION:
;test200.goertzen.              IN      A

;; ANSWER SECTION:
test200.goertzen.       604800  IN      A       42.42.42.42

;; AUTHORITY SECTION:
goertzen.               604577  IN      NS      ns1.goertzen.

;; ADDITIONAL SECTION:
ns1.goertzen.           604577  IN      A       172.20.0.4

;; Query time: 75 msec
;; SERVER: 127.0.0.11#53(127.0.0.11)
;; WHEN: Tue Aug 02 17:47:03 UTC 2022
;; MSG SIZE  rcvd: 123

root@0e80d50af89e:/#
