
root@f928ae4cf1ad:/# dig test788.goertzen

; <<>> DiG 9.16.1-Ubuntu <<>> test788.goertzen
;; global options: +cmd
;; Got answer:
;; ->>HEADER<<- opcode: QUERY, status: NOERROR, id: 38803
;; flags: qr rd ra; QUERY: 1, ANSWER: 1, AUTHORITY: 1, ADDITIONAL: 2

;; OPT PSEUDOSECTION:
; EDNS: version: 0, flags:; udp: 65355
; COOKIE: bac46d523a0878690100000062eabfb184b520628f6e4f8b (good)
;; QUESTION SECTION:
;test788.goertzen.              IN      A

;; ANSWER SECTION:
test788.goertzen.       604800  IN      A       42.42.42.42

;; AUTHORITY SECTION:
goertzen.               604710  IN      NS      ns1.goertzen.

;; ADDITIONAL SECTION:
ns1.goertzen.           604710  IN      A       172.20.0.4

;; Query time: 79 msec
;; SERVER: 127.0.0.11#53(127.0.0.11)
;; WHEN: Wed Aug 03 18:34:25 UTC 2022
;; MSG SIZE  rcvd: 123

root@f928ae4cf1ad:/#
