
root@f928ae4cf1ad:/# dig test787.goertzen

; <<>> DiG 9.16.1-Ubuntu <<>> test787.goertzen
;; global options: +cmd
;; Got answer:
;; ->>HEADER<<- opcode: QUERY, status: NOERROR, id: 25684
;; flags: qr rd ra; QUERY: 1, ANSWER: 1, AUTHORITY: 1, ADDITIONAL: 2

;; OPT PSEUDOSECTION:
; EDNS: version: 0, flags:; udp: 65355
; COOKIE: f2c5f3b7c3bb36030100000062eabfb00e286599fd433a15 (good)
;; QUESTION SECTION:
;test787.goertzen.              IN      A

;; ANSWER SECTION:
test787.goertzen.       604800  IN      A       42.42.42.42

;; AUTHORITY SECTION:
goertzen.               604711  IN      NS      ns1.goertzen.

;; ADDITIONAL SECTION:
ns1.goertzen.           604711  IN      A       172.20.0.4

;; Query time: 79 msec
;; SERVER: 127.0.0.11#53(127.0.0.11)
;; WHEN: Wed Aug 03 18:34:24 UTC 2022
;; MSG SIZE  rcvd: 123

root@f928ae4cf1ad:/#
