
root@f928ae4cf1ad:/# dig test719.goertzen

; <<>> DiG 9.16.1-Ubuntu <<>> test719.goertzen
;; global options: +cmd
;; Got answer:
;; ->>HEADER<<- opcode: QUERY, status: NOERROR, id: 42041
;; flags: qr rd ra; QUERY: 1, ANSWER: 1, AUTHORITY: 1, ADDITIONAL: 2

;; OPT PSEUDOSECTION:
; EDNS: version: 0, flags:; udp: 65355
; COOKIE: 2b660309f8f699280100000062eabf7ce2e214e5de3247fc (good)
;; QUESTION SECTION:
;test719.goertzen.              IN      A

;; ANSWER SECTION:
test719.goertzen.       604800  IN      A       42.42.42.42

;; AUTHORITY SECTION:
goertzen.               604763  IN      NS      ns1.goertzen.

;; ADDITIONAL SECTION:
ns1.goertzen.           604763  IN      A       172.20.0.4

;; Query time: 79 msec
;; SERVER: 127.0.0.11#53(127.0.0.11)
;; WHEN: Wed Aug 03 18:33:32 UTC 2022
;; MSG SIZE  rcvd: 123

root@f928ae4cf1ad:/#
