
root@022ce338f52c:/# dig test449.goertzen

; <<>> DiG 9.16.1-Ubuntu <<>> test449.goertzen
;; global options: +cmd
;; Got answer:
;; ->>HEADER<<- opcode: QUERY, status: NOERROR, id: 21570
;; flags: qr rd ra; QUERY: 1, ANSWER: 1, AUTHORITY: 1, ADDITIONAL: 2

;; OPT PSEUDOSECTION:
; EDNS: version: 0, flags:; udp: 65355
; COOKIE: 64da1e0e57f535e90100000062e964d95147b59986a7b6ac (good)
;; QUESTION SECTION:
;test449.goertzen.              IN      A

;; ANSWER SECTION:
test449.goertzen.       604800  IN      A       42.42.42.42

;; AUTHORITY SECTION:
goertzen.               604708  IN      NS      ns1.goertzen.

;; ADDITIONAL SECTION:
ns1.goertzen.           604708  IN      A       172.20.0.4

;; Query time: 71 msec
;; SERVER: 127.0.0.11#53(127.0.0.11)
;; WHEN: Tue Aug 02 17:54:33 UTC 2022
;; MSG SIZE  rcvd: 123

root@022ce338f52c:/#
