
root@f928ae4cf1ad:/# dig test792.goertzen

; <<>> DiG 9.16.1-Ubuntu <<>> test792.goertzen
;; global options: +cmd
;; Got answer:
;; ->>HEADER<<- opcode: QUERY, status: NOERROR, id: 30510
;; flags: qr rd ra; QUERY: 1, ANSWER: 1, AUTHORITY: 1, ADDITIONAL: 2

;; OPT PSEUDOSECTION:
; EDNS: version: 0, flags:; udp: 65355
; COOKIE: 9e9b45b045970fdb0100000062eabfb4d85bcd6b1b5dea24 (good)
;; QUESTION SECTION:
;test792.goertzen.              IN      A

;; ANSWER SECTION:
test792.goertzen.       604800  IN      A       42.42.42.42

;; AUTHORITY SECTION:
goertzen.               604707  IN      NS      ns1.goertzen.

;; ADDITIONAL SECTION:
ns1.goertzen.           604707  IN      A       172.20.0.4

;; Query time: 79 msec
;; SERVER: 127.0.0.11#53(127.0.0.11)
;; WHEN: Wed Aug 03 18:34:28 UTC 2022
;; MSG SIZE  rcvd: 123

root@f928ae4cf1ad:/#
