
root@1a792b1026de:/# dig test291.goertzen

; <<>> DiG 9.16.1-Ubuntu <<>> test291.goertzen
;; global options: +cmd
;; Got answer:
;; ->>HEADER<<- opcode: QUERY, status: NOERROR, id: 13318
;; flags: qr rd ra; QUERY: 1, ANSWER: 1, AUTHORITY: 1, ADDITIONAL: 2

;; OPT PSEUDOSECTION:
; EDNS: version: 0, flags:; udp: 65355
; COOKIE: 29e2d089b3f7d2ef0100000062eabcabb5da081343072538 (good)
;; QUESTION SECTION:
;test291.goertzen.              IN      A

;; ANSWER SECTION:
test291.goertzen.       604800  IN      A       42.42.42.42

;; AUTHORITY SECTION:
goertzen.               604690  IN      NS      ns1.goertzen.

;; ADDITIONAL SECTION:
ns1.goertzen.           604690  IN      A       172.20.0.4

;; Query time: 79 msec
;; SERVER: 127.0.0.11#53(127.0.0.11)
;; WHEN: Wed Aug 03 18:21:31 UTC 2022
;; MSG SIZE  rcvd: 123

root@1a792b1026de:/#
