
root@022ce338f52c:/# dig test422.goertzen

; <<>> DiG 9.16.1-Ubuntu <<>> test422.goertzen
;; global options: +cmd
;; Got answer:
;; ->>HEADER<<- opcode: QUERY, status: NOERROR, id: 30948
;; flags: qr rd ra; QUERY: 1, ANSWER: 1, AUTHORITY: 1, ADDITIONAL: 2

;; OPT PSEUDOSECTION:
; EDNS: version: 0, flags:; udp: 65355
; COOKIE: 423ffb60afc09c7d0100000062e964bd8f15cf10740b3b99 (good)
;; QUESTION SECTION:
;test422.goertzen.              IN      A

;; ANSWER SECTION:
test422.goertzen.       604800  IN      A       42.42.42.42

;; AUTHORITY SECTION:
goertzen.               604736  IN      NS      ns1.goertzen.

;; ADDITIONAL SECTION:
ns1.goertzen.           604736  IN      A       172.20.0.4

;; Query time: 67 msec
;; SERVER: 127.0.0.11#53(127.0.0.11)
;; WHEN: Tue Aug 02 17:54:05 UTC 2022
;; MSG SIZE  rcvd: 123

root@022ce338f52c:/#
