
root@022ce338f52c:/# dig test519.goertzen

; <<>> DiG 9.16.1-Ubuntu <<>> test519.goertzen
;; global options: +cmd
;; Got answer:
;; ->>HEADER<<- opcode: QUERY, status: NOERROR, id: 58318
;; flags: qr rd ra; QUERY: 1, ANSWER: 1, AUTHORITY: 1, ADDITIONAL: 2

;; OPT PSEUDOSECTION:
; EDNS: version: 0, flags:; udp: 65355
; COOKIE: b3c4f34bf68773810100000062e9652062a97539b390dbe0 (good)
;; QUESTION SECTION:
;test519.goertzen.              IN      A

;; ANSWER SECTION:
test519.goertzen.       604800  IN      A       42.42.42.42

;; AUTHORITY SECTION:
goertzen.               604637  IN      NS      ns1.goertzen.

;; ADDITIONAL SECTION:
ns1.goertzen.           604637  IN      A       172.20.0.4

;; Query time: 71 msec
;; SERVER: 127.0.0.11#53(127.0.0.11)
;; WHEN: Tue Aug 02 17:55:44 UTC 2022
;; MSG SIZE  rcvd: 123

root@022ce338f52c:/#
