
root@2cba06010348:/# dig test652.goertzen

; <<>> DiG 9.16.1-Ubuntu <<>> test652.goertzen
;; global options: +cmd
;; Got answer:
;; ->>HEADER<<- opcode: QUERY, status: NOERROR, id: 45449
;; flags: qr rd ra; QUERY: 1, ANSWER: 1, AUTHORITY: 1, ADDITIONAL: 2

;; OPT PSEUDOSECTION:
; EDNS: version: 0, flags:; udp: 65355
; COOKIE: 76aa916e45ebcaef0100000062eabe84cf144ab8978181ad (good)
;; QUESTION SECTION:
;test652.goertzen.              IN      A

;; ANSWER SECTION:
test652.goertzen.       604800  IN      A       42.42.42.42

;; AUTHORITY SECTION:
goertzen.               604525  IN      NS      ns1.goertzen.

;; ADDITIONAL SECTION:
ns1.goertzen.           604525  IN      A       172.20.0.4

;; Query time: 79 msec
;; SERVER: 127.0.0.11#53(127.0.0.11)
;; WHEN: Wed Aug 03 18:29:24 UTC 2022
;; MSG SIZE  rcvd: 123

root@2cba06010348:/#
