
root@0e80d50af89e:/# dig test285.goertzen

; <<>> DiG 9.16.1-Ubuntu <<>> test285.goertzen
;; global options: +cmd
;; Got answer:
;; ->>HEADER<<- opcode: QUERY, status: NOERROR, id: 17266
;; flags: qr rd ra; QUERY: 1, ANSWER: 1, AUTHORITY: 1, ADDITIONAL: 2

;; OPT PSEUDOSECTION:
; EDNS: version: 0, flags:; udp: 65355
; COOKIE: 23238aab535149c60100000062e9636d2c1e1e0e8f066250 (good)
;; QUESTION SECTION:
;test285.goertzen.              IN      A

;; ANSWER SECTION:
test285.goertzen.       604800  IN      A       42.42.42.42

;; AUTHORITY SECTION:
goertzen.               604491  IN      NS      ns1.goertzen.

;; ADDITIONAL SECTION:
ns1.goertzen.           604491  IN      A       172.20.0.4

;; Query time: 71 msec
;; SERVER: 127.0.0.11#53(127.0.0.11)
;; WHEN: Tue Aug 02 17:48:29 UTC 2022
;; MSG SIZE  rcvd: 123

root@0e80d50af89e:/#
