
root@022ce338f52c:/# dig test410.goertzen

; <<>> DiG 9.16.1-Ubuntu <<>> test410.goertzen
;; global options: +cmd
;; Got answer:
;; ->>HEADER<<- opcode: QUERY, status: NOERROR, id: 47109
;; flags: qr rd ra; QUERY: 1, ANSWER: 1, AUTHORITY: 1, ADDITIONAL: 2

;; OPT PSEUDOSECTION:
; EDNS: version: 0, flags:; udp: 65355
; COOKIE: 3ad4d1b5ec5a353f0100000062e964b1175c7de399b500a8 (good)
;; QUESTION SECTION:
;test410.goertzen.              IN      A

;; ANSWER SECTION:
test410.goertzen.       604800  IN      A       42.42.42.42

;; AUTHORITY SECTION:
goertzen.               604748  IN      NS      ns1.goertzen.

;; ADDITIONAL SECTION:
ns1.goertzen.           604748  IN      A       172.20.0.4

;; Query time: 71 msec
;; SERVER: 127.0.0.11#53(127.0.0.11)
;; WHEN: Tue Aug 02 17:53:53 UTC 2022
;; MSG SIZE  rcvd: 123

root@022ce338f52c:/#
