
root@a2f5aa84fc17:/# dig test95.goertzen

; <<>> DiG 9.16.1-Ubuntu <<>> test95.goertzen
;; global options: +cmd
;; Got answer:
;; ->>HEADER<<- opcode: QUERY, status: NOERROR, id: 36582
;; flags: qr rd ra; QUERY: 1, ANSWER: 1, AUTHORITY: 1, ADDITIONAL: 2

;; OPT PSEUDOSECTION:
; EDNS: version: 0, flags:; udp: 65355
; COOKIE: 24e43ceb98391ef50100000062eabb5016317a5cd1ea2c98 (good)
;; QUESTION SECTION:
;test95.goertzen.               IN      A

;; ANSWER SECTION:
test95.goertzen.        604800  IN      A       42.42.42.42

;; AUTHORITY SECTION:
goertzen.               604707  IN      NS      ns1.goertzen.

;; ADDITIONAL SECTION:
ns1.goertzen.           604707  IN      A       172.20.0.4

;; Query time: 79 msec
;; SERVER: 127.0.0.11#53(127.0.0.11)
;; WHEN: Wed Aug 03 18:15:44 UTC 2022
;; MSG SIZE  rcvd: 122

root@a2f5aa84fc17:/#
