
root@022ce338f52c:/# dig test613.goertzen

; <<>> DiG 9.16.1-Ubuntu <<>> test613.goertzen
;; global options: +cmd
;; Got answer:
;; ->>HEADER<<- opcode: QUERY, status: NOERROR, id: 34088
;; flags: qr rd ra; QUERY: 1, ANSWER: 1, AUTHORITY: 1, ADDITIONAL: 2

;; OPT PSEUDOSECTION:
; EDNS: version: 0, flags:; udp: 65355
; COOKIE: dc665936a39c3e2d0100000062e9657f1aa12e3c8d51c282 (good)
;; QUESTION SECTION:
;test613.goertzen.              IN      A

;; ANSWER SECTION:
test613.goertzen.       604800  IN      A       42.42.42.42

;; AUTHORITY SECTION:
goertzen.               604542  IN      NS      ns1.goertzen.

;; ADDITIONAL SECTION:
ns1.goertzen.           604542  IN      A       172.20.0.4

;; Query time: 71 msec
;; SERVER: 127.0.0.11#53(127.0.0.11)
;; WHEN: Tue Aug 02 17:57:19 UTC 2022
;; MSG SIZE  rcvd: 123

root@022ce338f52c:/#
