
root@51850e87d0ba:/# dig test665.goertzen

; <<>> DiG 9.16.1-Ubuntu <<>> test665.goertzen
;; global options: +cmd
;; Got answer:
;; ->>HEADER<<- opcode: QUERY, status: NOERROR, id: 31031
;; flags: qr rd ra; QUERY: 1, ANSWER: 1, AUTHORITY: 1, ADDITIONAL: 2

;; OPT PSEUDOSECTION:
; EDNS: version: 0, flags:; udp: 65355
; COOKIE: 10a9cd9b5944447a0100000062e96688ee8c446db23214d0 (good)
;; QUESTION SECTION:
;test665.goertzen.              IN      A

;; ANSWER SECTION:
test665.goertzen.       604800  IN      A       42.42.42.42

;; AUTHORITY SECTION:
goertzen.               604758  IN      NS      ns1.goertzen.

;; ADDITIONAL SECTION:
ns1.goertzen.           604758  IN      A       172.20.0.4

;; Query time: 71 msec
;; SERVER: 127.0.0.11#53(127.0.0.11)
;; WHEN: Tue Aug 02 18:01:44 UTC 2022
;; MSG SIZE  rcvd: 123

root@51850e87d0ba:/#
