
root@0e80d50af89e:/# dig test142.goertzen

; <<>> DiG 9.16.1-Ubuntu <<>> test142.goertzen
;; global options: +cmd
;; Got answer:
;; ->>HEADER<<- opcode: QUERY, status: NOERROR, id: 4270
;; flags: qr rd ra; QUERY: 1, ANSWER: 1, AUTHORITY: 1, ADDITIONAL: 2

;; OPT PSEUDOSECTION:
; EDNS: version: 0, flags:; udp: 65355
; COOKIE: fcfcb80d76bc50a80100000062e962dc1c4ff60fe4dcff82 (good)
;; QUESTION SECTION:
;test142.goertzen.              IN      A

;; ANSWER SECTION:
test142.goertzen.       604800  IN      A       42.42.42.42

;; AUTHORITY SECTION:
goertzen.               604636  IN      NS      ns1.goertzen.

;; ADDITIONAL SECTION:
ns1.goertzen.           604636  IN      A       172.20.0.4

;; Query time: 71 msec
;; SERVER: 127.0.0.11#53(127.0.0.11)
;; WHEN: Tue Aug 02 17:46:04 UTC 2022
;; MSG SIZE  rcvd: 123

root@0e80d50af89e:/#
