
root@51850e87d0ba:/# dig test746.goertzen

; <<>> DiG 9.16.1-Ubuntu <<>> test746.goertzen
;; global options: +cmd
;; Got answer:
;; ->>HEADER<<- opcode: QUERY, status: NOERROR, id: 11398
;; flags: qr rd ra; QUERY: 1, ANSWER: 1, AUTHORITY: 1, ADDITIONAL: 2

;; OPT PSEUDOSECTION:
; EDNS: version: 0, flags:; udp: 65355
; COOKIE: ce58d0ab0b59b4140100000062e966dae9719ffb030071ee (good)
;; QUESTION SECTION:
;test746.goertzen.              IN      A

;; ANSWER SECTION:
test746.goertzen.       604800  IN      A       42.42.42.42

;; AUTHORITY SECTION:
goertzen.               604676  IN      NS      ns1.goertzen.

;; ADDITIONAL SECTION:
ns1.goertzen.           604676  IN      A       172.20.0.4

;; Query time: 67 msec
;; SERVER: 127.0.0.11#53(127.0.0.11)
;; WHEN: Tue Aug 02 18:03:06 UTC 2022
;; MSG SIZE  rcvd: 123

root@51850e87d0ba:/#
