
root@167dce0d6c5d:/# dig test303.goertzen

; <<>> DiG 9.16.1-Ubuntu <<>> test303.goertzen
;; global options: +cmd
;; Got answer:
;; ->>HEADER<<- opcode: QUERY, status: NOERROR, id: 24246
;; flags: qr rd ra; QUERY: 1, ANSWER: 1, AUTHORITY: 1, ADDITION
AL: 2

;; OPT PSEUDOSECTION:
; EDNS: version: 0, flags:; udp: 65355
; COOKIE: 6d3fe5edf3200dec0100000062e97e058495a1e647e3e7e0 (goo
d)
;; QUESTION SECTION:
;test303.goertzen.              IN      A

;; ANSWER SECTION:
test303.goertzen.       604800  IN      A       42.42.42.42

;; AUTHORITY SECTION:
goertzen.               604508  IN      NS      ns1.goertzen.

;; ADDITIONAL SECTION:
ns1.goertzen.           604508  IN      A       172.20.0.4

;; Query time: 123 msec
;; SERVER: 127.0.0.11#53(127.0.0.11)
;; WHEN: Tue Aug 02 19:41:57 UTC 2022
;; MSG SIZE  rcvd: 123

root@167dce0d6c5d:/#
