
root@167dce0d6c5d:/# dig test100.goertzen

; <<>> DiG 9.16.1-Ubuntu <<>> test100.goertzen
;; global options: +cmd
;; Got answer:
;; ->>HEADER<<- opcode: QUERY, status: NOERROR, id: 51450
;; flags: qr rd ra; QUERY: 1, ANSWER: 1, AUTHORITY: 1, ADDITION
AL: 2

;; OPT PSEUDOSECTION:
; EDNS: version: 0, flags:; udp: 65355
; COOKIE: 9e3dbef40e60541d0100000062e97d3738a247c9515b1404 (goo
d)
;; QUESTION SECTION:
;test100.goertzen.              IN      A

;; ANSWER SECTION:
test100.goertzen.       604800  IN      A       42.42.42.42

;; AUTHORITY SECTION:
goertzen.               604714  IN      NS      ns1.goertzen.

;; ADDITIONAL SECTION:
ns1.goertzen.           604714  IN      A       172.20.0.4

;; Query time: 123 msec
;; SERVER: 127.0.0.11#53(127.0.0.11)
;; WHEN: Tue Aug 02 19:38:31 UTC 2022
;; MSG SIZE  rcvd: 123

root@167dce0d6c5d:/#
