
root@167dce0d6c5d:/# dig test203.goertzen

; <<>> DiG 9.16.1-Ubuntu <<>> test203.goertzen
;; global options: +cmd
;; Got answer:
;; ->>HEADER<<- opcode: QUERY, status: NOERROR, id: 33477
;; flags: qr rd ra; QUERY: 1, ANSWER: 1, AUTHORITY: 1, ADDITION
AL: 2

;; OPT PSEUDOSECTION:
; EDNS: version: 0, flags:; udp: 65355
; COOKIE: ebd11bdb511364b80100000062e97da0870a377f954a498d (goo
d)
;; QUESTION SECTION:
;test203.goertzen.              IN      A

;; ANSWER SECTION:
test203.goertzen.       604800  IN      A       42.42.42.42

;; AUTHORITY SECTION:
goertzen.               604609  IN      NS      ns1.goertzen.

;; ADDITIONAL SECTION:
ns1.goertzen.           604609  IN      A       172.20.0.4

;; Query time: 119 msec
;; SERVER: 127.0.0.11#53(127.0.0.11)
;; WHEN: Tue Aug 02 19:40:16 UTC 2022
;; MSG SIZE  rcvd: 123

root@167dce0d6c5d:/#
