
root@748fcd33cc91:/# dig test182.goertzen

; <<>> DiG 9.16.1-Ubuntu <<>> test182.goertzen
;; global options: +cmd
;; Got answer:
;; ->>HEADER<<- opcode: QUERY, status: NOERROR, id: 5978
;; flags: qr rd ra; QUERY: 1, ANSWER: 1, AUTHORITY: 1, ADDITIONAL: 2

;; OPT PSEUDOSECTION:
; EDNS: version: 0, flags:; udp: 65355
; COOKIE: 3552fec44181ed4b0100000062eae2ecb6899feb63dd0a85 (good)
;; QUESTION SECTION:
;test182.goertzen.              IN      A

;; ANSWER SECTION:
test182.goertzen.       604800  IN      A       42.42.42.42

;; AUTHORITY SECTION:
goertzen.               604651  IN      NS      ns1.goertzen.

;; ADDITIONAL SECTION:
ns1.goertzen.           604651  IN      A       172.20.0.4

;; Query time: 139 msec
;; SERVER: 127.0.0.11#53(127.0.0.11)
;; WHEN: Wed Aug 03 21:04:44 UTC 2022
;; MSG SIZE  rcvd: 123

root@748fcd33cc91:/#

