
root@e308238c6439:/# dig test827.goertzen

; <<>> DiG 9.16.1-Ubuntu <<>> test827.goertzen
;; global options: +cmd
;; Got answer:
;; ->>HEADER<<- opcode: QUERY, status: NOERROR, id: 32537
;; flags: qr rd ra; QUERY: 1, ANSWER: 1, AUTHORITY: 1, ADDITIONAL: 2

;; OPT PSEUDOSECTION:
; EDNS: version: 0, flags:; udp: 65355
; COOKIE: ccab74513a41e3240100000062eae5bf4df79a7a034bea00 (good)
;; QUESTION SECTION:
;test827.goertzen.              IN      A

;; ANSWER SECTION:
test827.goertzen.       604800  IN      A       42.42.42.42

;; AUTHORITY SECTION:
goertzen.               604528  IN      NS      ns1.goertzen.

;; ADDITIONAL SECTION:
ns1.goertzen.           604528  IN      A       172.20.0.4

;; Query time: 123 msec
;; SERVER: 127.0.0.11#53(127.0.0.11)
;; WHEN: Wed Aug 03 21:16:47 UTC 2022
;; MSG SIZE  rcvd: 123

root@e308238c6439:/#

