
root@167dce0d6c5d:/# dig test529.goertzen

; <<>> DiG 9.16.1-Ubuntu <<>> test529.goertzen
;; global options: +cmd
;; Got answer:
;; ->>HEADER<<- opcode: QUERY, status: NOERROR, id: 501
;; flags: qr rd ra; QUERY: 1, ANSWER: 1, AUTHORITY: 1, ADDITION
AL: 2

;; OPT PSEUDOSECTION:
; EDNS: version: 0, flags:; udp: 65355
; COOKIE: 80e46c2f4240c6090100000062e97eea1c031cd7bb994160 (goo
d)
;; QUESTION SECTION:
;test529.goertzen.              IN      A

;; ANSWER SECTION:
test529.goertzen.       604800  IN      A       42.42.42.42

;; AUTHORITY SECTION:
goertzen.               604279  IN      NS      ns1.goertzen.

;; ADDITIONAL SECTION:
ns1.goertzen.           604279  IN      A       172.20.0.4

;; Query time: 135 msec
;; SERVER: 127.0.0.11#53(127.0.0.11)
;; WHEN: Tue Aug 02 19:45:46 UTC 2022
;; MSG SIZE  rcvd: 123

root@167dce0d6c5d:/#
