
root@9b95a937cfe2:/# dig test841.goertzen

; <<>> DiG 9.16.1-Ubuntu <<>> test841.goertzen
;; global options: +cmd
;; Got answer:
;; ->>HEADER<<- opcode: QUERY, status: NOERROR, id: 60693
;; flags: qr rd ra; QUERY: 1, ANSWER: 1, AUTHORITY: 1, ADDITION
AL: 2

;; OPT PSEUDOSECTION:
; EDNS: version: 0, flags:; udp: 65355
; COOKIE: 306af3c8305182920100000062e980fb099a0099f32cf596 (goo
d)
;; QUESTION SECTION:
;test841.goertzen.              IN      A

;; ANSWER SECTION:
test841.goertzen.       604800  IN      A       42.42.42.42

;; AUTHORITY SECTION:
goertzen.               604739  IN      NS      ns1.goertzen.

;; ADDITIONAL SECTION:
ns1.goertzen.           604739  IN      A       172.20.0.4

;; Query time: 115 msec
;; SERVER: 127.0.0.11#53(127.0.0.11)
;; WHEN: Tue Aug 02 19:54:35 UTC 2022
;; MSG SIZE  rcvd: 123

root@9b95a937cfe2:/#
