
root@e308238c6439:/# dig test893.goertzen

; <<>> DiG 9.16.1-Ubuntu <<>> test893.goertzen
;; global options: +cmd
;; Got answer:
;; ->>HEADER<<- opcode: QUERY, status: NOERROR, id: 63873
;; flags: qr rd ra; QUERY: 1, ANSWER: 1, AUTHORITY: 1, ADDITIONAL: 2

;; OPT PSEUDOSECTION:
; EDNS: version: 0, flags:; udp: 65355
; COOKIE: 8e23b6ae52ff5c8a0100000062eae5f157f4a3b06ab93862 (good)
;; QUESTION SECTION:
;test893.goertzen.              IN      A

;; ANSWER SECTION:
test893.goertzen.       604800  IN      A       42.42.42.42

;; AUTHORITY SECTION:
goertzen.               604478  IN      NS      ns1.goertzen.

;; ADDITIONAL SECTION:
ns1.goertzen.           604478  IN      A       172.20.0.4

;; Query time: 123 msec
;; SERVER: 127.0.0.11#53(127.0.0.11)
;; WHEN: Wed Aug 03 21:17:37 UTC 2022
;; MSG SIZE  rcvd: 123

root@e308238c6439:/#

