
root@9a541b1e0edb:/# dig test472.goertzen

; <<>> DiG 9.16.1-Ubuntu <<>> test472.goertzen
;; global options: +cmd
;; Got answer:
;; ->>HEADER<<- opcode: QUERY, status: NOERROR, id: 42465
;; flags: qr rd ra; QUERY: 1, ANSWER: 1, AUTHORITY: 1, ADDITIONAL: 2

;; OPT PSEUDOSECTION:
; EDNS: version: 0, flags:; udp: 65355
; COOKIE: 2a0a5f17d78963f20100000062eae435e1c03e43685b4553 (good)
;; QUESTION SECTION:
;test472.goertzen.              IN      A

;; ANSWER SECTION:
test472.goertzen.       604800  IN      A       42.42.42.42

;; AUTHORITY SECTION:
goertzen.               604586  IN      NS      ns1.goertzen.

;; ADDITIONAL SECTION:
ns1.goertzen.           604586  IN      A       172.20.0.4

;; Query time: 139 msec
;; SERVER: 127.0.0.11#53(127.0.0.11)
;; WHEN: Wed Aug 03 21:10:13 UTC 2022
;; MSG SIZE  rcvd: 123

root@9a541b1e0edb:/#

