
root@9b95a937cfe2:/# dig test944.goertzen

; <<>> DiG 9.16.1-Ubuntu <<>> test944.goertzen
;; global options: +cmd
;; Got answer:
;; ->>HEADER<<- opcode: QUERY, status: NOERROR, id: 39959
;; flags: qr rd ra; QUERY: 1, ANSWER: 1, AUTHORITY: 1, ADDITION
AL: 2

;; OPT PSEUDOSECTION:
; EDNS: version: 0, flags:; udp: 65355
; COOKIE: 3f0889caae5dbeec0100000062e98164864988b65729e72c (goo
d)
;; QUESTION SECTION:
;test944.goertzen.              IN      A

;; ANSWER SECTION:
test944.goertzen.       604800  IN      A       42.42.42.42

;; AUTHORITY SECTION:
goertzen.               604634  IN      NS      ns1.goertzen.

;; ADDITIONAL SECTION:
ns1.goertzen.           604634  IN      A       172.20.0.4

;; Query time: 123 msec
;; SERVER: 127.0.0.11#53(127.0.0.11)
;; WHEN: Tue Aug 02 19:56:20 UTC 2022
;; MSG SIZE  rcvd: 123

root@9b95a937cfe2:/#
