
root@e308238c6439:/# dig test535.goertzen

; <<>> DiG 9.16.1-Ubuntu <<>> test535.goertzen
;; global options: +cmd
;; Got answer:
;; ->>HEADER<<- opcode: QUERY, status: NOERROR, id: 36140
;; flags: qr rd ra; QUERY: 1, ANSWER: 1, AUTHORITY: 1, ADDITIONAL: 2

;; OPT PSEUDOSECTION:
; EDNS: version: 0, flags:; udp: 65355
; COOKIE: e7eed2614427457d0100000062eae4e049d227660b623279 (good)
;; QUESTION SECTION:
;test535.goertzen.              IN      A

;; ANSWER SECTION:
test535.goertzen.       604800  IN      A       42.42.42.42

;; AUTHORITY SECTION:
goertzen.               604751  IN      NS      ns1.goertzen.

;; ADDITIONAL SECTION:
ns1.goertzen.           604751  IN      A       172.20.0.4

;; Query time: 131 msec
;; SERVER: 127.0.0.11#53(127.0.0.11)
;; WHEN: Wed Aug 03 21:13:04 UTC 2022
;; MSG SIZE  rcvd: 123

root@e308238c6439:/#

