
root@167dce0d6c5d:/# dig test198.goertzen

; <<>> DiG 9.16.1-Ubuntu <<>> test198.goertzen
;; global options: +cmd
;; Got answer:
;; ->>HEADER<<- opcode: QUERY, status: NOERROR, id: 10917
;; flags: qr rd ra; QUERY: 1, ANSWER: 1, AUTHORITY: 1, ADDITION
AL: 2

;; OPT PSEUDOSECTION:
; EDNS: version: 0, flags:; udp: 65355
; COOKIE: ff2cacca77aa6ee60100000062e97d9b2350c8ffb9ce93b3 (goo
d)
;; QUESTION SECTION:
;test198.goertzen.              IN      A

;; ANSWER SECTION:
test198.goertzen.       604800  IN      A       42.42.42.42

;; AUTHORITY SECTION:
goertzen.               604614  IN      NS      ns1.goertzen.

;; ADDITIONAL SECTION:
ns1.goertzen.           604614  IN      A       172.20.0.4

;; Query time: 155 msec
;; SERVER: 127.0.0.11#53(127.0.0.11)
;; WHEN: Tue Aug 02 19:40:11 UTC 2022
;; MSG SIZE  rcvd: 123

root@167dce0d6c5d:/#
