
root@e308238c6439:/# dig test565.goertzen

; <<>> DiG 9.16.1-Ubuntu <<>> test565.goertzen
;; global options: +cmd
;; Got answer:
;; ->>HEADER<<- opcode: QUERY, status: NOERROR, id: 47132
;; flags: qr rd ra; QUERY: 1, ANSWER: 1, AUTHORITY: 1, ADDITIONAL: 2

;; OPT PSEUDOSECTION:
; EDNS: version: 0, flags:; udp: 65355
; COOKIE: 4565fc7730a358f80100000062eae4f7567b67728f4ca7da (good)
;; QUESTION SECTION:
;test565.goertzen.              IN      A

;; ANSWER SECTION:
test565.goertzen.       604800  IN      A       42.42.42.42

;; AUTHORITY SECTION:
goertzen.               604728  IN      NS      ns1.goertzen.

;; ADDITIONAL SECTION:
ns1.goertzen.           604728  IN      A       172.20.0.4

;; Query time: 147 msec
;; SERVER: 127.0.0.11#53(127.0.0.11)
;; WHEN: Wed Aug 03 21:13:27 UTC 2022
;; MSG SIZE  rcvd: 123

root@e308238c6439:/#

