
root@ef1504227623:/# dig test212.goertzen

; <<>> DiG 9.16.1-Ubuntu <<>> test212.goertzen
;; global options: +cmd
;; Got answer:
;; ->>HEADER<<- opcode: QUERY, status: NOERROR, id: 61
064
;; flags: qr rd ra; QUERY: 1, ANSWER: 1, AUTHORITY: 1,
 ADDITIONAL: 2

;; OPT PSEUDOSECTION:
; EDNS: version: 0, flags:; udp: 65355
; COOKIE: 9c7c309a8392fb520100000062ec1652d53ea741bca5
4a9e (good)
;; QUESTION SECTION:
;test212.goertzen.              IN      A

;; ANSWER SECTION:
test212.goertzen.       604800  IN      A       42.42.
42.42

;; AUTHORITY SECTION:
goertzen.               604362  IN      NS      ns1.go
ertzen.

;; ADDITIONAL SECTION:
ns1.goertzen.           604362  IN      A       172.20
.0.4

;; Query time: 659 msec
;; SERVER: 127.0.0.11#53(127.0.0.11)
;; WHEN: Thu Aug 04 18:56:18 UTC 2022
;; MSG SIZE  rcvd: 123

root@ef1504227623:/#
