
root@652bf8903e8c:/# dig test558.goertzen

; <<>> DiG 9.16.1-Ubuntu <<>> test558.goertzen
;; global options: +cmd
;; Got answer:
;; ->>HEADER<<- opcode: QUERY, status: NOERROR, id: 17
713
;; flags: qr rd ra; QUERY: 1, ANSWER: 1, AUTHORITY: 1,
 ADDITIONAL: 2

;; OPT PSEUDOSECTION:
; EDNS: version: 0, flags:; udp: 65355
; COOKIE: e1af5c04c55bf6720100000062ec19777b2c69b144b6
04c1 (good)
;; QUESTION SECTION:
;test558.goertzen.              IN      A

;; ANSWER SECTION:
test558.goertzen.       604800  IN      A       42.42.
42.42

;; AUTHORITY SECTION:
goertzen.               604335  IN      NS      ns1.go
ertzen.

;; ADDITIONAL SECTION:
ns1.goertzen.           604335  IN      A       172.20
.0.4

;; Query time: 663 msec
;; SERVER: 127.0.0.11#53(127.0.0.11)
;; WHEN: Thu Aug 04 19:09:44 UTC 2022
;; MSG SIZE  rcvd: 123

root@652bf8903e8c:/#
