
root@67933f766bec:/# dig test825.goertzen

; <<>> DiG 9.16.1-Ubuntu <<>> test825.goertzen
;; global options: +cmd
;; Got answer:
;; ->>HEADER<<- opcode: QUERY, status: NOERROR, id: 90
98
;; flags: qr rd ra; QUERY: 1, ANSWER: 1, AUTHORITY: 1,
 ADDITIONAL: 2

;; OPT PSEUDOSECTION:
; EDNS: version: 0, flags:; udp: 65355
; COOKIE: fed27ce1650c854a0100000062ec1c0db615a3e164a2
f545 (good)
;; QUESTION SECTION:
;test825.goertzen.              IN      A

;; ANSWER SECTION:
test825.goertzen.       604800  IN      A       42.42.
42.42

;; AUTHORITY SECTION:
goertzen.               604597  IN      NS      ns1.go
ertzen.

;; ADDITIONAL SECTION:
ns1.goertzen.           604597  IN      A       172.20
.0.4

;; Query time: 659 msec
;; SERVER: 127.0.0.11#53(127.0.0.11)
;; WHEN: Thu Aug 04 19:20:45 UTC 2022
;; MSG SIZE  rcvd: 123

root@67933f766bec:/#
