
root@ef1504227623:/# dig test239.goertzen

; <<>> DiG 9.16.1-Ubuntu <<>> test239.goertzen
;; global options: +cmd
;; Got answer:
;; ->>HEADER<<- opcode: QUERY, status: NOERROR, id: 22
436
;; flags: qr rd ra; QUERY: 1, ANSWER: 1, AUTHORITY: 1,
 ADDITIONAL: 2

;; OPT PSEUDOSECTION:
; EDNS: version: 0, flags:; udp: 65355
; COOKIE: c1d32d5f787c6d7d0100000062ec1689b578ee662847
7a5d (good)
;; QUESTION SECTION:
;test239.goertzen.              IN      A

;; ANSWER SECTION:
test239.goertzen.       604800  IN      A       42.42.
42.42

;; AUTHORITY SECTION:
goertzen.               604307  IN      NS      ns1.go
ertzen.

;; ADDITIONAL SECTION:
ns1.goertzen.           604307  IN      A       172.20
.0.4

;; Query time: 659 msec
;; SERVER: 127.0.0.11#53(127.0.0.11)
;; WHEN: Thu Aug 04 18:57:13 UTC 2022
;; MSG SIZE  rcvd: 123

root@ef1504227623:/#
