
root@652bf8903e8c:/# dig test626.goertzen

; <<>> DiG 9.16.1-Ubuntu <<>> test626.goertzen
;; global options: +cmd
;; Got answer:
;; ->>HEADER<<- opcode: QUERY, status: NOERROR, id: 28
728
;; flags: qr rd ra; QUERY: 1, ANSWER: 1, AUTHORITY: 1,
 ADDITIONAL: 2

;; OPT PSEUDOSECTION:
; EDNS: version: 0, flags:; udp: 65355
; COOKIE: a59eef48a5da8fae0100000062ec1a00da17a94893f8
76e2 (good)
;; QUESTION SECTION:
;test626.goertzen.              IN      A

;; ANSWER SECTION:
test626.goertzen.       604800  IN      A       42.42.
42.42

;; AUTHORITY SECTION:
goertzen.               604198  IN      NS      ns1.go
ertzen.

;; ADDITIONAL SECTION:
ns1.goertzen.           604198  IN      A       172.20
.0.4

;; Query time: 667 msec
;; SERVER: 127.0.0.11#53(127.0.0.11)
;; WHEN: Thu Aug 04 19:12:00 UTC 2022
;; MSG SIZE  rcvd: 123

root@652bf8903e8c:/#
