
root@652bf8903e8c:/# dig test475.goertzen

; <<>> DiG 9.16.1-Ubuntu <<>> test475.goertzen
;; global options: +cmd
;; Got answer:
;; ->>HEADER<<- opcode: QUERY, status: NOERROR, id: 22
942
;; flags: qr rd ra; QUERY: 1, ANSWER: 1, AUTHORITY: 1,
 ADDITIONAL: 2

;; OPT PSEUDOSECTION:
; EDNS: version: 0, flags:; udp: 65355
; COOKIE: cb5242ba1a2abf9c0100000062ec18d03807a352d687
b5ae (good)
;; QUESTION SECTION:
;test475.goertzen.              IN      A

;; ANSWER SECTION:
test475.goertzen.       604800  IN      A       42.42.
42.42

;; AUTHORITY SECTION:
goertzen.               604502  IN      NS      ns1.go
ertzen.

;; ADDITIONAL SECTION:
ns1.goertzen.           604502  IN      A       172.20
.0.4

;; Query time: 679 msec
;; SERVER: 127.0.0.11#53(127.0.0.11)
;; WHEN: Thu Aug 04 19:06:57 UTC 2022
;; MSG SIZE  rcvd: 123

root@652bf8903e8c:/#
