
root@25d36c5bd255:/# dig test220.goertzen

; <<>> DiG 9.16.1-Ubuntu <<>> test220.goertzen
;; global options: +cmd
;; Got answer:
;; ->>HEADER<<- opcode: QUERY, status: NOERROR, id: 22204
;; flags: qr rd ra; QUERY: 1, ANSWER: 1, AUTHORITY: 1, ADDITIONAL: 2

;; OPT PSEUDOSECTION:
; EDNS: version: 0, flags:; udp: 65355
; COOKIE: 81b9b19e6bbf6bab0100000062e96b3046fa81014f33ba36 (good)
;; QUESTION SECTION:
;test220.goertzen.              IN      A

;; ANSWER SECTION:
test220.goertzen.       604800  IN      A       42.42.42.42

;; AUTHORITY SECTION:
goertzen.               604557  IN      NS      ns1.goertzen.

;; ADDITIONAL SECTION:
ns1.goertzen.           604557  IN      A       172.20.0.4

;; Query time: 87 msec
;; SERVER: 127.0.0.11#53(127.0.0.11)
;; WHEN: Tue Aug 02 18:21:36 UTC 2022
;; MSG SIZE  rcvd: 123

root@25d36c5bd255:/#
