
root@25d36c5bd255:/# dig test796.goertzen

; <<>> DiG 9.16.1-Ubuntu <<>> test796.goertzen
;; global options: +cmd
;; Got answer:
;; ->>HEADER<<- opcode: QUERY, status: NOERROR, id: 65525
;; flags: qr rd ra; QUERY: 1, ANSWER: 1, AUTHORITY: 1, ADDITIONAL: 2

;; OPT PSEUDOSECTION:
; EDNS: version: 0, flags:; udp: 65355
; COOKIE: d371599c7a2a77b80100000062e96d77a915ef4041bb87d0 (good)
;; QUESTION SECTION:
;test796.goertzen.              IN      A

;; ANSWER SECTION:
test796.goertzen.       604800  IN      A       42.42.42.42

;; AUTHORITY SECTION:
goertzen.               603974  IN      NS      ns1.goertzen.

;; ADDITIONAL SECTION:
ns1.goertzen.           603974  IN      A       172.20.0.4

;; Query time: 79 msec
;; SERVER: 127.0.0.11#53(127.0.0.11)
;; WHEN: Tue Aug 02 18:31:19 UTC 2022
;; MSG SIZE  rcvd: 123

root@25d36c5bd255:/#
