
root@25d36c5bd255:/# dig test908.goertzen

; <<>> DiG 9.16.1-Ubuntu <<>> test908.goertzen
;; global options: +cmd
;; Got answer:
;; ->>HEADER<<- opcode: QUERY, status: NOERROR, id: 3364
;; flags: qr rd ra; QUERY: 1, ANSWER: 1, AUTHORITY: 1, ADDITIONAL: 2

;; OPT PSEUDOSECTION:
; EDNS: version: 0, flags:; udp: 65355
; COOKIE: 483e1d282f5271750100000062e96de9b311968a3283ac9c (good)
;; QUESTION SECTION:
;test908.goertzen.              IN      A

;; ANSWER SECTION:
test908.goertzen.       604800  IN      A       42.42.42.42

;; AUTHORITY SECTION:
goertzen.               603860  IN      NS      ns1.goertzen.

;; ADDITIONAL SECTION:
ns1.goertzen.           603860  IN      A       172.20.0.4

;; Query time: 63 msec
;; SERVER: 127.0.0.11#53(127.0.0.11)
;; WHEN: Tue Aug 02 18:33:13 UTC 2022
;; MSG SIZE  rcvd: 123

root@25d36c5bd255:/#
