
root@da17de8fbbce:/# dig test175.goertzen

; <<>> DiG 9.16.1-Ubuntu <<>> test175.goertzen
;; global options: +cmd
;; Got answer:
;; ->>HEADER<<- opcode: QUERY, status: NOERROR, id: 25859
;; flags: qr rd ra; QUERY: 1, ANSWER: 1, AUTHORITY: 1, ADDITIONAL: 2

;; OPT PSEUDOSECTION:
; EDNS: version: 0, flags:; udp: 65355
; COOKIE: 9d8e0d96f05ee73f0100000062ead5c727de6c1d2c339b30 (good)
;; QUESTION SECTION:
;test175.goertzen.              IN      A

;; ANSWER SECTION:
test175.goertzen.       604800  IN      A       42.42.42.42

;; AUTHORITY SECTION:
goertzen.               604656  IN      NS      ns1.goertzen.

;; ADDITIONAL SECTION:
ns1.goertzen.           604656  IN      A       172.20.0.4

;; Query time: 75 msec
;; SERVER: 127.0.0.11#53(127.0.0.11)
;; WHEN: Wed Aug 03 20:08:39 UTC 2022
;; MSG SIZE  rcvd: 123

root@da17de8fbbce:/#

