
root@da17de8fbbce:/# dig test291.goertzen

; <<>> DiG 9.16.1-Ubuntu <<>> test291.goertzen
;; global options: +cmd
;; Got answer:
;; ->>HEADER<<- opcode: QUERY, status: NOERROR, id: 49408
;; flags: qr rd ra; QUERY: 1, ANSWER: 1, AUTHORITY: 1, ADDITIONAL: 2

;; OPT PSEUDOSECTION:
; EDNS: version: 0, flags:; udp: 65355
; COOKIE: e289be517f5308e70100000062ead61ff9a33b16041788b8 (good)
;; QUESTION SECTION:
;test291.goertzen.              IN      A

;; ANSWER SECTION:
test291.goertzen.       604800  IN      A       42.42.42.42

;; AUTHORITY SECTION:
goertzen.               604568  IN      NS      ns1.goertzen.

;; ADDITIONAL SECTION:
ns1.goertzen.           604568  IN      A       172.20.0.4

;; Query time: 99 msec
;; SERVER: 127.0.0.11#53(127.0.0.11)
;; WHEN: Wed Aug 03 20:10:07 UTC 2022
;; MSG SIZE  rcvd: 123

root@da17de8fbbce:/#

