
root@da17de8fbbce:/# dig test549.goertzen

; <<>> DiG 9.16.1-Ubuntu <<>> test549.goertzen
;; global options: +cmd
;; Got answer:
;; ->>HEADER<<- opcode: QUERY, status: NOERROR, id: 43152
;; flags: qr rd ra; QUERY: 1, ANSWER: 1, AUTHORITY: 1, ADDITIONAL: 2

;; OPT PSEUDOSECTION:
; EDNS: version: 0, flags:; udp: 65355
; COOKIE: c8c18fb3d75a47c30100000062ead6e4a220342999d9b026 (good)
;; QUESTION SECTION:
;test549.goertzen.              IN      A

;; ANSWER SECTION:
test549.goertzen.       604800  IN      A       42.42.42.42

;; AUTHORITY SECTION:
goertzen.               604371  IN      NS      ns1.goertzen.

;; ADDITIONAL SECTION:
ns1.goertzen.           604371  IN      A       172.20.0.4

;; Query time: 107 msec
;; SERVER: 127.0.0.11#53(127.0.0.11)
;; WHEN: Wed Aug 03 20:13:24 UTC 2022
;; MSG SIZE  rcvd: 123

root@da17de8fbbce:/#

