
root@25d36c5bd255:/# dig test864.goertzen

; <<>> DiG 9.16.1-Ubuntu <<>> test864.goertzen
;; global options: +cmd
;; Got answer:
;; ->>HEADER<<- opcode: QUERY, status: NOERROR, id: 60513
;; flags: qr rd ra; QUERY: 1, ANSWER: 1, AUTHORITY: 1, ADDITIONAL: 2

;; OPT PSEUDOSECTION:
; EDNS: version: 0, flags:; udp: 65355
; COOKIE: f78d08e32f715bc70100000062e96dbcde2a597fd676140c (good)
;; QUESTION SECTION:
;test864.goertzen.              IN      A

;; ANSWER SECTION:
test864.goertzen.       604800  IN      A       42.42.42.42

;; AUTHORITY SECTION:
goertzen.               603905  IN      NS      ns1.goertzen.

;; ADDITIONAL SECTION:
ns1.goertzen.           603905  IN      A       172.20.0.4

;; Query time: 71 msec
;; SERVER: 127.0.0.11#53(127.0.0.11)
;; WHEN: Tue Aug 02 18:32:28 UTC 2022
;; MSG SIZE  rcvd: 123

root@25d36c5bd255:/#
