
root@da17de8fbbce:/# dig test688.goertzen

; <<>> DiG 9.16.1-Ubuntu <<>> test688.goertzen
;; global options: +cmd
;; Got answer:
;; ->>HEADER<<- opcode: QUERY, status: NOERROR, id: 37155
;; flags: qr rd ra; QUERY: 1, ANSWER: 1, AUTHORITY: 1, ADDITIONAL: 2

;; OPT PSEUDOSECTION:
; EDNS: version: 0, flags:; udp: 65355
; COOKIE: 71cd6bef61ccf9da0100000062ead74f0de4404c7df56ac6 (good)
;; QUESTION SECTION:
;test688.goertzen.              IN      A

;; ANSWER SECTION:
test688.goertzen.       604800  IN      A       42.42.42.42

;; AUTHORITY SECTION:
goertzen.               604264  IN      NS      ns1.goertzen.

;; ADDITIONAL SECTION:
ns1.goertzen.           604264  IN      A       172.20.0.4

;; Query time: 87 msec
;; SERVER: 127.0.0.11#53(127.0.0.11)
;; WHEN: Wed Aug 03 20:15:11 UTC 2022
;; MSG SIZE  rcvd: 123

root@da17de8fbbce:/#

