
root@25d36c5bd255:/# dig test892.goertzen

; <<>> DiG 9.16.1-Ubuntu <<>> test892.goertzen
;; global options: +cmd
;; Got answer:
;; ->>HEADER<<- opcode: QUERY, status: NOERROR, id: 25887
;; flags: qr rd ra; QUERY: 1, ANSWER: 1, AUTHORITY: 1, ADDITIONAL: 2

;; OPT PSEUDOSECTION:
; EDNS: version: 0, flags:; udp: 65355
; COOKIE: e7509e193ba231da0100000062e96dd9a237539a6ec39dbd (good)
;; QUESTION SECTION:
;test892.goertzen.              IN      A

;; ANSWER SECTION:
test892.goertzen.       604800  IN      A       42.42.42.42

;; AUTHORITY SECTION:
goertzen.               603876  IN      NS      ns1.goertzen.

;; ADDITIONAL SECTION:
ns1.goertzen.           603876  IN      A       172.20.0.4

;; Query time: 83 msec
;; SERVER: 127.0.0.11#53(127.0.0.11)
;; WHEN: Tue Aug 02 18:32:57 UTC 2022
;; MSG SIZE  rcvd: 123

root@25d36c5bd255:/#
