
root@da17de8fbbce:/# dig test228.goertzen

; <<>> DiG 9.16.1-Ubuntu <<>> test228.goertzen
;; global options: +cmd
;; Got answer:
;; ->>HEADER<<- opcode: QUERY, status: NOERROR, id: 1204
;; flags: qr rd ra; QUERY: 1, ANSWER: 1, AUTHORITY: 1, ADDITIONAL: 2

;; OPT PSEUDOSECTION:
; EDNS: version: 0, flags:; udp: 65355
; COOKIE: a6de0e18b5d406350100000062ead5efcdb48c4af65bc84e (good)
;; QUESTION SECTION:
;test228.goertzen.              IN      A

;; ANSWER SECTION:
test228.goertzen.       604800  IN      A       42.42.42.42

;; AUTHORITY SECTION:
goertzen.               604616  IN      NS      ns1.goertzen.

;; ADDITIONAL SECTION:
ns1.goertzen.           604616  IN      A       172.20.0.4

;; Query time: 99 msec
;; SERVER: 127.0.0.11#53(127.0.0.11)
;; WHEN: Wed Aug 03 20:09:19 UTC 2022
;; MSG SIZE  rcvd: 123

root@da17de8fbbce:/#

