
root@25d36c5bd255:/# dig test597.goertzen

; <<>> DiG 9.16.1-Ubuntu <<>> test597.goertzen
;; global options: +cmd
;; Got answer:
;; ->>HEADER<<- opcode: QUERY, status: NOERROR, id: 19598
;; flags: qr rd ra; QUERY: 1, ANSWER: 1, AUTHORITY: 1, ADDITIONAL: 2

;; OPT PSEUDOSECTION:
; EDNS: version: 0, flags:; udp: 65355
; COOKIE: b8782cd9db759bc60100000062e96caea145803e7739d6c5 (good)
;; QUESTION SECTION:
;test597.goertzen.              IN      A

;; ANSWER SECTION:
test597.goertzen.       604800  IN      A       42.42.42.42

;; AUTHORITY SECTION:
goertzen.               604175  IN      NS      ns1.goertzen.

;; ADDITIONAL SECTION:
ns1.goertzen.           604175  IN      A       172.20.0.4

;; Query time: 83 msec
;; SERVER: 127.0.0.11#53(127.0.0.11)
;; WHEN: Tue Aug 02 18:27:58 UTC 2022
;; MSG SIZE  rcvd: 123

root@25d36c5bd255:/#
