
root@4140c405ac61:/# dig test253.goertzen

; <<>> DiG 9.16.1-Ubuntu <<>> test253.goertzen
;; global options: +cmd
;; Got answer:
;; ->>HEADER<<- opcode: QUERY, status: NOERROR, id: 41379
;; flags: qr rd ra; QUERY: 1, ANSWER: 1, AUTHORITY: 1, ADDITIONAL: 2

;; OPT PSEUDOSECTION:
; EDNS: version: 0, flags:; udp: 65355
; COOKIE: 25a9d98fd23488a80100000062e9499c428496ce149957ac (good)
;; QUESTION SECTION:
;test253.goertzen.              IN      A

;; ANSWER SECTION:
test253.goertzen.       604800  IN      A       42.42.42.42

;; AUTHORITY SECTION:
goertzen.               604662  IN      NS      ns1.goertzen.

;; ADDITIONAL SECTION:
ns1.goertzen.           604662  IN      A       172.20.0.4

;; Query time: 59 msec
;; SERVER: 127.0.0.11#53(127.0.0.11)
;; WHEN: Tue Aug 02 15:58:20 UTC 2022
;; MSG SIZE  rcvd: 123

root@4140c405ac61:/#
