
root@ebf5f43da7db:/# dig test931.goertzen

; <<>> DiG 9.16.1-Ubuntu <<>> test931.goertzen
;; global options: +cmd
;; Got answer:
;; ->>HEADER<<- opcode: QUERY, status: NOERROR, id: 64782
;; flags: qr rd ra; QUERY: 1, ANSWER: 1, AUTHORITY: 1, ADDITIONAL: 2

;; OPT PSEUDOSECTION:
; EDNS: version: 0, flags:; udp: 65355
; COOKIE: 16ad444256b4ffd60100000062eaa8ca75af73126b30b1bc (good)
;; QUESTION SECTION:
;test931.goertzen.              IN      A

;; ANSWER SECTION:
test931.goertzen.       604800  IN      A       42.42.42.42

;; AUTHORITY SECTION:
goertzen.               604603  IN      NS      ns1.goertzen.

;; ADDITIONAL SECTION:
ns1.goertzen.           604603  IN      A       172.20.0.4

;; Query time: 67 msec
;; SERVER: 127.0.0.11#53(127.0.0.11)
;; WHEN: Wed Aug 03 16:56:42 UTC 2022
;; MSG SIZE  rcvd: 123

root@ebf5f43da7db:/#
