
root@d944dcbe8789:/# dig test194.goertzen

; <<>> DiG 9.16.1-Ubuntu <<>> test194.goertzen
;; global options: +cmd
;; Got answer:
;; ->>HEADER<<- opcode: QUERY, status: NOERROR, id: 40326
;; flags: qr rd ra; QUERY: 1, ANSWER: 1, AUTHORITY: 1, ADDITIONAL: 2

;; OPT PSEUDOSECTION:
; EDNS: version: 0, flags:; udp: 65355
; COOKIE: 2cb0c16ee7da24000100000062eaa4298dfd7530c95b7c2a (good)
;; QUESTION SECTION:
;test194.goertzen.              IN      A

;; ANSWER SECTION:
test194.goertzen.       604800  IN      A       42.42.42.42

;; AUTHORITY SECTION:
goertzen.               604696  IN      NS      ns1.goertzen.

;; ADDITIONAL SECTION:
ns1.goertzen.           604696  IN      A       172.20.0.4

;; Query time: 71 msec
;; SERVER: 127.0.0.11#53(127.0.0.11)
;; WHEN: Wed Aug 03 16:36:57 UTC 2022
;; MSG SIZE  rcvd: 123

root@d944dcbe8789:/#
