
root@d9893a3565a3:/# dig test671.goertzen

; <<>> DiG 9.16.1-Ubuntu <<>> test671.goertzen
;; global options: +cmd
;; Got answer:
;; ->>HEADER<<- opcode: QUERY, status: NOERROR, id: 35121
;; flags: qr rd ra; QUERY: 1, ANSWER: 1, AUTHORITY: 1, ADDITIONAL: 2

;; OPT PSEUDOSECTION:
; EDNS: version: 0, flags:; udp: 65355
; COOKIE: d964280a1c33a39c0100000062eaa72fbda112904d05f5d3 (good)
;; QUESTION SECTION:
;test671.goertzen.              IN      A

;; ANSWER SECTION:
test671.goertzen.       604800  IN      A       42.42.42.42

;; AUTHORITY SECTION:
goertzen.               604721  IN      NS      ns1.goertzen.

;; ADDITIONAL SECTION:
ns1.goertzen.           604721  IN      A       172.20.0.4

;; Query time: 67 msec
;; SERVER: 127.0.0.11#53(127.0.0.11)
;; WHEN: Wed Aug 03 16:49:51 UTC 2022
;; MSG SIZE  rcvd: 123

root@d9893a3565a3:/#
