
root@ca13925c9b24:/# dig test80.goertzen

; <<>> DiG 9.16.1-Ubuntu <<>> test80.goertzen
;; global options: +cmd
;; Got answer:
;; ->>HEADER<<- opcode: QUERY, status: NOERROR, id: 57868
;; flags: qr rd ra; QUERY: 1, ANSWER: 1, AUTHORITY: 1, ADDITIONAL: 2

;; OPT PSEUDOSECTION:
; EDNS: version: 0, flags:; udp: 65355
; COOKIE: fef44dd7824257ef0100000062e94818760ceba949b74cb3 (good)
;; QUESTION SECTION:
;test80.goertzen.               IN      A

;; ANSWER SECTION:
test80.goertzen.        604800  IN      A       42.42.42.42

;; AUTHORITY SECTION:
goertzen.               604699  IN      NS      ns1.goertzen.

;; ADDITIONAL SECTION:
ns1.goertzen.           604699  IN      A       172.20.0.4

;; Query time: 59 msec
;; SERVER: 127.0.0.11#53(127.0.0.11)
;; WHEN: Tue Aug 02 15:51:52 UTC 2022
;; MSG SIZE  rcvd: 122

root@ca13925c9b24:/#
