
root@ebf5f43da7db:/# dig test790.goertzen

; <<>> DiG 9.16.1-Ubuntu <<>> test790.goertzen
;; global options: +cmd
;; Got answer:
;; ->>HEADER<<- opcode: QUERY, status: NOERROR, id: 1608
;; flags: qr rd ra; QUERY: 1, ANSWER: 1, AUTHORITY: 1, ADDITIONAL: 2

;; OPT PSEUDOSECTION:
; EDNS: version: 0, flags:; udp: 65355
; COOKIE: 26494ed14f6c659c0100000062eaa85e078d096fea6b7d81 (good)
;; QUESTION SECTION:
;test790.goertzen.              IN      A

;; ANSWER SECTION:
test790.goertzen.       604800  IN      A       42.42.42.42

;; AUTHORITY SECTION:
goertzen.               604711  IN      NS      ns1.goertzen.

;; ADDITIONAL SECTION:
ns1.goertzen.           604711  IN      A       172.20.0.4

;; Query time: 67 msec
;; SERVER: 127.0.0.11#53(127.0.0.11)
;; WHEN: Wed Aug 03 16:54:54 UTC 2022
;; MSG SIZE  rcvd: 123

root@ebf5f43da7db:/#
