
root@e957de7fa2e2:/# dig test689.goertzen

; <<>> DiG 9.16.1-Ubuntu <<>> test689.goertzen
;; global options: +cmd
;; Got answer:
;; ->>HEADER<<- opcode: QUERY, status: NOERROR, id: 38641
;; flags: qr rd ra; QUERY: 1, ANSWER: 1, AUTHORITY: 1, ADDITIONAL: 2

;; OPT PSEUDOSECTION:
; EDNS: version: 0, flags:; udp: 65355
; COOKIE: aea4dab346287d050100000062e94c1bfda438fe12b8f60a (good)
;; QUESTION SECTION:
;test689.goertzen.              IN      A

;; ANSWER SECTION:
test689.goertzen.       604800  IN      A       42.42.42.42

;; AUTHORITY SECTION:
goertzen.               604543  IN      NS      ns1.goertzen.

;; ADDITIONAL SECTION:
ns1.goertzen.           604543  IN      A       172.20.0.4

;; Query time: 59 msec
;; SERVER: 127.0.0.11#53(127.0.0.11)
;; WHEN: Tue Aug 02 16:08:59 UTC 2022
;; MSG SIZE  rcvd: 123

root@e957de7fa2e2:/#
