
root@4140c405ac61:/# dig test137.goertzen

; <<>> DiG 9.16.1-Ubuntu <<>> test137.goertzen
;; global options: +cmd
;; Got answer:
;; ->>HEADER<<- opcode: QUERY, status: NOERROR, id: 58520
;; flags: qr rd ra; QUERY: 1, ANSWER: 1, AUTHORITY: 1, ADDITIONAL: 2

;; OPT PSEUDOSECTION:
; EDNS: version: 0, flags:; udp: 65355
; COOKIE: 785283018abfe9280100000062e94927dac7d0cb5c9f3c00 (good)
;; QUESTION SECTION:
;test137.goertzen.              IN      A

;; ANSWER SECTION:
test137.goertzen.       604800  IN      A       42.42.42.42

;; AUTHORITY SECTION:
goertzen.               604779  IN      NS      ns1.goertzen.

;; ADDITIONAL SECTION:
ns1.goertzen.           604779  IN      A       172.20.0.4

;; Query time: 59 msec
;; SERVER: 127.0.0.11#53(127.0.0.11)
;; WHEN: Tue Aug 02 15:56:23 UTC 2022
;; MSG SIZE  rcvd: 123

root@4140c405ac61:/#
