
root@d944dcbe8789:/# dig test220.goertzen

; <<>> DiG 9.16.1-Ubuntu <<>> test220.goertzen
;; global options: +cmd
;; Got answer:
;; ->>HEADER<<- opcode: QUERY, status: NOERROR, id: 7623
;; flags: qr rd ra; QUERY: 1, ANSWER: 1, AUTHORITY: 1, ADDITIONAL: 2

;; OPT PSEUDOSECTION:
; EDNS: version: 0, flags:; udp: 65355
; COOKIE: 7f165676fbf668700100000062eaa43dae63b657124b63c2 (good)
;; QUESTION SECTION:
;test220.goertzen.              IN      A

;; ANSWER SECTION:
test220.goertzen.       604800  IN      A       42.42.42.42

;; AUTHORITY SECTION:
goertzen.               604676  IN      NS      ns1.goertzen.

;; ADDITIONAL SECTION:
ns1.goertzen.           604676  IN      A       172.20.0.4

;; Query time: 67 msec
;; SERVER: 127.0.0.11#53(127.0.0.11)
;; WHEN: Wed Aug 03 16:37:17 UTC 2022
;; MSG SIZE  rcvd: 123

root@d944dcbe8789:/#
