
root@e957de7fa2e2:/# dig test462.goertzen

; <<>> DiG 9.16.1-Ubuntu <<>> test462.goertzen
;; global options: +cmd
;; Got answer:
;; ->>HEADER<<- opcode: QUERY, status: NOERROR, id: 30478
;; flags: qr rd ra; QUERY: 1, ANSWER: 1, AUTHORITY: 1, ADDITIONAL: 2

;; OPT PSEUDOSECTION:
; EDNS: version: 0, flags:; udp: 65355
; COOKIE: 3506f239d0b669d00100000062e94b35518af850bd5f9355 (good)
;; QUESTION SECTION:
;test462.goertzen.              IN      A

;; ANSWER SECTION:
test462.goertzen.       604800  IN      A       42.42.42.42

;; AUTHORITY SECTION:
goertzen.               604773  IN      NS      ns1.goertzen.

;; ADDITIONAL SECTION:
ns1.goertzen.           604773  IN      A       172.20.0.4

;; Query time: 59 msec
;; SERVER: 127.0.0.11#53(127.0.0.11)
;; WHEN: Tue Aug 02 16:05:09 UTC 2022
;; MSG SIZE  rcvd: 123

root@e957de7fa2e2:/#
