
root@4140c405ac61:/# dig test178.goertzen

; <<>> DiG 9.16.1-Ubuntu <<>> test178.goertzen
;; global options: +cmd
;; Got answer:
;; ->>HEADER<<- opcode: QUERY, status: NOERROR, id: 43641
;; flags: qr rd ra; QUERY: 1, ANSWER: 1, AUTHORITY: 1, ADDITIONAL: 2

;; OPT PSEUDOSECTION:
; EDNS: version: 0, flags:; udp: 65355
; COOKIE: c0f354cf28c506940100000062e949506b0854cc8439d628 (good)
;; QUESTION SECTION:
;test178.goertzen.              IN      A

;; ANSWER SECTION:
test178.goertzen.       604800  IN      A       42.42.42.42

;; AUTHORITY SECTION:
goertzen.               604738  IN      NS      ns1.goertzen.

;; ADDITIONAL SECTION:
ns1.goertzen.           604738  IN      A       172.20.0.4

;; Query time: 59 msec
;; SERVER: 127.0.0.11#53(127.0.0.11)
;; WHEN: Tue Aug 02 15:57:04 UTC 2022
;; MSG SIZE  rcvd: 123

root@4140c405ac61:/#
