
root@c83efc1b68d1:/# dig test745.goertzen

; <<>> DiG 9.16.1-Ubuntu <<>> test745.goertzen
;; global options: +cmd
;; Got answer:
;; ->>HEADER<<- opcode: QUERY, status: NOERROR, id:
54023
;; flags: qr rd ra; QUERY: 1, ANSWER: 1, AUTHORITY:
1, ADDITIONAL: 2

;; OPT PSEUDOSECTION:
; EDNS: version: 0, flags:; udp: 65355
; COOKIE: 0ae9285f6ba9bac10100000062ebf554c4c2e3194a
81e89d (good)
;; QUESTION SECTION:
;test745.goertzen.              IN      A

;; ANSWER SECTION:
test745.goertzen.       604800  IN      A       42.4
2.42.42

;; AUTHORITY SECTION:
goertzen.               604489  IN      NS      ns1.
goertzen.

;; ADDITIONAL SECTION:
ns1.goertzen.           604489  IN      A       172.
20.0.4

;; Query time: 619 msec
;; SERVER: 127.0.0.11#53(127.0.0.11)
;; WHEN: Thu Aug 04 16:35:33 UTC 2022
;; MSG SIZE  rcvd: 123

root@c83efc1b68d1:/#
