
root@99209e3ad5de:/# dig test141.goertzen

; <<>> DiG 9.16.1-Ubuntu <<>> test141.goertzen
;; global options: +cmd
;; Got answer:
;; ->>HEADER<<- opcode: QUERY, status: NOERROR, id:
20059
;; flags: qr rd ra; QUERY: 1, ANSWER: 1, AUTHORITY:
1, ADDITIONAL: 2

;; OPT PSEUDOSECTION:
; EDNS: version: 0, flags:; udp: 65355
; COOKIE: d9fc66a2177386620100000062ebef9d9859d5c8cc
d2f249 (good)
;; QUESTION SECTION:
;test141.goertzen.              IN      A

;; ANSWER SECTION:
test141.goertzen.       604800  IN      A       42.4
2.42.42

;; AUTHORITY SECTION:
goertzen.               604505  IN      NS      ns1.
goertzen.

;; ADDITIONAL SECTION:
ns1.goertzen.           604505  IN      A       172.
20.0.4

;; Query time: 623 msec
;; SERVER: 127.0.0.11#53(127.0.0.11)
;; WHEN: Thu Aug 04 16:11:09 UTC 2022
;; MSG SIZE  rcvd: 123

root@99209e3ad5de:/#
