
root@c83efc1b68d1:/# dig test793.goertzen

; <<>> DiG 9.16.1-Ubuntu <<>> test793.goertzen
;; global options: +cmd
;; Got answer:
;; ->>HEADER<<- opcode: QUERY, status: NOERROR, id:
13336
;; flags: qr rd ra; QUERY: 1, ANSWER: 1, AUTHORITY:
1, ADDITIONAL: 2

;; OPT PSEUDOSECTION:
; EDNS: version: 0, flags:; udp: 65355
; COOKIE: c6309246590f0c080100000062ebf5b5d4825ce59b
246bc6 (good)
;; QUESTION SECTION:
;test793.goertzen.              IN      A

;; ANSWER SECTION:
test793.goertzen.       604800  IN      A       42.4
2.42.42

;; AUTHORITY SECTION:
goertzen.               604392  IN      NS      ns1.
goertzen.

;; ADDITIONAL SECTION:
ns1.goertzen.           604392  IN      A       172.
20.0.4

;; Query time: 619 msec
;; SERVER: 127.0.0.11#53(127.0.0.11)
;; WHEN: Thu Aug 04 16:37:09 UTC 2022
;; MSG SIZE  rcvd: 123

root@c83efc1b68d1:/#
