
root@c83efc1b68d1:/# dig test663.goertzen

; <<>> DiG 9.16.1-Ubuntu <<>> test663.goertzen
;; global options: +cmd
;; Got answer:
;; ->>HEADER<<- opcode: QUERY, status: NOERROR, id:
45313
;; flags: qr rd ra; QUERY: 1, ANSWER: 1, AUTHORITY:
1, ADDITIONAL: 2

;; OPT PSEUDOSECTION:
; EDNS: version: 0, flags:; udp: 65355
; COOKIE: b626545844e4c1610100000062ebf4afb38ec2109c
63c3e7 (good)
;; QUESTION SECTION:
;test663.goertzen.              IN      A

;; ANSWER SECTION:
test663.goertzen.       604800  IN      A       42.4
2.42.42

;; AUTHORITY SECTION:
goertzen.               604654  IN      NS      ns1.
goertzen.

;; ADDITIONAL SECTION:
ns1.goertzen.           604654  IN      A       172.
20.0.4

;; Query time: 619 msec
;; SERVER: 127.0.0.11#53(127.0.0.11)
;; WHEN: Thu Aug 04 16:32:47 UTC 2022
;; MSG SIZE  rcvd: 123

root@c83efc1b68d1:/#
