
root@8f95b87828f5:/# dig test971.goertzen

; <<>> DiG 9.16.1-Ubuntu <<>> test971.goertzen
;; global options: +cmd
;; Got answer:
;; ->>HEADER<<- opcode: QUERY, status: NOERROR, id:
30736
;; flags: qr rd ra; QUERY: 1, ANSWER: 1, AUTHORITY:
1, ADDITIONAL: 2

;; OPT PSEUDOSECTION:
; EDNS: version: 0, flags:; udp: 65355
; COOKIE: 6fa8de52d9d236050100000062ebf813387895b6d4
801907 (good)
;; QUESTION SECTION:
;test971.goertzen.              IN      A

;; ANSWER SECTION:
test971.goertzen.       604800  IN      A       42.4
2.42.42

;; AUTHORITY SECTION:
goertzen.               604606  IN      NS      ns1.
goertzen.

;; ADDITIONAL SECTION:
ns1.goertzen.           604606  IN      A       172.
20.0.4

;; Query time: 623 msec
;; SERVER: 127.0.0.11#53(127.0.0.11)
;; WHEN: Thu Aug 04 16:47:15 UTC 2022
;; MSG SIZE  rcvd: 123

root@8f95b87828f5:/#
