
root@c83efc1b68d1:/# dig test804.goertzen

; <<>> DiG 9.16.1-Ubuntu <<>> test804.goertzen
;; global options: +cmd
;; Got answer:
;; ->>HEADER<<- opcode: QUERY, status: NOERROR, id:
62799
;; flags: qr rd ra; QUERY: 1, ANSWER: 1, AUTHORITY:
1, ADDITIONAL: 2

;; OPT PSEUDOSECTION:
; EDNS: version: 0, flags:; udp: 65355
; COOKIE: 139a4ba3ab31d73b0100000062ebf5cbd0412dc244
ed831d (good)
;; QUESTION SECTION:
;test804.goertzen.              IN      A

;; ANSWER SECTION:
test804.goertzen.       604800  IN      A       42.4
2.42.42

;; AUTHORITY SECTION:
goertzen.               604370  IN      NS      ns1.
goertzen.

;; ADDITIONAL SECTION:
ns1.goertzen.           604370  IN      A       172.
20.0.4

;; Query time: 619 msec
;; SERVER: 127.0.0.11#53(127.0.0.11)
;; WHEN: Thu Aug 04 16:37:31 UTC 2022
;; MSG SIZE  rcvd: 123

root@c83efc1b68d1:/#
