
root@99209e3ad5de:/# dig test94.goertzen

; <<>> DiG 9.16.1-Ubuntu <<>> test94.goertzen
;; global options: +cmd
;; Got answer:
;; ->>HEADER<<- opcode: QUERY, status: NOERROR, id:
52015
;; flags: qr rd ra; QUERY: 1, ANSWER: 1, AUTHORITY:
1, ADDITIONAL: 2

;; OPT PSEUDOSECTION:
; EDNS: version: 0, flags:; udp: 65355
; COOKIE: e1fb013ceed8c6530100000062ebef3e412ae64c13
d386c8 (good)
;; QUESTION SECTION:
;test94.goertzen.               IN      A

;; ANSWER SECTION:
test94.goertzen.        604800  IN      A       42.4
2.42.42

;; AUTHORITY SECTION:
goertzen.               604600  IN      NS      ns1.
goertzen.

;; ADDITIONAL SECTION:
ns1.goertzen.           604600  IN      A       172.
20.0.4

;; Query time: 619 msec
;; SERVER: 127.0.0.11#53(127.0.0.11)
;; WHEN: Thu Aug 04 16:09:34 UTC 2022
;; MSG SIZE  rcvd: 122

root@99209e3ad5de:/#
