
root@0f896bc6b06b:/# dig test423.goertzen

; <<>> DiG 9.16.1-Ubuntu <<>> test423.goertzen
;; global options: +cmd
;; Got answer:
;; ->>HEADER<<- opcode: QUERY, status: NOERROR, id:
24119
;; flags: qr rd ra; QUERY: 1, ANSWER: 1, AUTHORITY:
1, ADDITIONAL: 2

;; OPT PSEUDOSECTION:
; EDNS: version: 0, flags:; udp: 65355
; COOKIE: f47d29b155c89f980100000062ebf2505cc2255408
b9addd (good)
;; QUESTION SECTION:
;test423.goertzen.              IN      A

;; ANSWER SECTION:
test423.goertzen.       604800  IN      A       42.4
2.42.42

;; AUTHORITY SECTION:
goertzen.               604717  IN      NS      ns1.
goertzen.

;; ADDITIONAL SECTION:
ns1.goertzen.           604717  IN      A       172.
20.0.4

;; Query time: 619 msec
;; SERVER: 127.0.0.11#53(127.0.0.11)
;; WHEN: Thu Aug 04 16:22:41 UTC 2022
;; MSG SIZE  rcvd: 123

root@0f896bc6b06b:/#
