
root@0f896bc6b06b:/# dig test486.goertzen

; <<>> DiG 9.16.1-Ubuntu <<>> test486.goertzen
;; global options: +cmd
;; Got answer:
;; ->>HEADER<<- opcode: QUERY, status: NOERROR, id:
46590
;; flags: qr rd ra; QUERY: 1, ANSWER: 1, AUTHORITY:
1, ADDITIONAL: 2

;; OPT PSEUDOSECTION:
; EDNS: version: 0, flags:; udp: 65355
; COOKIE: 36bcd9c6cc0c8ba60100000062ebf2cf66c9c21f67
bbadfe (good)
;; QUESTION SECTION:
;test486.goertzen.              IN      A

;; ANSWER SECTION:
test486.goertzen.       604800  IN      A       42.4
2.42.42

;; AUTHORITY SECTION:
goertzen.               604590  IN      NS      ns1.
goertzen.

;; ADDITIONAL SECTION:
ns1.goertzen.           604590  IN      A       172.
20.0.4

;; Query time: 619 msec
;; SERVER: 127.0.0.11#53(127.0.0.11)
;; WHEN: Thu Aug 04 16:24:47 UTC 2022
;; MSG SIZE  rcvd: 123

root@0f896bc6b06b:/#
