
root@99209e3ad5de:/# dig test281.goertzen

; <<>> DiG 9.16.1-Ubuntu <<>> test281.goertzen
;; global options: +cmd
;; Got answer:
;; ->>HEADER<<- opcode: QUERY, status: NOERROR, id:
24816
;; flags: qr rd ra; QUERY: 1, ANSWER: 1, AUTHORITY:
1, ADDITIONAL: 2

;; OPT PSEUDOSECTION:
; EDNS: version: 0, flags:; udp: 65355
; COOKIE: 4bcd732999b3b1520100000062ebf0b763e8fef465
55117d (good)
;; QUESTION SECTION:
;test281.goertzen.              IN      A

;; ANSWER SECTION:
test281.goertzen.       604800  IN      A       42.4
2.42.42

;; AUTHORITY SECTION:
goertzen.               604223  IN      NS      ns1.
goertzen.

;; ADDITIONAL SECTION:
ns1.goertzen.           604223  IN      A       172.
20.0.4

;; Query time: 615 msec
;; SERVER: 127.0.0.11#53(127.0.0.11)
;; WHEN: Thu Aug 04 16:15:51 UTC 2022
;; MSG SIZE  rcvd: 123

root@99209e3ad5de:/#
