
root@a1d5bb8e202f:/# dig test714.goertzen

; <<>> DiG 9.16.1-Ubuntu <<>> test714.goertzen
;; global options: +cmd
;; Got answer:
;; ->>HEADER<<- opcode: QUERY, status: NOERROR, id: 9439
;; flags: qr rd ra; QUERY: 1, ANSWER: 1, AUTHORITY: 1, ADDITIONAL: 2

;; OPT PSEUDOSECTION:
; EDNS: version: 0, flags:; udp: 65355
; COOKIE: 21dc16d77655d0730100000062dca1f8e21870ca5eb4d307 (good)
;; QUESTION SECTION:
;test714.goertzen.              IN      A

;; ANSWER SECTION:
test714.goertzen.       604800  IN      A       42.42.42.42

;; AUTHORITY SECTION:
goertzen.               603650  IN      NS      ns1.goertzen.

;; ADDITIONAL SECTION:
ns1.goertzen.           603650  IN      A       172.20.0.4

;; Query time: 116 msec
;; SERVER: 127.0.0.11#53(127.0.0.11)
;; WHEN: Sun Jul 24 01:35:52 UTC 2022
;; MSG SIZE  rcvd: 123

root@a1d5bb8e202f:/#
