
root@a1d5bb8e202f:/# dig test679.goertzen

; <<>> DiG 9.16.1-Ubuntu <<>> test679.goertzen
;; global options: +cmd
;; Got answer:
;; ->>HEADER<<- opcode: QUERY, status: NOERROR, id: 25333
;; flags: qr rd ra; QUERY: 1, ANSWER: 1, AUTHORITY: 1, ADDITIONAL: 2

;; OPT PSEUDOSECTION:
; EDNS: version: 0, flags:; udp: 65355
; COOKIE: 58be73ecc53308c90100000062dca1e60f1e7f5dca642b01 (good)
;; QUESTION SECTION:
;test679.goertzen.              IN      A

;; ANSWER SECTION:
test679.goertzen.       604800  IN      A       42.42.42.42

;; AUTHORITY SECTION:
goertzen.               603668  IN      NS      ns1.goertzen.

;; ADDITIONAL SECTION:
ns1.goertzen.           603668  IN      A       172.20.0.4

;; Query time: 120 msec
;; SERVER: 127.0.0.11#53(127.0.0.11)
;; WHEN: Sun Jul 24 01:35:34 UTC 2022
;; MSG SIZE  rcvd: 123

root@a1d5bb8e202f:/#
