
root@8240679b9a45:/# dig @172.20.0.2 +timeout=25 +tries=1 test271.goertzen

; <<>> DiG 9.17.12 <<>> @172.20.0.2 +timeout +tries test271.goertzen
; (1 server found)
;; global options: +cmd
;; Got answer:
;; ->>HEADER<<- opcode: QUERY, status: NOERROR, id: 49138
;; flags: qr rd ra; QUERY: 1, ANSWER: 1, AUTHORITY: 1, ADDITIONAL: 2

;; OPT PSEUDOSECTION:
; EDNS: version: 0, flags:; udp: 65355
; COOKIE: ccd82a9da090261f0100000062fa087c55bf8819b953de0e (good)
;; QUESTION SECTION:
;test271.goertzen.              IN      A

;; ANSWER SECTION:
test271.goertzen.       604800  IN      A       42.42.42.42

;; AUTHORITY SECTION:
goertzen.               604759  IN      NS      ns1.goertzen.

;; ADDITIONAL SECTION:
ns1.goertzen.           604759  IN      A       172.20.0.4

;; Query time: 20628 msec
;; SERVER: 172.20.0.2#53(172.20.0.2) (UDP)
;; WHEN: Mon Aug 15 08:49:00 UTC 2022
;; MSG SIZE  rcvd: 123

root@8240679b9a45:/#
