
root@167dce0d6c5d:/# dig test724.goertzen

; <<>> DiG 9.16.1-Ubuntu <<>> test724.goertzen
;; global options: +cmd
;; Got answer:
;; ->>HEADER<<- opcode: QUERY, status: NOERROR, id: 20431
;; flags: qr rd ra; QUERY: 1, ANSWER: 1, AUTHORITY: 1, ADDITION
AL: 2

;; OPT PSEUDOSECTION:
; EDNS: version: 0, flags:; udp: 65355
; COOKIE: 333024403499ceb80100000062e97fb05d41594b7d57774e (goo
d)
;; QUESTION SECTION:
;test724.goertzen.              IN      A

;; ANSWER SECTION:
test724.goertzen.       604800  IN      A       42.42.42.42

;; AUTHORITY SECTION:
goertzen.               604081  IN      NS      ns1.goertzen.

;; ADDITIONAL SECTION:
ns1.goertzen.           604081  IN      A       172.20.0.4

;; Query time: 139 msec
;; SERVER: 127.0.0.11#53(127.0.0.11)
;; WHEN: Tue Aug 02 19:49:04 UTC 2022
;; MSG SIZE  rcvd: 123

root@167dce0d6c5d:/#
