
root@b2073c74f057:/# dig test721.goertzen

; <<>> DiG 9.16.1-Ubuntu <<>> test721.goertzen
;; global options: +cmd
;; Got answer:
;; ->>HEADER<<- opcode: QUERY, status: NOERROR, id: 10000
;; flags: qr rd ra; QUERY: 1, ANSWER: 1, AUTHORITY: 1, ADDITIONAL: 2

;; OPT PSEUDOSECTION:
; EDNS: version: 0, flags:; udp: 1232
; COOKIE: aad91b16ca7202310100000062db26be2a808a785da9d694 (good)
;; QUESTION SECTION:
;test721.goertzen.              IN      A

;; ANSWER SECTION:
test721.goertzen.       604800  IN      A       42.42.42.42

;; AUTHORITY SECTION:
goertzen.               604419  IN      NS      ns1.goertzen.

;; ADDITIONAL SECTION:
ns1.goertzen.           604419  IN      A       172.20.0.4

;; Query time: 3 msec
;; SERVER: 127.0.0.11#53(127.0.0.11)
;; WHEN: Fri Jul 22 22:37:50 UTC 2022
;; MSG SIZE  rcvd: 123

root@b2073c74f057:/#
