
root@87015ef8236c:/# dig test314.goertzen

; <<>> DiG 9.16.1-Ubuntu <<>> test314.goertzen
;; global options: +cmd
;; Got answer:
;; ->>HEADER<<- opcode: QUERY, status: NOERROR, id: 22251
;; flags: qr rd ra ad; QUERY: 1, ANSWER: 1, AUTHORITY: 1, ADDITIONAL: 2

;; OPT PSEUDOSECTION:
; EDNS: version: 0, flags:; udp: 4096
; COOKIE: 6850caa6053df43f0100000062bb518d42154345a0896400 (good)
;; QUESTION SECTION:
;test314.goertzen.              IN      A

;; ANSWER SECTION:
test314.goertzen.       604800  IN      A       42.42.42.42

;; AUTHORITY SECTION:
goertzen.               604777  IN      NS      ns1.goertzen.

;; ADDITIONAL SECTION:
ns1.goertzen.           604777  IN      A       172.20.0.4

;; Query time: 12 msec
;; SERVER: 127.0.0.11#53(127.0.0.11)
;; WHEN: Tue Jun 28 19:07:57 UTC 2022
;; MSG SIZE  rcvd: 123

root@87015ef8236c:/#
