
root@b2073c74f057:/# dig test704.goertzen

; <<>> DiG 9.16.1-Ubuntu <<>> test704.goertzen
;; global options: +cmd
;; Got answer:
;; ->>HEADER<<- opcode: QUERY, status: NOERROR, id: 8760
;; flags: qr rd ra; QUERY: 1, ANSWER: 1, AUTHORITY: 1, ADDITIONAL: 2

;; OPT PSEUDOSECTION:
; EDNS: version: 0, flags:; udp: 1232
; COOKIE: 5628b203ab2cddc10100000062db26b541c0bd5a573fa207 (good)
;; QUESTION SECTION:
;test704.goertzen.              IN      A

;; ANSWER SECTION:
test704.goertzen.       604800  IN      A       42.42.42.42

;; AUTHORITY SECTION:
goertzen.               604428  IN      NS      ns1.goertzen.

;; ADDITIONAL SECTION:
ns1.goertzen.           604428  IN      A       172.20.0.4

;; Query time: 3 msec
;; SERVER: 127.0.0.11#53(127.0.0.11)
;; WHEN: Fri Jul 22 22:37:41 UTC 2022
;; MSG SIZE  rcvd: 123

root@b2073c74f057:/#
