
root@167dce0d6c5d:/# dig test275.goertzen

; <<>> DiG 9.16.1-Ubuntu <<>> test275.goertzen
;; global options: +cmd
;; Got answer:
;; ->>HEADER<<- opcode: QUERY, status: NOERROR, id: 42685
;; flags: qr rd ra; QUERY: 1, ANSWER: 1, AUTHORITY: 1, ADDITION
AL: 2

;; OPT PSEUDOSECTION:
; EDNS: version: 0, flags:; udp: 65355
; COOKIE: d22c351b5f9a3e260100000062e97de9322c4ac8236aad6b (goo
d)
;; QUESTION SECTION:
;test275.goertzen.              IN      A

;; ANSWER SECTION:
test275.goertzen.       604800  IN      A       42.42.42.42

;; AUTHORITY SECTION:
goertzen.               604536  IN      NS      ns1.goertzen.

;; ADDITIONAL SECTION:
ns1.goertzen.           604536  IN      A       172.20.0.4

;; Query time: 167 msec
;; SERVER: 127.0.0.11#53(127.0.0.11)
;; WHEN: Tue Aug 02 19:41:29 UTC 2022
;; MSG SIZE  rcvd: 123

root@167dce0d6c5d:/#
