
root@a1d5bb8e202f:/# dig test601.goertzen

; <<>> DiG 9.16.1-Ubuntu <<>> test601.goertzen
;; global options: +cmd
;; Got answer:
;; ->>HEADER<<- opcode: QUERY, status: NOERROR, id: 14429
;; flags: qr rd ra; QUERY: 1, ANSWER: 1, AUTHORITY: 1, ADDITIONAL: 2

;; OPT PSEUDOSECTION:
; EDNS: version: 0, flags:; udp: 65355
; COOKIE: 3eed5ca97bbeb5480100000062dca1bede9e3065a0300260 (good)
;; QUESTION SECTION:
;test601.goertzen.              IN      A

;; ANSWER SECTION:
test601.goertzen.       604800  IN      A       42.42.42.42

;; AUTHORITY SECTION:
goertzen.               603708  IN      NS      ns1.goertzen.

;; ADDITIONAL SECTION:
ns1.goertzen.           603708  IN      A       172.20.0.4

;; Query time: 128 msec
;; SERVER: 127.0.0.11#53(127.0.0.11)
;; WHEN: Sun Jul 24 01:34:54 UTC 2022
;; MSG SIZE  rcvd: 123

root@a1d5bb8e202f:/#
