
root@a1d5bb8e202f:/# dig test884.goertzen

; <<>> DiG 9.16.1-Ubuntu <<>> test884.goertzen
;; global options: +cmd
;; Got answer:
;; ->>HEADER<<- opcode: QUERY, status: NOERROR, id: 35589
;; flags: qr rd ra; QUERY: 1, ANSWER: 1, AUTHORITY: 1, ADDITIONAL: 2

;; OPT PSEUDOSECTION:
; EDNS: version: 0, flags:; udp: 65355
; COOKIE: 1e40db38c3635acd0100000062dca24f895cef87896360e1 (good)
;; QUESTION SECTION:
;test884.goertzen.              IN      A

;; ANSWER SECTION:
test884.goertzen.       604800  IN      A       42.42.42.42

;; AUTHORITY SECTION:
goertzen.               603563  IN      NS      ns1.goertzen.

;; ADDITIONAL SECTION:
ns1.goertzen.           603563  IN      A       172.20.0.4

;; Query time: 112 msec
;; SERVER: 127.0.0.11#53(127.0.0.11)
;; WHEN: Sun Jul 24 01:37:19 UTC 2022
;; MSG SIZE  rcvd: 123

root@a1d5bb8e202f:/#
