
root@c459c26661b2:/# dig @172.20.0.2 +timeout=25 +tries=1 test159.goertzen

; <<>> DiG 9.17.12 <<>> @172.20.0.2 +timeout +tries test159.goertzen
; (1 server found)
;; global options: +cmd
;; Got answer:
;; ->>HEADER<<- opcode: QUERY, status: NOERROR, id: 11257
;; flags: qr rd ra; QUERY: 1, ANSWER: 1, AUTHORITY: 1, ADDITIONAL: 2

;; OPT PSEUDOSECTION:
; EDNS: version: 0, flags:; udp: 65355
; COOKIE: a5597760454931100100000062f9ae072ea02a9900b43cb4 (good)
;; QUESTION SECTION:
;test159.goertzen.              IN      A

;; ANSWER SECTION:
test159.goertzen.       604800  IN      A       42.42.42.42

;; AUTHORITY SECTION:
goertzen.               604758  IN      NS      ns1.goertzen.

;; ADDITIONAL SECTION:
ns1.goertzen.           604758  IN      A       172.20.0.4

;; Query time: 21204 msec
;; SERVER: 172.20.0.2#53(172.20.0.2) (UDP)
;; WHEN: Mon Aug 15 02:23:03 UTC 2022
;; MSG SIZE  rcvd: 123

root@c459c26661b2:/#
