
root@a1d5bb8e202f:/# dig test488.goertzen

; <<>> DiG 9.16.1-Ubuntu <<>> test488.goertzen
;; global options: +cmd
;; Got answer:
;; ->>HEADER<<- opcode: QUERY, status: NOERROR, id: 42321
;; flags: qr rd ra; QUERY: 1, ANSWER: 1, AUTHORITY: 1, ADDITIONAL: 2

;; OPT PSEUDOSECTION:
; EDNS: version: 0, flags:; udp: 65355
; COOKIE: e02f4bb5e81f1ab20100000062dca165d16779c43b12158f (good)
;; QUESTION SECTION:
;test488.goertzen.              IN      A

;; ANSWER SECTION:
test488.goertzen.       604800  IN      A       42.42.42.42

;; AUTHORITY SECTION:
goertzen.               603797  IN      NS      ns1.goertzen.

;; ADDITIONAL SECTION:
ns1.goertzen.           603797  IN      A       172.20.0.4

;; Query time: 124 msec
;; SERVER: 127.0.0.11#53(127.0.0.11)
;; WHEN: Sun Jul 24 01:33:25 UTC 2022
;; MSG SIZE  rcvd: 123

root@a1d5bb8e202f:/#
