
root@a1d5bb8e202f:/# dig test978.goertzen

; <<>> DiG 9.16.1-Ubuntu <<>> test978.goertzen
;; global options: +cmd
;; Got answer:
;; ->>HEADER<<- opcode: QUERY, status: NOERROR, id: 9803
;; flags: qr rd ra; QUERY: 1, ANSWER: 1, AUTHORITY: 1, ADDITIONAL: 2

;; OPT PSEUDOSECTION:
; EDNS: version: 0, flags:; udp: 65355
; COOKIE: 5f9551d6a4d748860100000062dca280062cd71f460a5b2a (good)
;; QUESTION SECTION:
;test978.goertzen.              IN      A

;; ANSWER SECTION:
test978.goertzen.       604800  IN      A       42.42.42.42

;; AUTHORITY SECTION:
goertzen.               603514  IN      NS      ns1.goertzen.

;; ADDITIONAL SECTION:
ns1.goertzen.           603514  IN      A       172.20.0.4

;; Query time: 116 msec
;; SERVER: 127.0.0.11#53(127.0.0.11)
;; WHEN: Sun Jul 24 01:38:08 UTC 2022
;; MSG SIZE  rcvd: 123

root@a1d5bb8e202f:/#
