
root@a1d5bb8e202f:/# dig test823.goertzen

; <<>> DiG 9.16.1-Ubuntu <<>> test823.goertzen
;; global options: +cmd
;; Got answer:
;; ->>HEADER<<- opcode: QUERY, status: NOERROR, id: 47801
;; flags: qr rd ra; QUERY: 1, ANSWER: 1, AUTHORITY: 1, ADDITIONAL: 2

;; OPT PSEUDOSECTION:
; EDNS: version: 0, flags:; udp: 65355
; COOKIE: e9de6613f491a3940100000062dca2309b8bed12c6223a8e (good)
;; QUESTION SECTION:
;test823.goertzen.              IN      A

;; ANSWER SECTION:
test823.goertzen.       604800  IN      A       42.42.42.42

;; AUTHORITY SECTION:
goertzen.               603594  IN      NS      ns1.goertzen.

;; ADDITIONAL SECTION:
ns1.goertzen.           603594  IN      A       172.20.0.4

;; Query time: 120 msec
;; SERVER: 127.0.0.11#53(127.0.0.11)
;; WHEN: Sun Jul 24 01:36:48 UTC 2022
;; MSG SIZE  rcvd: 123

root@a1d5bb8e202f:/#
