
root@6fdf37b40da5:/# dig test118.goertzen

; <<>> DiG 9.16.1-Ubuntu <<>> test118.goertzen
;; global options: +cmd
;; Got answer:
;; ->>HEADER<<- opcode: QUERY, status: NOERROR, id: 6317
;; flags: qr rd ra ad; QUERY: 1, ANSWER: 1, AUTHORITY: 1, ADDITIONAL: 2

;; OPT PSEUDOSECTION:
; EDNS: version: 0, flags:; udp: 65355
; COOKIE: dcb89c16fb44476e0100000062ddd33734ed156fa1135abb (good)
;; QUESTION SECTION:
;test118.goertzen.              IN      A

;; ANSWER SECTION:
test118.goertzen.       604800  IN      A       42.42.42.42

;; AUTHORITY SECTION:
goertzen.               604706  IN      NS      ns1.goertzen.

;; ADDITIONAL SECTION:
ns1.goertzen.           604706  IN      A       172.20.0.4

;; Query time: 472 msec
;; SERVER: 127.0.0.11#53(127.0.0.11)
;; WHEN: Sun Jul 24 23:18:15 UTC 2022
;; MSG SIZE  rcvd: 123

root@6fdf37b40da5:/#
