
root@66c87da038bc:/# dig test855.goertzen

; <<>> DiG 9.16.1-Ubuntu <<>> test855.goertzen
;; global options: +cmd
;; Got answer:
;; ->>HEADER<<- opcode: QUERY, status: NOERROR, id: 18037
;; flags: qr rd ra ad; QUERY: 1, ANSWER: 1, AUTHORITY: 1, ADDITIONAL: 2

;; OPT PSEUDOSECTION:
; EDNS: version: 0, flags:; udp: 65355
; COOKIE: 21f2c7671c9f5fd00100000062ddd7e7b35ce2833ff9fc8f (good)
;; QUESTION SECTION:
;test855.goertzen.              IN      A

;; ANSWER SECTION:
test855.goertzen.       604800  IN      A       42.42.42.42

;; AUTHORITY SECTION:
goertzen.               604720  IN      NS      ns1.goertzen.

;; ADDITIONAL SECTION:
ns1.goertzen.           604720  IN      A       172.20.0.4

;; Query time: 468 msec
;; SERVER: 127.0.0.11#53(127.0.0.11)
;; WHEN: Sun Jul 24 23:38:15 UTC 2022
;; MSG SIZE  rcvd: 123

root@66c87da038bc:/#
