
root@41690ff3c1d3:/# dig test39.goertzen

; <<>> DiG 9.16.1-Ubuntu <<>> test39.goertzen
;; global options: +cmd
;; Got answer:
;; ->>HEADER<<- opcode: QUERY, status: NOERROR, id: 5491
;; flags: qr rd ra ad; QUERY: 1, ANSWER: 1, AUTHORITY: 1, ADDITIONAL: 2

;; OPT PSEUDOSECTION:
; EDNS: version: 0, flags:; udp: 65355
; COOKIE: c7ecb028ec1c07be0100000062ddd295f65400ceb612b343 (good)
;; QUESTION SECTION:
;test39.goertzen.               IN      A

;; ANSWER SECTION:
test39.goertzen.        604800  IN      A       42.42.42.42

;; AUTHORITY SECTION:
goertzen.               604730  IN      NS      ns1.goertzen.

;; ADDITIONAL SECTION:
ns1.goertzen.           604730  IN      A       172.20.0.4

;; Query time: 468 msec
;; SERVER: 127.0.0.11#53(127.0.0.11)
;; WHEN: Sun Jul 24 23:15:33 UTC 2022
;; MSG SIZE  rcvd: 122

root@41690ff3c1d3:/#
