
root@66c87da038bc:/# dig test971.goertzen

; <<>> DiG 9.16.1-Ubuntu <<>> test971.goertzen
;; global options: +cmd
;; Got answer:
;; ->>HEADER<<- opcode: QUERY, status: NOERROR, id: 62819
;; flags: qr rd ra ad; QUERY: 1, ANSWER: 1, AUTHORITY: 1, ADDITIONAL: 2

;; OPT PSEUDOSECTION:
; EDNS: version: 0, flags:; udp: 65355
; COOKIE: f5c5697a96a486b40100000062ddd896f2411f4eb7176d4e (good)
;; QUESTION SECTION:
;test971.goertzen.              IN      A

;; ANSWER SECTION:
test971.goertzen.       604800  IN      A       42.42.42.42

;; AUTHORITY SECTION:
goertzen.               604545  IN      NS      ns1.goertzen.

;; ADDITIONAL SECTION:
ns1.goertzen.           604545  IN      A       172.20.0.4

;; Query time: 472 msec
;; SERVER: 127.0.0.11#53(127.0.0.11)
;; WHEN: Sun Jul 24 23:41:10 UTC 2022
;; MSG SIZE  rcvd: 123

root@66c87da038bc:/#
