
root@62414d24324f:/# dig test591.goertzen

; <<>> DiG 9.16.1-Ubuntu <<>> test591.goertzen
;; global options: +cmd
;; Got answer:
;; ->>HEADER<<- opcode: QUERY, status: NOERROR, id: 6131
;; flags: qr rd ra ad; QUERY: 1, ANSWER: 1, AUTHORITY: 1, ADDITIONAL: 2

;; OPT PSEUDOSECTION:
; EDNS: version: 0, flags:; udp: 65355
; COOKIE: 2661ca7b76a7cc810100000062ddd62dcea56cf572859ce3 (good)
;; QUESTION SECTION:
;test591.goertzen.              IN      A

;; ANSWER SECTION:
test591.goertzen.       604800  IN      A       42.42.42.42

;; AUTHORITY SECTION:
goertzen.               604425  IN      NS      ns1.goertzen.

;; ADDITIONAL SECTION:
ns1.goertzen.           604425  IN      A       172.20.0.4

;; Query time: 468 msec
;; SERVER: 127.0.0.11#53(127.0.0.11)
;; WHEN: Sun Jul 24 23:30:53 UTC 2022
;; MSG SIZE  rcvd: 123

root@62414d24324f:/#
