
root@6fdf37b40da5:/# dig test344.goertzen

; <<>> DiG 9.16.1-Ubuntu <<>> test344.goertzen
;; global options: +cmd
;; Got answer:
;; ->>HEADER<<- opcode: QUERY, status: NOERROR, id: 36313
;; flags: qr rd ra ad; QUERY: 1, ANSWER: 1, AUTHORITY: 1, ADDITIONAL: 2

;; OPT PSEUDOSECTION:
; EDNS: version: 0, flags:; udp: 65355
; COOKIE: 60429c87c29b9ff40100000062ddd48d7ecf8cdb97f4bc69 (good)
;; QUESTION SECTION:
;test344.goertzen.              IN      A

;; ANSWER SECTION:
test344.goertzen.       604800  IN      A       42.42.42.42

;; AUTHORITY SECTION:
goertzen.               604364  IN      NS      ns1.goertzen.

;; ADDITIONAL SECTION:
ns1.goertzen.           604364  IN      A       172.20.0.4

;; Query time: 468 msec
;; SERVER: 127.0.0.11#53(127.0.0.11)
;; WHEN: Sun Jul 24 23:23:57 UTC 2022
;; MSG SIZE  rcvd: 123

root@6fdf37b40da5:/#
