
root@66c87da038bc:/# dig test917.goertzen

; <<>> DiG 9.16.1-Ubuntu <<>> test917.goertzen
;; global options: +cmd
;; Got answer:
;; ->>HEADER<<- opcode: QUERY, status: NOERROR, id: 4775
;; flags: qr rd ra ad; QUERY: 1, ANSWER: 1, AUTHORITY: 1, ADDITIONAL: 2

;; OPT PSEUDOSECTION:
; EDNS: version: 0, flags:; udp: 65355
; COOKIE: 421ee5a9ade328340100000062ddd845afc94f5f9b70233b (good)
;; QUESTION SECTION:
;test917.goertzen.              IN      A

;; ANSWER SECTION:
test917.goertzen.       604800  IN      A       42.42.42.42

;; AUTHORITY SECTION:
goertzen.               604626  IN      NS      ns1.goertzen.

;; ADDITIONAL SECTION:
ns1.goertzen.           604626  IN      A       172.20.0.4

;; Query time: 468 msec
;; SERVER: 127.0.0.11#53(127.0.0.11)
;; WHEN: Sun Jul 24 23:39:49 UTC 2022
;; MSG SIZE  rcvd: 123

root@66c87da038bc:/#
