
root@62414d24324f:/# dig test686.goertzen

; <<>> DiG 9.16.1-Ubuntu <<>> test686.goertzen
;; global options: +cmd
;; Got answer:
;; ->>HEADER<<- opcode: QUERY, status: NOERROR, id: 59264
;; flags: qr rd ra ad; QUERY: 1, ANSWER: 1, AUTHORITY: 1, ADDITIONAL: 2

;; OPT PSEUDOSECTION:
; EDNS: version: 0, flags:; udp: 65355
; COOKIE: 3f6f0698739caab10100000062ddd6bd4bd070153986ef03 (good)
;; QUESTION SECTION:
;test686.goertzen.              IN      A

;; ANSWER SECTION:
test686.goertzen.       604800  IN      A       42.42.42.42

;; AUTHORITY SECTION:
goertzen.               604281  IN      NS      ns1.goertzen.

;; ADDITIONAL SECTION:
ns1.goertzen.           604281  IN      A       172.20.0.4

;; Query time: 468 msec
;; SERVER: 127.0.0.11#53(127.0.0.11)
;; WHEN: Sun Jul 24 23:33:17 UTC 2022
;; MSG SIZE  rcvd: 123

root@62414d24324f:/#
