
root@66c87da038bc:/# dig test826.goertzen

; <<>> DiG 9.16.1-Ubuntu <<>> test826.goertzen
;; global options: +cmd
;; Got answer:
;; ->>HEADER<<- opcode: QUERY, status: NOERROR, id: 14685
;; flags: qr rd ra ad; QUERY: 1, ANSWER: 1, AUTHORITY: 1, ADDITIONAL: 2

;; OPT PSEUDOSECTION:
; EDNS: version: 0, flags:; udp: 65355
; COOKIE: 0fe2b5027ee7cb410100000062ddd7bbe3c61a9ffc572b51 (good)
;; QUESTION SECTION:
;test826.goertzen.              IN      A

;; ANSWER SECTION:
test826.goertzen.       604800  IN      A       42.42.42.42

;; AUTHORITY SECTION:
goertzen.               604764  IN      NS      ns1.goertzen.

;; ADDITIONAL SECTION:
ns1.goertzen.           604764  IN      A       172.20.0.4

;; Query time: 468 msec
;; SERVER: 127.0.0.11#53(127.0.0.11)
;; WHEN: Sun Jul 24 23:37:31 UTC 2022
;; MSG SIZE  rcvd: 123

root@66c87da038bc:/#
