
root@62414d24324f:/# dig test658.goertzen

; <<>> DiG 9.16.1-Ubuntu <<>> test658.goertzen
;; global options: +cmd
;; Got answer:
;; ->>HEADER<<- opcode: QUERY, status: NOERROR, id: 29919
;; flags: qr rd ra ad; QUERY: 1, ANSWER: 1, AUTHORITY: 1, ADDITIONAL: 2

;; OPT PSEUDOSECTION:
; EDNS: version: 0, flags:; udp: 65355
; COOKIE: b55fa1943ccf68c90100000062ddd692536fd70f64c1924e (good)
;; QUESTION SECTION:
;test658.goertzen.              IN      A

;; ANSWER SECTION:
test658.goertzen.       604800  IN      A       42.42.42.42

;; AUTHORITY SECTION:
goertzen.               604324  IN      NS      ns1.goertzen.

;; ADDITIONAL SECTION:
ns1.goertzen.           604324  IN      A       172.20.0.4

;; Query time: 468 msec
;; SERVER: 127.0.0.11#53(127.0.0.11)
;; WHEN: Sun Jul 24 23:32:34 UTC 2022
;; MSG SIZE  rcvd: 123

root@62414d24324f:/#
