
root@66c87da038bc:/# dig test874.goertzen

; <<>> DiG 9.16.1-Ubuntu <<>> test874.goertzen
;; global options: +cmd
;; Got answer:
;; ->>HEADER<<- opcode: QUERY, status: NOERROR, id: 51054
;; flags: qr rd ra ad; QUERY: 1, ANSWER: 1, AUTHORITY: 1, ADDITIONAL: 2

;; OPT PSEUDOSECTION:
; EDNS: version: 0, flags:; udp: 65355
; COOKIE: 09ad9326c5118efb0100000062ddd804227047f178fce953 (good)
;; QUESTION SECTION:
;test874.goertzen.              IN      A

;; ANSWER SECTION:
test874.goertzen.       604800  IN      A       42.42.42.42

;; AUTHORITY SECTION:
goertzen.               604691  IN      NS      ns1.goertzen.

;; ADDITIONAL SECTION:
ns1.goertzen.           604691  IN      A       172.20.0.4

;; Query time: 472 msec
;; SERVER: 127.0.0.11#53(127.0.0.11)
;; WHEN: Sun Jul 24 23:38:44 UTC 2022
;; MSG SIZE  rcvd: 123

root@66c87da038bc:/#
