
root@62414d24324f:/# dig test352.goertzen

; <<>> DiG 9.16.1-Ubuntu <<>> test352.goertzen
;; global options: +cmd
;; Got answer:
;; ->>HEADER<<- opcode: QUERY, status: NOERROR, id: 13354
;; flags: qr rd ra ad; QUERY: 1, ANSWER: 1, AUTHORITY: 1, ADDITIONAL: 2

;; OPT PSEUDOSECTION:
; EDNS: version: 0, flags:; udp: 65355
; COOKIE: 92138570ee797b5b0100000062ddd4c4e66f0b59852057fa (good)
;; QUESTION SECTION:
;test352.goertzen.              IN      A

;; ANSWER SECTION:
test352.goertzen.       604800  IN      A       42.42.42.42

;; AUTHORITY SECTION:
goertzen.               604786  IN      NS      ns1.goertzen.

;; ADDITIONAL SECTION:
ns1.goertzen.           604786  IN      A       172.20.0.4

;; Query time: 468 msec
;; SERVER: 127.0.0.11#53(127.0.0.11)
;; WHEN: Sun Jul 24 23:24:52 UTC 2022
;; MSG SIZE  rcvd: 123

root@62414d24324f:/#
