
root@6fdf37b40da5:/# dig test104.goertzen

; <<>> DiG 9.16.1-Ubuntu <<>> test104.goertzen
;; global options: +cmd
;; Got answer:
;; ->>HEADER<<- opcode: QUERY, status: NOERROR, id: 37954
;; flags: qr rd ra ad; QUERY: 1, ANSWER: 1, AUTHORITY: 1, ADDITIONAL: 2

;; OPT PSEUDOSECTION:
; EDNS: version: 0, flags:; udp: 65355
; COOKIE: be467b96b217b5760100000062ddd3229176d8f4a7d349a4 (good)
;; QUESTION SECTION:
;test104.goertzen.              IN      A

;; ANSWER SECTION:
test104.goertzen.       604800  IN      A       42.42.42.42

;; AUTHORITY SECTION:
goertzen.               604727  IN      NS      ns1.goertzen.

;; ADDITIONAL SECTION:
ns1.goertzen.           604727  IN      A       172.20.0.4

;; Query time: 468 msec
;; SERVER: 127.0.0.11#53(127.0.0.11)
;; WHEN: Sun Jul 24 23:17:54 UTC 2022
;; MSG SIZE  rcvd: 123

root@6fdf37b40da5:/#
