
root@66c87da038bc:/# dig test891.goertzen

; <<>> DiG 9.16.1-Ubuntu <<>> test891.goertzen
;; global options: +cmd
;; Got answer:
;; ->>HEADER<<- opcode: QUERY, status: NOERROR, id: 7585
;; flags: qr rd ra ad; QUERY: 1, ANSWER: 1, AUTHORITY: 1, ADDITIONAL: 2

;; OPT PSEUDOSECTION:
; EDNS: version: 0, flags:; udp: 65355
; COOKIE: 75a9384dea7f01f40100000062ddd81d98c6e4bb0282488e (good)
;; QUESTION SECTION:
;test891.goertzen.              IN      A

;; ANSWER SECTION:
test891.goertzen.       604800  IN      A       42.42.42.42

;; AUTHORITY SECTION:
goertzen.               604666  IN      NS      ns1.goertzen.

;; ADDITIONAL SECTION:
ns1.goertzen.           604666  IN      A       172.20.0.4

;; Query time: 468 msec
;; SERVER: 127.0.0.11#53(127.0.0.11)
;; WHEN: Sun Jul 24 23:39:10 UTC 2022
;; MSG SIZE  rcvd: 123

root@66c87da038bc:/#
