
root@6fdf37b40da5:/# dig test256.goertzen

; <<>> DiG 9.16.1-Ubuntu <<>> test256.goertzen
;; global options: +cmd
;; Got answer:
;; ->>HEADER<<- opcode: QUERY, status: NOERROR, id: 987
;; flags: qr rd ra ad; QUERY: 1, ANSWER: 1, AUTHORITY: 1, ADDITIONAL: 2

;; OPT PSEUDOSECTION:
; EDNS: version: 0, flags:; udp: 65355
; COOKIE: 416f9c913b0e48960100000062ddd4080bbe777dd6cdae3e (good)
;; QUESTION SECTION:
;test256.goertzen.              IN      A

;; ANSWER SECTION:
test256.goertzen.       604800  IN      A       42.42.42.42

;; AUTHORITY SECTION:
goertzen.               604497  IN      NS      ns1.goertzen.

;; ADDITIONAL SECTION:
ns1.goertzen.           604497  IN      A       172.20.0.4

;; Query time: 472 msec
;; SERVER: 127.0.0.11#53(127.0.0.11)
;; WHEN: Sun Jul 24 23:21:44 UTC 2022
;; MSG SIZE  rcvd: 123

root@6fdf37b40da5:/#
