
root@66c87da038bc:/# dig test823.goertzen

; <<>> DiG 9.16.1-Ubuntu <<>> test823.goertzen
;; global options: +cmd
;; Got answer:
;; ->>HEADER<<- opcode: QUERY, status: NOERROR, id: 23791
;; flags: qr rd ra ad; QUERY: 1, ANSWER: 1, AUTHORITY: 1, ADDITIONAL: 2

;; OPT PSEUDOSECTION:
; EDNS: version: 0, flags:; udp: 65355
; COOKIE: b7e8c0cc10f9fc170100000062ddd7b774faca6c32866a81 (good)
;; QUESTION SECTION:
;test823.goertzen.              IN      A

;; ANSWER SECTION:
test823.goertzen.       604800  IN      A       42.42.42.42

;; AUTHORITY SECTION:
goertzen.               604768  IN      NS      ns1.goertzen.

;; ADDITIONAL SECTION:
ns1.goertzen.           604768  IN      A       172.20.0.4

;; Query time: 468 msec
;; SERVER: 127.0.0.11#53(127.0.0.11)
;; WHEN: Sun Jul 24 23:37:27 UTC 2022
;; MSG SIZE  rcvd: 123

root@66c87da038bc:/#
