
root@80703344c5ec:/# dig test205.goertzen

; <<>> DiG 9.16.1-Ubuntu <<>> test205.goertzen
;; global options: +cmd
;; Got answer:
;; ->>HEADER<<- opcode: QUERY, status: NOERROR, id: 16
366
;; flags: qr rd ra; QUERY: 1, ANSWER: 1, AUTHORITY: 1,
 ADDITIONAL: 2

;; OPT PSEUDOSECTION:
; EDNS: version: 0, flags:; udp: 65355
; COOKIE: edf9521eff1714100100000062ec497e8c4c39c132f2
1d0d (good)
;; QUESTION SECTION:
;test205.goertzen.              IN      A

;; ANSWER SECTION:
test205.goertzen.       604800  IN      A       42.42.
42.42

;; AUTHORITY SECTION:
goertzen.               604583  IN      NS      ns1.go
ertzen.

;; ADDITIONAL SECTION:
ns1.goertzen.           604583  IN      A       172.20
.0.4

;; Query time: 23 msec
;; SERVER: 127.0.0.11#53(127.0.0.11)
;; WHEN: Thu Aug 04 22:34:38 UTC 2022
;; MSG SIZE  rcvd: 123

root@80703344c5ec:/#
