
root@0b80e3905eb0:/# dig test949.goertzen

; <<>> DiG 9.16.1-Ubuntu <<>> test949.goertzen
;; global options: +cmd
;; Got answer:
;; ->>HEADER<<- opcode: QUERY, status: NOERROR, id: 47
169
;; flags: qr rd ra; QUERY: 1, ANSWER: 1, AUTHORITY: 1,
 ADDITIONAL: 2

;; OPT PSEUDOSECTION:
; EDNS: version: 0, flags:; udp: 65355
; COOKIE: 8e241b0c55121e4d0100000062ec4e5909c711860eca
e1cd (good)
;; QUESTION SECTION:
;test949.goertzen.              IN      A

;; ANSWER SECTION:
test949.goertzen.       604800  IN      A       42.42.
42.42

;; AUTHORITY SECTION:
goertzen.               604720  IN      NS      ns1.go
ertzen.

;; ADDITIONAL SECTION:
ns1.goertzen.           604720  IN      A       172.20
.0.4

;; Query time: 35 msec
;; SERVER: 127.0.0.11#53(127.0.0.11)
;; WHEN: Thu Aug 04 22:55:21 UTC 2022
;; MSG SIZE  rcvd: 123

root@0b80e3905eb0:/#
