
root@0b80e3905eb0:/# dig test880.goertzen

; <<>> DiG 9.16.1-Ubuntu <<>> test880.goertzen
;; global options: +cmd
;; Got answer:
;; ->>HEADER<<- opcode: QUERY, status: NOERROR, id: 52
303
;; flags: qr rd ra; QUERY: 1, ANSWER: 1, AUTHORITY: 1,
 ADDITIONAL: 2

;; OPT PSEUDOSECTION:
; EDNS: version: 0, flags:; udp: 65355
; COOKIE: 51ef1199a4dabf6e0100000062ec4e1321bcfe0170d1
4e93 (good)
;; QUESTION SECTION:
;test880.goertzen.              IN      A

;; ANSWER SECTION:
test880.goertzen.       604800  IN      A       42.42.
42.42

;; AUTHORITY SECTION:
goertzen.               604790  IN      NS      ns1.go
ertzen.

;; ADDITIONAL SECTION:
ns1.goertzen.           604790  IN      A       172.20
.0.4

;; Query time: 31 msec
;; SERVER: 127.0.0.11#53(127.0.0.11)
;; WHEN: Thu Aug 04 22:54:11 UTC 2022
;; MSG SIZE  rcvd: 123

root@0b80e3905eb0:/#
