
root@80703344c5ec:/# dig test355.goertzen

; <<>> DiG 9.16.1-Ubuntu <<>> test355.goertzen
;; global options: +cmd
;; Got answer:
;; ->>HEADER<<- opcode: QUERY, status: NOERROR, id: 42
769
;; flags: qr rd ra; QUERY: 1, ANSWER: 1, AUTHORITY: 1,
 ADDITIONAL: 2

;; OPT PSEUDOSECTION:
; EDNS: version: 0, flags:; udp: 65355
; COOKIE: 60cd545de062a9500100000062ec4a165a877dbd3751
e50c (good)
;; QUESTION SECTION:
;test355.goertzen.              IN      A

;; ANSWER SECTION:
test355.goertzen.       604800  IN      A       42.42.
42.42

;; AUTHORITY SECTION:
goertzen.               604431  IN      NS      ns1.go
ertzen.

;; ADDITIONAL SECTION:
ns1.goertzen.           604431  IN      A       172.20
.0.4

;; Query time: 31 msec
;; SERVER: 127.0.0.11#53(127.0.0.11)
;; WHEN: Thu Aug 04 22:37:10 UTC 2022
;; MSG SIZE  rcvd: 123

root@80703344c5ec:/#
