
root@ef1f716f72df:/# dig test792.goertzen

; <<>> DiG 9.16.1-Ubuntu <<>> test792.goertzen
;; global options: +cmd
;; Got answer:
;; ->>HEADER<<- opcode: QUERY, status: NOERROR, id: 43
20
;; flags: qr rd ra; QUERY: 1, ANSWER: 1, AUTHORITY: 1,
 ADDITIONAL: 2

;; OPT PSEUDOSECTION:
; EDNS: version: 0, flags:; udp: 65355
; COOKIE: 67c331d4c55a470c0100000062ec4cc5f7a995505c4b
4595 (good)
;; QUESTION SECTION:
;test792.goertzen.              IN      A

;; ANSWER SECTION:
test792.goertzen.       604800  IN      A       42.42.
42.42

;; AUTHORITY SECTION:
goertzen.               604592  IN      NS      ns1.go
ertzen.

;; ADDITIONAL SECTION:
ns1.goertzen.           604592  IN      A       172.20
.0.4

;; Query time: 23 msec
;; SERVER: 127.0.0.11#53(127.0.0.11)
;; WHEN: Thu Aug 04 22:48:37 UTC 2022
;; MSG SIZE  rcvd: 123

root@ef1f716f72df:/#
