
root@0b80e3905eb0:/# dig test882.goertzen

; <<>> DiG 9.16.1-Ubuntu <<>> test882.goertzen
;; global options: +cmd
;; Got answer:
;; ->>HEADER<<- opcode: QUERY, status: NOERROR, id: 39
259
;; flags: qr rd ra; QUERY: 1, ANSWER: 1, AUTHORITY: 1,
 ADDITIONAL: 2

;; OPT PSEUDOSECTION:
; EDNS: version: 0, flags:; udp: 65355
; COOKIE: e33dc8c7e8bbdc200100000062ec4e15f29c27a84f66
bc03 (good)
;; QUESTION SECTION:
;test882.goertzen.              IN      A

;; ANSWER SECTION:
test882.goertzen.       604800  IN      A       42.42.
42.42

;; AUTHORITY SECTION:
goertzen.               604788  IN      NS      ns1.go
ertzen.

;; ADDITIONAL SECTION:
ns1.goertzen.           604788  IN      A       172.20
.0.4

;; Query time: 31 msec
;; SERVER: 127.0.0.11#53(127.0.0.11)
;; WHEN: Thu Aug 04 22:54:13 UTC 2022
;; MSG SIZE  rcvd: 123

root@0b80e3905eb0:/#
