
root@51182b0d2a64:/# dig test531.goertzen

; <<>> DiG 9.16.1-Ubuntu <<>> test531.goertzen
;; global options: +cmd
;; Got answer:
;; ->>HEADER<<- opcode: QUERY, status: NOERROR, id: 40
202
;; flags: qr rd ra; QUERY: 1, ANSWER: 1, AUTHORITY: 1,
 ADDITIONAL: 2

;; OPT PSEUDOSECTION:
; EDNS: version: 0, flags:; udp: 65355
; COOKIE: 9babe7d589ce94490100000062ec4b430851dfe63597
b263 (good)
;; QUESTION SECTION:
;test531.goertzen.              IN      A

;; ANSWER SECTION:
test531.goertzen.       604800  IN      A       42.42.
42.42

;; AUTHORITY SECTION:
goertzen.               604644  IN      NS      ns1.go
ertzen.

;; ADDITIONAL SECTION:
ns1.goertzen.           604644  IN      A       172.20
.0.4

;; Query time: 47 msec
;; SERVER: 127.0.0.11#53(127.0.0.11)
;; WHEN: Thu Aug 04 22:42:11 UTC 2022
;; MSG SIZE  rcvd: 123

root@51182b0d2a64:/#
