
root@ef1f716f72df:/# dig test766.goertzen

; <<>> DiG 9.16.1-Ubuntu <<>> test766.goertzen
;; global options: +cmd
;; Got answer:
;; ->>HEADER<<- opcode: QUERY, status: NOERROR, id: 24
542
;; flags: qr rd ra; QUERY: 1, ANSWER: 1, AUTHORITY: 1,
 ADDITIONAL: 2

;; OPT PSEUDOSECTION:
; EDNS: version: 0, flags:; udp: 65355
; COOKIE: c313aa5066891b830100000062ec4cabba841366b3a5
1c37 (good)
;; QUESTION SECTION:
;test766.goertzen.              IN      A

;; ANSWER SECTION:
test766.goertzen.       604800  IN      A       42.42.
42.42

;; AUTHORITY SECTION:
goertzen.               604618  IN      NS      ns1.go
ertzen.

;; ADDITIONAL SECTION:
ns1.goertzen.           604618  IN      A       172.20
.0.4

;; Query time: 27 msec
;; SERVER: 127.0.0.11#53(127.0.0.11)
;; WHEN: Thu Aug 04 22:48:11 UTC 2022
;; MSG SIZE  rcvd: 123

root@ef1f716f72df:/#
