
root@ef1f716f72df:/# dig test774.goertzen

; <<>> DiG 9.16.1-Ubuntu <<>> test774.goertzen
;; global options: +cmd
;; Got answer:
;; ->>HEADER<<- opcode: QUERY, status: NOERROR, id: 63
357
;; flags: qr rd ra; QUERY: 1, ANSWER: 1, AUTHORITY: 1,
 ADDITIONAL: 2

;; OPT PSEUDOSECTION:
; EDNS: version: 0, flags:; udp: 65355
; COOKIE: ac6e4b993f7045f00100000062ec4cb37537e8b19fcd
752f (good)
;; QUESTION SECTION:
;test774.goertzen.              IN      A

;; ANSWER SECTION:
test774.goertzen.       604800  IN      A       42.42.
42.42

;; AUTHORITY SECTION:
goertzen.               604610  IN      NS      ns1.go
ertzen.

;; ADDITIONAL SECTION:
ns1.goertzen.           604610  IN      A       172.20
.0.4

;; Query time: 23 msec
;; SERVER: 127.0.0.11#53(127.0.0.11)
;; WHEN: Thu Aug 04 22:48:19 UTC 2022
;; MSG SIZE  rcvd: 123

root@ef1f716f72df:/#
