
root@80703344c5ec:/# dig test249.goertzen

; <<>> DiG 9.16.1-Ubuntu <<>> test249.goertzen
;; global options: +cmd
;; Got answer:
;; ->>HEADER<<- opcode: QUERY, status: NOERROR, id: 19
346
;; flags: qr rd ra; QUERY: 1, ANSWER: 1, AUTHORITY: 1,
 ADDITIONAL: 2

;; OPT PSEUDOSECTION:
; EDNS: version: 0, flags:; udp: 65355
; COOKIE: 4af305abd4113a6a0100000062ec49ab59643e7cfcc5
f4be (good)
;; QUESTION SECTION:
;test249.goertzen.              IN      A

;; ANSWER SECTION:
test249.goertzen.       604800  IN      A       42.42.
42.42

;; AUTHORITY SECTION:
goertzen.               604538  IN      NS      ns1.go
ertzen.

;; ADDITIONAL SECTION:
ns1.goertzen.           604538  IN      A       172.20
.0.4

;; Query time: 39 msec
;; SERVER: 127.0.0.11#53(127.0.0.11)
;; WHEN: Thu Aug 04 22:35:23 UTC 2022
;; MSG SIZE  rcvd: 123

root@80703344c5ec:/#
