
root@ef1f716f72df:/# dig test709.goertzen

; <<>> DiG 9.16.1-Ubuntu <<>> test709.goertzen
;; global options: +cmd
;; Got answer:
;; ->>HEADER<<- opcode: QUERY, status: NOERROR, id: 36
749
;; flags: qr rd ra; QUERY: 1, ANSWER: 1, AUTHORITY: 1,
 ADDITIONAL: 2

;; OPT PSEUDOSECTION:
; EDNS: version: 0, flags:; udp: 65355
; COOKIE: 3fa51c27d3daa7330100000062ec4c71bc71b143bde8
641c (good)
;; QUESTION SECTION:
;test709.goertzen.              IN      A

;; ANSWER SECTION:
test709.goertzen.       604800  IN      A       42.42.
42.42

;; AUTHORITY SECTION:
goertzen.               604676  IN      NS      ns1.go
ertzen.

;; ADDITIONAL SECTION:
ns1.goertzen.           604676  IN      A       172.20
.0.4

;; Query time: 27 msec
;; SERVER: 127.0.0.11#53(127.0.0.11)
;; WHEN: Thu Aug 04 22:47:13 UTC 2022
;; MSG SIZE  rcvd: 123

root@ef1f716f72df:/#
