
root@51182b0d2a64:/# dig test487.goertzen

; <<>> DiG 9.16.1-Ubuntu <<>> test487.goertzen
;; global options: +cmd
;; Got answer:
;; ->>HEADER<<- opcode: QUERY, status: NOERROR, id: 56
627
;; flags: qr rd ra; QUERY: 1, ANSWER: 1, AUTHORITY: 1,
 ADDITIONAL: 2

;; OPT PSEUDOSECTION:
; EDNS: version: 0, flags:; udp: 65355
; COOKIE: 03916a26b47126ef0100000062ec4b16bf43c875bb66
92aa (good)
;; QUESTION SECTION:
;test487.goertzen.              IN      A

;; ANSWER SECTION:
test487.goertzen.       604800  IN      A       42.42.
42.42

;; AUTHORITY SECTION:
goertzen.               604689  IN      NS      ns1.go
ertzen.

;; ADDITIONAL SECTION:
ns1.goertzen.           604689  IN      A       172.20
.0.4

;; Query time: 31 msec
;; SERVER: 127.0.0.11#53(127.0.0.11)
;; WHEN: Thu Aug 04 22:41:26 UTC 2022
;; MSG SIZE  rcvd: 123

root@51182b0d2a64:/#
