
root@ef1f716f72df:/# dig test645.goertzen

; <<>> DiG 9.16.1-Ubuntu <<>> test645.goertzen
;; global options: +cmd
;; Got answer:
;; ->>HEADER<<- opcode: QUERY, status: NOERROR, id: 54
207
;; flags: qr rd ra; QUERY: 1, ANSWER: 1, AUTHORITY: 1,
 ADDITIONAL: 2

;; OPT PSEUDOSECTION:
; EDNS: version: 0, flags:; udp: 65355
; COOKIE: a15f07766febc8dc0100000062ec4c31d98e0ebdfe65
1632 (good)
;; QUESTION SECTION:
;test645.goertzen.              IN      A

;; ANSWER SECTION:
test645.goertzen.       604800  IN      A       42.42.
42.42

;; AUTHORITY SECTION:
goertzen.               604740  IN      NS      ns1.go
ertzen.

;; ADDITIONAL SECTION:
ns1.goertzen.           604740  IN      A       172.20
.0.4

;; Query time: 39 msec
;; SERVER: 127.0.0.11#53(127.0.0.11)
;; WHEN: Thu Aug 04 22:46:09 UTC 2022
;; MSG SIZE  rcvd: 123

root@ef1f716f72df:/#
