
root@51182b0d2a64:/# dig test447.goertzen

; <<>> DiG 9.16.1-Ubuntu <<>> test447.goertzen
;; global options: +cmd
;; Got answer:
;; ->>HEADER<<- opcode: QUERY, status: NOERROR, id: 93
10
;; flags: qr rd ra; QUERY: 1, ANSWER: 1, AUTHORITY: 1,
 ADDITIONAL: 2

;; OPT PSEUDOSECTION:
; EDNS: version: 0, flags:; udp: 65355
; COOKIE: ef87c8219b0f63c00100000062ec4aee59ea19830b66
042b (good)
;; QUESTION SECTION:
;test447.goertzen.              IN      A

;; ANSWER SECTION:
test447.goertzen.       604800  IN      A       42.42.
42.42

;; AUTHORITY SECTION:
goertzen.               604729  IN      NS      ns1.go
ertzen.

;; ADDITIONAL SECTION:
ns1.goertzen.           604729  IN      A       172.20
.0.4

;; Query time: 23 msec
;; SERVER: 127.0.0.11#53(127.0.0.11)
;; WHEN: Thu Aug 04 22:40:46 UTC 2022
;; MSG SIZE  rcvd: 123

root@51182b0d2a64:/#
