
root@62d821cc621c:/# dig test73.goertzen

; <<>> DiG 9.16.1-Ubuntu <<>> test73.goertzen
;; global options: +cmd
;; Got answer:
;; ->>HEADER<<- opcode: QUERY, status: NOERROR, id: 37669
;; flags: qr rd ra; QUERY: 1, ANSWER: 1, AUTHORITY: 1, ADDITIONAL: 2

;; OPT PSEUDOSECTION:
; EDNS: version: 0, flags:; udp: 65355
; COOKIE: e87ff86dfff2c1ea0100000062dc340eded2dc4503444110 (good)
;; QUESTION SECTION:
;test73.goertzen.               IN      A

;; ANSWER SECTION:
test73.goertzen.        604800  IN      A       42.42.42.42

;; AUTHORITY SECTION:
goertzen.               604756  IN      NS      ns1.goertzen.

;; ADDITIONAL SECTION:
ns1.goertzen.           604756  IN      A       172.20.0.4

;; Query time: 24 msec
;; SERVER: 127.0.0.11#53(127.0.0.11)
;; WHEN: Sat Jul 23 17:46:54 UTC 2022
;; MSG SIZE  rcvd: 122

root@62d821cc621c:/#
