
root@e34646ffa52c:/# dig test794.goertzen

; <<>> DiG 9.16.1-Ubuntu <<>> test794.goertzen
;; global options: +cmd
;; Got answer:
;; ->>HEADER<<- opcode: QUERY, status: NOERROR, id: 45925
;; flags: qr rd ra; QUERY: 1, ANSWER: 1, AUTHORITY: 1, ADDITIONAL: 2

;; OPT PSEUDOSECTION:
; EDNS: version: 0, flags:; udp: 65355
; COOKIE: fd03acf6737ec80a0100000062dc3b462e071acdf01745df (good)
;; QUESTION SECTION:
;test794.goertzen.              IN      A

;; ANSWER SECTION:
test794.goertzen.       604800  IN      A       42.42.42.42

;; AUTHORITY SECTION:
goertzen.               604365  IN      NS      ns1.goertzen.

;; ADDITIONAL SECTION:
ns1.goertzen.           604365  IN      A       172.20.0.4

;; Query time: 28 msec
;; SERVER: 127.0.0.11#53(127.0.0.11)
;; WHEN: Sat Jul 23 18:17:42 UTC 2022
;; MSG SIZE  rcvd: 123

root@e34646ffa52c:/#
