
root@62d821cc621c:/# dig test15.goertzen

; <<>> DiG 9.16.1-Ubuntu <<>> test15.goertzen
;; global options: +cmd
;; Got answer:
;; ->>HEADER<<- opcode: QUERY, status: NOERROR, id: 14653
;; flags: qr rd ra; QUERY: 1, ANSWER: 1, AUTHORITY: 1, ADDITIONAL: 2

;; OPT PSEUDOSECTION:
; EDNS: version: 0, flags:; udp: 65355
; COOKIE: 3f8a50763123b26d0100000062dc33f0c77b52ad1e4ecd4c (good)
;; QUESTION SECTION:
;test15.goertzen.               IN      A

;; ANSWER SECTION:
test15.goertzen.        604800  IN      A       42.42.42.42

;; AUTHORITY SECTION:
goertzen.               604786  IN      NS      ns1.goertzen.

;; ADDITIONAL SECTION:
ns1.goertzen.           604786  IN      A       172.20.0.4

;; Query time: 32 msec
;; SERVER: 127.0.0.11#53(127.0.0.11)
;; WHEN: Sat Jul 23 17:46:24 UTC 2022
;; MSG SIZE  rcvd: 122

root@62d821cc621c:/#
