
root@e34646ffa52c:/# dig test415.goertzen

; <<>> DiG 9.16.1-Ubuntu <<>> test415.goertzen
;; global options: +cmd
;; Got answer:
;; ->>HEADER<<- opcode: QUERY, status: NOERROR, id: 64262
;; flags: qr rd ra; QUERY: 1, ANSWER: 1, AUTHORITY: 1, ADDITIONAL: 2

;; OPT PSEUDOSECTION:
; EDNS: version: 0, flags:; udp: 65355
; COOKIE: 4e280ea9bd63f24f0100000062dc3a66ce899b65b511a5f0 (good)
;; QUESTION SECTION:
;test415.goertzen.              IN      A

;; ANSWER SECTION:
test415.goertzen.       604800  IN      A       42.42.42.42

;; AUTHORITY SECTION:
goertzen.               604589  IN      NS      ns1.goertzen.

;; ADDITIONAL SECTION:
ns1.goertzen.           604589  IN      A       172.20.0.4

;; Query time: 32 msec
;; SERVER: 127.0.0.11#53(127.0.0.11)
;; WHEN: Sat Jul 23 18:13:58 UTC 2022
;; MSG SIZE  rcvd: 123

root@e34646ffa52c:/#
