
root@e34646ffa52c:/# dig test485.goertzen

; <<>> DiG 9.16.1-Ubuntu <<>> test485.goertzen
;; global options: +cmd
;; Got answer:
;; ->>HEADER<<- opcode: QUERY, status: NOERROR, id: 33400
;; flags: qr rd ra; QUERY: 1, ANSWER: 1, AUTHORITY: 1, ADDITIONAL: 2

;; OPT PSEUDOSECTION:
; EDNS: version: 0, flags:; udp: 65355
; COOKIE: 91b4956a92fed84f0100000062dc3a8a649ee043e0b48853 (good)
;; QUESTION SECTION:
;test485.goertzen.              IN      A

;; ANSWER SECTION:
test485.goertzen.       604800  IN      A       42.42.42.42

;; AUTHORITY SECTION:
goertzen.               604553  IN      NS      ns1.goertzen.

;; ADDITIONAL SECTION:
ns1.goertzen.           604553  IN      A       172.20.0.4

;; Query time: 28 msec
;; SERVER: 127.0.0.11#53(127.0.0.11)
;; WHEN: Sat Jul 23 18:14:34 UTC 2022
;; MSG SIZE  rcvd: 123

root@e34646ffa52c:/#
