
root@62d821cc621c:/# dig test24.goertzen

; <<>> DiG 9.16.1-Ubuntu <<>> test24.goertzen
;; global options: +cmd
;; Got answer:
;; ->>HEADER<<- opcode: QUERY, status: NOERROR, id: 21615
;; flags: qr rd ra; QUERY: 1, ANSWER: 1, AUTHORITY: 1, ADDITIONAL: 2

;; OPT PSEUDOSECTION:
; EDNS: version: 0, flags:; udp: 65355
; COOKIE: a0adb82965ab7a420100000062dc33f5ed43840e2c517979 (good)
;; QUESTION SECTION:
;test24.goertzen.               IN      A

;; ANSWER SECTION:
test24.goertzen.        604800  IN      A       42.42.42.42

;; AUTHORITY SECTION:
goertzen.               604781  IN      NS      ns1.goertzen.

;; ADDITIONAL SECTION:
ns1.goertzen.           604781  IN      A       172.20.0.4

;; Query time: 28 msec
;; SERVER: 127.0.0.11#53(127.0.0.11)
;; WHEN: Sat Jul 23 17:46:29 UTC 2022
;; MSG SIZE  rcvd: 122

root@62d821cc621c:/#
