
root@e34646ffa52c:/# dig test346.goertzen

; <<>> DiG 9.16.1-Ubuntu <<>> test346.goertzen
;; global options: +cmd
;; Got answer:
;; ->>HEADER<<- opcode: QUERY, status: NOERROR, id: 24144
;; flags: qr rd ra; QUERY: 1, ANSWER: 1, AUTHORITY: 1, ADDITIONAL: 2

;; OPT PSEUDOSECTION:
; EDNS: version: 0, flags:; udp: 65355
; COOKIE: 398271ced2398d640100000062dc3a3dc8b7e3d44859b4f5 (good)
;; QUESTION SECTION:
;test346.goertzen.              IN      A

;; ANSWER SECTION:
test346.goertzen.       604800  IN      A       42.42.42.42

;; AUTHORITY SECTION:
goertzen.               604630  IN      NS      ns1.goertzen.

;; ADDITIONAL SECTION:
ns1.goertzen.           604630  IN      A       172.20.0.4

;; Query time: 28 msec
;; SERVER: 127.0.0.11#53(127.0.0.11)
;; WHEN: Sat Jul 23 18:13:17 UTC 2022
;; MSG SIZE  rcvd: 123

root@e34646ffa52c:/#
