
root@e34646ffa52c:/# dig test295.goertzen

; <<>> DiG 9.16.1-Ubuntu <<>> test295.goertzen
;; global options: +cmd
;; Got answer:
;; ->>HEADER<<- opcode: QUERY, status: NOERROR, id: 51574
;; flags: qr rd ra; QUERY: 1, ANSWER: 1, AUTHORITY: 1, ADDITIONAL: 2

;; OPT PSEUDOSECTION:
; EDNS: version: 0, flags:; udp: 65355
; COOKIE: 557893f730ca933c0100000062dc3a1667361713b67ce8df (good)
;; QUESTION SECTION:
;test295.goertzen.              IN      A

;; ANSWER SECTION:
test295.goertzen.       604800  IN      A       42.42.42.42

;; AUTHORITY SECTION:
goertzen.               604669  IN      NS      ns1.goertzen.

;; ADDITIONAL SECTION:
ns1.goertzen.           604669  IN      A       172.20.0.4

;; Query time: 28 msec
;; SERVER: 127.0.0.11#53(127.0.0.11)
;; WHEN: Sat Jul 23 18:12:38 UTC 2022
;; MSG SIZE  rcvd: 123

root@e34646ffa52c:/#
