
root@e34646ffa52c:/# dig test354.goertzen

; <<>> DiG 9.16.1-Ubuntu <<>> test354.goertzen
;; global options: +cmd
;; Got answer:
;; ->>HEADER<<- opcode: QUERY, status: NOERROR, id: 9877
;; flags: qr rd ra; QUERY: 1, ANSWER: 1, AUTHORITY: 1, ADDITIONAL: 2

;; OPT PSEUDOSECTION:
; EDNS: version: 0, flags:; udp: 65355
; COOKIE: d6f680c3489df58b0100000062dc3a41da7a54d120ea610f (good)
;; QUESTION SECTION:
;test354.goertzen.              IN      A

;; ANSWER SECTION:
test354.goertzen.       604800  IN      A       42.42.42.42

;; AUTHORITY SECTION:
goertzen.               604626  IN      NS      ns1.goertzen.

;; ADDITIONAL SECTION:
ns1.goertzen.           604626  IN      A       172.20.0.4

;; Query time: 32 msec
;; SERVER: 127.0.0.11#53(127.0.0.11)
;; WHEN: Sat Jul 23 18:13:21 UTC 2022
;; MSG SIZE  rcvd: 123

root@e34646ffa52c:/#
