
root@e34646ffa52c:/# dig test671.goertzen

; <<>> DiG 9.16.1-Ubuntu <<>> test671.goertzen
;; global options: +cmd
;; Got answer:
;; ->>HEADER<<- opcode: QUERY, status: NOERROR, id: 47149
;; flags: qr rd ra; QUERY: 1, ANSWER: 1, AUTHORITY: 1, ADDITIONAL: 2

;; OPT PSEUDOSECTION:
; EDNS: version: 0, flags:; udp: 65355
; COOKIE: cd4efdf8cf7b414d0100000062dc3afd2b7f0d80de962829 (good)
;; QUESTION SECTION:
;test671.goertzen.              IN      A

;; ANSWER SECTION:
test671.goertzen.       604800  IN      A       42.42.42.42

;; AUTHORITY SECTION:
goertzen.               604438  IN      NS      ns1.goertzen.

;; ADDITIONAL SECTION:
ns1.goertzen.           604438  IN      A       172.20.0.4

;; Query time: 24 msec
;; SERVER: 127.0.0.11#53(127.0.0.11)
;; WHEN: Sat Jul 23 18:16:29 UTC 2022
;; MSG SIZE  rcvd: 123

root@e34646ffa52c:/#
