
root@e34646ffa52c:/# dig test179.goertzen

; <<>> DiG 9.16.1-Ubuntu <<>> test179.goertzen
;; global options: +cmd
;; Got answer:
;; ->>HEADER<<- opcode: QUERY, status: NOERROR, id: 22140
;; flags: qr rd ra; QUERY: 1, ANSWER: 1, AUTHORITY: 1, ADDITIONAL: 2

;; OPT PSEUDOSECTION:
; EDNS: version: 0, flags:; udp: 65355
; COOKIE: a2c2ee8f5ca897fa0100000062dc39c40aa2462672ea6d7b (good)
;; QUESTION SECTION:
;test179.goertzen.              IN      A

;; ANSWER SECTION:
test179.goertzen.       604800  IN      A       42.42.42.42

;; AUTHORITY SECTION:
goertzen.               604751  IN      NS      ns1.goertzen.

;; ADDITIONAL SECTION:
ns1.goertzen.           604751  IN      A       172.20.0.4

;; Query time: 24 msec
;; SERVER: 127.0.0.11#53(127.0.0.11)
;; WHEN: Sat Jul 23 18:11:16 UTC 2022
;; MSG SIZE  rcvd: 123

root@e34646ffa52c:/#
