
root@6f8da7bbaa83:/# dig test899.goertzen

; <<>> DiG 9.16.1-Ubuntu <<>> test899.goertzen
;; global options: +cmd
;; Got answer:
;; ->>HEADER<<- opcode: QUERY, status: NOERROR, id: 36354
;; flags: qr rd ra ad; QUERY: 1, ANSWER: 1, AUTHORITY: 1, ADDITIONAL: 2

;; OPT PSEUDOSECTION:
; EDNS: version: 0, flags:; udp: 65355
; COOKIE: 1d851bb62d6a584c0100000062dda737e24c93f0886be2a3 (good)
;; QUESTION SECTION:
;test899.goertzen.              IN      A

;; ANSWER SECTION:
test899.goertzen.       604800  IN      A       42.42.42.42

;; AUTHORITY SECTION:
goertzen.               603881  IN      NS      ns1.goertzen.

;; ADDITIONAL SECTION:
ns1.goertzen.           603881  IN      A       172.20.0.4

;; Query time: 52 msec
;; SERVER: 127.0.0.11#53(127.0.0.11)
;; WHEN: Sun Jul 24 20:10:32 UTC 2022
;; MSG SIZE  rcvd: 123

root@6f8da7bbaa83:/#
