
root@6f8da7bbaa83:/# dig test226.goertzen

; <<>> DiG 9.16.1-Ubuntu <<>> test226.goertzen
;; global options: +cmd
;; Got answer:
;; ->>HEADER<<- opcode: QUERY, status: NOERROR, id: 39235
;; flags: qr rd ra ad; QUERY: 1, ANSWER: 1, AUTHORITY: 1, ADDITIONAL: 2

;; OPT PSEUDOSECTION:
; EDNS: version: 0, flags:; udp: 65355
; COOKIE: 4c4c30a719478ae50100000062dda48fcb38b8c9f621d715 (good)
;; QUESTION SECTION:
;test226.goertzen.              IN      A

;; ANSWER SECTION:
test226.goertzen.       604800  IN      A       42.42.42.42

;; AUTHORITY SECTION:
goertzen.               604561  IN      NS      ns1.goertzen.

;; ADDITIONAL SECTION:
ns1.goertzen.           604561  IN      A       172.20.0.4

;; Query time: 56 msec
;; SERVER: 127.0.0.11#53(127.0.0.11)
;; WHEN: Sun Jul 24 19:59:11 UTC 2022
;; MSG SIZE  rcvd: 123

root@6f8da7bbaa83:/#
