
root@6f8da7bbaa83:/# dig test328.goertzen

; <<>> DiG 9.16.1-Ubuntu <<>> test328.goertzen
;; global options: +cmd
;; Got answer:
;; ->>HEADER<<- opcode: QUERY, status: NOERROR, id: 20056
;; flags: qr rd ra ad; QUERY: 1, ANSWER: 1, AUTHORITY: 1, ADDITIONAL: 2

;; OPT PSEUDOSECTION:
; EDNS: version: 0, flags:; udp: 65355
; COOKIE: 9e8fc8e5e35390c10100000062dda4f682e26d287d6f55b9 (good)
;; QUESTION SECTION:
;test328.goertzen.              IN      A

;; ANSWER SECTION:
test328.goertzen.       604800  IN      A       42.42.42.42

;; AUTHORITY SECTION:
goertzen.               604458  IN      NS      ns1.goertzen.

;; ADDITIONAL SECTION:
ns1.goertzen.           604458  IN      A       172.20.0.4

;; Query time: 56 msec
;; SERVER: 127.0.0.11#53(127.0.0.11)
;; WHEN: Sun Jul 24 20:00:54 UTC 2022
;; MSG SIZE  rcvd: 123

root@6f8da7bbaa83:/#
