
root@6f8da7bbaa83:/# dig test341.goertzen

; <<>> DiG 9.16.1-Ubuntu <<>> test341.goertzen
;; global options: +cmd
;; Got answer:
;; ->>HEADER<<- opcode: QUERY, status: NOERROR, id: 15107
;; flags: qr rd ra ad; QUERY: 1, ANSWER: 1, AUTHORITY: 1, ADDITIONAL: 2

;; OPT PSEUDOSECTION:
; EDNS: version: 0, flags:; udp: 65355
; COOKIE: 947097306bc6b8c00100000062dda5033d61d6ce90640c4b (good)
;; QUESTION SECTION:
;test341.goertzen.              IN      A

;; ANSWER SECTION:
test341.goertzen.       604800  IN      A       42.42.42.42

;; AUTHORITY SECTION:
goertzen.               604445  IN      NS      ns1.goertzen.

;; ADDITIONAL SECTION:
ns1.goertzen.           604445  IN      A       172.20.0.4

;; Query time: 60 msec
;; SERVER: 127.0.0.11#53(127.0.0.11)
;; WHEN: Sun Jul 24 20:01:07 UTC 2022
;; MSG SIZE  rcvd: 123

root@6f8da7bbaa83:/#
