
root@6f8da7bbaa83:/# dig test885.goertzen

; <<>> DiG 9.16.1-Ubuntu <<>> test885.goertzen
;; global options: +cmd
;; Got answer:
;; ->>HEADER<<- opcode: QUERY, status: NOERROR, id: 18366
;; flags: qr rd ra ad; QUERY: 1, ANSWER: 1, AUTHORITY: 1, ADDITIONAL: 2

;; OPT PSEUDOSECTION:
; EDNS: version: 0, flags:; udp: 65355
; COOKIE: 8403d884aa79614d0100000062dda72915b71e955d73621c (good)
;; QUESTION SECTION:
;test885.goertzen.              IN      A

;; ANSWER SECTION:
test885.goertzen.       604800  IN      A       42.42.42.42

;; AUTHORITY SECTION:
goertzen.               603895  IN      NS      ns1.goertzen.

;; ADDITIONAL SECTION:
ns1.goertzen.           603895  IN      A       172.20.0.4

;; Query time: 60 msec
;; SERVER: 127.0.0.11#53(127.0.0.11)
;; WHEN: Sun Jul 24 20:10:17 UTC 2022
;; MSG SIZE  rcvd: 123

root@6f8da7bbaa83:/#
