
root@6f8da7bbaa83:/# dig test116.goertzen

; <<>> DiG 9.16.1-Ubuntu <<>> test116.goertzen
;; global options: +cmd
;; Got answer:
;; ->>HEADER<<- opcode: QUERY, status: NOERROR, id: 57376
;; flags: qr rd ra ad; QUERY: 1, ANSWER: 1, AUTHORITY: 1, ADDITIONAL: 2

;; OPT PSEUDOSECTION:
; EDNS: version: 0, flags:; udp: 65355
; COOKIE: fdce8b611b2d27d00100000062dda41f5365a5b5cbfba372 (good)
;; QUESTION SECTION:
;test116.goertzen.              IN      A

;; ANSWER SECTION:
test116.goertzen.       604800  IN      A       42.42.42.42

;; AUTHORITY SECTION:
goertzen.               604673  IN      NS      ns1.goertzen.

;; ADDITIONAL SECTION:
ns1.goertzen.           604673  IN      A       172.20.0.4

;; Query time: 56 msec
;; SERVER: 127.0.0.11#53(127.0.0.11)
;; WHEN: Sun Jul 24 19:57:19 UTC 2022
;; MSG SIZE  rcvd: 123

root@6f8da7bbaa83:/#
