
root@6f8da7bbaa83:/# dig test191.goertzen

; <<>> DiG 9.16.1-Ubuntu <<>> test191.goertzen
;; global options: +cmd
;; Got answer:
;; ->>HEADER<<- opcode: QUERY, status: NOERROR, id: 63367
;; flags: qr rd ra ad; QUERY: 1, ANSWER: 1, AUTHORITY: 1, ADDITIONAL: 2

;; OPT PSEUDOSECTION:
; EDNS: version: 0, flags:; udp: 65355
; COOKIE: 302cbe15b2304ef80100000062dda46bbc621ecc4aa8e1fa (good)
;; QUESTION SECTION:
;test191.goertzen.              IN      A

;; ANSWER SECTION:
test191.goertzen.       604800  IN      A       42.42.42.42

;; AUTHORITY SECTION:
goertzen.               604597  IN      NS      ns1.goertzen.

;; ADDITIONAL SECTION:
ns1.goertzen.           604597  IN      A       172.20.0.4

;; Query time: 56 msec
;; SERVER: 127.0.0.11#53(127.0.0.11)
;; WHEN: Sun Jul 24 19:58:35 UTC 2022
;; MSG SIZE  rcvd: 123

root@6f8da7bbaa83:/#
