
root@6f8da7bbaa83:/# dig test637.goertzen

; <<>> DiG 9.16.1-Ubuntu <<>> test637.goertzen
;; global options: +cmd
;; Got answer:
;; ->>HEADER<<- opcode: QUERY, status: NOERROR, id: 15407
;; flags: qr rd ra ad; QUERY: 1, ANSWER: 1, AUTHORITY: 1, ADDITIONAL: 2

;; OPT PSEUDOSECTION:
; EDNS: version: 0, flags:; udp: 65355
; COOKIE: eb99772cc081bc9b0100000062dda62eed24bb358388090e (good)
;; QUESTION SECTION:
;test637.goertzen.              IN      A

;; ANSWER SECTION:
test637.goertzen.       604800  IN      A       42.42.42.42

;; AUTHORITY SECTION:
goertzen.               604146  IN      NS      ns1.goertzen.

;; ADDITIONAL SECTION:
ns1.goertzen.           604146  IN      A       172.20.0.4

;; Query time: 56 msec
;; SERVER: 127.0.0.11#53(127.0.0.11)
;; WHEN: Sun Jul 24 20:06:06 UTC 2022
;; MSG SIZE  rcvd: 123

root@6f8da7bbaa83:/#
