
root@6f8da7bbaa83:/# dig test884.goertzen

; <<>> DiG 9.16.1-Ubuntu <<>> test884.goertzen
;; global options: +cmd
;; Got answer:
;; ->>HEADER<<- opcode: QUERY, status: NOERROR, id: 856
;; flags: qr rd ra ad; QUERY: 1, ANSWER: 1, AUTHORITY: 1, ADDITIONAL: 2

;; OPT PSEUDOSECTION:
; EDNS: version: 0, flags:; udp: 65355
; COOKIE: 742a77f288e0ee8a0100000062dda728a76f8e56b23c55eb (good)
;; QUESTION SECTION:
;test884.goertzen.              IN      A

;; ANSWER SECTION:
test884.goertzen.       604800  IN      A       42.42.42.42

;; AUTHORITY SECTION:
goertzen.               603896  IN      NS      ns1.goertzen.

;; ADDITIONAL SECTION:
ns1.goertzen.           603896  IN      A       172.20.0.4

;; Query time: 56 msec
;; SERVER: 127.0.0.11#53(127.0.0.11)
;; WHEN: Sun Jul 24 20:10:16 UTC 2022
;; MSG SIZE  rcvd: 123

root@6f8da7bbaa83:/#
