
root@6aa7fdfb7989:/# dig test114.goertzen

; <<>> DiG 9.16.1-Ubuntu <<>> test114.goertzen
;; global options: +cmd
;; Got answer:
;; ->>HEADER<<- opcode: QUERY, status: NOERROR, id: 53603
;; flags: qr rd ra; QUERY: 1, ANSWER: 1, AUTHORITY: 1, ADDITIONAL: 2

;; OPT PSEUDOSECTION:
; EDNS: version: 0, flags:; udp: 65355
; COOKIE: 51f42a768bf441d00100000062dc2e02427b7b52238c988c (good)
;; QUESTION SECTION:
;test114.goertzen.              IN      A

;; ANSWER SECTION:
test114.goertzen.       604800  IN      A       42.42.42.42

;; AUTHORITY SECTION:
goertzen.               604731  IN      NS      ns1.goertzen.

;; ADDITIONAL SECTION:
ns1.goertzen.           604731  IN      A       172.20.0.4

;; Query time: 20 msec
;; SERVER: 127.0.0.11#53(127.0.0.11)
;; WHEN: Sat Jul 23 17:21:06 UTC 2022
;; MSG SIZE  rcvd: 123

root@6aa7fdfb7989:/#
