
root@6aa7fdfb7989:/# dig test335.goertzen

; <<>> DiG 9.16.1-Ubuntu <<>> test335.goertzen
;; global options: +cmd
;; Got answer:
;; ->>HEADER<<- opcode: QUERY, status: NOERROR, id: 62522
;; flags: qr rd ra; QUERY: 1, ANSWER: 1, AUTHORITY: 1, ADDITIONAL: 2

;; OPT PSEUDOSECTION:
; EDNS: version: 0, flags:; udp: 65355
; COOKIE: ed52c3d8c65c1a5c0100000062dc2e73c3fe1e51dcb4c9a8 (good)
;; QUESTION SECTION:
;test335.goertzen.              IN      A

;; ANSWER SECTION:
test335.goertzen.       604800  IN      A       42.42.42.42

;; AUTHORITY SECTION:
goertzen.               604618  IN      NS      ns1.goertzen.

;; ADDITIONAL SECTION:
ns1.goertzen.           604618  IN      A       172.20.0.4

;; Query time: 16 msec
;; SERVER: 127.0.0.11#53(127.0.0.11)
;; WHEN: Sat Jul 23 17:22:59 UTC 2022
;; MSG SIZE  rcvd: 123

root@6aa7fdfb7989:/#
