
root@6aa7fdfb7989:/# dig test104.goertzen

; <<>> DiG 9.16.1-Ubuntu <<>> test104.goertzen
;; global options: +cmd
;; Got answer:
;; ->>HEADER<<- opcode: QUERY, status: NOERROR, id: 59974
;; flags: qr rd ra; QUERY: 1, ANSWER: 1, AUTHORITY: 1, ADDITIONAL: 2

;; OPT PSEUDOSECTION:
; EDNS: version: 0, flags:; udp: 65355
; COOKIE: 1000eb39de0f67620100000062dc2dfc840aac6c16268871 (good)
;; QUESTION SECTION:
;test104.goertzen.              IN      A

;; ANSWER SECTION:
test104.goertzen.       604800  IN      A       42.42.42.42

;; AUTHORITY SECTION:
goertzen.               604737  IN      NS      ns1.goertzen.

;; ADDITIONAL SECTION:
ns1.goertzen.           604737  IN      A       172.20.0.4

;; Query time: 16 msec
;; SERVER: 127.0.0.11#53(127.0.0.11)
;; WHEN: Sat Jul 23 17:21:00 UTC 2022
;; MSG SIZE  rcvd: 123

root@6aa7fdfb7989:/#
