
root@6aa7fdfb7989:/# dig test757.goertzen

; <<>> DiG 9.16.1-Ubuntu <<>> test757.goertzen
;; global options: +cmd
;; Got answer:
;; ->>HEADER<<- opcode: QUERY, status: NOERROR, id: 42563
;; flags: qr rd ra; QUERY: 1, ANSWER: 1, AUTHORITY: 1, ADDITIONAL: 2

;; OPT PSEUDOSECTION:
; EDNS: version: 0, flags:; udp: 65355
; COOKIE: d54d138399627b6b0100000062dc2f5776389e05e6efe2e7 (good)
;; QUESTION SECTION:
;test757.goertzen.              IN      A

;; ANSWER SECTION:
test757.goertzen.       604800  IN      A       42.42.42.42

;; AUTHORITY SECTION:
goertzen.               604390  IN      NS      ns1.goertzen.

;; ADDITIONAL SECTION:
ns1.goertzen.           604390  IN      A       172.20.0.4

;; Query time: 16 msec
;; SERVER: 127.0.0.11#53(127.0.0.11)
;; WHEN: Sat Jul 23 17:26:47 UTC 2022
;; MSG SIZE  rcvd: 123

root@6aa7fdfb7989:/#
