
root@6aa7fdfb7989:/# dig test866.goertzen

; <<>> DiG 9.16.1-Ubuntu <<>> test866.goertzen
;; global options: +cmd
;; Got answer:
;; ->>HEADER<<- opcode: QUERY, status: NOERROR, id: 59870
;; flags: qr rd ra; QUERY: 1, ANSWER: 1, AUTHORITY: 1, ADDITIONAL: 2

;; OPT PSEUDOSECTION:
; EDNS: version: 0, flags:; udp: 65355
; COOKIE: 9b1eccdff541a78e0100000062dc2f8f9c539e1c70d2e592 (good)
;; QUESTION SECTION:
;test866.goertzen.              IN      A

;; ANSWER SECTION:
test866.goertzen.       604800  IN      A       42.42.42.42

;; AUTHORITY SECTION:
goertzen.               604334  IN      NS      ns1.goertzen.

;; ADDITIONAL SECTION:
ns1.goertzen.           604334  IN      A       172.20.0.4

;; Query time: 16 msec
;; SERVER: 127.0.0.11#53(127.0.0.11)
;; WHEN: Sat Jul 23 17:27:43 UTC 2022
;; MSG SIZE  rcvd: 123

root@6aa7fdfb7989:/#
