
root@6aa7fdfb7989:/# dig test884.goertzen

; <<>> DiG 9.16.1-Ubuntu <<>> test884.goertzen
;; global options: +cmd
;; Got answer:
;; ->>HEADER<<- opcode: QUERY, status: NOERROR, id: 10435
;; flags: qr rd ra; QUERY: 1, ANSWER: 1, AUTHORITY: 1, ADDITIONAL: 2

;; OPT PSEUDOSECTION:
; EDNS: version: 0, flags:; udp: 65355
; COOKIE: e5529f0eaf2f4e8f0100000062dc2f988a9fa3bfc9691851 (good)
;; QUESTION SECTION:
;test884.goertzen.              IN      A

;; ANSWER SECTION:
test884.goertzen.       604800  IN      A       42.42.42.42

;; AUTHORITY SECTION:
goertzen.               604325  IN      NS      ns1.goertzen.

;; ADDITIONAL SECTION:
ns1.goertzen.           604325  IN      A       172.20.0.4

;; Query time: 16 msec
;; SERVER: 127.0.0.11#53(127.0.0.11)
;; WHEN: Sat Jul 23 17:27:52 UTC 2022
;; MSG SIZE  rcvd: 123

root@6aa7fdfb7989:/#
