
root@6aa7fdfb7989:/# dig test598.goertzen

; <<>> DiG 9.16.1-Ubuntu <<>> test598.goertzen
;; global options: +cmd
;; Got answer:
;; ->>HEADER<<- opcode: QUERY, status: NOERROR, id: 61127
;; flags: qr rd ra; QUERY: 1, ANSWER: 1, AUTHORITY: 1, ADDITIONAL: 2

;; OPT PSEUDOSECTION:
; EDNS: version: 0, flags:; udp: 65355
; COOKIE: 09bd3f563a65a59c0100000062dc2f06e8399c02a9d672b9 (good)
;; QUESTION SECTION:
;test598.goertzen.              IN      A

;; ANSWER SECTION:
test598.goertzen.       604800  IN      A       42.42.42.42

;; AUTHORITY SECTION:
goertzen.               604471  IN      NS      ns1.goertzen.

;; ADDITIONAL SECTION:
ns1.goertzen.           604471  IN      A       172.20.0.4

;; Query time: 24 msec
;; SERVER: 127.0.0.11#53(127.0.0.11)
;; WHEN: Sat Jul 23 17:25:26 UTC 2022
;; MSG SIZE  rcvd: 123

root@6aa7fdfb7989:/#
