
root@6aa7fdfb7989:/# dig test597.goertzen

; <<>> DiG 9.16.1-Ubuntu <<>> test597.goertzen
;; global options: +cmd
;; Got answer:
;; ->>HEADER<<- opcode: QUERY, status: NOERROR, id: 40235
;; flags: qr rd ra; QUERY: 1, ANSWER: 1, AUTHORITY: 1, ADDITIONAL: 2

;; OPT PSEUDOSECTION:
; EDNS: version: 0, flags:; udp: 65355
; COOKIE: a573d41c52a2c2b10100000062dc2f0542433689a93e84af (good)
;; QUESTION SECTION:
;test597.goertzen.              IN      A

;; ANSWER SECTION:
test597.goertzen.       604800  IN      A       42.42.42.42

;; AUTHORITY SECTION:
goertzen.               604472  IN      NS      ns1.goertzen.

;; ADDITIONAL SECTION:
ns1.goertzen.           604472  IN      A       172.20.0.4

;; Query time: 24 msec
;; SERVER: 127.0.0.11#53(127.0.0.11)
;; WHEN: Sat Jul 23 17:25:25 UTC 2022
;; MSG SIZE  rcvd: 123

root@6aa7fdfb7989:/#
