
root@6aa7fdfb7989:/# dig test188.goertzen

; <<>> DiG 9.16.1-Ubuntu <<>> test188.goertzen
;; global options: +cmd
;; Got answer:
;; ->>HEADER<<- opcode: QUERY, status: NOERROR, id: 21355
;; flags: qr rd ra; QUERY: 1, ANSWER: 1, AUTHORITY: 1, ADDITIONAL: 2

;; OPT PSEUDOSECTION:
; EDNS: version: 0, flags:; udp: 65355
; COOKIE: 4d0d108f782b609a0100000062dc2e281845fd1da8b475a7 (good)
;; QUESTION SECTION:
;test188.goertzen.              IN      A

;; ANSWER SECTION:
test188.goertzen.       604800  IN      A       42.42.42.42

;; AUTHORITY SECTION:
goertzen.               604693  IN      NS      ns1.goertzen.

;; ADDITIONAL SECTION:
ns1.goertzen.           604693  IN      A       172.20.0.4

;; Query time: 44 msec
;; SERVER: 127.0.0.11#53(127.0.0.11)
;; WHEN: Sat Jul 23 17:21:44 UTC 2022
;; MSG SIZE  rcvd: 123

root@6aa7fdfb7989:/#
