
root@7a5c63f4e0dd:/# dig test432.goertzen

; <<>> DiG 9.16.1-Ubuntu <<>> test432.goertzen
;; global options: +cmd
;; Got answer:
;; ->>HEADER<<- opcode: QUERY, status: NOERROR, id: 63018
;; flags: qr rd ra; QUERY: 1, ANSWER: 1, AUTHORITY: 1, ADDITIONAL: 2

;; OPT PSEUDOSECTION:
; EDNS: version: 0, flags:; udp: 65355
; COOKIE: efd38226e499ac4a0100000062dd6cb2af17d17a855841b2 (good)
;; QUESTION SECTION:
;test432.goertzen.              IN      A

;; ANSWER SECTION:
test432.goertzen.       604800  IN      A       42.42.42.42

;; AUTHORITY SECTION:
goertzen.               604345  IN      NS      ns1.goertzen.

;; ADDITIONAL SECTION:
ns1.goertzen.           604345  IN      A       172.20.0.4

;; Query time: 480 msec
;; SERVER: 127.0.0.11#53(127.0.0.11)
;; WHEN: Sun Jul 24 16:00:50 UTC 2022
;; MSG SIZE  rcvd: 123

root@7a5c63f4e0dd:/#
