
root@7a5c63f4e0dd:/# dig test277.goertzen

; <<>> DiG 9.16.1-Ubuntu <<>> test277.goertzen
;; global options: +cmd
;; Got answer:
;; ->>HEADER<<- opcode: QUERY, status: NOERROR, id: 34707
;; flags: qr rd ra; QUERY: 1, ANSWER: 1, AUTHORITY: 1, ADDITIONAL: 2

;; OPT PSEUDOSECTION:
; EDNS: version: 0, flags:; udp: 65355
; COOKIE: 3f2e6efb72bf7b4d0100000062dd6c159146695c5313a427 (good)
;; QUESTION SECTION:
;test277.goertzen.              IN      A

;; ANSWER SECTION:
test277.goertzen.       604800  IN      A       42.42.42.42

;; AUTHORITY SECTION:
goertzen.               604502  IN      NS      ns1.goertzen.

;; ADDITIONAL SECTION:
ns1.goertzen.           604502  IN      A       172.20.0.4

;; Query time: 476 msec
;; SERVER: 127.0.0.11#53(127.0.0.11)
;; WHEN: Sun Jul 24 15:58:13 UTC 2022
;; MSG SIZE  rcvd: 123

root@7a5c63f4e0dd:/#
