
root@7a5c63f4e0dd:/# dig test151.goertzen

; <<>> DiG 9.16.1-Ubuntu <<>> test151.goertzen
;; global options: +cmd
;; Got answer:
;; ->>HEADER<<- opcode: QUERY, status: NOERROR, id: 22306
;; flags: qr rd ra; QUERY: 1, ANSWER: 1, AUTHORITY: 1, ADDITIONAL: 2

;; OPT PSEUDOSECTION:
; EDNS: version: 0, flags:; udp: 65355
; COOKIE: abb34bc2fcc32b170100000062dd6b9544ae9d10e0c82afe (good)
;; QUESTION SECTION:
;test151.goertzen.              IN      A

;; ANSWER SECTION:
test151.goertzen.       604800  IN      A       42.42.42.42

;; AUTHORITY SECTION:
goertzen.               604630  IN      NS      ns1.goertzen.

;; ADDITIONAL SECTION:
ns1.goertzen.           604630  IN      A       172.20.0.4

;; Query time: 480 msec
;; SERVER: 127.0.0.11#53(127.0.0.11)
;; WHEN: Sun Jul 24 15:56:05 UTC 2022
;; MSG SIZE  rcvd: 123

root@7a5c63f4e0dd:/#
