
root@7a5c63f4e0dd:/# dig test267.goertzen

; <<>> DiG 9.16.1-Ubuntu <<>> test267.goertzen
;; global options: +cmd
;; Got answer:
;; ->>HEADER<<- opcode: QUERY, status: NOERROR, id: 44794
;; flags: qr rd ra; QUERY: 1, ANSWER: 1, AUTHORITY: 1, ADDITIONAL: 2

;; OPT PSEUDOSECTION:
; EDNS: version: 0, flags:; udp: 65355
; COOKIE: 9b46a4aeed9d26280100000062dd6c0af270955e82f73002 (good)
;; QUESTION SECTION:
;test267.goertzen.              IN      A

;; ANSWER SECTION:
test267.goertzen.       604800  IN      A       42.42.42.42

;; AUTHORITY SECTION:
goertzen.               604513  IN      NS      ns1.goertzen.

;; ADDITIONAL SECTION:
ns1.goertzen.           604513  IN      A       172.20.0.4

;; Query time: 500 msec
;; SERVER: 127.0.0.11#53(127.0.0.11)
;; WHEN: Sun Jul 24 15:58:03 UTC 2022
;; MSG SIZE  rcvd: 123

root@7a5c63f4e0dd:/#
