
root@7a5c63f4e0dd:/# dig test546.goertzen

; <<>> DiG 9.16.1-Ubuntu <<>> test546.goertzen
;; global options: +cmd
;; Got answer:
;; ->>HEADER<<- opcode: QUERY, status: NOERROR, id: 23411
;; flags: qr rd ra; QUERY: 1, ANSWER: 1, AUTHORITY: 1, ADDITIONAL: 2

;; OPT PSEUDOSECTION:
; EDNS: version: 0, flags:; udp: 65355
; COOKIE: 7dd5f4e88a9f578a0100000062dd6f416ebb6c73289920ba (good)
;; QUESTION SECTION:
;test546.goertzen.              IN      A

;; ANSWER SECTION:
test546.goertzen.       604800  IN      A       42.42.42.42

;; AUTHORITY SECTION:
goertzen.               603690  IN      NS      ns1.goertzen.

;; ADDITIONAL SECTION:
ns1.goertzen.           603690  IN      A       172.20.0.4

;; Query time: 480 msec
;; SERVER: 127.0.0.11#53(127.0.0.11)
;; WHEN: Sun Jul 24 16:11:45 UTC 2022
;; MSG SIZE  rcvd: 123

root@7a5c63f4e0dd:/#
