
root@7a5c63f4e0dd:/# dig test205.goertzen

; <<>> DiG 9.16.1-Ubuntu <<>> test205.goertzen
;; global options: +cmd
;; Got answer:
;; ->>HEADER<<- opcode: QUERY, status: NOERROR, id: 53440
;; flags: qr rd ra; QUERY: 1, ANSWER: 1, AUTHORITY: 1, ADDITIONAL: 2

;; OPT PSEUDOSECTION:
; EDNS: version: 0, flags:; udp: 65355
; COOKIE: 6d1b030e026a9bb70100000062dd6bccfabc127c5900122c (good)
;; QUESTION SECTION:
;test205.goertzen.              IN      A

;; ANSWER SECTION:
test205.goertzen.       604800  IN      A       42.42.42.42

;; AUTHORITY SECTION:
goertzen.               604575  IN      NS      ns1.goertzen.

;; ADDITIONAL SECTION:
ns1.goertzen.           604575  IN      A       172.20.0.4

;; Query time: 480 msec
;; SERVER: 127.0.0.11#53(127.0.0.11)
;; WHEN: Sun Jul 24 15:57:00 UTC 2022
;; MSG SIZE  rcvd: 123

root@7a5c63f4e0dd:/#
