
root@7a5c63f4e0dd:/# dig test932.goertzen

; <<>> DiG 9.16.1-Ubuntu <<>> test932.goertzen
;; global options: +cmd
;; Got answer:
;; ->>HEADER<<- opcode: QUERY, status: NOERROR, id: 53252
;; flags: qr rd ra; QUERY: 1, ANSWER: 1, AUTHORITY: 1, ADDITIONAL: 2

;; OPT PSEUDOSECTION:
; EDNS: version: 0, flags:; udp: 65355
; COOKIE: f8961719daa672070100000062dd70c837886f0ae24e233e (good)
;; QUESTION SECTION:
;test932.goertzen.              IN      A

;; ANSWER SECTION:
test932.goertzen.       604800  IN      A       42.42.42.42

;; AUTHORITY SECTION:
goertzen.               603299  IN      NS      ns1.goertzen.

;; ADDITIONAL SECTION:
ns1.goertzen.           603299  IN      A       172.20.0.4

;; Query time: 476 msec
;; SERVER: 127.0.0.11#53(127.0.0.11)
;; WHEN: Sun Jul 24 16:18:16 UTC 2022
;; MSG SIZE  rcvd: 123

root@7a5c63f4e0dd:/#
