
root@7a5c63f4e0dd:/# dig test63.goertzen

; <<>> DiG 9.16.1-Ubuntu <<>> test63.goertzen
;; global options: +cmd
;; Got answer:
;; ->>HEADER<<- opcode: QUERY, status: NOERROR, id: 8575
;; flags: qr rd ra; QUERY: 1, ANSWER: 1, AUTHORITY: 1, ADDITIONAL: 2

;; OPT PSEUDOSECTION:
; EDNS: version: 0, flags:; udp: 65355
; COOKIE: 77d2a44e1bd9db400100000062dd6b34c6cb50d7c08f5a7a (good)
;; QUESTION SECTION:
;test63.goertzen.               IN      A

;; ANSWER SECTION:
test63.goertzen.        604800  IN      A       42.42.42.42

;; AUTHORITY SECTION:
goertzen.               604727  IN      NS      ns1.goertzen.

;; ADDITIONAL SECTION:
ns1.goertzen.           604727  IN      A       172.20.0.4

;; Query time: 472 msec
;; SERVER: 127.0.0.11#53(127.0.0.11)
;; WHEN: Sun Jul 24 15:54:28 UTC 2022
;; MSG SIZE  rcvd: 122

root@7a5c63f4e0dd:/#
