
root@7a5c63f4e0dd:/# dig test490.goertzen

; <<>> DiG 9.16.1-Ubuntu <<>> test490.goertzen
;; global options: +cmd
;; Got answer:
;; ->>HEADER<<- opcode: QUERY, status: NOERROR, id: 31567
;; flags: qr rd ra; QUERY: 1, ANSWER: 1, AUTHORITY: 1, ADDITIONAL: 2

;; OPT PSEUDOSECTION:
; EDNS: version: 0, flags:; udp: 65355
; COOKIE: ea0ae6ab0e5a1ad10100000062dd6cec2dde3da84efbc78c (good)
;; QUESTION SECTION:
;test490.goertzen.              IN      A

;; ANSWER SECTION:
test490.goertzen.       604800  IN      A       42.42.42.42

;; AUTHORITY SECTION:
goertzen.               604287  IN      NS      ns1.goertzen.

;; ADDITIONAL SECTION:
ns1.goertzen.           604287  IN      A       172.20.0.4

;; Query time: 472 msec
;; SERVER: 127.0.0.11#53(127.0.0.11)
;; WHEN: Sun Jul 24 16:01:48 UTC 2022
;; MSG SIZE  rcvd: 123

root@7a5c63f4e0dd:/#
