
root@33fe356598ab:/# dig test743.goertzen

; <<>> DiG 9.16.1-Ubuntu <<>> test743.goertzen
;; global options: +cmd
;; Got answer:
;; ->>HEADER<<- opcode: QUERY, status: NOERROR, id: 8183
;; flags: qr rd ra; QUERY: 1, ANSWER: 1, AUTHORITY: 1, ADDITIONAL: 2

;; OPT PSEUDOSECTION:
; EDNS: version: 0, flags:; udp: 65355
; COOKIE: 1175f97bf29174860100000062de16c1e07767c711027e46 (good)
;; QUESTION SECTION:
;test743.goertzen.              IN      A

;; ANSWER SECTION:
test743.goertzen.       604800  IN      A       42.42.42.42

;; AUTHORITY SECTION:
goertzen.               604637  IN      NS      ns1.goertzen.

;; ADDITIONAL SECTION:
ns1.goertzen.           604637  IN      A       172.20.0.4

;; Query time: 680 msec
;; SERVER: 127.0.0.11#53(127.0.0.11)
;; WHEN: Mon Jul 25 04:06:25 UTC 2022
;; MSG SIZE  rcvd: 123

root@33fe356598ab:/#
