
root@2fc017d144b8:/# dig test327.goertzen

; <<>> DiG 9.16.1-Ubuntu <<>> test327.goertzen
;; global options: +cmd
;; Got answer:
;; ->>HEADER<<- opcode: QUERY, status: NOERROR, id: 10803
;; flags: qr rd ra; QUERY: 1, ANSWER: 1, AUTHORITY: 1, ADDITIONAL: 2

;; OPT PSEUDOSECTION:
; EDNS: version: 0, flags:; udp: 65355
; COOKIE: 5eff6e5bc11a7bdb0100000062de12c0f5e7a3348830ca5d (good)
;; QUESTION SECTION:
;test327.goertzen.              IN      A

;; ANSWER SECTION:
test327.goertzen.       604800  IN      A       42.42.42.42

;; AUTHORITY SECTION:
goertzen.               604701  IN      NS      ns1.goertzen.

;; ADDITIONAL SECTION:
ns1.goertzen.           604701  IN      A       172.20.0.4

;; Query time: 688 msec
;; SERVER: 127.0.0.11#53(127.0.0.11)
;; WHEN: Mon Jul 25 03:49:20 UTC 2022
;; MSG SIZE  rcvd: 123

root@2fc017d144b8:/#
