
root@2fc017d144b8:/# dig test307.goertzen

; <<>> DiG 9.16.1-Ubuntu <<>> test307.goertzen
;; global options: +cmd
;; Got answer:
;; ->>HEADER<<- opcode: QUERY, status: NOERROR, id: 54673
;; flags: qr rd ra; QUERY: 1, ANSWER: 1, AUTHORITY: 1, ADDITIONAL: 2

;; OPT PSEUDOSECTION:
; EDNS: version: 0, flags:; udp: 65355
; COOKIE: cfecff0605d021680100000062de12a2bfe39fb7204f8af8 (good)
;; QUESTION SECTION:
;test307.goertzen.              IN      A

;; ANSWER SECTION:
test307.goertzen.       604800  IN      A       42.42.42.42

;; AUTHORITY SECTION:
goertzen.               604731  IN      NS      ns1.goertzen.

;; ADDITIONAL SECTION:
ns1.goertzen.           604731  IN      A       172.20.0.4

;; Query time: 708 msec
;; SERVER: 127.0.0.11#53(127.0.0.11)
;; WHEN: Mon Jul 25 03:48:50 UTC 2022
;; MSG SIZE  rcvd: 123

root@2fc017d144b8:/#
