
root@33fe356598ab:/# dig test673.goertzen

; <<>> DiG 9.16.1-Ubuntu <<>> test673.goertzen
;; global options: +cmd
;; Got answer:
;; ->>HEADER<<- opcode: QUERY, status: NOERROR, id: 38844
;; flags: qr rd ra; QUERY: 1, ANSWER: 1, AUTHORITY: 1, ADDITIONAL: 2

;; OPT PSEUDOSECTION:
; EDNS: version: 0, flags:; udp: 65355
; COOKIE: b1ee93e6ac9a424a0100000062de1657a4bd2c0d10c43d71 (good)
;; QUESTION SECTION:
;test673.goertzen.              IN      A

;; ANSWER SECTION:
test673.goertzen.       604800  IN      A       42.42.42.42

;; AUTHORITY SECTION:
goertzen.               604743  IN      NS      ns1.goertzen.

;; ADDITIONAL SECTION:
ns1.goertzen.           604743  IN      A       172.20.0.4

;; Query time: 700 msec
;; SERVER: 127.0.0.11#53(127.0.0.11)
;; WHEN: Mon Jul 25 04:04:39 UTC 2022
;; MSG SIZE  rcvd: 123

root@33fe356598ab:/#
