
root@402574ca6b89:/# dig test94.goertzen

; <<>> DiG 9.16.1-Ubuntu <<>> test94.goertzen
;; global options: +cmd
;; Got answer:
;; ->>HEADER<<- opcode: QUERY, status: NOERROR, id: 31277
;; flags: qr rd ra; QUERY: 1, ANSWER: 1, AUTHORITY: 1, ADDITIONAL: 2

;; OPT PSEUDOSECTION:
; EDNS: version: 0, flags:; udp: 65355
; COOKIE: af58494714f0a2b50100000062de109ab81f09dadaa4cb0f (good)
;; QUESTION SECTION:
;test94.goertzen.               IN      A

;; ANSWER SECTION:
test94.goertzen.        604800  IN      A       42.42.42.42

;; AUTHORITY SECTION:
goertzen.               604637  IN      NS      ns1.goertzen.

;; ADDITIONAL SECTION:
ns1.goertzen.           604637  IN      A       172.20.0.4

;; Query time: 688 msec
;; SERVER: 127.0.0.11#53(127.0.0.11)
;; WHEN: Mon Jul 25 03:40:10 UTC 2022
;; MSG SIZE  rcvd: 122

root@402574ca6b89:/#
