
root@8a24518bf67f:/# dig test986.goertzen

; <<>> DiG 9.16.1-Ubuntu <<>> test986.goertzen
;; global options: +cmd
;; Got answer:
;; ->>HEADER<<- opcode: QUERY, status: NOERROR, id: 39597
;; flags: qr rd ra; QUERY: 1, ANSWER: 1, AUTHORITY: 1, ADDITIONAL: 2

;; OPT PSEUDOSECTION:
; EDNS: version: 0, flags:; udp: 65355
; COOKIE: efbf7152b44fea850100000062de18fadfb28e5792ca388b (good)
;; QUESTION SECTION:
;test986.goertzen.              IN      A

;; ANSWER SECTION:
test986.goertzen.       604800  IN      A       42.42.42.42

;; AUTHORITY SECTION:
goertzen.               604759  IN      NS      ns1.goertzen.

;; ADDITIONAL SECTION:
ns1.goertzen.           604759  IN      A       172.20.0.4

;; Query time: 680 msec
;; SERVER: 127.0.0.11#53(127.0.0.11)
;; WHEN: Mon Jul 25 04:15:54 UTC 2022
;; MSG SIZE  rcvd: 123

root@8a24518bf67f:/#
