
root@402574ca6b89:/# dig test270.goertzen

; <<>> DiG 9.16.1-Ubuntu <<>> test270.goertzen
;; global options: +cmd
;; Got answer:
;; ->>HEADER<<- opcode: QUERY, status: NOERROR, id: 47410
;; flags: qr rd ra; QUERY: 1, ANSWER: 1, AUTHORITY: 1, ADDITIONAL: 2

;; OPT PSEUDOSECTION:
; EDNS: version: 0, flags:; udp: 65355
; COOKIE: da4913297ce4fa9e0100000062de11a4b04827df35a36d97 (good)
;; QUESTION SECTION:
;test270.goertzen.              IN      A

;; ANSWER SECTION:
test270.goertzen.       604800  IN      A       42.42.42.42

;; AUTHORITY SECTION:
goertzen.               604371  IN      NS      ns1.goertzen.

;; ADDITIONAL SECTION:
ns1.goertzen.           604371  IN      A       172.20.0.4

;; Query time: 688 msec
;; SERVER: 127.0.0.11#53(127.0.0.11)
;; WHEN: Mon Jul 25 03:44:36 UTC 2022
;; MSG SIZE  rcvd: 123

root@402574ca6b89:/#
