
root@33fe356598ab:/# dig test857.goertzen

; <<>> DiG 9.16.1-Ubuntu <<>> test857.goertzen
;; global options: +cmd
;; Got answer:
;; ->>HEADER<<- opcode: QUERY, status: NOERROR, id: 56104
;; flags: qr rd ra; QUERY: 1, ANSWER: 1, AUTHORITY: 1, ADDITIONAL: 2

;; OPT PSEUDOSECTION:
; EDNS: version: 0, flags:; udp: 65355
; COOKIE: 23f76318a45b4aee0100000062de176e3b2ed757ee0d63ec (good)
;; QUESTION SECTION:
;test857.goertzen.              IN      A

;; ANSWER SECTION:
test857.goertzen.       604800  IN      A       42.42.42.42

;; AUTHORITY SECTION:
goertzen.               604464  IN      NS      ns1.goertzen.

;; ADDITIONAL SECTION:
ns1.goertzen.           604464  IN      A       172.20.0.4

;; Query time: 688 msec
;; SERVER: 127.0.0.11#53(127.0.0.11)
;; WHEN: Mon Jul 25 04:09:18 UTC 2022
;; MSG SIZE  rcvd: 123

root@33fe356598ab:/#
