
root@cb52b935345d:/# dig test585.goertzen

; <<>> DiG 9.16.1-Ubuntu <<>> test585.goertzen
;; global options: +cmd
;; Got answer:
;; ->>HEADER<<- opcode: QUERY, status: NOERROR, id: 9406
;; flags: qr rd ra; QUERY: 1, ANSWER: 1, AUTHORITY: 1, ADDITIONAL: 2

;; OPT PSEUDOSECTION:
; EDNS: version: 0, flags:; udp: 65355
; COOKIE: 11a286d769b8c24c0100000062de150c99c96daa96e3eb8f (good)
;; QUESTION SECTION:
;test585.goertzen.              IN      A

;; ANSWER SECTION:
test585.goertzen.       604800  IN      A       42.42.42.42

;; AUTHORITY SECTION:
goertzen.               604403  IN      NS      ns1.goertzen.

;; ADDITIONAL SECTION:
ns1.goertzen.           604403  IN      A       172.20.0.4

;; Query time: 684 msec
;; SERVER: 127.0.0.11#53(127.0.0.11)
;; WHEN: Mon Jul 25 03:59:08 UTC 2022
;; MSG SIZE  rcvd: 123

root@cb52b935345d:/#
