
root@cb52b935345d:/# dig test529.goertzen

; <<>> DiG 9.16.1-Ubuntu <<>> test529.goertzen
;; global options: +cmd
;; Got answer:
;; ->>HEADER<<- opcode: QUERY, status: NOERROR, id: 16536
;; flags: qr rd ra; QUERY: 1, ANSWER: 1, AUTHORITY: 1, ADDITIONAL: 2

;; OPT PSEUDOSECTION:
; EDNS: version: 0, flags:; udp: 65355
; COOKIE: 63b572de693c90f70100000062de14b85afd8b67d580ec7e (good)
;; QUESTION SECTION:
;test529.goertzen.              IN      A

;; ANSWER SECTION:
test529.goertzen.       604800  IN      A       42.42.42.42

;; AUTHORITY SECTION:
goertzen.               604487  IN      NS      ns1.goertzen.

;; ADDITIONAL SECTION:
ns1.goertzen.           604487  IN      A       172.20.0.4

;; Query time: 692 msec
;; SERVER: 127.0.0.11#53(127.0.0.11)
;; WHEN: Mon Jul 25 03:57:44 UTC 2022
;; MSG SIZE  rcvd: 123

root@cb52b935345d:/#
