
root@b5e3ab8c8c5a:/# dig test849.goertzen

; <<>> DiG 9.16.1-Ubuntu <<>> test849.goertzen
;; global options: +cmd
;; Got answer:
;; ->>HEADER<<- opcode: QUERY, status: NOERROR, id:
33033
;; flags: qr rd ra; QUERY: 1, ANSWER: 1, AUTHORITY:
1, ADDITIONAL: 2

;; OPT PSEUDOSECTION:
; EDNS: version: 0, flags:; udp: 65355
; COOKIE: e94c9896430317380100000062eb27d8b1bf2a75ec
88b5c8 (good)
;; QUESTION SECTION:
;test849.goertzen.              IN      A

;; ANSWER SECTION:
test849.goertzen.       604800  IN      A       42.4
2.42.42

;; AUTHORITY SECTION:
goertzen.               604698  IN      NS      ns1.
goertzen.

;; ADDITIONAL SECTION:
ns1.goertzen.           604698  IN      A       172.
20.0.4

;; Query time: 351 msec
;; SERVER: 127.0.0.11#53(127.0.0.11)
;; WHEN: Thu Aug 04 01:58:48 UTC 2022
;; MSG SIZE  rcvd: 123

root@b5e3ab8c8c5a:/#
