
root@fbdab8cedb29:/# dig test515.goertzen

; <<>> DiG 9.16.1-Ubuntu <<>> test515.goertzen
;; global options: +cmd
;; Got answer:
;; ->>HEADER<<- opcode: QUERY, status: NOERROR, id:
17180
;; flags: qr rd ra; QUERY: 1, ANSWER: 1, AUTHORITY:
1, ADDITIONAL: 2

;; OPT PSEUDOSECTION:
; EDNS: version: 0, flags:; udp: 65355
; COOKIE: e826374dd59de72c0100000062eb265ef3197c6968
890b92 (good)
;; QUESTION SECTION:
;test515.goertzen.              IN      A

;; ANSWER SECTION:
test515.goertzen.       604800  IN      A       42.4
2.42.42

;; AUTHORITY SECTION:
goertzen.               604650  IN      NS      ns1.
goertzen.

;; ADDITIONAL SECTION:
ns1.goertzen.           604650  IN      A       172.
20.0.4

;; Query time: 351 msec
;; SERVER: 127.0.0.11#53(127.0.0.11)
;; WHEN: Thu Aug 04 01:52:30 UTC 2022
;; MSG SIZE  rcvd: 123

root@fbdab8cedb29:/#
