
root@46927078236d:/# dig test44.goertzen

; <<>> DiG 9.16.1-Ubuntu <<>> test44.goertzen
;; global options: +cmd
;; Got answer:
;; ->>HEADER<<- opcode: QUERY, status: NOERROR, id: 7143
;; flags: qr rd ra; QUERY: 1, ANSWER: 1, AUTHORITY: 1, ADDITIONAL: 2

;; OPT PSEUDOSECTION:
; EDNS: version: 0, flags:; udp: 65355
; COOKIE: 442d3f7624cef7770100000062e863f197bdc7256f7e1de3 (good)
;; QUESTION SECTION:
;test44.goertzen.               IN      A

;; ANSWER SECTION:
test44.goertzen.        604800  IN      A       42.42.42.42

;; AUTHORITY SECTION:
goertzen.               604647  IN      NS      ns1.goertzen.

;; ADDITIONAL SECTION:
ns1.goertzen.           604647  IN      A       172.20.0.4

;; Query time: 340 msec
;; SERVER: 127.0.0.11#53(127.0.0.11)
;; WHEN: Mon Aug 01 23:38:25 UTC 2022
;; MSG SIZE  rcvd: 122

root@46927078236d:/#
