
root@15c2cb3e247e:/# dig test373.goertzen

; <<>> DiG 9.16.1-Ubuntu <<>> test373.goertzen
;; global options: +cmd
;; Got answer:
;; ->>HEADER<<- opcode: QUERY, status: NOERROR, id: 53376
;; flags: qr rd ra; QUERY: 1, ANSWER: 1, AUTHORITY: 1, ADDITIONAL: 2

;; OPT PSEUDOSECTION:
; EDNS: version: 0, flags:; udp: 65355
; COOKIE: 77a990f49a6beb890100000062e8697d8fca9c4f31f40f9c (good)
;; QUESTION SECTION:
;test373.goertzen.              IN      A

;; ANSWER SECTION:
test373.goertzen.       604800  IN      A       42.42.42.42

;; AUTHORITY SECTION:
goertzen.               604762  IN      NS      ns1.goertzen.

;; ADDITIONAL SECTION:
ns1.goertzen.           604762  IN      A       172.20.0.4

;; Query time: 336 msec
;; SERVER: 127.0.0.11#53(127.0.0.11)
;; WHEN: Tue Aug 02 00:02:05 UTC 2022
;; MSG SIZE  rcvd: 123

root@15c2cb3e247e:/#
