
root@fbdab8cedb29:/# dig test553.goertzen

; <<>> DiG 9.16.1-Ubuntu <<>> test553.goertzen
;; global options: +cmd
;; Got answer:
;; ->>HEADER<<- opcode: QUERY, status: NOERROR, id:
21875
;; flags: qr rd ra; QUERY: 1, ANSWER: 1, AUTHORITY:
1, ADDITIONAL: 2

;; OPT PSEUDOSECTION:
; EDNS: version: 0, flags:; udp: 65355
; COOKIE: b8769229ce112e7f0100000062eb267b92748723bf
868db6 (good)
;; QUESTION SECTION:
;test553.goertzen.              IN      A

;; ANSWER SECTION:
test553.goertzen.       604800  IN      A       42.4
2.42.42

;; AUTHORITY SECTION:
goertzen.               604621  IN      NS      ns1.
goertzen.

;; ADDITIONAL SECTION:
ns1.goertzen.           604621  IN      A       172.
20.0.4

;; Query time: 355 msec
;; SERVER: 127.0.0.11#53(127.0.0.11)
;; WHEN: Thu Aug 04 01:52:59 UTC 2022
;; MSG SIZE  rcvd: 123

root@fbdab8cedb29:/#
