
root@15c2cb3e247e:/# dig test662.goertzen

; <<>> DiG 9.16.1-Ubuntu <<>> test662.goertzen
;; global options: +cmd
;; Got answer:
;; ->>HEADER<<- opcode: QUERY, status: NOERROR, id: 36247
;; flags: qr rd ra; QUERY: 1, ANSWER: 1, AUTHORITY: 1, ADDITIONAL: 2

;; OPT PSEUDOSECTION:
; EDNS: version: 0, flags:; udp: 65355
; COOKIE: bb4a208adb1fe3230100000062e86ce4a8bfd3e490958dcb (good)
;; QUESTION SECTION:
;test662.goertzen.              IN      A

;; ANSWER SECTION:
test662.goertzen.       604800  IN      A       42.42.42.42

;; AUTHORITY SECTION:
goertzen.               603891  IN      NS      ns1.goertzen.

;; ADDITIONAL SECTION:
ns1.goertzen.           603891  IN      A       172.20.0.4

;; Query time: 356 msec
;; SERVER: 127.0.0.11#53(127.0.0.11)
;; WHEN: Tue Aug 02 00:16:36 UTC 2022
;; MSG SIZE  rcvd: 123

root@15c2cb3e247e:/#
