
root@a7e7a9f59d39:/# dig test312.goertzen

; <<>> DiG 9.16.1-Ubuntu <<>> test312.goertzen
;; global options: +cmd
;; Got answer:
;; ->>HEADER<<- opcode: QUERY, status: NOERROR, id:
43343
;; flags: qr rd ra; QUERY: 1, ANSWER: 1, AUTHORITY:
1, ADDITIONAL: 2

;; OPT PSEUDOSECTION:
; EDNS: version: 0, flags:; udp: 65355
; COOKIE: c0c19ffa0a9156f60100000062eb2549115438178e
00ad4e (good)
;; QUESTION SECTION:
;test312.goertzen.              IN      A

;; ANSWER SECTION:
test312.goertzen.       604800  IN      A       42.4
2.42.42

;; AUTHORITY SECTION:
goertzen.               604551  IN      NS      ns1.
goertzen.

;; ADDITIONAL SECTION:
ns1.goertzen.           604551  IN      A       172.
20.0.4

;; Query time: 351 msec
;; SERVER: 127.0.0.11#53(127.0.0.11)
;; WHEN: Thu Aug 04 01:47:53 UTC 2022
;; MSG SIZE  rcvd: 123

root@a7e7a9f59d39:/#
