
root@46927078236d:/# dig test42.goertzen

; <<>> DiG 9.16.1-Ubuntu <<>> test42.goertzen
;; global options: +cmd
;; Got answer:
;; ->>HEADER<<- opcode: QUERY, status: NOERROR, id: 52013
;; flags: qr rd ra; QUERY: 1, ANSWER: 1, AUTHORITY: 1, ADDITIONAL: 2

;; OPT PSEUDOSECTION:
; EDNS: version: 0, flags:; udp: 65355
; COOKIE: a4ba2dd27acc256d0100000062e863eb975911815a75bf91 (good)
;; QUESTION SECTION:
;test42.goertzen.               IN      A

;; ANSWER SECTION:
test42.goertzen.        604800  IN      A       42.42.42.42

;; AUTHORITY SECTION:
goertzen.               604653  IN      NS      ns1.goertzen.

;; ADDITIONAL SECTION:
ns1.goertzen.           604653  IN      A       172.20.0.4

;; Query time: 348 msec
;; SERVER: 127.0.0.11#53(127.0.0.11)
;; WHEN: Mon Aug 01 23:38:19 UTC 2022
;; MSG SIZE  rcvd: 122

root@46927078236d:/#
