
root@a7e7a9f59d39:/# dig test313.goertzen

; <<>> DiG 9.16.1-Ubuntu <<>> test313.goertzen
;; global options: +cmd
;; Got answer:
;; ->>HEADER<<- opcode: QUERY, status: NOERROR, id:
60827
;; flags: qr rd ra; QUERY: 1, ANSWER: 1, AUTHORITY:
1, ADDITIONAL: 2

;; OPT PSEUDOSECTION:
; EDNS: version: 0, flags:; udp: 65355
; COOKIE: 6f34455e18f8d2460100000062eb254abd44ea99d2
3aa881 (good)
;; QUESTION SECTION:
;test313.goertzen.              IN      A

;; ANSWER SECTION:
test313.goertzen.       604800  IN      A       42.4
2.42.42

;; AUTHORITY SECTION:
goertzen.               604550  IN      NS      ns1.
goertzen.

;; ADDITIONAL SECTION:
ns1.goertzen.           604550  IN      A       172.
20.0.4

;; Query time: 351 msec
;; SERVER: 127.0.0.11#53(127.0.0.11)
;; WHEN: Thu Aug 04 01:47:54 UTC 2022
;; MSG SIZE  rcvd: 123

root@a7e7a9f59d39:/#
