
root@15c2cb3e247e:/# dig test478.goertzen

; <<>> DiG 9.16.1-Ubuntu <<>> test478.goertzen
;; global options: +cmd
;; Got answer:
;; ->>HEADER<<- opcode: QUERY, status: NOERROR, id: 35730
;; flags: qr rd ra; QUERY: 1, ANSWER: 1, AUTHORITY: 1, ADDITIONAL: 2

;; OPT PSEUDOSECTION:
; EDNS: version: 0, flags:; udp: 65355
; COOKIE: bc4086a6038a0e730100000062e86aba2c1c126b45cd75a7 (good)
;; QUESTION SECTION:
;test478.goertzen.              IN      A

;; ANSWER SECTION:
test478.goertzen.       604800  IN      A       42.42.42.42

;; AUTHORITY SECTION:
goertzen.               604445  IN      NS      ns1.goertzen.

;; ADDITIONAL SECTION:
ns1.goertzen.           604445  IN      A       172.20.0.4

;; Query time: 340 msec
;; SERVER: 127.0.0.11#53(127.0.0.11)
;; WHEN: Tue Aug 02 00:07:22 UTC 2022
;; MSG SIZE  rcvd: 123

root@15c2cb3e247e:/#
