
root@15c2cb3e247e:/# dig test493.goertzen

; <<>> DiG 9.16.1-Ubuntu <<>> test493.goertzen
;; global options: +cmd
;; Got answer:
;; ->>HEADER<<- opcode: QUERY, status: NOERROR, id: 30762
;; flags: qr rd ra; QUERY: 1, ANSWER: 1, AUTHORITY: 1, ADDITIONAL: 2

;; OPT PSEUDOSECTION:
; EDNS: version: 0, flags:; udp: 65355
; COOKIE: 2f585172fc383a2d0100000062e86ae73550f4be2f7bdca9 (good)
;; QUESTION SECTION:
;test493.goertzen.              IN      A

;; ANSWER SECTION:
test493.goertzen.       604800  IN      A       42.42.42.42

;; AUTHORITY SECTION:
goertzen.               604400  IN      NS      ns1.goertzen.

;; ADDITIONAL SECTION:
ns1.goertzen.           604400  IN      A       172.20.0.4

;; Query time: 368 msec
;; SERVER: 127.0.0.11#53(127.0.0.11)
;; WHEN: Tue Aug 02 00:08:07 UTC 2022
;; MSG SIZE  rcvd: 123

root@15c2cb3e247e:/#
