
root@15c2cb3e247e:/# dig test721.goertzen

; <<>> DiG 9.16.1-Ubuntu <<>> test721.goertzen
;; global options: +cmd
;; Got answer:
;; ->>HEADER<<- opcode: QUERY, status: NOERROR, id: 16830
;; flags: qr rd ra; QUERY: 1, ANSWER: 1, AUTHORITY: 1, ADDITIONAL: 2

;; OPT PSEUDOSECTION:
; EDNS: version: 0, flags:; udp: 65355
; COOKIE: 6109f94c3f913c560100000062e86d96a0afd7f8a111c22b (good)
;; QUESTION SECTION:
;test721.goertzen.              IN      A

;; ANSWER SECTION:
test721.goertzen.       604800  IN      A       42.42.42.42

;; AUTHORITY SECTION:
goertzen.               603713  IN      NS      ns1.goertzen.

;; ADDITIONAL SECTION:
ns1.goertzen.           603713  IN      A       172.20.0.4

;; Query time: 348 msec
;; SERVER: 127.0.0.11#53(127.0.0.11)
;; WHEN: Tue Aug 02 00:19:34 UTC 2022
;; MSG SIZE  rcvd: 123

root@15c2cb3e247e:/#
