
root@15c2cb3e247e:/# dig test802.goertzen

; <<>> DiG 9.16.1-Ubuntu <<>> test802.goertzen
;; global options: +cmd
;; Got answer:
;; ->>HEADER<<- opcode: QUERY, status: NOERROR, id: 2619
;; flags: qr rd ra; QUERY: 1, ANSWER: 1, AUTHORITY: 1, ADDITIONAL: 2

;; OPT PSEUDOSECTION:
; EDNS: version: 0, flags:; udp: 65355
; COOKIE: 161a3e967cffe8920100000062e86e8a3ab959d9610000b7 (good)
;; QUESTION SECTION:
;test802.goertzen.              IN      A

;; ANSWER SECTION:
test802.goertzen.       604800  IN      A       42.42.42.42

;; AUTHORITY SECTION:
goertzen.               603469  IN      NS      ns1.goertzen.

;; ADDITIONAL SECTION:
ns1.goertzen.           603469  IN      A       172.20.0.4

;; Query time: 356 msec
;; SERVER: 127.0.0.11#53(127.0.0.11)
;; WHEN: Tue Aug 02 00:23:38 UTC 2022
;; MSG SIZE  rcvd: 123

root@15c2cb3e247e:/#
