
root@fbdab8cedb29:/# dig test346.goertzen

; <<>> DiG 9.16.1-Ubuntu <<>> test346.goertzen
;; global options: +cmd
;; Got answer:
;; ->>HEADER<<- opcode: QUERY, status: NOERROR, id:
35393
;; flags: qr rd ra; QUERY: 1, ANSWER: 1, AUTHORITY:
1, ADDITIONAL: 2

;; OPT PSEUDOSECTION:
; EDNS: version: 0, flags:; udp: 65355
; COOKIE: 9f365ccdd6f36de00100000062eb25ddc71e804cae
c124b3 (good)
;; QUESTION SECTION:
;test346.goertzen.              IN      A

;; ANSWER SECTION:
test346.goertzen.       604800  IN      A       42.4
2.42.42

;; AUTHORITY SECTION:
goertzen.               604779  IN      NS      ns1.
goertzen.

;; ADDITIONAL SECTION:
ns1.goertzen.           604779  IN      A       172.
20.0.4

;; Query time: 351 msec
;; SERVER: 127.0.0.11#53(127.0.0.11)
;; WHEN: Thu Aug 04 01:50:21 UTC 2022
;; MSG SIZE  rcvd: 123

root@fbdab8cedb29:/#
