
root@b5e3ab8c8c5a:/# dig test874.goertzen

; <<>> DiG 9.16.1-Ubuntu <<>> test874.goertzen
;; global options: +cmd
;; Got answer:
;; ->>HEADER<<- opcode: QUERY, status: NOERROR, id:
52109
;; flags: qr rd ra; QUERY: 1, ANSWER: 1, AUTHORITY:
1, ADDITIONAL: 2

;; OPT PSEUDOSECTION:
; EDNS: version: 0, flags:; udp: 65355
; COOKIE: 71e2456ff8a590c70100000062eb27ebe2f19a0338
697dc6 (good)
;; QUESTION SECTION:
;test874.goertzen.              IN      A

;; ANSWER SECTION:
test874.goertzen.       604800  IN      A       42.4
2.42.42

;; AUTHORITY SECTION:
goertzen.               604679  IN      NS      ns1.
goertzen.

;; ADDITIONAL SECTION:
ns1.goertzen.           604679  IN      A       172.
20.0.4

;; Query time: 355 msec
;; SERVER: 127.0.0.11#53(127.0.0.11)
;; WHEN: Thu Aug 04 01:59:07 UTC 2022
;; MSG SIZE  rcvd: 123

root@b5e3ab8c8c5a:/#
