
root@b5e3ab8c8c5a:/# dig test757.goertzen

; <<>> DiG 9.16.1-Ubuntu <<>> test757.goertzen
;; global options: +cmd
;; Got answer:
;; ->>HEADER<<- opcode: QUERY, status: NOERROR, id:
30782
;; flags: qr rd ra; QUERY: 1, ANSWER: 1, AUTHORITY:
1, ADDITIONAL: 2

;; OPT PSEUDOSECTION:
; EDNS: version: 0, flags:; udp: 65355
; COOKIE: 0fa7b2fad91c7fd70100000062eb2792b4f556289d
d200bc (good)
;; QUESTION SECTION:
;test757.goertzen.              IN      A

;; ANSWER SECTION:
test757.goertzen.       604800  IN      A       42.4
2.42.42

;; AUTHORITY SECTION:
goertzen.               604768  IN      NS      ns1.
goertzen.

;; ADDITIONAL SECTION:
ns1.goertzen.           604768  IN      A       172.
20.0.4

;; Query time: 363 msec
;; SERVER: 127.0.0.11#53(127.0.0.11)
;; WHEN: Thu Aug 04 01:57:38 UTC 2022
;; MSG SIZE  rcvd: 123

root@b5e3ab8c8c5a:/#
