
root@15c2cb3e247e:/# dig test506.goertzen

; <<>> DiG 9.16.1-Ubuntu <<>> test506.goertzen
;; global options: +cmd
;; Got answer:
;; ->>HEADER<<- opcode: QUERY, status: NOERROR, id: 55843
;; flags: qr rd ra; QUERY: 1, ANSWER: 1, AUTHORITY: 1, ADDITIONAL: 2

;; OPT PSEUDOSECTION:
; EDNS: version: 0, flags:; udp: 65355
; COOKIE: 9416765eabefcdc40100000062e86b0ecdcb2d6e8177a21d (good)
;; QUESTION SECTION:
;test506.goertzen.              IN      A

;; ANSWER SECTION:
test506.goertzen.       604800  IN      A       42.42.42.42

;; AUTHORITY SECTION:
goertzen.               604361  IN      NS      ns1.goertzen.

;; ADDITIONAL SECTION:
ns1.goertzen.           604361  IN      A       172.20.0.4

;; Query time: 360 msec
;; SERVER: 127.0.0.11#53(127.0.0.11)
;; WHEN: Tue Aug 02 00:08:46 UTC 2022
;; MSG SIZE  rcvd: 123

root@15c2cb3e247e:/#
