
root@a7e7a9f59d39:/# dig test176.goertzen

; <<>> DiG 9.16.1-Ubuntu <<>> test176.goertzen
;; global options: +cmd
;; Got answer:
;; ->>HEADER<<- opcode: QUERY, status: NOERROR, id:
39541
;; flags: qr rd ra; QUERY: 1, ANSWER: 1, AUTHORITY:
1, ADDITIONAL: 2

;; OPT PSEUDOSECTION:
; EDNS: version: 0, flags:; udp: 65355
; COOKIE: 4e51f916ffe1d8140100000062eb24e17ac5ef90e4
5092b2 (good)
;; QUESTION SECTION:
;test176.goertzen.              IN      A

;; ANSWER SECTION:
test176.goertzen.       604800  IN      A       42.4
2.42.42

;; AUTHORITY SECTION:
goertzen.               604655  IN      NS      ns1.
goertzen.

;; ADDITIONAL SECTION:
ns1.goertzen.           604655  IN      A       172.
20.0.4

;; Query time: 355 msec
;; SERVER: 127.0.0.11#53(127.0.0.11)
;; WHEN: Thu Aug 04 01:46:09 UTC 2022
;; MSG SIZE  rcvd: 123

root@a7e7a9f59d39:/#
