
root@a7e7a9f59d39:/# dig test13.goertzen

; <<>> DiG 9.16.1-Ubuntu <<>> test13.goertzen
;; global options: +cmd
;; Got answer:
;; ->>HEADER<<- opcode: QUERY, status: NOERROR, id:
20292
;; flags: qr rd ra; QUERY: 1, ANSWER: 1, AUTHORITY:
1, ADDITIONAL: 2

;; OPT PSEUDOSECTION:
; EDNS: version: 0, flags:; udp: 65355
; COOKIE: 9aa932155d6b1bb20100000062eb246579ae0fd8fb
e2886d (good)
;; QUESTION SECTION:
;test13.goertzen.               IN      A

;; ANSWER SECTION:
test13.goertzen.        604800  IN      A       42.4
2.42.42

;; AUTHORITY SECTION:
goertzen.               604779  IN      NS      ns1.
goertzen.

;; ADDITIONAL SECTION:
ns1.goertzen.           604779  IN      A       172.
20.0.4

;; Query time: 367 msec
;; SERVER: 127.0.0.11#53(127.0.0.11)
;; WHEN: Thu Aug 04 01:44:05 UTC 2022
;; MSG SIZE  rcvd: 122

root@a7e7a9f59d39:/#
