
root@46927078236d:/# dig test208.goertzen

; <<>> DiG 9.16.1-Ubuntu <<>> test208.goertzen
;; global options: +cmd
;; Got answer:
;; ->>HEADER<<- opcode: QUERY, status: NOERROR, id: 26829
;; flags: qr rd ra; QUERY: 1, ANSWER: 1, AUTHORITY: 1, ADDITIONAL: 2

;; OPT PSEUDOSECTION:
; EDNS: version: 0, flags:; udp: 65355
; COOKIE: 02afc1561eb4c9f90100000062e865df2a6ca14bbc6f5cf7 (good)
;; QUESTION SECTION:
;test208.goertzen.              IN      A

;; ANSWER SECTION:
test208.goertzen.       604800  IN      A       42.42.42.42

;; AUTHORITY SECTION:
goertzen.               604153  IN      NS      ns1.goertzen.

;; ADDITIONAL SECTION:
ns1.goertzen.           604153  IN      A       172.20.0.4

;; Query time: 344 msec
;; SERVER: 127.0.0.11#53(127.0.0.11)
;; WHEN: Mon Aug 01 23:46:39 UTC 2022
;; MSG SIZE  rcvd: 123

root@46927078236d:/#
