
root@06f3f2bf1121:/# dig test961.goertzen

; <<>> DiG 9.16.1-Ubuntu <<>> test961.goertzen
;; global options: +cmd
;; Got answer:
;; ->>HEADER<<- opcode: QUERY, status: NOERROR, id: 17199
;; flags: qr rd ra; QUERY: 1, ANSWER: 1, AUTHORITY: 1, ADDITIONAL: 2

;; OPT PSEUDOSECTION:
; EDNS: version: 0, flags:; udp: 65355
; COOKIE: b4e87c05e3adf7e40100000062e8713f1420ff9e23c4e666 (good)
;; QUESTION SECTION:
;test961.goertzen.              IN      A

;; ANSWER SECTION:
test961.goertzen.       604800  IN      A       42.42.42.42

;; AUTHORITY SECTION:
goertzen.               604692  IN      NS      ns1.goertzen.

;; ADDITIONAL SECTION:
ns1.goertzen.           604692  IN      A       172.20.0.4

;; Query time: 344 msec
;; SERVER: 127.0.0.11#53(127.0.0.11)
;; WHEN: Tue Aug 02 00:35:11 UTC 2022
;; MSG SIZE  rcvd: 123

root@06f3f2bf1121:/#
