
root@35e250b459c8:/# dig test654.goertzen

; <<>> DiG 9.16.1-Ubuntu <<>> test654.goertzen
;; global options: +cmd
;; Got answer:
;; ->>HEADER<<- opcode: QUERY, status: NOERROR, id: 29478
;; flags: qr rd ra; QUERY: 1, ANSWER: 1, AUTHORITY: 1, ADDITIONAL: 2

;; OPT PSEUDOSECTION:
; EDNS: version: 0, flags:; udp: 65355
; COOKIE: 7b6c2c35a3b52e780100000062dc127286e262d07a83582e (good)
;; QUESTION SECTION:
;test654.goertzen.              IN      A

;; ANSWER SECTION:
test654.goertzen.       604800  IN      A       42.42.42.42

;; AUTHORITY SECTION:
goertzen.               604427  IN      NS      ns1.goertzen.

;; ADDITIONAL SECTION:
ns1.goertzen.           604427  IN      A       172.20.0.4

;; Query time: 4 msec
;; SERVER: 127.0.0.11#53(127.0.0.11)
;; WHEN: Sat Jul 23 15:23:30 UTC 2022
;; MSG SIZE  rcvd: 123

root@35e250b459c8:/#
