
root@35e250b459c8:/# dig test556.goertzen

; <<>> DiG 9.16.1-Ubuntu <<>> test556.goertzen
;; global options: +cmd
;; Got answer:
;; ->>HEADER<<- opcode: QUERY, status: NOERROR, id: 31018
;; flags: qr rd ra; QUERY: 1, ANSWER: 1, AUTHORITY: 1, ADDITIONAL: 2

;; OPT PSEUDOSECTION:
; EDNS: version: 0, flags:; udp: 65355
; COOKIE: 99cdf817d579c6340100000062dc1239ae33874ee19cae43 (good)
;; QUESTION SECTION:
;test556.goertzen.              IN      A

;; ANSWER SECTION:
test556.goertzen.       604800  IN      A       42.42.42.42

;; AUTHORITY SECTION:
goertzen.               604484  IN      NS      ns1.goertzen.

;; ADDITIONAL SECTION:
ns1.goertzen.           604484  IN      A       172.20.0.4

;; Query time: 4 msec
;; SERVER: 127.0.0.11#53(127.0.0.11)
;; WHEN: Sat Jul 23 15:22:33 UTC 2022
;; MSG SIZE  rcvd: 123

root@35e250b459c8:/#
