
root@35e250b459c8:/# dig test136.goertzen

; <<>> DiG 9.16.1-Ubuntu <<>> test136.goertzen
;; global options: +cmd
;; Got answer:
;; ->>HEADER<<- opcode: QUERY, status: NOERROR, id: 23243
;; flags: qr rd ra; QUERY: 1, ANSWER: 1, AUTHORITY: 1, ADDITIONAL: 2

;; OPT PSEUDOSECTION:
; EDNS: version: 0, flags:; udp: 65355
; COOKIE: 2356b08859b830df0100000062dc114c9f95c52a02b2a378 (good)
;; QUESTION SECTION:
;test136.goertzen.              IN      A

;; ANSWER SECTION:
test136.goertzen.       604800  IN      A       42.42.42.42

;; AUTHORITY SECTION:
goertzen.               604721  IN      NS      ns1.goertzen.

;; ADDITIONAL SECTION:
ns1.goertzen.           604721  IN      A       172.20.0.4

;; Query time: 4 msec
;; SERVER: 127.0.0.11#53(127.0.0.11)
;; WHEN: Sat Jul 23 15:18:36 UTC 2022
;; MSG SIZE  rcvd: 123

root@35e250b459c8:/#
