
root@35e250b459c8:/# dig test872.goertzen

; <<>> DiG 9.16.1-Ubuntu <<>> test872.goertzen
;; global options: +cmd
;; Got answer:
;; ->>HEADER<<- opcode: QUERY, status: NOERROR, id: 8828
;; flags: qr rd ra; QUERY: 1, ANSWER: 1, AUTHORITY: 1, ADDITIONAL: 2

;; OPT PSEUDOSECTION:
; EDNS: version: 0, flags:; udp: 65355
; COOKIE: 69b6424a78f5144e0100000062dc12f34bfe65d6a622f402 (good)
;; QUESTION SECTION:
;test872.goertzen.              IN      A

;; ANSWER SECTION:
test872.goertzen.       604800  IN      A       42.42.42.42

;; AUTHORITY SECTION:
goertzen.               604298  IN      NS      ns1.goertzen.

;; ADDITIONAL SECTION:
ns1.goertzen.           604298  IN      A       172.20.0.4

;; Query time: 8 msec
;; SERVER: 127.0.0.11#53(127.0.0.11)
;; WHEN: Sat Jul 23 15:25:39 UTC 2022
;; MSG SIZE  rcvd: 123

root@35e250b459c8:/#
