
root@35e250b459c8:/# dig test149.goertzen

; <<>> DiG 9.16.1-Ubuntu <<>> test149.goertzen
;; global options: +cmd
;; Got answer:
;; ->>HEADER<<- opcode: QUERY, status: NOERROR, id: 59629
;; flags: qr rd ra; QUERY: 1, ANSWER: 1, AUTHORITY: 1, ADDITIONAL: 2

;; OPT PSEUDOSECTION:
; EDNS: version: 0, flags:; udp: 65355
; COOKIE: 6405aaf3c03107dd0100000062dc11523eb79188d757708d (good)
;; QUESTION SECTION:
;test149.goertzen.              IN      A

;; ANSWER SECTION:
test149.goertzen.       604800  IN      A       42.42.42.42

;; AUTHORITY SECTION:
goertzen.               604715  IN      NS      ns1.goertzen.

;; ADDITIONAL SECTION:
ns1.goertzen.           604715  IN      A       172.20.0.4

;; Query time: 8 msec
;; SERVER: 127.0.0.11#53(127.0.0.11)
;; WHEN: Sat Jul 23 15:18:42 UTC 2022
;; MSG SIZE  rcvd: 123

root@35e250b459c8:/#
