
root@35e250b459c8:/# dig test99.goertzen

; <<>> DiG 9.16.1-Ubuntu <<>> test99.goertzen
;; global options: +cmd
;; Got answer:
;; ->>HEADER<<- opcode: QUERY, status: NOERROR, id: 31161
;; flags: qr rd ra; QUERY: 1, ANSWER: 1, AUTHORITY: 1, ADDITIONAL: 2

;; OPT PSEUDOSECTION:
; EDNS: version: 0, flags:; udp: 65355
; COOKIE: b43e913408c54eed0100000062dc11393f169aeb6d4968aa (good)
;; QUESTION SECTION:
;test99.goertzen.               IN      A

;; ANSWER SECTION:
test99.goertzen.        604800  IN      A       42.42.42.42

;; AUTHORITY SECTION:
goertzen.               604740  IN      NS      ns1.goertzen.

;; ADDITIONAL SECTION:
ns1.goertzen.           604740  IN      A       172.20.0.4

;; Query time: 8 msec
;; SERVER: 127.0.0.11#53(127.0.0.11)
;; WHEN: Sat Jul 23 15:18:17 UTC 2022
;; MSG SIZE  rcvd: 122

root@35e250b459c8:/#
