
root@35e250b459c8:/# dig test184.goertzen

; <<>> DiG 9.16.1-Ubuntu <<>> test184.goertzen
;; global options: +cmd
;; Got answer:
;; ->>HEADER<<- opcode: QUERY, status: NOERROR, id: 64879
;; flags: qr rd ra; QUERY: 1, ANSWER: 1, AUTHORITY: 1, ADDITIONAL: 2

;; OPT PSEUDOSECTION:
; EDNS: version: 0, flags:; udp: 65355
; COOKIE: a03005371d1682a40100000062dc1164a361b93f68a57abb (good)
;; QUESTION SECTION:
;test184.goertzen.              IN      A

;; ANSWER SECTION:
test184.goertzen.       604800  IN      A       42.42.42.42

;; AUTHORITY SECTION:
goertzen.               604697  IN      NS      ns1.goertzen.

;; ADDITIONAL SECTION:
ns1.goertzen.           604697  IN      A       172.20.0.4

;; Query time: 4 msec
;; SERVER: 127.0.0.11#53(127.0.0.11)
;; WHEN: Sat Jul 23 15:19:00 UTC 2022
;; MSG SIZE  rcvd: 123

root@35e250b459c8:/#
