
root@35e250b459c8:/# dig test824.goertzen

; <<>> DiG 9.16.1-Ubuntu <<>> test824.goertzen
;; global options: +cmd
;; Got answer:
;; ->>HEADER<<- opcode: QUERY, status: NOERROR, id: 55577
;; flags: qr rd ra; QUERY: 1, ANSWER: 1, AUTHORITY: 1, ADDITIONAL: 2

;; OPT PSEUDOSECTION:
; EDNS: version: 0, flags:; udp: 65355
; COOKIE: 9d766ae91d939e8b0100000062dc12da816d1f4385f89451 (good)
;; QUESTION SECTION:
;test824.goertzen.              IN      A

;; ANSWER SECTION:
test824.goertzen.       604800  IN      A       42.42.42.42

;; AUTHORITY SECTION:
goertzen.               604323  IN      NS      ns1.goertzen.

;; ADDITIONAL SECTION:
ns1.goertzen.           604323  IN      A       172.20.0.4

;; Query time: 4 msec
;; SERVER: 127.0.0.11#53(127.0.0.11)
;; WHEN: Sat Jul 23 15:25:14 UTC 2022
;; MSG SIZE  rcvd: 123

root@35e250b459c8:/#
