
root@35e250b459c8:/# dig test482.goertzen

; <<>> DiG 9.16.1-Ubuntu <<>> test482.goertzen
;; global options: +cmd
;; Got answer:
;; ->>HEADER<<- opcode: QUERY, status: NOERROR, id: 193
;; flags: qr rd ra; QUERY: 1, ANSWER: 1, AUTHORITY: 1, ADDITIONAL: 2

;; OPT PSEUDOSECTION:
; EDNS: version: 0, flags:; udp: 65355
; COOKIE: 4cd9fb0414872c020100000062dc11fd0b04d53a54c2743d (good)
;; QUESTION SECTION:
;test482.goertzen.              IN      A

;; ANSWER SECTION:
test482.goertzen.       604800  IN      A       42.42.42.42

;; AUTHORITY SECTION:
goertzen.               604544  IN      NS      ns1.goertzen.

;; ADDITIONAL SECTION:
ns1.goertzen.           604544  IN      A       172.20.0.4

;; Query time: 4 msec
;; SERVER: 127.0.0.11#53(127.0.0.11)
;; WHEN: Sat Jul 23 15:21:33 UTC 2022
;; MSG SIZE  rcvd: 123

root@35e250b459c8:/#
