
root@35e250b459c8:/# dig test361.goertzen

; <<>> DiG 9.16.1-Ubuntu <<>> test361.goertzen
;; global options: +cmd
;; Got answer:
;; ->>HEADER<<- opcode: QUERY, status: NOERROR, id: 56634
;; flags: qr rd ra; QUERY: 1, ANSWER: 1, AUTHORITY: 1, ADDITIONAL: 2

;; OPT PSEUDOSECTION:
; EDNS: version: 0, flags:; udp: 65355
; COOKIE: d237fdac1d50fcbd0100000062dc11bf00ca1dc106ea7ddd (good)
;; QUESTION SECTION:
;test361.goertzen.              IN      A

;; ANSWER SECTION:
test361.goertzen.       604800  IN      A       42.42.42.42

;; AUTHORITY SECTION:
goertzen.               604606  IN      NS      ns1.goertzen.

;; ADDITIONAL SECTION:
ns1.goertzen.           604606  IN      A       172.20.0.4

;; Query time: 8 msec
;; SERVER: 127.0.0.11#53(127.0.0.11)
;; WHEN: Sat Jul 23 15:20:31 UTC 2022
;; MSG SIZE  rcvd: 123

root@35e250b459c8:/#
