
root@35e250b459c8:/# dig test758.goertzen

; <<>> DiG 9.16.1-Ubuntu <<>> test758.goertzen
;; global options: +cmd
;; Got answer:
;; ->>HEADER<<- opcode: QUERY, status: NOERROR, id: 23130
;; flags: qr rd ra; QUERY: 1, ANSWER: 1, AUTHORITY: 1, ADDITIONAL: 2

;; OPT PSEUDOSECTION:
; EDNS: version: 0, flags:; udp: 65355
; COOKIE: fecfbbf55bd064cd0100000062dc12b01d391b510a3af504 (good)
;; QUESTION SECTION:
;test758.goertzen.              IN      A

;; ANSWER SECTION:
test758.goertzen.       604800  IN      A       42.42.42.42

;; AUTHORITY SECTION:
goertzen.               604365  IN      NS      ns1.goertzen.

;; ADDITIONAL SECTION:
ns1.goertzen.           604365  IN      A       172.20.0.4

;; Query time: 4 msec
;; SERVER: 127.0.0.11#53(127.0.0.11)
;; WHEN: Sat Jul 23 15:24:32 UTC 2022
;; MSG SIZE  rcvd: 123

root@35e250b459c8:/#
